{"meta": {"format": 3, "version": "7.10.7", "timestamp": "2025-10-15T18:58:27.158876", "branch_coverage": false, "show_contexts": false}, "files": {"src\\virtualization_mcp\\__init__.py": {"executed_lines": [1, 5, 8, 9, 12, 13, 14, 17, 27, 30, 38, 43, 48, 54, 57, 63, 65, 69, 70], "summary": {"covered_lines": 18, "num_statements": 24, "percent_covered": 75.0, "percent_covered_display": "75", "missing_lines": 6, "excluded_lines": 0}, "missing_lines": [32, 34, 40, 45, 50, 59], "excluded_lines": [], "functions": {"_lazy_import": {"executed_lines": [], "summary": {"covered_lines": 0, "num_statements": 2, "percent_covered": 0.0, "percent_covered_display": "0", "missing_lines": 2, "excluded_lines": 0}, "missing_lines": [32, 34], "excluded_lines": []}, "create_mcp_instance": {"executed_lines": [], "summary": {"covered_lines": 0, "num_statements": 1, "percent_covered": 0.0, "percent_covered_display": "0", "missing_lines": 1, "excluded_lines": 0}, "missing_lines": [40], "excluded_lines": []}, "get_mcp_instance": {"executed_lines": [], "summary": {"covered_lines": 0, "num_statements": 1, "percent_covered": 0.0, "percent_covered_display": "0", "missing_lines": 1, "excluded_lines": 0}, "missing_lines": [45], "excluded_lines": []}, "main": {"executed_lines": [], "summary": {"covered_lines": 0, "num_statements": 1, "percent_covered": 0.0, "percent_covered_display": "0", "missing_lines": 1, "excluded_lines": 0}, "missing_lines": [50], "excluded_lines": []}, "get_version": {"executed_lines": [], "summary": {"covered_lines": 0, "num_statements": 1, "percent_covered": 0.0, "percent_covered_display": "0", "missing_lines": 1, "excluded_lines": 0}, "missing_lines": [59], "excluded_lines": []}, "": {"executed_lines": [1, 5, 8, 9, 12, 13, 14, 17, 27, 30, 38, 43, 48, 54, 57, 63, 65, 69, 70], "summary": {"covered_lines": 18, "num_statements": 18, "percent_covered": 100.0, "percent_covered_display": "100", "missing_lines": 0, "excluded_lines": 0}, "missing_lines": [], "excluded_lines": []}}, "classes": {"": {"executed_lines": [1, 5, 8, 9, 12, 13, 14, 17, 27, 30, 38, 43, 48, 54, 57, 63, 65, 69, 70], "summary": {"covered_lines": 18, "num_statements": 24, "percent_covered": 75.0, "percent_covered_display": "75", "missing_lines": 6, "excluded_lines": 0}, "missing_lines": [32, 34, 40, 45, 50, 59], "excluded_lines": []}}}, "src\\virtualization_mcp\\__main__.py": {"executed_lines": [1, 8, 9, 12, 15, 17, 18, 20, 25], "summary": {"covered_lines": 7, "num_statements": 10, "percent_covered": 70.0, "percent_covered_display": "70", "missing_lines": 3, "excluded_lines": 14}, "missing_lines": [21, 22, 23], "excluded_lines": [25, 26, 28, 29, 30, 33, 34, 35, 36, 37, 38, 39, 40, 41], "functions": {"": {"executed_lines": [1, 8, 9, 12, 15, 17, 18, 20, 25], "summary": {"covered_lines": 7, "num_statements": 10, "percent_covered": 70.0, "percent_covered_display": "70", "missing_lines": 3, "excluded_lines": 14}, "missing_lines": [21, 22, 23], "excluded_lines": [25, 26, 28, 29, 30, 33, 34, 35, 36, 37, 38, 39, 40, 41]}}, "classes": {"": {"executed_lines": [1, 8, 9, 12, 15, 17, 18, 20, 25], "summary": {"covered_lines": 7, "num_statements": 10, "percent_covered": 70.0, "percent_covered_display": "70", "missing_lines": 3, "excluded_lines": 14}, "missing_lines": [21, 22, 23], "excluded_lines": [25, 26, 28, 29, 30, 33, 34, 35, 36, 37, 38, 39, 40, 41]}}}, "src\\virtualization_mcp\\all_tools_server.py": {"executed_lines": [2, 9, 10, 13, 14, 15, 17, 18, 19, 20, 21, 22, 23, 24, 25, 27, 29, 31, 32, 33, 50, 53, 54, 58, 61, 62, 65, 68, 71, 74, 76, 77, 81, 86, 89, 91, 93, 94, 99, 100, 106, 111, 116, 131, 132, 133, 135, 189, 200, 209, 211, 213, 236, 237, 238, 239, 241, 244, 257, 258, 259, 261, 262, 263, 266, 273, 274, 276, 279, 281, 286, 290, 291, 299, 302, 347, 353, 355, 358, 361, 362, 367, 368, 369, 370, 373], "summary": {"covered_lines": 83, "num_statements": 158, "percent_covered": 52.53164556962025, "percent_covered_display": "53", "missing_lines": 75, "excluded_lines": 16}, "missing_lines": [34, 36, 37, 38, 39, 40, 42, 43, 44, 46, 47, 55, 82, 83, 136, 137, 140, 142, 144, 145, 150, 151, 157, 162, 163, 178, 179, 180, 182, 183, 184, 187, 191, 192, 194, 196, 197, 214, 217, 218, 219, 221, 222, 224, 225, 226, 234, 282, 283, 293, 294, 297, 308, 310, 312, 313, 314, 315, 317, 320, 322, 323, 325, 328, 329, 331, 333, 334, 335, 337, 338, 341, 344, 364, 365], "excluded_lines": [138, 139, 185, 186, 227, 228, 231, 232, 239, 240, 295, 296, 339, 340, 373, 374], "functions": {"handle_shutdown": {"executed_lines": [76, 77], "summary": {"covered_lines": 2, "num_statements": 2, "percent_covered": 100.0, "percent_covered_display": "100", "missing_lines": 0, "excluded_lines": 0}, "missing_lines": [], "excluded_lines": []}, "register_all_tools": {"executed_lines": [209, 211, 213, 236, 237, 238, 239, 241], "summary": {"covered_lines": 7, "num_statements": 17, "percent_covered": 41.1764705882353, "percent_covered_display": "41", "missing_lines": 10, "excluded_lines": 6}, "missing_lines": [214, 217, 218, 219, 221, 222, 224, 225, 226, 234], "excluded_lines": [227, 228, 231, 232, 239, 240]}, "start_mcp_server": {"executed_lines": [257, 258, 259, 261, 262, 263, 266, 273, 274, 276, 279, 281, 286, 290, 291, 299], "summary": {"covered_lines": 16, "num_statements": 21, "percent_covered": 76.19047619047619, "percent_covered_display": "76", "missing_lines": 5, "excluded_lines": 2}, "missing_lines": [282, 283, 293, 294, 297], "excluded_lines": [295, 296]}, "main": {"executed_lines": [], "summary": {"covered_lines": 0, "num_statements": 18, "percent_covered": 0.0, "percent_covered_display": "0", "missing_lines": 18, "excluded_lines": 2}, "missing_lines": [308, 310, 312, 317, 320, 322, 323, 325, 328, 329, 331, 333, 334, 335, 337, 338, 341, 344], "excluded_lines": [339, 340]}, "main.windows_signal_handler": {"executed_lines": [], "summary": {"covered_lines": 0, "num_statements": 3, "percent_covered": 0.0, "percent_covered_display": "0", "missing_lines": 3, "excluded_lines": 0}, "missing_lines": [313, 314, 315], "excluded_lines": []}, "main_async": {"executed_lines": [353, 355, 358, 361, 362, 367, 368, 369, 370], "summary": {"covered_lines": 9, "num_statements": 11, "percent_covered": 81.81818181818181, "percent_covered_display": "82", "missing_lines": 2, "excluded_lines": 0}, "missing_lines": [364, 365], "excluded_lines": []}, "": {"executed_lines": [2, 9, 10, 13, 14, 15, 17, 18, 19, 20, 21, 22, 23, 24, 25, 27, 29, 31, 32, 33, 50, 53, 54, 58, 61, 62, 65, 68, 71, 74, 81, 86, 89, 91, 93, 94, 99, 100, 106, 111, 116, 131, 132, 133, 135, 189, 200, 244, 302, 347, 373], "summary": {"covered_lines": 49, "num_statements": 86, "percent_covered": 56.97674418604651, "percent_covered_display": "57", "missing_lines": 37, "excluded_lines": 6}, "missing_lines": [34, 36, 37, 38, 39, 40, 42, 43, 44, 46, 47, 55, 82, 83, 136, 137, 140, 142, 144, 145, 150, 151, 157, 162, 163, 178, 179, 180, 182, 183, 184, 187, 191, 192, 194, 196, 197], "excluded_lines": [138, 139, 185, 186, 373, 374]}}, "classes": {"": {"executed_lines": [2, 9, 10, 13, 14, 15, 17, 18, 19, 20, 21, 22, 23, 24, 25, 27, 29, 31, 32, 33, 50, 53, 54, 58, 61, 62, 65, 68, 71, 74, 76, 77, 81, 86, 89, 91, 93, 94, 99, 100, 106, 111, 116, 131, 132, 133, 135, 189, 200, 209, 211, 213, 236, 237, 238, 239, 241, 244, 257, 258, 259, 261, 262, 263, 266, 273, 274, 276, 279, 281, 286, 290, 291, 299, 302, 347, 353, 355, 358, 361, 362, 367, 368, 369, 370, 373], "summary": {"covered_lines": 83, "num_statements": 158, "percent_covered": 52.53164556962025, "percent_covered_display": "53", "missing_lines": 75, "excluded_lines": 16}, "missing_lines": [34, 36, 37, 38, 39, 40, 42, 43, 44, 46, 47, 55, 82, 83, 136, 137, 140, 142, 144, 145, 150, 151, 157, 162, 163, 178, 179, 180, 182, 183, 184, 187, 191, 192, 194, 196, 197, 214, 217, 218, 219, 221, 222, 224, 225, 226, 234, 282, 283, 293, 294, 297, 308, 310, 312, 313, 314, 315, 317, 320, 322, 323, 325, 328, 329, 331, 333, 334, 335, 337, 338, 341, 344, 364, 365], "excluded_lines": [138, 139, 185, 186, 227, 228, 231, 232, 239, 240, 295, 296, 339, 340, 373, 374]}}}, "src\\virtualization_mcp\\api\\__init__.py": {"executed_lines": [1, 8, 9, 10, 11, 12, 14, 16, 17, 18, 19, 22, 23, 25, 28, 35, 72, 99, 100, 102, 106, 142, 163, 170, 199], "summary": {"covered_lines": 23, "num_statements": 91, "percent_covered": 25.274725274725274, "percent_covered_display": "25", "missing_lines": 68, "excluded_lines": 0}, "missing_lines": [38, 39, 40, 42, 43, 46, 48, 49, 50, 52, 53, 54, 55, 57, 58, 59, 61, 62, 63, 65, 66, 67, 69, 75, 76, 77, 78, 79, 81, 83, 86, 89, 91, 92, 94, 96, 103, 104, 108, 110, 113, 116, 119, 122, 125, 128, 131, 134, 136, 138, 139, 140, 144, 155, 156, 157, 158, 159, 165, 181, 183, 185, 188, 191, 192, 194, 195, 196], "excluded_lines": [], "functions": {"handle_errors": {"executed_lines": [], "summary": {"covered_lines": 0, "num_statements": 3, "percent_covered": 0.0, "percent_covered_display": "0", "missing_lines": 3, "excluded_lines": 0}, "missing_lines": [38, 39, 69], "excluded_lines": []}, "handle_errors.wrapper": {"executed_lines": [], "summary": {"covered_lines": 0, "num_statements": 20, "percent_covered": 0.0, "percent_covered_display": "0", "missing_lines": 20, "excluded_lines": 0}, "missing_lines": [40, 42, 43, 46, 48, 49, 50, 52, 53, 54, 55, 57, 58, 59, 61, 62, 63, 65, 66, 67], "excluded_lines": []}, "validate_input": {"executed_lines": [], "summary": {"covered_lines": 0, "num_statements": 3, "percent_covered": 0.0, "percent_covered_display": "0", "missing_lines": 3, "excluded_lines": 0}, "missing_lines": [75, 76, 96], "excluded_lines": []}, "validate_input.decorator": {"executed_lines": [], "summary": {"covered_lines": 0, "num_statements": 2, "percent_covered": 0.0, "percent_covered_display": "0", "missing_lines": 2, "excluded_lines": 0}, "missing_lines": [77, 94], "excluded_lines": []}, "validate_input.decorator.wrapper": {"executed_lines": [], "summary": {"covered_lines": 0, "num_statements": 8, "percent_covered": 0.0, "percent_covered_display": "0", "missing_lines": 8, "excluded_lines": 0}, "missing_lines": [78, 79, 81, 83, 86, 89, 91, 92], "excluded_lines": []}, "APIRegistrar.__init__": {"executed_lines": [], "summary": {"covered_lines": 0, "num_statements": 2, "percent_covered": 0.0, "percent_covered_display": "0", "missing_lines": 2, "excluded_lines": 0}, "missing_lines": [103, 104], "excluded_lines": []}, "APIRegistrar.register_routes": {"executed_lines": [], "summary": {"covered_lines": 0, "num_statements": 14, "percent_covered": 0.0, "percent_covered_display": "0", "missing_lines": 14, "excluded_lines": 0}, "missing_lines": [108, 110, 113, 116, 119, 122, 125, 128, 131, 134, 136, 138, 139, 140], "excluded_lines": []}, "APIRegistrar._register_vm_lifecycle_routes": {"executed_lines": [], "summary": {"covered_lines": 0, "num_statements": 5, "percent_covered": 0.0, "percent_covered_display": "0", "missing_lines": 5, "excluded_lines": 0}, "missing_lines": [144, 155, 156, 157, 158], "excluded_lines": []}, "APIRegistrar._register_vm_lifecycle_routes.create_vm": {"executed_lines": [], "summary": {"covered_lines": 0, "num_statements": 1, "percent_covered": 0.0, "percent_covered_display": "0", "missing_lines": 1, "excluded_lines": 0}, "missing_lines": [159], "excluded_lines": []}, "APIRegistrar._register_vm_config_routes": {"executed_lines": [], "summary": {"covered_lines": 0, "num_statements": 1, "percent_covered": 0.0, "percent_covered_display": "0", "missing_lines": 1, "excluded_lines": 0}, "missing_lines": [165], "excluded_lines": []}, "register_routes": {"executed_lines": [], "summary": {"covered_lines": 0, "num_statements": 9, "percent_covered": 0.0, "percent_covered_display": "0", "missing_lines": 9, "excluded_lines": 0}, "missing_lines": [181, 183, 185, 188, 191, 192, 194, 195, 196], "excluded_lines": []}, "": {"executed_lines": [1, 8, 9, 10, 11, 12, 14, 16, 17, 18, 19, 22, 23, 25, 28, 35, 72, 99, 100, 102, 106, 142, 163, 170, 199], "summary": {"covered_lines": 23, "num_statements": 23, "percent_covered": 100.0, "percent_covered_display": "100", "missing_lines": 0, "excluded_lines": 0}, "missing_lines": [], "excluded_lines": []}}, "classes": {"APIRegistrar": {"executed_lines": [], "summary": {"covered_lines": 0, "num_statements": 23, "percent_covered": 0.0, "percent_covered_display": "0", "missing_lines": 23, "excluded_lines": 0}, "missing_lines": [103, 104, 108, 110, 113, 116, 119, 122, 125, 128, 131, 134, 136, 138, 139, 140, 144, 155, 156, 157, 158, 159, 165], "excluded_lines": []}, "": {"executed_lines": [1, 8, 9, 10, 11, 12, 14, 16, 17, 18, 19, 22, 23, 25, 28, 35, 72, 99, 100, 102, 106, 142, 163, 170, 199], "summary": {"covered_lines": 23, "num_statements": 68, "percent_covered": 33.8235294117647, "percent_covered_display": "34", "missing_lines": 45, "excluded_lines": 0}, "missing_lines": [38, 39, 40, 42, 43, 46, 48, 49, 50, 52, 53, 54, 55, 57, 58, 59, 61, 62, 63, 65, 66, 67, 69, 75, 76, 77, 78, 79, 81, 83, 86, 89, 91, 92, 94, 96, 181, 183, 185, 188, 191, 192, 194, 195, 196], "excluded_lines": []}}}, "src\\virtualization_mcp\\api\\documentation.py": {"executed_lines": [1, 8, 9, 10, 12, 15, 100, 101, 103, 113, 142, 245, 265, 288, 310], "summary": {"covered_lines": 13, "num_statements": 189, "percent_covered": 6.878306878306878, "percent_covered_display": "7", "missing_lines": 176, "excluded_lines": 0}, "missing_lines": [109, 110, 111, 120, 123, 124, 126, 127, 130, 131, 134, 135, 138, 140, 152, 153, 156, 157, 158, 161, 162, 163, 166, 167, 168, 174, 177, 178, 179, 185, 188, 189, 195, 213, 225, 233, 234, 236, 237, 240, 241, 243, 247, 248, 249, 250, 251, 252, 253, 254, 255, 256, 257, 258, 263, 268, 270, 271, 272, 273, 274, 275, 276, 277, 279, 290, 291, 292, 293, 294, 295, 296, 297, 298, 299, 300, 301, 302, 303, 304, 305, 307, 317, 335, 340, 364, 366, 371, 404, 406, 407, 409, 410, 411, 418, 419, 420, 423, 424, 425, 428, 429, 430, 431, 433, 435, 436, 437, 438, 440, 447, 450, 453, 454, 455, 456, 457, 460, 474, 475, 477, 479, 484, 486, 487, 489, 494, 521, 522, 525, 529, 530, 531, 532, 537, 540, 541, 542, 551, 553, 555, 557, 558, 561, 562, 563, 564, 567, 568, 571, 572, 573, 576, 577, 580, 581, 584, 596, 598, 599, 600, 601, 603, 609, 612, 613, 614, 617, 628, 629, 630, 633, 634, 636, 639, 649], "excluded_lines": [], "functions": {"APIDocumentation.__init__": {"executed_lines": [], "summary": {"covered_lines": 0, "num_statements": 3, "percent_covered": 0.0, "percent_covered_display": "0", "missing_lines": 3, "excluded_lines": 0}, "missing_lines": [109, 110, 111], "excluded_lines": []}, "APIDocumentation.generate_openapi_spec": {"executed_lines": [], "summary": {"covered_lines": 0, "num_statements": 11, "percent_covered": 0.0, "percent_covered_display": "0", "missing_lines": 11, "excluded_lines": 0}, "missing_lines": [120, 123, 124, 126, 127, 130, 131, 134, 135, 138, 140], "excluded_lines": []}, "APIDocumentation._generate_endpoint_doc": {"executed_lines": [], "summary": {"covered_lines": 0, "num_statements": 28, "percent_covered": 0.0, "percent_covered_display": "0", "missing_lines": 28, "excluded_lines": 0}, "missing_lines": [152, 153, 156, 157, 158, 161, 162, 163, 166, 167, 168, 174, 177, 178, 179, 185, 188, 189, 195, 213, 225, 233, 234, 236, 237, 240, 241, 243], "excluded_lines": []}, "APIDocumentation._get_schema_for_type": {"executed_lines": [], "summary": {"covered_lines": 0, "num_statements": 13, "percent_covered": 0.0, "percent_covered_display": "0", "missing_lines": 13, "excluded_lines": 0}, "missing_lines": [247, 248, 249, 250, 251, 252, 253, 254, 255, 256, 257, 258, 263], "excluded_lines": []}, "APIDocumentation._get_success_response_schema": {"executed_lines": [], "summary": {"covered_lines": 0, "num_statements": 10, "percent_covered": 0.0, "percent_covered_display": "0", "missing_lines": 10, "excluded_lines": 0}, "missing_lines": [268, 270, 271, 272, 273, 274, 275, 276, 277, 279], "excluded_lines": []}, "APIDocumentation._get_tag_for_endpoint": {"executed_lines": [], "summary": {"covered_lines": 0, "num_statements": 17, "percent_covered": 0.0, "percent_covered_display": "0", "missing_lines": 17, "excluded_lines": 0}, "missing_lines": [290, 291, 292, 293, 294, 295, 296, 297, 298, 299, 300, 301, 302, 303, 304, 305, 307], "excluded_lines": []}, "register_documentation_routes": {"executed_lines": [], "summary": {"covered_lines": 0, "num_statements": 9, "percent_covered": 0.0, "percent_covered_display": "0", "missing_lines": 9, "excluded_lines": 0}, "missing_lines": [317, 335, 340, 366, 371, 479, 484, 489, 494], "excluded_lines": []}, "register_documentation_routes.get_tool_categories": {"executed_lines": [], "summary": {"covered_lines": 0, "num_statements": 1, "percent_covered": 0.0, "percent_covered_display": "0", "missing_lines": 1, "excluded_lines": 0}, "missing_lines": [364], "excluded_lines": []}, "register_documentation_routes.get_tool_info": {"executed_lines": [], "summary": {"covered_lines": 0, "num_statements": 33, "percent_covered": 0.0, "percent_covered_display": "0", "missing_lines": 33, "excluded_lines": 0}, "missing_lines": [404, 406, 407, 409, 410, 411, 418, 419, 420, 423, 424, 425, 428, 429, 430, 431, 433, 435, 436, 437, 438, 440, 447, 450, 453, 454, 455, 456, 457, 460, 474, 475, 477], "excluded_lines": []}, "register_documentation_routes.get_api_docs": {"executed_lines": [], "summary": {"covered_lines": 0, "num_statements": 2, "percent_covered": 0.0, "percent_covered_display": "0", "missing_lines": 2, "excluded_lines": 0}, "missing_lines": [486, 487], "excluded_lines": []}, "register_documentation_routes.get_api_endpoints": {"executed_lines": [], "summary": {"covered_lines": 0, "num_statements": 39, "percent_covered": 0.0, "percent_covered_display": "0", "missing_lines": 39, "excluded_lines": 0}, "missing_lines": [521, 522, 525, 555, 557, 558, 561, 562, 563, 564, 567, 568, 571, 572, 573, 576, 577, 580, 581, 584, 596, 598, 599, 600, 601, 603, 609, 612, 613, 614, 617, 628, 629, 630, 633, 634, 636, 639, 649], "excluded_lines": []}, "register_documentation_routes.get_api_endpoints.matches_criteria": {"executed_lines": [], "summary": {"covered_lines": 0, "num_statements": 10, "percent_covered": 0.0, "percent_covered_display": "0", "missing_lines": 10, "excluded_lines": 0}, "missing_lines": [529, 530, 531, 532, 537, 540, 541, 542, 551, 553], "excluded_lines": []}, "": {"executed_lines": [1, 8, 9, 10, 12, 15, 100, 101, 103, 113, 142, 245, 265, 288, 310], "summary": {"covered_lines": 13, "num_statements": 13, "percent_covered": 100.0, "percent_covered_display": "100", "missing_lines": 0, "excluded_lines": 0}, "missing_lines": [], "excluded_lines": []}}, "classes": {"APIDocumentation": {"executed_lines": [], "summary": {"covered_lines": 0, "num_statements": 82, "percent_covered": 0.0, "percent_covered_display": "0", "missing_lines": 82, "excluded_lines": 0}, "missing_lines": [109, 110, 111, 120, 123, 124, 126, 127, 130, 131, 134, 135, 138, 140, 152, 153, 156, 157, 158, 161, 162, 163, 166, 167, 168, 174, 177, 178, 179, 185, 188, 189, 195, 213, 225, 233, 234, 236, 237, 240, 241, 243, 247, 248, 249, 250, 251, 252, 253, 254, 255, 256, 257, 258, 263, 268, 270, 271, 272, 273, 274, 275, 276, 277, 279, 290, 291, 292, 293, 294, 295, 296, 297, 298, 299, 300, 301, 302, 303, 304, 305, 307], "excluded_lines": []}, "": {"executed_lines": [1, 8, 9, 10, 12, 15, 100, 101, 103, 113, 142, 245, 265, 288, 310], "summary": {"covered_lines": 13, "num_statements": 107, "percent_covered": 12.149532710280374, "percent_covered_display": "12", "missing_lines": 94, "excluded_lines": 0}, "missing_lines": [317, 335, 340, 364, 366, 371, 404, 406, 407, 409, 410, 411, 418, 419, 420, 423, 424, 425, 428, 429, 430, 431, 433, 435, 436, 437, 438, 440, 447, 450, 453, 454, 455, 456, 457, 460, 474, 475, 477, 479, 484, 486, 487, 489, 494, 521, 522, 525, 529, 530, 531, 532, 537, 540, 541, 542, 551, 553, 555, 557, 558, 561, 562, 563, 564, 567, 568, 571, 572, 573, 576, 577, 580, 581, 584, 596, 598, 599, 600, 601, 603, 609, 612, 613, 614, 617, 628, 629, 630, 633, 634, 636, 639, 649], "excluded_lines": []}}}, "src\\virtualization_mcp\\async_wrapper.py": {"executed_lines": [2, 9, 10, 11, 12, 13, 14, 15, 18, 23, 26, 27, 30, 31, 33, 39, 41, 42, 43, 44, 45, 47, 53, 56, 57, 60, 63, 65, 68, 71, 74, 75, 76, 77, 78, 81, 86, 89, 90, 93, 98, 101, 102, 109, 112, 113, 114, 115, 116, 117, 118, 119, 120, 123, 153], "summary": {"covered_lines": 52, "num_statements": 77, "percent_covered": 67.53246753246754, "percent_covered_display": "68", "missing_lines": 25, "excluded_lines": 10}, "missing_lines": [49, 58, 82, 83, 94, 95, 104, 105, 106, 125, 127, 130, 131, 132, 133, 134, 135, 136, 137, 138, 141, 144, 146, 147, 150], "excluded_lines": [87, 99, 153, 154, 155, 156, 157, 158, 159, 160], "functions": {"AsyncWrapper.__init__": {"executed_lines": [39, 41, 42, 43, 44, 45], "summary": {"covered_lines": 6, "num_statements": 6, "percent_covered": 100.0, "percent_covered_display": "100", "missing_lines": 0, "excluded_lines": 0}, "missing_lines": [], "excluded_lines": []}, "AsyncWrapper.run_sync": {"executed_lines": [], "summary": {"covered_lines": 0, "num_statements": 1, "percent_covered": 0.0, "percent_covered_display": "0", "missing_lines": 1, "excluded_lines": 0}, "missing_lines": [49], "excluded_lines": []}, "AsyncWrapper.wrap": {"executed_lines": [56, 57, 60], "summary": {"covered_lines": 3, "num_statements": 3, "percent_covered": 100.0, "percent_covered_display": "100", "missing_lines": 0, "excluded_lines": 0}, "missing_lines": [], "excluded_lines": []}, "AsyncWrapper.wrap.wrapped": {"executed_lines": [], "summary": {"covered_lines": 0, "num_statements": 1, "percent_covered": 0.0, "percent_covered_display": "0", "missing_lines": 1, "excluded_lines": 0}, "missing_lines": [58], "excluded_lines": []}, "main": {"executed_lines": [], "summary": {"covered_lines": 0, "num_statements": 16, "percent_covered": 0.0, "percent_covered_display": "0", "missing_lines": 16, "excluded_lines": 0}, "missing_lines": [125, 127, 130, 131, 132, 133, 134, 135, 136, 137, 138, 141, 144, 146, 147, 150], "excluded_lines": []}, "": {"executed_lines": [2, 9, 10, 11, 12, 13, 14, 15, 18, 23, 26, 27, 30, 31, 33, 47, 53, 63, 65, 68, 71, 74, 75, 76, 77, 78, 81, 86, 89, 90, 93, 98, 101, 102, 109, 112, 113, 114, 115, 116, 117, 118, 119, 120, 123, 153], "summary": {"covered_lines": 43, "num_statements": 50, "percent_covered": 86.0, "percent_covered_display": "86", "missing_lines": 7, "excluded_lines": 10}, "missing_lines": [82, 83, 94, 95, 104, 105, 106], "excluded_lines": [87, 99, 153, 154, 155, 156, 157, 158, 159, 160]}}, "classes": {"AsyncWrapper": {"executed_lines": [39, 41, 42, 43, 44, 45, 56, 57, 60], "summary": {"covered_lines": 9, "num_statements": 11, "percent_covered": 81.81818181818181, "percent_covered_display": "82", "missing_lines": 2, "excluded_lines": 0}, "missing_lines": [49, 58], "excluded_lines": []}, "": {"executed_lines": [2, 9, 10, 11, 12, 13, 14, 15, 18, 23, 26, 27, 30, 31, 33, 47, 53, 63, 65, 68, 71, 74, 75, 76, 77, 78, 81, 86, 89, 90, 93, 98, 101, 102, 109, 112, 113, 114, 115, 116, 117, 118, 119, 120, 123, 153], "summary": {"covered_lines": 43, "num_statements": 66, "percent_covered": 65.15151515151516, "percent_covered_display": "65", "missing_lines": 23, "excluded_lines": 10}, "missing_lines": [82, 83, 94, 95, 104, 105, 106, 125, 127, 130, 131, 132, 133, 134, 135, 136, 137, 138, 141, 144, 146, 147, 150], "excluded_lines": [87, 99, 153, 154, 155, 156, 157, 158, 159, 160]}}}, "src\\virtualization_mcp\\config.py": {"executed_lines": [1, 5, 6, 7, 8, 9, 10, 11, 13, 16, 17, 30, 33, 34, 36, 39, 40, 42, 52, 53, 54, 57, 58, 59, 60, 63, 64, 67, 68, 69, 72, 73, 76, 77, 78, 79, 80, 81, 84, 85, 86, 87, 90, 93, 94, 96, 97, 98, 99, 101, 102, 103, 106, 108, 109, 110, 111, 117, 123, 124, 125, 127, 128, 129, 130, 137, 145, 146, 147, 148, 155, 158, 160, 161, 162, 165, 167, 168, 171, 172, 180, 181, 187, 190, 194, 195, 197, 200, 202, 203, 206, 207, 216, 217, 218, 219, 220, 221, 223, 227, 230, 233, 234, 235, 236, 239, 240, 243, 244, 247, 248, 249, 252, 262, 265, 266, 267, 268, 269, 270, 274, 276, 277, 295, 298, 299, 302], "summary": {"covered_lines": 123, "num_statements": 149, "percent_covered": 82.5503355704698, "percent_covered_display": "83", "missing_lines": 26, "excluded_lines": 2}, "missing_lines": [18, 20, 22, 23, 24, 25, 26, 100, 104, 105, 112, 113, 114, 131, 132, 133, 134, 150, 151, 280, 281, 282, 284, 285, 286, 288], "excluded_lines": [243, 244], "functions": {"Settings.validate_log_level": {"executed_lines": [99, 101, 102, 103, 106], "summary": {"covered_lines": 5, "num_statements": 8, "percent_covered": 62.5, "percent_covered_display": "62", "missing_lines": 3, "excluded_lines": 0}, "missing_lines": [100, 104, 105], "excluded_lines": []}, "Settings.set_default_vm_folder": {"executed_lines": [111, 117, 123, 124, 125], "summary": {"covered_lines": 5, "num_statements": 8, "percent_covered": 62.5, "percent_covered_display": "62", "missing_lines": 3, "excluded_lines": 0}, "missing_lines": [112, 113, 114], "excluded_lines": []}, "Settings.set_vbox_manage_path": {"executed_lines": [130, 137, 145, 146, 147, 148], "summary": {"covered_lines": 6, "num_statements": 12, "percent_covered": 50.0, "percent_covered_display": "50", "missing_lines": 6, "excluded_lines": 0}, "missing_lines": [131, 132, 133, 134, 150, 151], "excluded_lines": []}, "get_logs_dir": {"executed_lines": [160, 161, 162], "summary": {"covered_lines": 3, "num_statements": 3, "percent_covered": 100.0, "percent_covered_display": "100", "missing_lines": 0, "excluded_lines": 0}, "missing_lines": [], "excluded_lines": []}, "setup_file_handlers": {"executed_lines": [167, 168, 171, 172, 180, 181, 187, 190, 194, 195, 197], "summary": {"covered_lines": 11, "num_statements": 11, "percent_covered": 100.0, "percent_covered_display": "100", "missing_lines": 0, "excluded_lines": 0}, "missing_lines": [], "excluded_lines": []}, "setup_console_handler": {"executed_lines": [202, 203, 206, 207, 216, 223, 227], "summary": {"covered_lines": 7, "num_statements": 7, "percent_covered": 100.0, "percent_covered_display": "100", "missing_lines": 0, "excluded_lines": 0}, "missing_lines": [], "excluded_lines": []}, "setup_console_handler.ColorFormatter.format": {"executed_lines": [217, 218, 219, 220, 221], "summary": {"covered_lines": 5, "num_statements": 5, "percent_covered": 100.0, "percent_covered_display": "100", "missing_lines": 0, "excluded_lines": 0}, "missing_lines": [], "excluded_lines": []}, "configure_logging": {"executed_lines": [233, 234, 235, 236, 239, 240, 243, 244, 247, 248, 249, 252, 262, 265, 266, 267, 268, 269, 270], "summary": {"covered_lines": 17, "num_statements": 17, "percent_covered": 100.0, "percent_covered_display": "100", "missing_lines": 0, "excluded_lines": 2}, "missing_lines": [], "excluded_lines": [243, 244]}, "get_vbox_manage_path": {"executed_lines": [276, 277], "summary": {"covered_lines": 2, "num_statements": 9, "percent_covered": 22.22222222222222, "percent_covered_display": "22", "missing_lines": 7, "excluded_lines": 0}, "missing_lines": [280, 281, 282, 284, 285, 286, 288], "excluded_lines": []}, "": {"executed_lines": [1, 5, 6, 7, 8, 9, 10, 11, 13, 16, 17, 30, 33, 34, 36, 39, 40, 42, 52, 53, 54, 57, 58, 59, 60, 63, 64, 67, 68, 69, 72, 73, 76, 77, 78, 79, 80, 81, 84, 85, 86, 87, 90, 93, 94, 96, 97, 98, 108, 109, 110, 127, 128, 129, 155, 158, 165, 200, 230, 274, 295, 298, 299, 302], "summary": {"covered_lines": 62, "num_statements": 69, "percent_covered": 89.85507246376811, "percent_covered_display": "90", "missing_lines": 7, "excluded_lines": 0}, "missing_lines": [18, 20, 22, 23, 24, 25, 26], "excluded_lines": []}}, "classes": {"Settings": {"executed_lines": [99, 101, 102, 103, 106, 111, 117, 123, 124, 125, 130, 137, 145, 146, 147, 148], "summary": {"covered_lines": 16, "num_statements": 28, "percent_covered": 57.142857142857146, "percent_covered_display": "57", "missing_lines": 12, "excluded_lines": 0}, "missing_lines": [100, 104, 105, 112, 113, 114, 131, 132, 133, 134, 150, 151], "excluded_lines": []}, "setup_console_handler.ColorFormatter": {"executed_lines": [217, 218, 219, 220, 221], "summary": {"covered_lines": 5, "num_statements": 5, "percent_covered": 100.0, "percent_covered_display": "100", "missing_lines": 0, "excluded_lines": 0}, "missing_lines": [], "excluded_lines": []}, "": {"executed_lines": [1, 5, 6, 7, 8, 9, 10, 11, 13, 16, 17, 30, 33, 34, 36, 39, 40, 42, 52, 53, 54, 57, 58, 59, 60, 63, 64, 67, 68, 69, 72, 73, 76, 77, 78, 79, 80, 81, 84, 85, 86, 87, 90, 93, 94, 96, 97, 98, 108, 109, 110, 127, 128, 129, 155, 158, 160, 161, 162, 165, 167, 168, 171, 172, 180, 181, 187, 190, 194, 195, 197, 200, 202, 203, 206, 207, 216, 223, 227, 230, 233, 234, 235, 236, 239, 240, 243, 244, 247, 248, 249, 252, 262, 265, 266, 267, 268, 269, 270, 274, 276, 277, 295, 298, 299, 302], "summary": {"covered_lines": 102, "num_statements": 116, "percent_covered": 87.93103448275862, "percent_covered_display": "88", "missing_lines": 14, "excluded_lines": 2}, "missing_lines": [18, 20, 22, 23, 24, 25, 26, 280, 281, 282, 284, 285, 286, 288], "excluded_lines": [243, 244]}}}, "src\\virtualization_mcp\\exceptions.py": {"executed_lines": [1, 6, 7, 9, 10, 11, 12, 15, 16, 18, 19, 22, 23, 25, 26, 29, 30, 32, 33, 34, 37, 38, 40, 44, 45, 47, 48, 51, 52, 54, 58, 59, 61, 65, 66, 68, 72, 73, 75, 76, 79, 80, 82, 83, 86, 87, 89, 90, 93, 94, 96, 100, 101, 103, 107, 108, 110], "summary": {"covered_lines": 41, "num_statements": 51, "percent_covered": 80.3921568627451, "percent_covered_display": "80", "missing_lines": 10, "excluded_lines": 0}, "missing_lines": [41, 55, 62, 69, 97, 104, 111, 112, 113, 114], "excluded_lines": [], "functions": {"VMError.__init__": {"executed_lines": [10, 11, 12], "summary": {"covered_lines": 3, "num_statements": 3, "percent_covered": 100.0, "percent_covered_display": "100", "missing_lines": 0, "excluded_lines": 0}, "missing_lines": [], "excluded_lines": []}, "ValidationError.__init__": {"executed_lines": [19], "summary": {"covered_lines": 1, "num_statements": 1, "percent_covered": 100.0, "percent_covered_display": "100", "missing_lines": 0, "excluded_lines": 0}, "missing_lines": [], "excluded_lines": []}, "RateLimitExceeded.__init__": {"executed_lines": [26], "summary": {"covered_lines": 1, "num_statements": 1, "percent_covered": 100.0, "percent_covered_display": "100", "missing_lines": 0, "excluded_lines": 0}, "missing_lines": [], "excluded_lines": []}, "ServiceUnavailable.__init__": {"executed_lines": [33, 34], "summary": {"covered_lines": 2, "num_statements": 2, "percent_covered": 100.0, "percent_covered_display": "100", "missing_lines": 0, "excluded_lines": 0}, "missing_lines": [], "excluded_lines": []}, "VMManagerError.__init__": {"executed_lines": [], "summary": {"covered_lines": 0, "num_statements": 1, "percent_covered": 0.0, "percent_covered_display": "0", "missing_lines": 1, "excluded_lines": 0}, "missing_lines": [41], "excluded_lines": []}, "VMNotFoundError.__init__": {"executed_lines": [48], "summary": {"covered_lines": 1, "num_statements": 1, "percent_covered": 100.0, "percent_covered_display": "100", "missing_lines": 0, "excluded_lines": 0}, "missing_lines": [], "excluded_lines": []}, "SnapshotError.__init__": {"executed_lines": [], "summary": {"covered_lines": 0, "num_statements": 1, "percent_covered": 0.0, "percent_covered_display": "0", "missing_lines": 1, "excluded_lines": 0}, "missing_lines": [55], "excluded_lines": []}, "NetworkError.__init__": {"executed_lines": [], "summary": {"covered_lines": 0, "num_statements": 1, "percent_covered": 0.0, "percent_covered_display": "0", "missing_lines": 1, "excluded_lines": 0}, "missing_lines": [62], "excluded_lines": []}, "StorageError.__init__": {"executed_lines": [], "summary": {"covered_lines": 0, "num_statements": 1, "percent_covered": 0.0, "percent_covered_display": "0", "missing_lines": 1, "excluded_lines": 0}, "missing_lines": [69], "excluded_lines": []}, "ConfigurationError.__init__": {"executed_lines": [76], "summary": {"covered_lines": 1, "num_statements": 1, "percent_covered": 100.0, "percent_covered_display": "100", "missing_lines": 0, "excluded_lines": 0}, "missing_lines": [], "excluded_lines": []}, "AuthenticationError.__init__": {"executed_lines": [83], "summary": {"covered_lines": 1, "num_statements": 1, "percent_covered": 100.0, "percent_covered_display": "100", "missing_lines": 0, "excluded_lines": 0}, "missing_lines": [], "excluded_lines": []}, "AuthorizationError.__init__": {"executed_lines": [90], "summary": {"covered_lines": 1, "num_statements": 1, "percent_covered": 100.0, "percent_covered_display": "100", "missing_lines": 0, "excluded_lines": 0}, "missing_lines": [], "excluded_lines": []}, "ResourceExhaustedError.__init__": {"executed_lines": [], "summary": {"covered_lines": 0, "num_statements": 1, "percent_covered": 0.0, "percent_covered_display": "0", "missing_lines": 1, "excluded_lines": 0}, "missing_lines": [97], "excluded_lines": []}, "TimeoutError.__init__": {"executed_lines": [], "summary": {"covered_lines": 0, "num_statements": 1, "percent_covered": 0.0, "percent_covered_display": "0", "missing_lines": 1, "excluded_lines": 0}, "missing_lines": [104], "excluded_lines": []}, "InvalidStateError.__init__": {"executed_lines": [], "summary": {"covered_lines": 0, "num_statements": 4, "percent_covered": 0.0, "percent_covered_display": "0", "missing_lines": 4, "excluded_lines": 0}, "missing_lines": [111, 112, 113, 114], "excluded_lines": []}, "": {"executed_lines": [1, 6, 7, 9, 15, 16, 18, 22, 23, 25, 29, 30, 32, 37, 38, 40, 44, 45, 47, 51, 52, 54, 58, 59, 61, 65, 66, 68, 72, 73, 75, 79, 80, 82, 86, 87, 89, 93, 94, 96, 100, 101, 103, 107, 108, 110], "summary": {"covered_lines": 30, "num_statements": 30, "percent_covered": 100.0, "percent_covered_display": "100", "missing_lines": 0, "excluded_lines": 0}, "missing_lines": [], "excluded_lines": []}}, "classes": {"VMError": {"executed_lines": [10, 11, 12], "summary": {"covered_lines": 3, "num_statements": 3, "percent_covered": 100.0, "percent_covered_display": "100", "missing_lines": 0, "excluded_lines": 0}, "missing_lines": [], "excluded_lines": []}, "ValidationError": {"executed_lines": [19], "summary": {"covered_lines": 1, "num_statements": 1, "percent_covered": 100.0, "percent_covered_display": "100", "missing_lines": 0, "excluded_lines": 0}, "missing_lines": [], "excluded_lines": []}, "RateLimitExceeded": {"executed_lines": [26], "summary": {"covered_lines": 1, "num_statements": 1, "percent_covered": 100.0, "percent_covered_display": "100", "missing_lines": 0, "excluded_lines": 0}, "missing_lines": [], "excluded_lines": []}, "ServiceUnavailable": {"executed_lines": [33, 34], "summary": {"covered_lines": 2, "num_statements": 2, "percent_covered": 100.0, "percent_covered_display": "100", "missing_lines": 0, "excluded_lines": 0}, "missing_lines": [], "excluded_lines": []}, "VMManagerError": {"executed_lines": [], "summary": {"covered_lines": 0, "num_statements": 1, "percent_covered": 0.0, "percent_covered_display": "0", "missing_lines": 1, "excluded_lines": 0}, "missing_lines": [41], "excluded_lines": []}, "VMNotFoundError": {"executed_lines": [48], "summary": {"covered_lines": 1, "num_statements": 1, "percent_covered": 100.0, "percent_covered_display": "100", "missing_lines": 0, "excluded_lines": 0}, "missing_lines": [], "excluded_lines": []}, "SnapshotError": {"executed_lines": [], "summary": {"covered_lines": 0, "num_statements": 1, "percent_covered": 0.0, "percent_covered_display": "0", "missing_lines": 1, "excluded_lines": 0}, "missing_lines": [55], "excluded_lines": []}, "NetworkError": {"executed_lines": [], "summary": {"covered_lines": 0, "num_statements": 1, "percent_covered": 0.0, "percent_covered_display": "0", "missing_lines": 1, "excluded_lines": 0}, "missing_lines": [62], "excluded_lines": []}, "StorageError": {"executed_lines": [], "summary": {"covered_lines": 0, "num_statements": 1, "percent_covered": 0.0, "percent_covered_display": "0", "missing_lines": 1, "excluded_lines": 0}, "missing_lines": [69], "excluded_lines": []}, "ConfigurationError": {"executed_lines": [76], "summary": {"covered_lines": 1, "num_statements": 1, "percent_covered": 100.0, "percent_covered_display": "100", "missing_lines": 0, "excluded_lines": 0}, "missing_lines": [], "excluded_lines": []}, "AuthenticationError": {"executed_lines": [83], "summary": {"covered_lines": 1, "num_statements": 1, "percent_covered": 100.0, "percent_covered_display": "100", "missing_lines": 0, "excluded_lines": 0}, "missing_lines": [], "excluded_lines": []}, "AuthorizationError": {"executed_lines": [90], "summary": {"covered_lines": 1, "num_statements": 1, "percent_covered": 100.0, "percent_covered_display": "100", "missing_lines": 0, "excluded_lines": 0}, "missing_lines": [], "excluded_lines": []}, "ResourceExhaustedError": {"executed_lines": [], "summary": {"covered_lines": 0, "num_statements": 1, "percent_covered": 0.0, "percent_covered_display": "0", "missing_lines": 1, "excluded_lines": 0}, "missing_lines": [97], "excluded_lines": []}, "TimeoutError": {"executed_lines": [], "summary": {"covered_lines": 0, "num_statements": 1, "percent_covered": 0.0, "percent_covered_display": "0", "missing_lines": 1, "excluded_lines": 0}, "missing_lines": [104], "excluded_lines": []}, "InvalidStateError": {"executed_lines": [], "summary": {"covered_lines": 0, "num_statements": 4, "percent_covered": 0.0, "percent_covered_display": "0", "missing_lines": 4, "excluded_lines": 0}, "missing_lines": [111, 112, 113, 114], "excluded_lines": []}, "": {"executed_lines": [1, 6, 7, 9, 15, 16, 18, 22, 23, 25, 29, 30, 32, 37, 38, 40, 44, 45, 47, 51, 52, 54, 58, 59, 61, 65, 66, 68, 72, 73, 75, 79, 80, 82, 86, 87, 89, 93, 94, 96, 100, 101, 103, 107, 108, 110], "summary": {"covered_lines": 30, "num_statements": 30, "percent_covered": 100.0, "percent_covered_display": "100", "missing_lines": 0, "excluded_lines": 0}, "missing_lines": [], "excluded_lines": []}}}, "src\\virtualization_mcp\\json_encoder.py": {"executed_lines": [1, 5, 6, 7, 8, 9, 10, 11, 12, 14, 17, 20, 21, 24, 26, 27, 28, 30, 33, 36, 37, 70, 71, 74, 86, 96, 97, 98, 99, 105, 108, 111, 114, 119, 120, 125, 188, 190, 193, 195], "summary": {"covered_lines": 38, "num_statements": 88, "percent_covered": 43.18181818181818, "percent_covered_display": "43", "missing_lines": 50, "excluded_lines": 0}, "missing_lines": [40, 41, 44, 56, 57, 58, 61, 100, 101, 102, 107, 110, 113, 116, 121, 122, 123, 134, 135, 138, 139, 140, 142, 143, 145, 147, 150, 151, 153, 154, 156, 159, 160, 161, 162, 163, 164, 165, 166, 167, 168, 171, 172, 175, 176, 180, 182, 183, 184, 185], "excluded_lines": [], "functions": {"VBoxJSONEncoder.__init__": {"executed_lines": [27, 28], "summary": {"covered_lines": 2, "num_statements": 2, "percent_covered": 100.0, "percent_covered_display": "100", "missing_lines": 0, "excluded_lines": 0}, "missing_lines": [], "excluded_lines": []}, "VBoxJSONEncoder._setup_type_handlers": {"executed_lines": [33, 36, 37, 70, 71, 74], "summary": {"covered_lines": 6, "num_statements": 13, "percent_covered": 46.15384615384615, "percent_covered_display": "46", "missing_lines": 7, "excluded_lines": 0}, "missing_lines": [40, 41, 44, 56, 57, 58, 61], "excluded_lines": []}, "VBoxJSONEncoder.default": {"executed_lines": [96, 97, 98, 99, 105, 108, 111, 114, 119, 120], "summary": {"covered_lines": 10, "num_statements": 20, "percent_covered": 50.0, "percent_covered_display": "50", "missing_lines": 10, "excluded_lines": 0}, "missing_lines": [100, 101, 102, 107, 110, 113, 116, 121, 122, 123], "excluded_lines": []}, "VBoxJSONEncoder.clean_dict": {"executed_lines": [], "summary": {"covered_lines": 0, "num_statements": 33, "percent_covered": 0.0, "percent_covered_display": "0", "missing_lines": 33, "excluded_lines": 0}, "missing_lines": [134, 135, 138, 139, 140, 142, 143, 145, 147, 150, 151, 153, 154, 156, 159, 160, 161, 162, 163, 164, 165, 166, 167, 168, 171, 172, 175, 176, 180, 182, 183, 184, 185], "excluded_lines": []}, "dumps": {"executed_lines": [190], "summary": {"covered_lines": 1, "num_statements": 1, "percent_covered": 100.0, "percent_covered_display": "100", "missing_lines": 0, "excluded_lines": 0}, "missing_lines": [], "excluded_lines": []}, "loads": {"executed_lines": [195], "summary": {"covered_lines": 1, "num_statements": 1, "percent_covered": 100.0, "percent_covered_display": "100", "missing_lines": 0, "excluded_lines": 0}, "missing_lines": [], "excluded_lines": []}, "": {"executed_lines": [1, 5, 6, 7, 8, 9, 10, 11, 12, 14, 17, 20, 21, 24, 26, 30, 86, 125, 188, 193], "summary": {"covered_lines": 18, "num_statements": 18, "percent_covered": 100.0, "percent_covered_display": "100", "missing_lines": 0, "excluded_lines": 0}, "missing_lines": [], "excluded_lines": []}}, "classes": {"VBoxJSONEncoder": {"executed_lines": [27, 28, 33, 36, 37, 70, 71, 74, 96, 97, 98, 99, 105, 108, 111, 114, 119, 120], "summary": {"covered_lines": 18, "num_statements": 68, "percent_covered": 26.470588235294116, "percent_covered_display": "26", "missing_lines": 50, "excluded_lines": 0}, "missing_lines": [40, 41, 44, 56, 57, 58, 61, 100, 101, 102, 107, 110, 113, 116, 121, 122, 123, 134, 135, 138, 139, 140, 142, 143, 145, 147, 150, 151, 153, 154, 156, 159, 160, 161, 162, 163, 164, 165, 166, 167, 168, 171, 172, 175, 176, 180, 182, 183, 184, 185], "excluded_lines": []}, "": {"executed_lines": [1, 5, 6, 7, 8, 9, 10, 11, 12, 14, 17, 20, 21, 24, 26, 30, 86, 125, 188, 190, 193, 195], "summary": {"covered_lines": 20, "num_statements": 20, "percent_covered": 100.0, "percent_covered_display": "100", "missing_lines": 0, "excluded_lines": 0}, "missing_lines": [], "excluded_lines": []}}}, "src\\virtualization_mcp\\main.py": {"executed_lines": [2, 8, 9, 10, 12, 15, 16, 19, 22, 24, 25, 26, 27, 28, 31, 96], "summary": {"covered_lines": 14, "num_statements": 51, "percent_covered": 27.45098039215686, "percent_covered_display": "27", "missing_lines": 37, "excluded_lines": 2}, "missing_lines": [33, 36, 37, 40, 42, 44, 46, 49, 51, 52, 53, 54, 55, 56, 57, 60, 61, 62, 65, 66, 69, 70, 73, 74, 76, 78, 79, 80, 83, 84, 86, 88, 89, 90, 91, 92, 93], "excluded_lines": [96, 97], "functions": {"parse_arguments": {"executed_lines": [24, 25, 26, 27, 28], "summary": {"covered_lines": 5, "num_statements": 5, "percent_covered": 100.0, "percent_covered_display": "100", "missing_lines": 0, "excluded_lines": 0}, "missing_lines": [], "excluded_lines": []}, "main": {"executed_lines": [], "summary": {"covered_lines": 0, "num_statements": 37, "percent_covered": 0.0, "percent_covered_display": "0", "missing_lines": 37, "excluded_lines": 0}, "missing_lines": [33, 36, 37, 40, 42, 44, 46, 49, 51, 52, 53, 54, 55, 56, 57, 60, 61, 62, 65, 66, 69, 70, 73, 74, 76, 78, 79, 80, 83, 84, 86, 88, 89, 90, 91, 92, 93], "excluded_lines": []}, "": {"executed_lines": [2, 8, 9, 10, 12, 15, 16, 19, 22, 31, 96], "summary": {"covered_lines": 9, "num_statements": 9, "percent_covered": 100.0, "percent_covered_display": "100", "missing_lines": 0, "excluded_lines": 2}, "missing_lines": [], "excluded_lines": [96, 97]}}, "classes": {"": {"executed_lines": [2, 8, 9, 10, 12, 15, 16, 19, 22, 24, 25, 26, 27, 28, 31, 96], "summary": {"covered_lines": 14, "num_statements": 51, "percent_covered": 27.45098039215686, "percent_covered_display": "27", "missing_lines": 37, "excluded_lines": 2}, "missing_lines": [33, 36, 37, 40, 42, 44, 46, 49, 51, 52, 53, 54, 55, 56, 57, 60, 61, 62, 65, 66, 69, 70, 73, 74, 76, 78, 79, 80, 83, 84, 86, 88, 89, 90, 91, 92, 93], "excluded_lines": [96, 97]}}}, "src\\virtualization_mcp\\mcp_tools.py": {"executed_lines": [1, 8, 9, 10, 12, 15, 16, 18, 20, 21, 23, 41, 74, 92, 140, 161, 162, 168, 169, 184, 185, 204, 205, 229, 232, 238, 240], "summary": {"covered_lines": 25, "num_statements": 183, "percent_covered": 13.66120218579235, "percent_covered_display": "14", "missing_lines": 158, "excluded_lines": 0}, "missing_lines": [32, 33, 35, 36, 37, 39, 53, 54, 56, 57, 58, 59, 61, 64, 65, 67, 68, 70, 72, 83, 84, 86, 87, 88, 90, 94, 95, 96, 99, 100, 101, 104, 105, 106, 107, 109, 116, 117, 118, 120, 123, 134, 135, 136, 138, 142, 143, 144, 146, 147, 148, 150, 152, 153, 155, 157, 159, 164, 165, 166, 171, 180, 181, 182, 187, 188, 191, 192, 194, 196, 197, 198, 199, 200, 202, 207, 210, 216, 219, 220, 224, 226, 242, 243, 264, 266, 267, 283, 285, 286, 305, 308, 310, 314, 324, 328, 329, 338, 340, 341, 347, 351, 352, 353, 355, 356, 357, 359, 360, 361, 363, 364, 367, 374, 375, 376, 378, 381, 384, 391, 392, 393, 398, 401, 403, 405, 408, 424, 433, 436, 440, 449, 452, 454, 456, 460, 469, 480, 483, 485, 487, 488, 496, 505, 506, 515, 526, 527, 536, 547, 551, 553, 555, 558, 560, 562, 563, 570], "excluded_lines": [], "functions": {"MCPToolDiscovery.__init__": {"executed_lines": [20, 21], "summary": {"covered_lines": 2, "num_statements": 2, "percent_covered": 100.0, "percent_covered_display": "100", "missing_lines": 0, "excluded_lines": 0}, "missing_lines": [], "excluded_lines": []}, "MCPToolDiscovery.get_tool_info": {"executed_lines": [], "summary": {"covered_lines": 0, "num_statements": 6, "percent_covered": 0.0, "percent_covered_display": "0", "missing_lines": 6, "excluded_lines": 0}, "missing_lines": [32, 33, 35, 36, 37, 39], "excluded_lines": []}, "MCPToolDiscovery.list_tools": {"executed_lines": [], "summary": {"covered_lines": 0, "num_statements": 13, "percent_covered": 0.0, "percent_covered_display": "0", "missing_lines": 13, "excluded_lines": 0}, "missing_lines": [53, 54, 56, 57, 58, 59, 61, 64, 65, 67, 68, 70, 72], "excluded_lines": []}, "MCPToolDiscovery.get_tool_schema": {"executed_lines": [], "summary": {"covered_lines": 0, "num_statements": 6, "percent_covered": 0.0, "percent_covered_display": "0", "missing_lines": 6, "excluded_lines": 0}, "missing_lines": [83, 84, 86, 87, 88, 90], "excluded_lines": []}, "MCPToolDiscovery._describe_tool": {"executed_lines": [], "summary": {"covered_lines": 0, "num_statements": 20, "percent_covered": 0.0, "percent_covered_display": "0", "missing_lines": 20, "excluded_lines": 0}, "missing_lines": [94, 95, 96, 99, 100, 101, 104, 105, 106, 107, 109, 116, 117, 118, 120, 123, 134, 135, 136, 138], "excluded_lines": []}, "MCPToolDiscovery._generate_parameter_schema": {"executed_lines": [], "summary": {"covered_lines": 0, "num_statements": 12, "percent_covered": 0.0, "percent_covered_display": "0", "missing_lines": 12, "excluded_lines": 0}, "missing_lines": [142, 143, 144, 146, 147, 148, 150, 152, 153, 155, 157, 159], "excluded_lines": []}, "MCPToolDiscovery._get_type_name": {"executed_lines": [], "summary": {"covered_lines": 0, "num_statements": 3, "percent_covered": 0.0, "percent_covered_display": "0", "missing_lines": 3, "excluded_lines": 0}, "missing_lines": [164, 165, 166], "excluded_lines": []}, "MCPToolDiscovery._get_json_type": {"executed_lines": [], "summary": {"covered_lines": 0, "num_statements": 4, "percent_covered": 0.0, "percent_covered_display": "0", "missing_lines": 4, "excluded_lines": 0}, "missing_lines": [171, 180, 181, 182], "excluded_lines": []}, "MCPToolDiscovery._extract_param_doc": {"executed_lines": [], "summary": {"covered_lines": 0, "num_statements": 11, "percent_covered": 0.0, "percent_covered_display": "0", "missing_lines": 11, "excluded_lines": 0}, "missing_lines": [187, 188, 191, 192, 194, 196, 197, 198, 199, 200, 202], "excluded_lines": []}, "MCPToolDiscovery._matches_search": {"executed_lines": [], "summary": {"covered_lines": 0, "num_statements": 7, "percent_covered": 0.0, "percent_covered_display": "0", "missing_lines": 7, "excluded_lines": 0}, "missing_lines": [207, 210, 216, 219, 220, 224, 226], "excluded_lines": []}, "register_mcp_tools": {"executed_lines": [238, 240], "summary": {"covered_lines": 2, "num_statements": 53, "percent_covered": 3.7735849056603774, "percent_covered_display": "4", "missing_lines": 51, "excluded_lines": 0}, "missing_lines": [242, 243, 266, 267, 285, 286, 308, 310, 314, 328, 329, 340, 341, 351, 352, 355, 356, 359, 360, 363, 364, 374, 375, 378, 381, 391, 392, 398, 401, 405, 408, 433, 436, 449, 452, 456, 460, 480, 483, 487, 488, 505, 506, 526, 527, 547, 551, 555, 558, 562, 563], "excluded_lines": []}, "register_mcp_tools.list_tools": {"executed_lines": [], "summary": {"covered_lines": 0, "num_statements": 1, "percent_covered": 0.0, "percent_covered_display": "0", "missing_lines": 1, "excluded_lines": 0}, "missing_lines": [264], "excluded_lines": []}, "register_mcp_tools.get_tool_info": {"executed_lines": [], "summary": {"covered_lines": 0, "num_statements": 1, "percent_covered": 0.0, "percent_covered_display": "0", "missing_lines": 1, "excluded_lines": 0}, "missing_lines": [283], "excluded_lines": []}, "register_mcp_tools.get_tool_schema": {"executed_lines": [], "summary": {"covered_lines": 0, "num_statements": 1, "percent_covered": 0.0, "percent_covered_display": "0", "missing_lines": 1, "excluded_lines": 0}, "missing_lines": [305], "excluded_lines": []}, "register_mcp_tools.list_vms": {"executed_lines": [], "summary": {"covered_lines": 0, "num_statements": 1, "percent_covered": 0.0, "percent_covered_display": "0", "missing_lines": 1, "excluded_lines": 0}, "missing_lines": [324], "excluded_lines": []}, "register_mcp_tools.get_vm_state": {"executed_lines": [], "summary": {"covered_lines": 0, "num_statements": 1, "percent_covered": 0.0, "percent_covered_display": "0", "missing_lines": 1, "excluded_lines": 0}, "missing_lines": [338], "excluded_lines": []}, "register_mcp_tools.create_vm": {"executed_lines": [], "summary": {"covered_lines": 0, "num_statements": 1, "percent_covered": 0.0, "percent_covered_display": "0", "missing_lines": 1, "excluded_lines": 0}, "missing_lines": [347], "excluded_lines": []}, "register_mcp_tools.start_vm": {"executed_lines": [], "summary": {"covered_lines": 0, "num_statements": 1, "percent_covered": 0.0, "percent_covered_display": "0", "missing_lines": 1, "excluded_lines": 0}, "missing_lines": [353], "excluded_lines": []}, "register_mcp_tools.stop_vm": {"executed_lines": [], "summary": {"covered_lines": 0, "num_statements": 1, "percent_covered": 0.0, "percent_covered_display": "0", "missing_lines": 1, "excluded_lines": 0}, "missing_lines": [357], "excluded_lines": []}, "register_mcp_tools.delete_vm": {"executed_lines": [], "summary": {"covered_lines": 0, "num_statements": 1, "percent_covered": 0.0, "percent_covered_display": "0", "missing_lines": 1, "excluded_lines": 0}, "missing_lines": [361], "excluded_lines": []}, "register_mcp_tools.create_snapshot": {"executed_lines": [], "summary": {"covered_lines": 0, "num_statements": 1, "percent_covered": 0.0, "percent_covered_display": "0", "missing_lines": 1, "excluded_lines": 0}, "missing_lines": [367], "excluded_lines": []}, "register_mcp_tools.list_snapshots": {"executed_lines": [], "summary": {"covered_lines": 0, "num_statements": 1, "percent_covered": 0.0, "percent_covered_display": "0", "missing_lines": 1, "excluded_lines": 0}, "missing_lines": [376], "excluded_lines": []}, "register_mcp_tools.restore_snapshot": {"executed_lines": [], "summary": {"covered_lines": 0, "num_statements": 1, "percent_covered": 0.0, "percent_covered_display": "0", "missing_lines": 1, "excluded_lines": 0}, "missing_lines": [384], "excluded_lines": []}, "register_mcp_tools.delete_snapshot": {"executed_lines": [], "summary": {"covered_lines": 0, "num_statements": 1, "percent_covered": 0.0, "percent_covered_display": "0", "missing_lines": 1, "excluded_lines": 0}, "missing_lines": [393], "excluded_lines": []}, "register_mcp_tools.list_isos": {"executed_lines": [], "summary": {"covered_lines": 0, "num_statements": 1, "percent_covered": 0.0, "percent_covered_display": "0", "missing_lines": 1, "excluded_lines": 0}, "missing_lines": [403], "excluded_lines": []}, "register_mcp_tools.mount_iso": {"executed_lines": [], "summary": {"covered_lines": 0, "num_statements": 1, "percent_covered": 0.0, "percent_covered_display": "0", "missing_lines": 1, "excluded_lines": 0}, "missing_lines": [424], "excluded_lines": []}, "register_mcp_tools.unmount_iso": {"executed_lines": [], "summary": {"covered_lines": 0, "num_statements": 1, "percent_covered": 0.0, "percent_covered_display": "0", "missing_lines": 1, "excluded_lines": 0}, "missing_lines": [440], "excluded_lines": []}, "register_mcp_tools.list_network_adapters": {"executed_lines": [], "summary": {"covered_lines": 0, "num_statements": 1, "percent_covered": 0.0, "percent_covered_display": "0", "missing_lines": 1, "excluded_lines": 0}, "missing_lines": [454], "excluded_lines": []}, "register_mcp_tools.configure_network_adapter": {"executed_lines": [], "summary": {"covered_lines": 0, "num_statements": 1, "percent_covered": 0.0, "percent_covered_display": "0", "missing_lines": 1, "excluded_lines": 0}, "missing_lines": [469], "excluded_lines": []}, "register_mcp_tools.list_storage_controllers": {"executed_lines": [], "summary": {"covered_lines": 0, "num_statements": 1, "percent_covered": 0.0, "percent_covered_display": "0", "missing_lines": 1, "excluded_lines": 0}, "missing_lines": [485], "excluded_lines": []}, "register_mcp_tools.create_disk": {"executed_lines": [], "summary": {"covered_lines": 0, "num_statements": 1, "percent_covered": 0.0, "percent_covered_display": "0", "missing_lines": 1, "excluded_lines": 0}, "missing_lines": [496], "excluded_lines": []}, "register_mcp_tools.attach_disk": {"executed_lines": [], "summary": {"covered_lines": 0, "num_statements": 1, "percent_covered": 0.0, "percent_covered_display": "0", "missing_lines": 1, "excluded_lines": 0}, "missing_lines": [515], "excluded_lines": []}, "register_mcp_tools.modify_vm": {"executed_lines": [], "summary": {"covered_lines": 0, "num_statements": 1, "percent_covered": 0.0, "percent_covered_display": "0", "missing_lines": 1, "excluded_lines": 0}, "missing_lines": [536], "excluded_lines": []}, "register_mcp_tools.get_system_info": {"executed_lines": [], "summary": {"covered_lines": 0, "num_statements": 1, "percent_covered": 0.0, "percent_covered_display": "0", "missing_lines": 1, "excluded_lines": 0}, "missing_lines": [553], "excluded_lines": []}, "register_mcp_tools.get_vm_metrics": {"executed_lines": [], "summary": {"covered_lines": 0, "num_statements": 1, "percent_covered": 0.0, "percent_covered_display": "0", "missing_lines": 1, "excluded_lines": 0}, "missing_lines": [560], "excluded_lines": []}, "register_mcp_tools.get_vm_screenshot": {"executed_lines": [], "summary": {"covered_lines": 0, "num_statements": 1, "percent_covered": 0.0, "percent_covered_display": "0", "missing_lines": 1, "excluded_lines": 0}, "missing_lines": [570], "excluded_lines": []}, "": {"executed_lines": [1, 8, 9, 10, 12, 15, 16, 18, 23, 41, 74, 92, 140, 161, 162, 168, 169, 184, 185, 204, 205, 229, 232], "summary": {"covered_lines": 21, "num_statements": 21, "percent_covered": 100.0, "percent_covered_display": "100", "missing_lines": 0, "excluded_lines": 0}, "missing_lines": [], "excluded_lines": []}}, "classes": {"MCPToolDiscovery": {"executed_lines": [20, 21], "summary": {"covered_lines": 2, "num_statements": 84, "percent_covered": 2.380952380952381, "percent_covered_display": "2", "missing_lines": 82, "excluded_lines": 0}, "missing_lines": [32, 33, 35, 36, 37, 39, 53, 54, 56, 57, 58, 59, 61, 64, 65, 67, 68, 70, 72, 83, 84, 86, 87, 88, 90, 94, 95, 96, 99, 100, 101, 104, 105, 106, 107, 109, 116, 117, 118, 120, 123, 134, 135, 136, 138, 142, 143, 144, 146, 147, 148, 150, 152, 153, 155, 157, 159, 164, 165, 166, 171, 180, 181, 182, 187, 188, 191, 192, 194, 196, 197, 198, 199, 200, 202, 207, 210, 216, 219, 220, 224, 226], "excluded_lines": []}, "": {"executed_lines": [1, 8, 9, 10, 12, 15, 16, 18, 23, 41, 74, 92, 140, 161, 162, 168, 169, 184, 185, 204, 205, 229, 232, 238, 240], "summary": {"covered_lines": 23, "num_statements": 99, "percent_covered": 23.232323232323232, "percent_covered_display": "23", "missing_lines": 76, "excluded_lines": 0}, "missing_lines": [242, 243, 264, 266, 267, 283, 285, 286, 305, 308, 310, 314, 324, 328, 329, 338, 340, 341, 347, 351, 352, 353, 355, 356, 357, 359, 360, 361, 363, 364, 367, 374, 375, 376, 378, 381, 384, 391, 392, 393, 398, 401, 403, 405, 408, 424, 433, 436, 440, 449, 452, 454, 456, 460, 469, 480, 483, 485, 487, 488, 496, 505, 506, 515, 526, 527, 536, 547, 551, 553, 555, 558, 560, 562, 563, 570], "excluded_lines": []}}}, "src\\virtualization_mcp\\models\\__init__.py": {"executed_lines": [1, 5], "summary": {"covered_lines": 1, "num_statements": 1, "percent_covered": 100.0, "percent_covered_display": "100", "missing_lines": 0, "excluded_lines": 0}, "missing_lines": [], "excluded_lines": [], "functions": {"": {"executed_lines": [1, 5], "summary": {"covered_lines": 1, "num_statements": 1, "percent_covered": 100.0, "percent_covered_display": "100", "missing_lines": 0, "excluded_lines": 0}, "missing_lines": [], "excluded_lines": []}}, "classes": {"": {"executed_lines": [1, 5], "summary": {"covered_lines": 1, "num_statements": 1, "percent_covered": 100.0, "percent_covered_display": "100", "missing_lines": 0, "excluded_lines": 0}, "missing_lines": [], "excluded_lines": []}}}, "src\\virtualization_mcp\\plugins\\__init__.py": {"executed_lines": [1, 7, 8, 10, 13, 16, 17, 18, 20, 43, 53, 54, 57, 101, 110], "summary": {"covered_lines": 14, "num_statements": 52, "percent_covered": 26.923076923076923, "percent_covered_display": "27", "missing_lines": 38, "excluded_lines": 0}, "missing_lines": [21, 22, 23, 26, 27, 28, 30, 31, 33, 34, 36, 37, 39, 40, 68, 69, 70, 72, 73, 74, 76, 77, 80, 81, 82, 83, 86, 87, 88, 89, 91, 93, 94, 96, 97, 98, 107, 116], "excluded_lines": [], "functions": {"initialize_plugins": {"executed_lines": [], "summary": {"covered_lines": 0, "num_statements": 22, "percent_covered": 0.0, "percent_covered_display": "0", "missing_lines": 22, "excluded_lines": 0}, "missing_lines": [68, 69, 70, 72, 73, 74, 76, 77, 80, 81, 82, 83, 86, 87, 88, 89, 91, 93, 94, 96, 97, 98], "excluded_lines": []}, "get_hyperv_manager": {"executed_lines": [], "summary": {"covered_lines": 0, "num_statements": 1, "percent_covered": 0.0, "percent_covered_display": "0", "missing_lines": 1, "excluded_lines": 0}, "missing_lines": [107], "excluded_lines": []}, "get_windows_sandbox": {"executed_lines": [], "summary": {"covered_lines": 0, "num_statements": 1, "percent_covered": 0.0, "percent_covered_display": "0", "missing_lines": 1, "excluded_lines": 0}, "missing_lines": [116], "excluded_lines": []}, "": {"executed_lines": [1, 7, 8, 10, 13, 16, 17, 18, 20, 43, 53, 54, 57, 101, 110], "summary": {"covered_lines": 14, "num_statements": 28, "percent_covered": 50.0, "percent_covered_display": "50", "missing_lines": 14, "excluded_lines": 0}, "missing_lines": [21, 22, 23, 26, 27, 28, 30, 31, 33, 34, 36, 37, 39, 40], "excluded_lines": []}}, "classes": {"": {"executed_lines": [1, 7, 8, 10, 13, 16, 17, 18, 20, 43, 53, 54, 57, 101, 110], "summary": {"covered_lines": 14, "num_statements": 52, "percent_covered": 26.923076923076923, "percent_covered_display": "27", "missing_lines": 38, "excluded_lines": 0}, "missing_lines": [21, 22, 23, 26, 27, 28, 30, 31, 33, 34, 36, 37, 39, 40, 68, 69, 70, 72, 73, 74, 76, 77, 80, 81, 82, 83, 86, 87, 88, 89, 91, 93, 94, 96, 97, 98, 107, 116], "excluded_lines": []}}}, "src\\virtualization_mcp\\plugins\\hyperv\\__init__.py": {"executed_lines": [1, 7, 9], "summary": {"covered_lines": 2, "num_statements": 2, "percent_covered": 100.0, "percent_covered_display": "100", "missing_lines": 0, "excluded_lines": 0}, "missing_lines": [], "excluded_lines": [], "functions": {"": {"executed_lines": [1, 7, 9], "summary": {"covered_lines": 2, "num_statements": 2, "percent_covered": 100.0, "percent_covered_display": "100", "missing_lines": 0, "excluded_lines": 0}, "missing_lines": [], "excluded_lines": []}}, "classes": {"": {"executed_lines": [1, 7, 9], "summary": {"covered_lines": 2, "num_statements": 2, "percent_covered": 100.0, "percent_covered_display": "100", "missing_lines": 0, "excluded_lines": 0}, "missing_lines": [], "excluded_lines": []}}}, "src\\virtualization_mcp\\plugins\\hyperv\\manager.py": {"executed_lines": [1, 7, 8, 9, 10, 12, 13, 15, 18, 19, 20, 21, 22, 23, 24, 25, 28, 29, 30, 31, 34, 35, 36, 37, 40, 41, 42, 43, 46, 47, 48, 49, 50, 53, 54, 55, 56, 57, 58, 59, 60, 61, 66, 67, 69, 73, 82, 122, 144, 148, 152], "summary": {"covered_lines": 49, "num_statements": 80, "percent_covered": 61.25, "percent_covered_display": "61", "missing_lines": 31, "excluded_lines": 3}, "missing_lines": [70, 71, 75, 76, 78, 79, 80, 84, 85, 87, 88, 91, 93, 94, 100, 102, 103, 109, 111, 112, 119, 125, 126, 127, 132, 134, 135, 137, 139, 140, 141], "excluded_lines": [146, 150, 154], "functions": {"HyperVManagerPlugin.__init__": {"executed_lines": [], "summary": {"covered_lines": 0, "num_statements": 2, "percent_covered": 0.0, "percent_covered_display": "0", "missing_lines": 2, "excluded_lines": 0}, "missing_lines": [70, 71], "excluded_lines": []}, "HyperVManagerPlugin.initialize": {"executed_lines": [], "summary": {"covered_lines": 0, "num_statements": 5, "percent_covered": 0.0, "percent_covered_display": "0", "missing_lines": 5, "excluded_lines": 0}, "missing_lines": [75, 76, 78, 79, 80], "excluded_lines": []}, "HyperVManagerPlugin.register_tools": {"executed_lines": [], "summary": {"covered_lines": 0, "num_statements": 10, "percent_covered": 0.0, "percent_covered_display": "0", "missing_lines": 10, "excluded_lines": 0}, "missing_lines": [84, 85, 87, 88, 93, 94, 102, 103, 111, 112], "excluded_lines": []}, "HyperVManagerPlugin.register_tools.list_hyperv_vms": {"executed_lines": [], "summary": {"covered_lines": 0, "num_statements": 1, "percent_covered": 0.0, "percent_covered_display": "0", "missing_lines": 1, "excluded_lines": 0}, "missing_lines": [91], "excluded_lines": []}, "HyperVManagerPlugin.register_tools.get_hyperv_vm": {"executed_lines": [], "summary": {"covered_lines": 0, "num_statements": 1, "percent_covered": 0.0, "percent_covered_display": "0", "missing_lines": 1, "excluded_lines": 0}, "missing_lines": [100], "excluded_lines": []}, "HyperVManagerPlugin.register_tools.start_hyperv_vm": {"executed_lines": [], "summary": {"covered_lines": 0, "num_statements": 1, "percent_covered": 0.0, "percent_covered_display": "0", "missing_lines": 1, "excluded_lines": 0}, "missing_lines": [109], "excluded_lines": []}, "HyperVManagerPlugin.register_tools.stop_hyperv_vm": {"executed_lines": [], "summary": {"covered_lines": 0, "num_statements": 1, "percent_covered": 0.0, "percent_covered_display": "0", "missing_lines": 1, "excluded_lines": 0}, "missing_lines": [119], "excluded_lines": []}, "HyperVManagerPlugin._list_vms": {"executed_lines": [], "summary": {"covered_lines": 0, "num_statements": 10, "percent_covered": 0.0, "percent_covered_display": "0", "missing_lines": 10, "excluded_lines": 0}, "missing_lines": [125, 126, 127, 132, 134, 135, 137, 139, 140, 141], "excluded_lines": []}, "HyperVManagerPlugin._get_vm": {"executed_lines": [], "summary": {"covered_lines": 0, "num_statements": 0, "percent_covered": 100.0, "percent_covered_display": "100", "missing_lines": 0, "excluded_lines": 1}, "missing_lines": [], "excluded_lines": [146]}, "HyperVManagerPlugin._start_vm": {"executed_lines": [], "summary": {"covered_lines": 0, "num_statements": 0, "percent_covered": 100.0, "percent_covered_display": "100", "missing_lines": 0, "excluded_lines": 1}, "missing_lines": [], "excluded_lines": [150]}, "HyperVManagerPlugin._stop_vm": {"executed_lines": [], "summary": {"covered_lines": 0, "num_statements": 0, "percent_covered": 100.0, "percent_covered_display": "100", "missing_lines": 0, "excluded_lines": 1}, "missing_lines": [], "excluded_lines": [154]}, "": {"executed_lines": [1, 7, 8, 9, 10, 12, 13, 15, 18, 19, 20, 21, 22, 23, 24, 25, 28, 29, 30, 31, 34, 35, 36, 37, 40, 41, 42, 43, 46, 47, 48, 49, 50, 53, 54, 55, 56, 57, 58, 59, 60, 61, 66, 67, 69, 73, 82, 122, 144, 148, 152], "summary": {"covered_lines": 49, "num_statements": 49, "percent_covered": 100.0, "percent_covered_display": "100", "missing_lines": 0, "excluded_lines": 0}, "missing_lines": [], "excluded_lines": []}}, "classes": {"VMState": {"executed_lines": [], "summary": {"covered_lines": 0, "num_statements": 0, "percent_covered": 100.0, "percent_covered_display": "100", "missing_lines": 0, "excluded_lines": 0}, "missing_lines": [], "excluded_lines": []}, "VMSize": {"executed_lines": [], "summary": {"covered_lines": 0, "num_statements": 0, "percent_covered": 100.0, "percent_covered_display": "100", "missing_lines": 0, "excluded_lines": 0}, "missing_lines": [], "excluded_lines": []}, "VMDisk": {"executed_lines": [], "summary": {"covered_lines": 0, "num_statements": 0, "percent_covered": 100.0, "percent_covered_display": "100", "missing_lines": 0, "excluded_lines": 0}, "missing_lines": [], "excluded_lines": []}, "VMSnapshot": {"executed_lines": [], "summary": {"covered_lines": 0, "num_statements": 0, "percent_covered": 100.0, "percent_covered_display": "100", "missing_lines": 0, "excluded_lines": 0}, "missing_lines": [], "excluded_lines": []}, "VMNetworkAdapter": {"executed_lines": [], "summary": {"covered_lines": 0, "num_statements": 0, "percent_covered": 100.0, "percent_covered_display": "100", "missing_lines": 0, "excluded_lines": 0}, "missing_lines": [], "excluded_lines": []}, "VirtualMachine": {"executed_lines": [], "summary": {"covered_lines": 0, "num_statements": 0, "percent_covered": 100.0, "percent_covered_display": "100", "missing_lines": 0, "excluded_lines": 0}, "missing_lines": [], "excluded_lines": []}, "HyperVManagerPlugin": {"executed_lines": [], "summary": {"covered_lines": 0, "num_statements": 31, "percent_covered": 0.0, "percent_covered_display": "0", "missing_lines": 31, "excluded_lines": 3}, "missing_lines": [70, 71, 75, 76, 78, 79, 80, 84, 85, 87, 88, 91, 93, 94, 100, 102, 103, 109, 111, 112, 119, 125, 126, 127, 132, 134, 135, 137, 139, 140, 141], "excluded_lines": [146, 150, 154]}, "": {"executed_lines": [1, 7, 8, 9, 10, 12, 13, 15, 18, 19, 20, 21, 22, 23, 24, 25, 28, 29, 30, 31, 34, 35, 36, 37, 40, 41, 42, 43, 46, 47, 48, 49, 50, 53, 54, 55, 56, 57, 58, 59, 60, 61, 66, 67, 69, 73, 82, 122, 144, 148, 152], "summary": {"covered_lines": 49, "num_statements": 49, "percent_covered": 100.0, "percent_covered_display": "100", "missing_lines": 0, "excluded_lines": 0}, "missing_lines": [], "excluded_lines": []}}}, "src\\virtualization_mcp\\plugins\\sandbox\\__init__.py": {"executed_lines": [1, 7, 9], "summary": {"covered_lines": 2, "num_statements": 2, "percent_covered": 100.0, "percent_covered_display": "100", "missing_lines": 0, "excluded_lines": 0}, "missing_lines": [], "excluded_lines": [], "functions": {"": {"executed_lines": [1, 7, 9], "summary": {"covered_lines": 2, "num_statements": 2, "percent_covered": 100.0, "percent_covered_display": "100", "missing_lines": 0, "excluded_lines": 0}, "missing_lines": [], "excluded_lines": []}}, "classes": {"": {"executed_lines": [1, 7, 9], "summary": {"covered_lines": 2, "num_statements": 2, "percent_covered": 100.0, "percent_covered_display": "100", "missing_lines": 0, "excluded_lines": 0}, "missing_lines": [], "excluded_lines": []}}}, "src\\virtualization_mcp\\plugins\\sandbox\\manager.py": {"executed_lines": [1, 7, 8, 9, 10, 11, 12, 14, 15, 17, 20, 21, 22, 23, 24, 25, 28, 29, 31, 32, 33, 34, 35, 38, 42, 43, 44, 50, 51, 53, 54, 55, 56, 58, 67, 100, 138, 168, 173], "summary": {"covered_lines": 36, "num_statements": 75, "percent_covered": 48.0, "percent_covered_display": "48", "missing_lines": 39, "excluded_lines": 0}, "missing_lines": [45, 46, 47, 60, 61, 63, 64, 65, 69, 70, 72, 73, 82, 84, 85, 87, 89, 90, 97, 104, 106, 108, 111, 112, 115, 116, 123, 124, 125, 126, 128, 134, 135, 136, 144, 152, 154, 171, 176], "excluded_lines": [], "functions": {"SandboxConfig.validate_name": {"executed_lines": [], "summary": {"covered_lines": 0, "num_statements": 3, "percent_covered": 0.0, "percent_covered_display": "0", "missing_lines": 3, "excluded_lines": 0}, "missing_lines": [45, 46, 47], "excluded_lines": []}, "WindowsSandboxHelper.__init__": {"executed_lines": [54, 55, 56], "summary": {"covered_lines": 3, "num_statements": 3, "percent_covered": 100.0, "percent_covered_display": "100", "missing_lines": 0, "excluded_lines": 0}, "missing_lines": [], "excluded_lines": []}, "WindowsSandboxHelper.initialize": {"executed_lines": [], "summary": {"covered_lines": 0, "num_statements": 5, "percent_covered": 0.0, "percent_covered_display": "0", "missing_lines": 5, "excluded_lines": 0}, "missing_lines": [60, 61, 63, 64, 65], "excluded_lines": []}, "WindowsSandboxHelper.register_tools": {"executed_lines": [], "summary": {"covered_lines": 0, "num_statements": 8, "percent_covered": 0.0, "percent_covered_display": "0", "missing_lines": 8, "excluded_lines": 0}, "missing_lines": [69, 70, 72, 73, 84, 85, 89, 90], "excluded_lines": []}, "WindowsSandboxHelper.register_tools.create_sandbox": {"executed_lines": [], "summary": {"covered_lines": 0, "num_statements": 1, "percent_covered": 0.0, "percent_covered_display": "0", "missing_lines": 1, "excluded_lines": 0}, "missing_lines": [82], "excluded_lines": []}, "WindowsSandboxHelper.register_tools.list_sandboxes": {"executed_lines": [], "summary": {"covered_lines": 0, "num_statements": 1, "percent_covered": 0.0, "percent_covered_display": "0", "missing_lines": 1, "excluded_lines": 0}, "missing_lines": [87], "excluded_lines": []}, "WindowsSandboxHelper.register_tools.stop_sandbox": {"executed_lines": [], "summary": {"covered_lines": 0, "num_statements": 1, "percent_covered": 0.0, "percent_covered_display": "0", "missing_lines": 1, "excluded_lines": 0}, "missing_lines": [97], "excluded_lines": []}, "WindowsSandboxHelper._create_sandbox": {"executed_lines": [], "summary": {"covered_lines": 0, "num_statements": 15, "percent_covered": 0.0, "percent_covered_display": "0", "missing_lines": 15, "excluded_lines": 0}, "missing_lines": [104, 106, 108, 111, 112, 115, 116, 123, 124, 125, 126, 128, 134, 135, 136], "excluded_lines": []}, "WindowsSandboxHelper._generate_wsx_config": {"executed_lines": [], "summary": {"covered_lines": 0, "num_statements": 3, "percent_covered": 0.0, "percent_covered_display": "0", "missing_lines": 3, "excluded_lines": 0}, "missing_lines": [144, 152, 154], "excluded_lines": []}, "WindowsSandboxHelper._list_sandboxes": {"executed_lines": [], "summary": {"covered_lines": 0, "num_statements": 1, "percent_covered": 0.0, "percent_covered_display": "0", "missing_lines": 1, "excluded_lines": 0}, "missing_lines": [171], "excluded_lines": []}, "WindowsSandboxHelper._stop_sandbox": {"executed_lines": [], "summary": {"covered_lines": 0, "num_statements": 1, "percent_covered": 0.0, "percent_covered_display": "0", "missing_lines": 1, "excluded_lines": 0}, "missing_lines": [176], "excluded_lines": []}, "": {"executed_lines": [1, 7, 8, 9, 10, 11, 12, 14, 15, 17, 20, 21, 22, 23, 24, 25, 28, 29, 31, 32, 33, 34, 35, 38, 42, 43, 44, 50, 51, 53, 58, 67, 100, 138, 168, 173], "summary": {"covered_lines": 33, "num_statements": 33, "percent_covered": 100.0, "percent_covered_display": "100", "missing_lines": 0, "excluded_lines": 0}, "missing_lines": [], "excluded_lines": []}}, "classes": {"SandboxState": {"executed_lines": [], "summary": {"covered_lines": 0, "num_statements": 0, "percent_covered": 100.0, "percent_covered_display": "100", "missing_lines": 0, "excluded_lines": 0}, "missing_lines": [], "excluded_lines": []}, "SandboxConfig": {"executed_lines": [], "summary": {"covered_lines": 0, "num_statements": 3, "percent_covered": 0.0, "percent_covered_display": "0", "missing_lines": 3, "excluded_lines": 0}, "missing_lines": [45, 46, 47], "excluded_lines": []}, "WindowsSandboxHelper": {"executed_lines": [54, 55, 56], "summary": {"covered_lines": 3, "num_statements": 39, "percent_covered": 7.6923076923076925, "percent_covered_display": "8", "missing_lines": 36, "excluded_lines": 0}, "missing_lines": [60, 61, 63, 64, 65, 69, 70, 72, 73, 82, 84, 85, 87, 89, 90, 97, 104, 106, 108, 111, 112, 115, 116, 123, 124, 125, 126, 128, 134, 135, 136, 144, 152, 154, 171, 176], "excluded_lines": []}, "": {"executed_lines": [1, 7, 8, 9, 10, 11, 12, 14, 15, 17, 20, 21, 22, 23, 24, 25, 28, 29, 31, 32, 33, 34, 35, 38, 42, 43, 44, 50, 51, 53, 58, 67, 100, 138, 168, 173], "summary": {"covered_lines": 33, "num_statements": 33, "percent_covered": 100.0, "percent_covered_display": "100", "missing_lines": 0, "excluded_lines": 0}, "missing_lines": [], "excluded_lines": []}}}, "src\\virtualization_mcp\\server_v2\\__init__.py": {"executed_lines": [1, 14, 15], "summary": {"covered_lines": 2, "num_statements": 6, "percent_covered": 33.333333333333336, "percent_covered_display": "33", "missing_lines": 4, "excluded_lines": 0}, "missing_lines": [18, 21, 23, 26], "excluded_lines": [], "functions": {"get_version": {"executed_lines": [], "summary": {"covered_lines": 0, "num_statements": 1, "percent_covered": 0.0, "percent_covered_display": "0", "missing_lines": 1, "excluded_lines": 0}, "missing_lines": [23], "excluded_lines": []}, "": {"executed_lines": [1, 14, 15], "summary": {"covered_lines": 2, "num_statements": 5, "percent_covered": 40.0, "percent_covered_display": "40", "missing_lines": 3, "excluded_lines": 0}, "missing_lines": [18, 21, 26], "excluded_lines": []}}, "classes": {"": {"executed_lines": [1, 14, 15], "summary": {"covered_lines": 2, "num_statements": 6, "percent_covered": 33.333333333333336, "percent_covered_display": "33", "missing_lines": 4, "excluded_lines": 0}, "missing_lines": [18, 21, 23, 26], "excluded_lines": []}}}, "src\\virtualization_mcp\\server_v2\\__main__.py": {"executed_lines": [], "summary": {"covered_lines": 0, "num_statements": 16, "percent_covered": 0.0, "percent_covered_display": "0", "missing_lines": 16, "excluded_lines": 2}, "missing_lines": [3, 4, 5, 7, 8, 11, 13, 15, 18, 21, 23, 24, 25, 26, 27, 28], "excluded_lines": [31, 32], "functions": {"main": {"executed_lines": [], "summary": {"covered_lines": 0, "num_statements": 10, "percent_covered": 0.0, "percent_covered_display": "0", "missing_lines": 10, "excluded_lines": 0}, "missing_lines": [13, 15, 18, 21, 23, 24, 25, 26, 27, 28], "excluded_lines": []}, "": {"executed_lines": [], "summary": {"covered_lines": 0, "num_statements": 6, "percent_covered": 0.0, "percent_covered_display": "0", "missing_lines": 6, "excluded_lines": 2}, "missing_lines": [3, 4, 5, 7, 8, 11], "excluded_lines": [31, 32]}}, "classes": {"": {"executed_lines": [], "summary": {"covered_lines": 0, "num_statements": 16, "percent_covered": 0.0, "percent_covered_display": "0", "missing_lines": 16, "excluded_lines": 2}, "missing_lines": [3, 4, 5, 7, 8, 11, 13, 15, 18, 21, 23, 24, 25, 26, 27, 28], "excluded_lines": [31, 32]}}}, "src\\virtualization_mcp\\server_v2\\config.py": {"executed_lines": [1, 3, 4, 5, 6, 9, 10, 11, 14, 15, 18, 19, 22, 23, 26, 29, 30, 31, 33, 50], "summary": {"covered_lines": 18, "num_statements": 35, "percent_covered": 51.42857142857143, "percent_covered_display": "51", "missing_lines": 17, "excluded_lines": 0}, "missing_lines": [36, 37, 38, 39, 42, 43, 46, 47, 60, 63, 65, 66, 68, 69, 71, 72, 76], "excluded_lines": [], "functions": {"ServerConfig.__post_init__": {"executed_lines": [], "summary": {"covered_lines": 0, "num_statements": 8, "percent_covered": 0.0, "percent_covered_display": "0", "missing_lines": 8, "excluded_lines": 0}, "missing_lines": [36, 37, 38, 39, 42, 43, 46, 47], "excluded_lines": []}, "load_config": {"executed_lines": [], "summary": {"covered_lines": 0, "num_statements": 9, "percent_covered": 0.0, "percent_covered_display": "0", "missing_lines": 9, "excluded_lines": 0}, "missing_lines": [60, 63, 65, 66, 68, 69, 71, 72, 76], "excluded_lines": []}, "": {"executed_lines": [1, 3, 4, 5, 6, 9, 10, 11, 14, 15, 18, 19, 22, 23, 26, 29, 30, 31, 33, 50], "summary": {"covered_lines": 18, "num_statements": 18, "percent_covered": 100.0, "percent_covered_display": "100", "missing_lines": 0, "excluded_lines": 0}, "missing_lines": [], "excluded_lines": []}}, "classes": {"ServerConfig": {"executed_lines": [], "summary": {"covered_lines": 0, "num_statements": 8, "percent_covered": 0.0, "percent_covered_display": "0", "missing_lines": 8, "excluded_lines": 0}, "missing_lines": [36, 37, 38, 39, 42, 43, 46, 47], "excluded_lines": []}, "": {"executed_lines": [1, 3, 4, 5, 6, 9, 10, 11, 14, 15, 18, 19, 22, 23, 26, 29, 30, 31, 33, 50], "summary": {"covered_lines": 18, "num_statements": 27, "percent_covered": 66.66666666666667, "percent_covered_display": "67", "missing_lines": 9, "excluded_lines": 0}, "missing_lines": [60, 63, 65, 66, 68, 69, 71, 72, 76], "excluded_lines": []}}}, "src\\virtualization_mcp\\server_v2\\core\\server.py": {"executed_lines": [1, 3, 4, 5, 6, 8, 10], "summary": {"covered_lines": 6, "num_statements": 61, "percent_covered": 9.836065573770492, "percent_covered_display": "10", "missing_lines": 55, "excluded_lines": 0}, "missing_lines": [11, 12, 14, 17, 20, 26, 27, 28, 29, 30, 33, 35, 37, 38, 44, 46, 47, 50, 53, 56, 63, 66, 68, 71, 73, 74, 75, 77, 79, 81, 83, 85, 87, 88, 90, 92, 93, 95, 99, 101, 102, 104, 106, 107, 108, 110, 112, 113, 115, 117, 120, 121, 124, 125, 127], "excluded_lines": [], "functions": {"VirtualizationMCPServer.__init__": {"executed_lines": [], "summary": {"covered_lines": 0, "num_statements": 6, "percent_covered": 0.0, "percent_covered_display": "0", "missing_lines": 6, "excluded_lines": 0}, "missing_lines": [26, 27, 28, 29, 30, 33], "excluded_lines": []}, "VirtualizationMCPServer._setup_logging": {"executed_lines": [], "summary": {"covered_lines": 0, "num_statements": 2, "percent_covered": 0.0, "percent_covered_display": "0", "missing_lines": 2, "excluded_lines": 0}, "missing_lines": [37, 38], "excluded_lines": []}, "VirtualizationMCPServer.start": {"executed_lines": [], "summary": {"covered_lines": 0, "num_statements": 13, "percent_covered": 0.0, "percent_covered_display": "0", "missing_lines": 13, "excluded_lines": 0}, "missing_lines": [46, 47, 50, 53, 56, 63, 66, 68, 71, 73, 74, 75, 77], "excluded_lines": []}, "VirtualizationMCPServer._initialize_services": {"executed_lines": [], "summary": {"covered_lines": 0, "num_statements": 2, "percent_covered": 0.0, "percent_covered_display": "0", "missing_lines": 2, "excluded_lines": 0}, "missing_lines": [81, 83], "excluded_lines": []}, "VirtualizationMCPServer._initialize_plugins": {"executed_lines": [], "summary": {"covered_lines": 0, "num_statements": 2, "percent_covered": 0.0, "percent_covered_display": "0", "missing_lines": 2, "excluded_lines": 0}, "missing_lines": [87, 88], "excluded_lines": []}, "VirtualizationMCPServer._register_tools": {"executed_lines": [], "summary": {"covered_lines": 0, "num_statements": 6, "percent_covered": 0.0, "percent_covered_display": "0", "missing_lines": 6, "excluded_lines": 0}, "missing_lines": [92, 93, 95, 99, 101, 102], "excluded_lines": []}, "VirtualizationMCPServer._setup_signal_handlers": {"executed_lines": [], "summary": {"covered_lines": 0, "num_statements": 3, "percent_covered": 0.0, "percent_covered_display": "0", "missing_lines": 3, "excluded_lines": 0}, "missing_lines": [106, 107, 108], "excluded_lines": []}, "VirtualizationMCPServer._handle_shutdown_signal": {"executed_lines": [], "summary": {"covered_lines": 0, "num_statements": 2, "percent_covered": 0.0, "percent_covered_display": "0", "missing_lines": 2, "excluded_lines": 0}, "missing_lines": [112, 113], "excluded_lines": []}, "VirtualizationMCPServer.shutdown": {"executed_lines": [], "summary": {"covered_lines": 0, "num_statements": 6, "percent_covered": 0.0, "percent_covered_display": "0", "missing_lines": 6, "excluded_lines": 0}, "missing_lines": [117, 120, 121, 124, 125, 127], "excluded_lines": []}, "": {"executed_lines": [1, 3, 4, 5, 6, 8, 10], "summary": {"covered_lines": 6, "num_statements": 19, "percent_covered": 31.57894736842105, "percent_covered_display": "32", "missing_lines": 13, "excluded_lines": 0}, "missing_lines": [11, 12, 14, 17, 20, 35, 44, 79, 85, 90, 104, 110, 115], "excluded_lines": []}}, "classes": {"VirtualizationMCPServer": {"executed_lines": [], "summary": {"covered_lines": 0, "num_statements": 42, "percent_covered": 0.0, "percent_covered_disp
[...]
1, 283, 284, 286, 296, 297, 299, 300, 301, 302, 303, 304, 316, 317, 318, 320, 321, 322, 323, 324, 326, 328, 329, 330, 351, 352, 353, 355, 356, 359, 360, 362, 364, 367, 368, 370, 373, 374, 375, 376, 377, 380, 383, 385, 396, 397, 399, 400, 401, 402, 403, 404], "excluded_lines": []}, "": {"executed_lines": [1, 6, 7, 8, 10, 12, 15, 16, 23, 32, 95, 154, 197, 226, 253, 261, 306, 332], "summary": {"covered_lines": 16, "num_statements": 16, "percent_covered": 100.0, "percent_covered_display": "100", "missing_lines": 0, "excluded_lines": 0}, "missing_lines": [], "excluded_lines": []}}}, "src\\virtualization_mcp\\vbox\\templates.py": {"executed_lines": [1, 6, 7, 8, 10, 12, 15, 16, 23, 30, 31, 33, 34, 36, 37, 38, 40, 42, 43, 44, 45, 46, 64, 65, 66, 68, 89, 91, 170, 178, 180, 182, 183, 195, 197, 199, 219, 239, 256, 283, 294, 328], "summary": {"covered_lines": 40, "num_statements": 121, "percent_covered": 33.05785123966942, "percent_covered_display": "33", "missing_lines": 81, "excluded_lines": 0}, "missing_lines": [49, 50, 51, 52, 54, 56, 59, 61, 62, 70, 72, 73, 74, 75, 78, 79, 80, 83, 84, 85, 87, 172, 173, 174, 176, 201, 202, 204, 205, 208, 211, 213, 221, 222, 224, 225, 228, 231, 233, 241, 242, 245, 248, 250, 258, 260, 263, 274, 275, 277, 279, 280, 281, 285, 286, 288, 296, 298, 300, 302, 305, 308, 310, 315, 324, 326, 330, 333, 334, 335, 338, 339, 340, 343, 344, 345, 348, 349, 350, 351, 353], "excluded_lines": [], "functions": {"TemplateManager.__init__": {"executed_lines": [30, 31], "summary": {"covered_lines": 2, "num_statements": 2, "percent_covered": 100.0, "percent_covered_display": "100", "missing_lines": 0, "excluded_lines": 0}, "missing_lines": [], "excluded_lines": []}, "TemplateManager.templates": {"executed_lines": [36, 37, 38], "summary": {"covered_lines": 3, "num_statements": 3, "percent_covered": 100.0, "percent_covered_display": "100", "missing_lines": 0, "excluded_lines": 0}, "missing_lines": [], "excluded_lines": []}, "TemplateManager.load_templates": {"executed_lines": [42, 43, 44, 45, 46, 64, 65, 66], "summary": {"covered_lines": 8, "num_statements": 17, "percent_covered": 47.05882352941177, "percent_covered_display": "47", "missing_lines": 9, "excluded_lines": 0}, "missing_lines": [49, 50, 51, 52, 54, 56, 59, 61, 62], "excluded_lines": []}, "TemplateManager._validate_template": {"executed_lines": [], "summary": {"covered_lines": 0, "num_statements": 12, "percent_covered": 0.0, "percent_covered_display": "0", "missing_lines": 12, "excluded_lines": 0}, "missing_lines": [70, 72, 73, 74, 75, 78, 79, 80, 83, 84, 85, 87], "excluded_lines": []}, "TemplateManager._get_default_templates": {"executed_lines": [91], "summary": {"covered_lines": 1, "num_statements": 1, "percent_covered": 100.0, "percent_covered_display": "100", "missing_lines": 0, "excluded_lines": 0}, "missing_lines": [], "excluded_lines": []}, "TemplateManager.get_template": {"executed_lines": [], "summary": {"covered_lines": 0, "num_statements": 4, "percent_covered": 0.0, "percent_covered_display": "0", "missing_lines": 4, "excluded_lines": 0}, "missing_lines": [172, 173, 174, 176], "excluded_lines": []}, "TemplateManager.list_templates": {"executed_lines": [180, 182, 183, 195, 197], "summary": {"covered_lines": 5, "num_statements": 5, "percent_covered": 100.0, "percent_covered_display": "100", "missing_lines": 0, "excluded_lines": 0}, "missing_lines": [], "excluded_lines": []}, "TemplateManager.create_template": {"executed_lines": [], "summary": {"covered_lines": 0, "num_statements": 7, "percent_covered": 0.0, "percent_covered_display": "0", "missing_lines": 7, "excluded_lines": 0}, "missing_lines": [201, 202, 204, 205, 208, 211, 213], "excluded_lines": []}, "TemplateManager.update_template": {"executed_lines": [], "summary": {"covered_lines": 0, "num_statements": 7, "percent_covered": 0.0, "percent_covered_display": "0", "missing_lines": 7, "excluded_lines": 0}, "missing_lines": [221, 222, 224, 225, 228, 231, 233], "excluded_lines": []}, "TemplateManager.delete_template": {"executed_lines": [], "summary": {"covered_lines": 0, "num_statements": 5, "percent_covered": 0.0, "percent_covered_display": "0", "missing_lines": 5, "excluded_lines": 0}, "missing_lines": [241, 242, 245, 248, 250], "excluded_lines": []}, "TemplateManager.save_templates": {"executed_lines": [], "summary": {"covered_lines": 0, "num_statements": 9, "percent_covered": 0.0, "percent_covered_display": "0", "missing_lines": 9, "excluded_lines": 0}, "missing_lines": [258, 260, 263, 274, 275, 277, 279, 280, 281], "excluded_lines": []}, "TemplateManager.reload_templates": {"executed_lines": [], "summary": {"covered_lines": 0, "num_statements": 3, "percent_covered": 0.0, "percent_covered_display": "0", "missing_lines": 3, "excluded_lines": 0}, "missing_lines": [285, 286, 288], "excluded_lines": []}, "TemplateManager.get_template_for_use_case": {"executed_lines": [], "summary": {"covered_lines": 0, "num_statements": 10, "percent_covered": 0.0, "percent_covered_display": "0", "missing_lines": 10, "excluded_lines": 0}, "missing_lines": [296, 298, 300, 302, 305, 308, 310, 315, 324, 326], "excluded_lines": []}, "TemplateManager._calculate_relevance": {"executed_lines": [], "summary": {"covered_lines": 0, "num_statements": 15, "percent_covered": 0.0, "percent_covered_display": "0", "missing_lines": 15, "excluded_lines": 0}, "missing_lines": [330, 333, 334, 335, 338, 339, 340, 343, 344, 345, 348, 349, 350, 351, 353], "excluded_lines": []}, "": {"executed_lines": [1, 6, 7, 8, 10, 12, 15, 16, 23, 33, 34, 40, 68, 89, 170, 178, 199, 219, 239, 256, 283, 294, 328], "summary": {"covered_lines": 21, "num_statements": 21, "percent_covered": 100.0, "percent_covered_display": "100", "missing_lines": 0, "excluded_lines": 0}, "missing_lines": [], "excluded_lines": []}}, "classes": {"TemplateManager": {"executed_lines": [30, 31, 36, 37, 38, 42, 43, 44, 45, 46, 64, 65, 66, 91, 180, 182, 183, 195, 197], "summary": {"covered_lines": 19, "num_statements": 100, "percent_covered": 19.0, "percent_covered_display": "19", "missing_lines": 81, "excluded_lines": 0}, "missing_lines": [49, 50, 51, 52, 54, 56, 59, 61, 62, 70, 72, 73, 74, 75, 78, 79, 80, 83, 84, 85, 87, 172, 173, 174, 176, 201, 202, 204, 205, 208, 211, 213, 221, 222, 224, 225, 228, 231, 233, 241, 242, 245, 248, 250, 258, 260, 263, 274, 275, 277, 279, 280, 281, 285, 286, 288, 296, 298, 300, 302, 305, 308, 310, 315, 324, 326, 330, 333, 334, 335, 338, 339, 340, 343, 344, 345, 348, 349, 350, 351, 353], "excluded_lines": []}, "": {"executed_lines": [1, 6, 7, 8, 10, 12, 15, 16, 23, 33, 34, 40, 68, 89, 170, 178, 199, 219, 239, 256, 283, 294, 328], "summary": {"covered_lines": 21, "num_statements": 21, "percent_covered": 100.0, "percent_covered_display": "100", "missing_lines": 0, "excluded_lines": 0}, "missing_lines": [], "excluded_lines": []}}}, "src\\virtualization_mcp\\vbox\\vm_operations.py": {"executed_lines": [1, 9, 10, 11, 13, 15, 17, 20, 21, 28, 36, 39, 41, 47, 48, 50, 51, 57, 71, 90, 185, 196, 221, 244, 285, 326, 366, 375], "summary": {"covered_lines": 26, "num_statements": 140, "percent_covered": 18.571428571428573, "percent_covered_display": "19", "missing_lines": 114, "excluded_lines": 0}, "missing_lines": [45, 53, 54, 55, 59, 60, 61, 62, 63, 65, 66, 67, 68, 69, 73, 111, 113, 114, 117, 118, 121, 122, 126, 129, 130, 131, 132, 133, 134, 136, 139, 144, 149, 150, 153, 154, 155, 158, 161, 163, 172, 173, 175, 176, 178, 179, 180, 181, 182, 183, 187, 188, 190, 194, 199, 204, 223, 226, 229, 232, 235, 238, 239, 241, 242, 255, 256, 257, 259, 260, 261, 268, 269, 271, 273, 281, 282, 283, 296, 297, 298, 300, 301, 302, 309, 310, 312, 314, 322, 323, 324, 337, 338, 339, 342, 343, 344, 345, 348, 349, 350, 352, 353, 355, 362, 363, 364, 368, 369, 370, 371, 372, 373, 377], "excluded_lines": [], "functions": {"VMOperations.__init__": {"executed_lines": [36, 39, 41, 47, 48], "summary": {"covered_lines": 5, "num_statements": 6, "percent_covered": 83.33333333333333, "percent_covered_display": "83", "missing_lines": 1, "excluded_lines": 0}, "missing_lines": [45], "excluded_lines": []}, "VMOperations.templates": {"executed_lines": [], "summary": {"covered_lines": 0, "num_statements": 3, "percent_covered": 0.0, "percent_covered_display": "0", "missing_lines": 3, "excluded_lines": 0}, "missing_lines": [53, 54, 55], "excluded_lines": []}, "VMOperations._load_templates": {"executed_lines": [], "summary": {"covered_lines": 0, "num_statements": 10, "percent_covered": 0.0, "percent_covered_display": "0", "missing_lines": 10, "excluded_lines": 0}, "missing_lines": [59, 60, 61, 62, 63, 65, 66, 67, 68, 69], "excluded_lines": []}, "VMOperations._get_default_templates": {"executed_lines": [], "summary": {"covered_lines": 0, "num_statements": 1, "percent_covered": 0.0, "percent_covered_display": "0", "missing_lines": 1, "excluded_lines": 0}, "missing_lines": [73], "excluded_lines": []}, "VMOperations.create_vm": {"executed_lines": [], "summary": {"covered_lines": 0, "num_statements": 35, "percent_covered": 0.0, "percent_covered_display": "0", "missing_lines": 35, "excluded_lines": 0}, "missing_lines": [111, 113, 114, 117, 118, 121, 122, 126, 129, 130, 131, 132, 133, 134, 136, 139, 144, 149, 150, 153, 154, 155, 158, 161, 163, 172, 173, 175, 176, 178, 179, 180, 181, 182, 183], "excluded_lines": []}, "VMOperations._create_disk": {"executed_lines": [], "summary": {"covered_lines": 0, "num_statements": 4, "percent_covered": 0.0, "percent_covered_display": "0", "missing_lines": 4, "excluded_lines": 0}, "missing_lines": [187, 188, 190, 194], "excluded_lines": []}, "VMOperations._attach_disk": {"executed_lines": [], "summary": {"covered_lines": 0, "num_statements": 2, "percent_covered": 0.0, "percent_covered_display": "0", "missing_lines": 2, "excluded_lines": 0}, "missing_lines": [199, 204], "excluded_lines": []}, "VMOperations._apply_vm_settings": {"executed_lines": [], "summary": {"covered_lines": 0, "num_statements": 9, "percent_covered": 0.0, "percent_covered_display": "0", "missing_lines": 9, "excluded_lines": 0}, "missing_lines": [223, 226, 229, 232, 235, 238, 239, 241, 242], "excluded_lines": []}, "VMOperations.start_vm": {"executed_lines": [], "summary": {"covered_lines": 0, "num_statements": 13, "percent_covered": 0.0, "percent_covered_display": "0", "missing_lines": 13, "excluded_lines": 0}, "missing_lines": [255, 256, 257, 259, 260, 261, 268, 269, 271, 273, 281, 282, 283], "excluded_lines": []}, "VMOperations.stop_vm": {"executed_lines": [], "summary": {"covered_lines": 0, "num_statements": 13, "percent_covered": 0.0, "percent_covered_display": "0", "missing_lines": 13, "excluded_lines": 0}, "missing_lines": [296, 297, 298, 300, 301, 302, 309, 310, 312, 314, 322, 323, 324], "excluded_lines": []}, "VMOperations.delete_vm": {"executed_lines": [], "summary": {"covered_lines": 0, "num_statements": 16, "percent_covered": 0.0, "percent_covered_display": "0", "missing_lines": 16, "excluded_lines": 0}, "missing_lines": [337, 338, 339, 342, 343, 344, 345, 348, 349, 350, 352, 353, 355, 362, 363, 364], "excluded_lines": []}, "VMOperations._cleanup_failed_vm": {"executed_lines": [], "summary": {"covered_lines": 0, "num_statements": 6, "percent_covered": 0.0, "percent_covered_display": "0", "missing_lines": 6, "excluded_lines": 0}, "missing_lines": [368, 369, 370, 371, 372, 373], "excluded_lines": []}, "VMOperations.list_templates": {"executed_lines": [], "summary": {"covered_lines": 0, "num_statements": 1, "percent_covered": 0.0, "percent_covered_display": "0", "missing_lines": 1, "excluded_lines": 0}, "missing_lines": [377], "excluded_lines": []}, "": {"executed_lines": [1, 9, 10, 11, 13, 15, 17, 20, 21, 28, 50, 51, 57, 71, 90, 185, 196, 221, 244, 285, 326, 366, 375], "summary": {"covered_lines": 21, "num_statements": 21, "percent_covered": 100.0, "percent_covered_display": "100", "missing_lines": 0, "excluded_lines": 0}, "missing_lines": [], "excluded_lines": []}}, "classes": {"VMOperations": {"executed_lines": [36, 39, 41, 47, 48], "summary": {"covered_lines": 5, "num_statements": 119, "percent_covered": 4.201680672268908, "percent_covered_display": "4", "missing_lines": 114, "excluded_lines": 0}, "missing_lines": [45, 53, 54, 55, 59, 60, 61, 62, 63, 65, 66, 67, 68, 69, 73, 111, 113, 114, 117, 118, 121, 122, 126, 129, 130, 131, 132, 133, 134, 136, 139, 144, 149, 150, 153, 154, 155, 158, 161, 163, 172, 173, 175, 176, 178, 179, 180, 181, 182, 183, 187, 188, 190, 194, 199, 204, 223, 226, 229, 232, 235, 238, 239, 241, 242, 255, 256, 257, 259, 260, 261, 268, 269, 271, 273, 281, 282, 283, 296, 297, 298, 300, 301, 302, 309, 310, 312, 314, 322, 323, 324, 337, 338, 339, 342, 343, 344, 345, 348, 349, 350, 352, 353, 355, 362, 363, 364, 368, 369, 370, 371, 372, 373, 377], "excluded_lines": []}, "": {"executed_lines": [1, 9, 10, 11, 13, 15, 17, 20, 21, 28, 50, 51, 57, 71, 90, 185, 196, 221, 244, 285, 326, 366, 375], "summary": {"covered_lines": 21, "num_statements": 21, "percent_covered": 100.0, "percent_covered_display": "100", "missing_lines": 0, "excluded_lines": 0}, "missing_lines": [], "excluded_lines": []}}}, "src\\virtualization_mcp\\vbox_compat.py": {"executed_lines": [2, 9, 10, 11, 12, 13, 14, 15, 18, 21, 24, 25, 27, 30, 31, 33, 40, 41, 42, 43, 45, 48, 53, 54, 55, 60, 74, 75, 78, 80, 81, 82, 83, 85, 88, 92, 94, 96, 105, 107, 113, 120, 121, 123, 124, 125, 127, 128, 134, 135, 143, 152, 153, 157, 158, 160, 162, 163, 165, 166, 167, 168, 170, 172, 173, 176, 177, 178, 180, 181, 183, 184, 185, 188, 189, 191, 193, 202, 203, 206, 207, 208, 209, 210, 212, 214, 232, 246, 302, 321, 324, 330], "summary": {"covered_lines": 88, "num_statements": 130, "percent_covered": 67.6923076923077, "percent_covered_display": "68", "missing_lines": 42, "excluded_lines": 15}, "missing_lines": [58, 90, 108, 109, 110, 111, 115, 116, 117, 118, 130, 131, 132, 137, 139, 140, 141, 155, 224, 225, 226, 227, 229, 230, 242, 243, 244, 267, 270, 271, 274, 275, 278, 296, 297, 300, 312, 313, 314, 316, 317, 326], "excluded_lines": [330, 332, 334, 336, 338, 340, 341, 342, 345, 346, 347, 348, 350, 351, 352], "functions": {"VBoxManage.__init__": {"executed_lines": [40, 41, 42, 43], "summary": {"covered_lines": 4, "num_statements": 4, "percent_covered": 100.0, "percent_covered_display": "100", "missing_lines": 0, "excluded_lines": 0}, "missing_lines": [], "excluded_lines": []}, "VBoxManage._find_vbox_manage": {"executed_lines": [48, 53, 54, 55], "summary": {"covered_lines": 4, "num_statements": 5, "percent_covered": 80.0, "percent_covered_display": "80", "missing_lines": 1, "excluded_lines": 0}, "missing_lines": [58], "excluded_lines": []}, "VBoxManage._run_command": {"executed_lines": [74, 75, 78, 80, 81, 82, 83, 85, 88, 92, 94, 96, 105, 107, 113], "summary": {"covered_lines": 15, "num_statements": 24, "percent_covered": 62.5, "percent_covered_display": "62", "missing_lines": 9, "excluded_lines": 0}, "missing_lines": [90, 108, 109, 110, 111, 115, 116, 117, 118], "excluded_lines": []}, "VBoxManage.version": {"executed_lines": [123, 124, 125], "summary": {"covered_lines": 3, "num_statements": 3, "percent_covered": 100.0, "percent_covered_display": "100", "missing_lines": 0, "excluded_lines": 0}, "missing_lines": [], "excluded_lines": []}, "VBoxManage.version_normalized": {"executed_lines": [], "summary": {"covered_lines": 0, "num_statements": 3, "percent_covered": 0.0, "percent_covered_display": "0", "missing_lines": 3, "excluded_lines": 0}, "missing_lines": [130, 131, 132], "excluded_lines": []}, "VBoxManage.api_version": {"executed_lines": [], "summary": {"covered_lines": 0, "num_statements": 4, "percent_covered": 0.0, "percent_covered_display": "0", "missing_lines": 4, "excluded_lines": 0}, "missing_lines": [137, 139, 140, 141], "excluded_lines": []}, "VBoxManage.list_vms": {"executed_lines": [152, 153, 157, 158], "summary": {"covered_lines": 4, "num_statements": 5, "percent_covered": 80.0, "percent_covered_display": "80", "missing_lines": 1, "excluded_lines": 0}, "missing_lines": [155], "excluded_lines": []}, "VBoxManage._parse_vm_list": {"executed_lines": [162, 163, 165, 166, 167, 168, 170, 172, 173, 176, 177, 178, 180, 181, 183, 184, 185, 188, 189, 191], "summary": {"covered_lines": 20, "num_statements": 20, "percent_covered": 100.0, "percent_covered_display": "100", "missing_lines": 0, "excluded_lines": 0}, "missing_lines": [], "excluded_lines": []}, "VBoxManage.get_vm_info": {"executed_lines": [202, 203, 206, 207, 208, 209, 210, 212], "summary": {"covered_lines": 8, "num_statements": 8, "percent_covered": 100.0, "percent_covered_display": "100", "missing_lines": 0, "excluded_lines": 0}, "missing_lines": [], "excluded_lines": []}, "VBoxManage.start_vm": {"executed_lines": [], "summary": {"covered_lines": 0, "num_statements": 6, "percent_covered": 0.0, "percent_covered_display": "0", "missing_lines": 6, "excluded_lines": 0}, "missing_lines": [224, 225, 226, 227, 229, 230], "excluded_lines": []}, "VBoxManage.stop_vm": {"executed_lines": [], "summary": {"covered_lines": 0, "num_statements": 3, "percent_covered": 0.0, "percent_covered_display": "0", "missing_lines": 3, "excluded_lines": 0}, "missing_lines": [242, 243, 244], "excluded_lines": []}, "VBoxManage.create_vm": {"executed_lines": [], "summary": {"covered_lines": 0, "num_statements": 9, "percent_covered": 0.0, "percent_covered_display": "0", "missing_lines": 9, "excluded_lines": 0}, "missing_lines": [267, 270, 271, 274, 275, 278, 296, 297, 300], "excluded_lines": []}, "VBoxManage.delete_vm": {"executed_lines": [], "summary": {"covered_lines": 0, "num_statements": 5, "percent_covered": 0.0, "percent_covered_display": "0", "missing_lines": 5, "excluded_lines": 0}, "missing_lines": [312, 313, 314, 316, 317], "excluded_lines": []}, "get_virtualbox": {"executed_lines": [], "summary": {"covered_lines": 0, "num_statements": 1, "percent_covered": 0.0, "percent_covered_display": "0", "missing_lines": 1, "excluded_lines": 0}, "missing_lines": [326], "excluded_lines": []}, "": {"executed_lines": [2, 9, 10, 11, 12, 13, 14, 15, 18, 21, 24, 25, 27, 30, 31, 33, 45, 60, 120, 121, 127, 128, 134, 135, 143, 160, 193, 214, 232, 246, 302, 321, 324, 330], "summary": {"covered_lines": 30, "num_statements": 30, "percent_covered": 100.0, "percent_covered_display": "100", "missing_lines": 0, "excluded_lines": 15}, "missing_lines": [], "excluded_lines": [330, 332, 334, 336, 338, 340, 341, 342, 345, 346, 347, 348, 350, 351, 352]}}, "classes": {"VirtualBoxError": {"executed_lines": [], "summary": {"covered_lines": 0, "num_statements": 0, "percent_covered": 100.0, "percent_covered_display": "100", "missing_lines": 0, "excluded_lines": 0}, "missing_lines": [], "excluded_lines": []}, "VBoxManage": {"executed_lines": [40, 41, 42, 43, 48, 53, 54, 55, 74, 75, 78, 80, 81, 82, 83, 85, 88, 92, 94, 96, 105, 107, 113, 123, 124, 125, 152, 153, 157, 158, 162, 163, 165, 166, 167, 168, 170, 172, 173, 176, 177, 178, 180, 181, 183, 184, 185, 188, 189, 191, 202, 203, 206, 207, 208, 209, 210, 212], "summary": {"covered_lines": 58, "num_statements": 99, "percent_covered": 58.58585858585859, "percent_covered_display": "59", "missing_lines": 41, "excluded_lines": 0}, "missing_lines": [58, 90, 108, 109, 110, 111, 115, 116, 117, 118, 130, 131, 132, 137, 139, 140, 141, 155, 224, 225, 226, 227, 229, 230, 242, 243, 244, 267, 270, 271, 274, 275, 278, 296, 297, 300, 312, 313, 314, 316, 317], "excluded_lines": []}, "": {"executed_lines": [2, 9, 10, 11, 12, 13, 14, 15, 18, 21, 24, 25, 27, 30, 31, 33, 45, 60, 120, 121, 127, 128, 134, 135, 143, 160, 193, 214, 232, 246, 302, 321, 324, 330], "summary": {"covered_lines": 30, "num_statements": 31, "percent_covered": 96.7741935483871, "percent_covered_display": "97", "missing_lines": 1, "excluded_lines": 15}, "missing_lines": [326], "excluded_lines": [330, 332, 334, 336, 338, 340, 341, 342, 345, 346, 347, 348, 350, 351, 352]}}}}, "totals": {"covered_lines": 3462, "num_statements": 8901, "percent_covered": 38.89450623525447, "percent_covered_display": "39", "missing_lines": 5439, "excluded_lines": 68}}