============================= test session starts =============================
platform win32 -- Python 3.13.5, pytest-8.4.2, pluggy-1.6.0
Using --randomly-seed=303057402
rootdir: D:\Dev\repos\virtualization-mcp
configfile: pytest.ini
plugins: langsmith-0.3.42, html-4.1.1, metadata-3.1.1, mock-3.14.1, cov-2.12.1, anyio-4.11.0, aio-1.9.0, asyncio-1.3.0, httpx-0.35.0, randomly-3.16.0, timeout-2.4.0, xdist-3.8.0, respx-0.22.0
asyncio: mode=Mode.STRICT, debug=False, asyncio_default_fixture_loop_scope=None, asyncio_default_test_loop_scope=function
collected 756 items

..\virtualization-mcp\tests\test_zero_coverage_modules.py ............s. [  1%]
......                                                                   [  2%]
..\virtualization-mcp\tests\test_metrics.py sssss                        [  3%]
..\virtualization-mcp\tests\test_lifecycle.py sss.s.ssss                 [  4%]
..\virtualization-mcp\tests\test_register_tools_complete.py .s           [  4%]
..\virtualization-mcp\tests\test_devices.py ssssss                       [  5%]
..\virtualization-mcp\tests\test_intensive_coverage.py ........s........ [  7%]
.........                                                                [  9%]
..\virtualization-mcp\tests\test_auto_generated.py ..................... [ 11%]
...............                                                          [ 13%]
..\virtualization-mcp\tests\integration\test_vm_lifecycle_integration.py . [ 14%]
..                                                                       [ 14%]
..\virtualization-mcp\tests\test_coverage_boost_json_monitoring.py FFFFs [ 14%]
s                                                                        [ 15%]
..\virtualization-mcp\tests\test_execution_coverage.py .....             [ 15%]
..\virtualization-mcp\tests\test_templates.py s                          [ 15%]
..\virtualization-mcp\tests\test_gold_push_part1.py ...s.                [ 16%]
..\virtualization-mcp\tests\test_massive_coverage_boost.py .             [ 16%]
..\virtualization-mcp\tests\test_all_vm_tools.py ..................      [ 19%]
..\virtualization-mcp\tests\test_final_50_percent_push.py s              [ 19%]
..\virtualization-mcp\tests\test_function_execution_mega.py s            [ 19%]
..\virtualization-mcp\tests\test_portmanteau_network_management.py ..... [ 19%]
...s........                                                             [ 21%]
..\virtualization-mcp\tests\test_portmanteau_vm_management.py s......... [ 22%]
............                                                             [ 24%]
..\virtualization-mcp\tests\test_intensive_coverage.py ..........s.....s [ 26%]
ssssssssssssssssss.                                                      [ 29%]
..\virtualization-mcp\tests\test_auto_generated.py s                     [ 29%]
..\virtualization-mcp\tests\test_sandbox_folder_mapping.py ............  [ 30%]
..\virtualization-mcp\tests\test_gold_standard_coverage.py ..s.s..s.s... [ 32%]
..................ss.....s.sss.............sss                           [ 38%]
..\virtualization-mcp\tests\test_coverage_boost_exceptions.py .FFFF.FFF. [ 40%]
FF.FF.FF.FF                                                              [ 41%]
..\virtualization-mcp\tests\test_vm_service_comprehensive.py ss....ss... [ 42%]
..sssss...                                                               [ 44%]
..\virtualization-mcp\tests\test_coverage_boost_network_storage.py sssss [ 44%]
...ss............ss                                                      [ 47%]
..\virtualization-mcp\tests\test_vbox_compat.py s                        [ 47%]
..\virtualization-mcp\tests\test_coverage_boost_utils.py .sFFF.FFFF.FFFF [ 49%]
FFFFFF.FFFFFFFF                                                          [ 51%]
..\virtualization-mcp\tests\test_vm_creation.py ..                       [ 51%]
..\virtualization-mcp\tests\test_networking.py .sssss                    [ 52%]
..\virtualization-mcp\tests\test_quick_coverage_boost.py ............... [ 54%]
...........                                                              [ 56%]
..\virtualization-mcp\tests\test_zero_coverage_quick_fix.py .sss..ssss.s [ 57%]
.....s                                                                   [ 58%]
..\virtualization-mcp\tests\test_comprehensive_coverage.py .........s... [ 60%]
........................                                                 [ 63%]
..\virtualization-mcp\tests\test_server.py s..s.                         [ 64%]
..\virtualization-mcp\tests\test_coverage_boost_json_monitoring.py FFFFF [ 64%]
...FF...FFF.                                                             [ 66%]
..\virtualization-mcp\tests\test_gold_mega_boost_1.py .s.............    [ 68%]
..\virtualization-mcp\tests\test_coverage_boost_zero_percent.py sssss... [ 69%]
s....................F....                                               [ 72%]
..\virtualization-mcp\tests\test_storage.py sssss                        [ 73%]
..\virtualization-mcp\tests\test_deep_execution.py sss.......ssssss..s.. [ 76%]
.sssssssssssss.ss.....                                                   [ 79%]
..\virtualization-mcp\tests\test_main_entry_points.py ss..               [ 79%]
..\virtualization-mcp\tests\test_execution_coverage.py ss...s....ss..s.s [ 81%]
.ss                                                                      [ 82%]
..\virtualization-mcp\tests\test_templates.py s....                      [ 82%]
..\virtualization-mcp\tests\test_gold_push_part1.py .........s....       [ 84%]
..\virtualization-mcp\tests\test_gold_push_part3_server_v2.py ssssss     [ 85%]
..\virtualization-mcp\tests\test_massive_coverage_boost.py ............. [ 87%]
.........s.                                                              [ 88%]
..\virtualization-mcp\tests\test_gold_push_part5_execution.py ..ss.s..ss [ 90%]
ss.ss..ss..ssss..                                                        [ 92%]
..\virtualization-mcp\tests\test_gold_push_part4_main_modules.py ..s     [ 92%]
..\virtualization-mcp\tests\test_final_50_percent_push.py s..s..s....ss  [ 94%]
..\virtualization-mcp\tests\test_real_vbox_integration.py s...s..        [ 95%]
..\virtualization-mcp\tests\test_function_execution_mega.py ...ss.ss.sss [ 96%]
...                                                                      [ 97%]
..\virtualization-mcp\tests\test_portmanteau_network_management.py ..    [ 97%]
..\virtualization-mcp\tests\test_imports.py .....                        [ 98%]
..\virtualization-mcp\tests\test_gold_push_part2.py ...........          [ 99%]
..\virtualization-mcp\tests\test_portmanteau_vm_management.py FF         [100%]

================================== FAILURES ===================================
_________ TestMonitoringTools.test_stop_monitoring_execution[asyncio] _________

self = <tests.test_coverage_boost_json_monitoring.TestMonitoringTools object at 0x00000202DECB0E20>

    @pytest.mark.asyncio
    async def test_stop_monitoring_execution(self):
        """Test stop_monitoring can be executed."""
        try:
>           from virtualization_mcp.tools.monitoring.monitoring_tools import (
                stop_monitoring,
            )

..\virtualization-mcp\tests\test_coverage_boost_json_monitoring.py:189: 
_ _ _ _ _ _ _ _ _ _ _ _ _ _ _ _ _ _ _ _ _ _ _ _ _ _ _ _ _ _ _ _ _ _ _ _ _ _ _ _

    """
    Monitoring Tools for virtualization-mcp.
    
    This module provides monitoring and metrics collection tools for the virtualization-mcp system.
    """
    
    import logging
    from typing import Any
    
    from prometheus_client import Counter, Gauge, generate_latest, start_http_server
    
    logger = logging.getLogger(__name__)
    
    
    class MetricsManager:
        """Manages metrics collection and exposure for the virtualization-mcp system."""
    
        def __init__(self, config: dict[str, Any] | None = None):
            """Initialize the MetricsManager.
    
            Args:
                config: Configuration dictionary with optional keys:
                    - metrics_port: Port to expose metrics on (default: 8001)
                    - metrics_path: URL path for metrics (default: /metrics)
            """
            config = config or {}
            self.metrics_port = config.get("metrics_port", 8001)
            self.metrics_path = config.get("metrics_path", "/metrics")
            self.metrics: dict[str, Any] = {}
            self._setup_metrics()
    
        def _setup_metrics(self) -> None:
            """Set up Prometheus metrics."""
            # VM metrics
            self.metrics["vm_count"] = Gauge("virtualization-mcp_vm_count", "Number of VMs")
    
            self.metrics["vm_cpu_usage"] = Gauge(
                "virtualization-mcp_vm_cpu_usage_percent", "CPU usage percentage per VM", ["vm_name"]
            )
    
            self.metrics["vm_memory_usage"] = Gauge(
                "virtualization-mcp_vm_memory_usage_bytes", "Memory usage in bytes per VM", ["vm_name"]
            )
    
            # API metrics
            self.metrics["api_requests_total"] = Counter(
                "virtualization-mcp_api_requests_total",
                "Total number of API requests",
                ["endpoint", "method", "status"],
            )
    
            # Error metrics
            self.metrics["errors_total"] = Counter(
                "virtualization-mcp_errors_total", "Total number of errors", ["type"]
            )
    
            # Performance metrics
            self.metrics["request_duration_seconds"] = Gauge(
                "virtualization-mcp_request_duration_seconds",
                "Request duration in seconds",
                ["endpoint", "method"],
            )
    
            # Resource usage metrics
            self.metrics["system_cpu_usage"] = Gauge(
                "virtualization-mcp_system_cpu_usage_percent", "System CPU usage percentage"
            )
    
            self.metrics["system_memory_usage"] = Gauge(
                "virtualization-mcp_system_memory_usage_bytes", "System memory usage in bytes"
            )
    
            self.metrics["system_disk_usage"] = Gauge(
                "virtualization-mcp_system_disk_usage_bytes",
                "System disk usage in bytes",
                ["mount_point"],
            )
    
        def start_metrics_server(self) -> None:
            """Start the Prometheus metrics server."""
            try:
                start_http_server(self.metrics_port)
                logger.info(f"Metrics server started on port {self.metrics_port}")
            except Exception as e:
                logger.error(f"Failed to start metrics server: {e}")
    
        def record_api_request(self, endpoint: str, method: str, status_code: int) -> None:
            """Record an API request.
    
            Args:
                endpoint: The API endpoint that was called
                method: The HTTP method used (GET, POST, etc.)
                status_code: The HTTP status code returned
            """
            self.metrics["api_requests_total"].labels(
                endpoint=endpoint, method=method.upper(), status=status_code
            ).inc()
    
        def record_error(self, error_type: str) -> None:
            """Record an error.
    
            Args:
                error_type: The type of error that occurred
            """
            self.metrics["errors_total"].labels(type=error_type).inc()
    
        def update_vm_metrics(self, vm_name: str, cpu_usage: float, memory_usage: int) -> None:
            """Update VM-specific metrics.
    
            Args:
                vm_name: Name of the virtual machine
                cpu_usage: CPU usage percentage (0-100)
                memory_usage: Memory usage in bytes
            """
            self.metrics["vm_cpu_usage"].labels(vm_name=vm_name).set(cpu_usage)
            self.metrics["vm_memory_usage"].labels(vm_name=vm_name).set(memory_usage)
    
        def update_system_metrics(
            self, cpu_usage: float, memory_usage: int, disk_usage: dict[str, int]
        ) -> None:
            """Update system-wide metrics.
    
            Args:
                cpu_usage: System CPU usage percentage (0-100)
                memory_usage: System memory usage in bytes
                disk_usage: Dictionary mapping mount points to disk usage in bytes
            """
            self.metrics["system_cpu_usage"].set(cpu_usage)
            self.metrics["system_memory_usage"].set(memory_usage)
    
            # Update disk usage for each mount point
            for mount_point, usage in disk_usage.items():
                self.metrics["system_disk_usage"].labels(mount_point=mount_point).set(usage)
    
        def get_metrics(self) -> bytes:
            """Get the current metrics in Prometheus format.
    
            Returns:
                bytes: The metrics in Prometheus text format
            """
            return generate_latest()
    
    
    # Create a singleton instance
>   metrics_manager = MetricsManager()
                      ^^^^^^^^^^^^^^^^

..\virtualization-mcp\src\virtualization_mcp\tools\monitoring\monitoring_tools.py:145: 
_ _ _ _ _ _ _ _ _ _ _ _ _ _ _ _ _ _ _ _ _ _ _ _ _ _ _ _ _ _ _ _ _ _ _ _ _ _ _ _

self = <virtualization_mcp.tools.monitoring.monitoring_tools.MetricsManager object at 0x00000202E125DBE0>
config = {}

    def __init__(self, config: dict[str, Any] | None = None):
        """Initialize the MetricsManager.
    
        Args:
            config: Configuration dictionary with optional keys:
                - metrics_port: Port to expose metrics on (default: 8001)
                - metrics_path: URL path for metrics (default: /metrics)
        """
        config = config or {}
        self.metrics_port = config.get("metrics_port", 8001)
        self.metrics_path = config.get("metrics_path", "/metrics")
        self.metrics: dict[str, Any] = {}
>       self._setup_metrics()

..\virtualization-mcp\src\virtualization_mcp\tools\monitoring\monitoring_tools.py:30: 
_ _ _ _ _ _ _ _ _ _ _ _ _ _ _ _ _ _ _ _ _ _ _ _ _ _ _ _ _ _ _ _ _ _ _ _ _ _ _ _

self = <virtualization_mcp.tools.monitoring.monitoring_tools.MetricsManager object at 0x00000202E125DBE0>

    def _setup_metrics(self) -> None:
        """Set up Prometheus metrics."""
        # VM metrics
        self.metrics["vm_count"] = Gauge("virtualization-mcp_vm_count", "Number of VMs")
    
        self.metrics["vm_cpu_usage"] = Gauge(
            "virtualization-mcp_vm_cpu_usage_percent", "CPU usage percentage per VM", ["vm_name"]
        )
    
        self.metrics["vm_memory_usage"] = Gauge(
            "virtualization-mcp_vm_memory_usage_bytes", "Memory usage in bytes per VM", ["vm_name"]
        )
    
        # API metrics
>       self.metrics["api_requests_total"] = Counter(
            "virtualization-mcp_api_requests_total",
            "Total number of API requests",
            ["endpoint", "method", "status"],
        )

..\virtualization-mcp\src\virtualization_mcp\tools\monitoring\monitoring_tools.py:46: 
_ _ _ _ _ _ _ _ _ _ _ _ _ _ _ _ _ _ _ _ _ _ _ _ _ _ _ _ _ _ _ _ _ _ _ _ _ _ _ _

self = prometheus_client.metrics.Counter(virtualization-mcp_api_requests)
name = 'virtualization-mcp_api_requests_total'
documentation = 'Total number of API requests'
labelnames = ['endpoint', 'method', 'status'], namespace = '', subsystem = ''
unit = ''
registry = <prometheus_client.registry.CollectorRegistry object at 0x00000202DF5727B0>
_labelvalues = None

    def __init__(self: T,
                 name: str,
                 documentation: str,
                 labelnames: Iterable[str] = (),
                 namespace: str = '',
                 subsystem: str = '',
                 unit: str = '',
                 registry: Optional[CollectorRegistry] = REGISTRY,
                 _labelvalues: Optional[Sequence[str]] = None,
                 ) -> None:
        self._name = _build_full_name(self._type, name, namespace, subsystem, unit)
        self._labelnames = _validate_labelnames(self, labelnames)
        self._labelvalues = tuple(_labelvalues or ())
        self._kwargs: Dict[str, Any] = {}
        self._documentation = documentation
        self._unit = unit
    
        _validate_metric_name(self._name)
    
        if self._is_parent():
            # Prepare the fields needed for child metrics.
            self._lock = Lock()
            self._metrics: Dict[Sequence[str], T] = {}
    
        if self._is_observable():
            self._metric_init()
    
        if not self._labelvalues:
            # Register the multi-wrapper parent metric, or if a label-less metric, the whole shebang.
            if registry:
>               registry.register(self)

C:\Users\sandr\AppData\Local\Programs\Python\Python313\Lib\site-packages\prometheus_client\metrics.py:132: 
_ _ _ _ _ _ _ _ _ _ _ _ _ _ _ _ _ _ _ _ _ _ _ _ _ _ _ _ _ _ _ _ _ _ _ _ _ _ _ _

self = <prometheus_client.registry.CollectorRegistry object at 0x00000202DF5727B0>
collector = prometheus_client.metrics.Counter(virtualization-mcp_api_requests)

    def register(self, collector: Collector) -> None:
        """Add a collector to the registry."""
        with self._lock:
            names = self._get_names(collector)
            duplicates = set(self._names_to_collectors).intersection(names)
            if duplicates:
>               raise ValueError(
                    'Duplicated timeseries in CollectorRegistry: {}'.format(
                        duplicates))
E               ValueError: Duplicated timeseries in CollectorRegistry: {'virtualization-mcp_api_requests_total', 'virtualization-mcp_api_requests', 'virtualization-mcp_api_requests_created'}

C:\Users\sandr\AppData\Local\Programs\Python\Python313\Lib\site-packages\prometheus_client\registry.py:43: ValueError
________ TestMonitoringTools.test_start_monitoring_execution[asyncio] _________

self = <tests.test_coverage_boost_json_monitoring.TestMonitoringTools object at 0x00000202DED0EE70>

    @pytest.mark.asyncio
    async def test_start_monitoring_execution(self):
        """Test start_monitoring can be executed."""
        try:
>           from virtualization_mcp.tools.monitoring.monitoring_tools import (
                start_monitoring,
            )

..\virtualization-mcp\tests\test_coverage_boost_json_monitoring.py:172: 
_ _ _ _ _ _ _ _ _ _ _ _ _ _ _ _ _ _ _ _ _ _ _ _ _ _ _ _ _ _ _ _ _ _ _ _ _ _ _ _

    """
    Monitoring Tools for virtualization-mcp.
    
    This module provides monitoring and metrics collection tools for the virtualization-mcp system.
    """
    
    import logging
    from typing import Any
    
    from prometheus_client import Counter, Gauge, generate_latest, start_http_server
    
    logger = logging.getLogger(__name__)
    
    
    class MetricsManager:
        """Manages metrics collection and exposure for the virtualization-mcp system."""
    
        def __init__(self, config: dict[str, Any] | None = None):
            """Initialize the MetricsManager.
    
            Args:
                config: Configuration dictionary with optional keys:
                    - metrics_port: Port to expose metrics on (default: 8001)
                    - metrics_path: URL path for metrics (default: /metrics)
            """
            config = config or {}
            self.metrics_port = config.get("metrics_port", 8001)
            self.metrics_path = config.get("metrics_path", "/metrics")
            self.metrics: dict[str, Any] = {}
            self._setup_metrics()
    
        def _setup_metrics(self) -> None:
            """Set up Prometheus metrics."""
            # VM metrics
            self.metrics["vm_count"] = Gauge("virtualization-mcp_vm_count", "Number of VMs")
    
            self.metrics["vm_cpu_usage"] = Gauge(
                "virtualization-mcp_vm_cpu_usage_percent", "CPU usage percentage per VM", ["vm_name"]
            )
    
            self.metrics["vm_memory_usage"] = Gauge(
                "virtualization-mcp_vm_memory_usage_bytes", "Memory usage in bytes per VM", ["vm_name"]
            )
    
            # API metrics
            self.metrics["api_requests_total"] = Counter(
                "virtualization-mcp_api_requests_total",
                "Total number of API requests",
                ["endpoint", "method", "status"],
            )
    
            # Error metrics
            self.metrics["errors_total"] = Counter(
                "virtualization-mcp_errors_total", "Total number of errors", ["type"]
            )
    
            # Performance metrics
            self.metrics["request_duration_seconds"] = Gauge(
                "virtualization-mcp_request_duration_seconds",
                "Request duration in seconds",
                ["endpoint", "method"],
            )
    
            # Resource usage metrics
            self.metrics["system_cpu_usage"] = Gauge(
                "virtualization-mcp_system_cpu_usage_percent", "System CPU usage percentage"
            )
    
            self.metrics["system_memory_usage"] = Gauge(
                "virtualization-mcp_system_memory_usage_bytes", "System memory usage in bytes"
            )
    
            self.metrics["system_disk_usage"] = Gauge(
                "virtualization-mcp_system_disk_usage_bytes",
                "System disk usage in bytes",
                ["mount_point"],
            )
    
        def start_metrics_server(self) -> None:
            """Start the Prometheus metrics server."""
            try:
                start_http_server(self.metrics_port)
                logger.info(f"Metrics server started on port {self.metrics_port}")
            except Exception as e:
                logger.error(f"Failed to start metrics server: {e}")
    
        def record_api_request(self, endpoint: str, method: str, status_code: int) -> None:
            """Record an API request.
    
            Args:
                endpoint: The API endpoint that was called
                method: The HTTP method used (GET, POST, etc.)
                status_code: The HTTP status code returned
            """
            self.metrics["api_requests_total"].labels(
                endpoint=endpoint, method=method.upper(), status=status_code
            ).inc()
    
        def record_error(self, error_type: str) -> None:
            """Record an error.
    
            Args:
                error_type: The type of error that occurred
            """
            self.metrics["errors_total"].labels(type=error_type).inc()
    
        def update_vm_metrics(self, vm_name: str, cpu_usage: float, memory_usage: int) -> None:
            """Update VM-specific metrics.
    
            Args:
                vm_name: Name of the virtual machine
                cpu_usage: CPU usage percentage (0-100)
                memory_usage: Memory usage in bytes
            """
            self.metrics["vm_cpu_usage"].labels(vm_name=vm_name).set(cpu_usage)
            self.metrics["vm_memory_usage"].labels(vm_name=vm_name).set(memory_usage)
    
        def update_system_metrics(
            self, cpu_usage: float, memory_usage: int, disk_usage: dict[str, int]
        ) -> None:
            """Update system-wide metrics.
    
            Args:
                cpu_usage: System CPU usage percentage (0-100)
                memory_usage: System memory usage in bytes
                disk_usage: Dictionary mapping mount points to disk usage in bytes
            """
            self.metrics["system_cpu_usage"].set(cpu_usage)
            self.metrics["system_memory_usage"].set(memory_usage)
    
            # Update disk usage for each mount point
            for mount_point, usage in disk_usage.items():
                self.metrics["system_disk_usage"].labels(mount_point=mount_point).set(usage)
    
        def get_metrics(self) -> bytes:
            """Get the current metrics in Prometheus format.
    
            Returns:
                bytes: The metrics in Prometheus text format
            """
            return generate_latest()
    
    
    # Create a singleton instance
>   metrics_manager = MetricsManager()
                      ^^^^^^^^^^^^^^^^

..\virtualization-mcp\src\virtualization_mcp\tools\monitoring\monitoring_tools.py:145: 
_ _ _ _ _ _ _ _ _ _ _ _ _ _ _ _ _ _ _ _ _ _ _ _ _ _ _ _ _ _ _ _ _ _ _ _ _ _ _ _

self = <virtualization_mcp.tools.monitoring.monitoring_tools.MetricsManager object at 0x00000202E1444C20>
config = {}

    def __init__(self, config: dict[str, Any] | None = None):
        """Initialize the MetricsManager.
    
        Args:
            config: Configuration dictionary with optional keys:
                - metrics_port: Port to expose metrics on (default: 8001)
                - metrics_path: URL path for metrics (default: /metrics)
        """
        config = config or {}
        self.metrics_port = config.get("metrics_port", 8001)
        self.metrics_path = config.get("metrics_path", "/metrics")
        self.metrics: dict[str, Any] = {}
>       self._setup_metrics()

..\virtualization-mcp\src\virtualization_mcp\tools\monitoring\monitoring_tools.py:30: 
_ _ _ _ _ _ _ _ _ _ _ _ _ _ _ _ _ _ _ _ _ _ _ _ _ _ _ _ _ _ _ _ _ _ _ _ _ _ _ _

self = <virtualization_mcp.tools.monitoring.monitoring_tools.MetricsManager object at 0x00000202E1444C20>

    def _setup_metrics(self) -> None:
        """Set up Prometheus metrics."""
        # VM metrics
>       self.metrics["vm_count"] = Gauge("virtualization-mcp_vm_count", "Number of VMs")
                                   ^^^^^^^^^^^^^^^^^^^^^^^^^^^^^^^^^^^^^^^^^^^^^^^^^^^^^

..\virtualization-mcp\src\virtualization_mcp\tools\monitoring\monitoring_tools.py:35: 
_ _ _ _ _ _ _ _ _ _ _ _ _ _ _ _ _ _ _ _ _ _ _ _ _ _ _ _ _ _ _ _ _ _ _ _ _ _ _ _

self = prometheus_client.metrics.Gauge(virtualization-mcp_vm_count)
name = 'virtualization-mcp_vm_count', documentation = 'Number of VMs'
labelnames = (), namespace = '', subsystem = '', unit = ''
registry = <prometheus_client.registry.CollectorRegistry object at 0x00000202DF5727B0>
_labelvalues = None, multiprocess_mode = 'all'

    def __init__(self,
                 name: str,
                 documentation: str,
                 labelnames: Iterable[str] = (),
                 namespace: str = '',
                 subsystem: str = '',
                 unit: str = '',
                 registry: Optional[CollectorRegistry] = REGISTRY,
                 _labelvalues: Optional[Sequence[str]] = None,
                 multiprocess_mode: Literal['all', 'liveall', 'min', 'livemin', 'max', 'livemax', 'sum', 'livesum', 'mostrecent', 'livemostrecent'] = 'all',
                 ):
        self._multiprocess_mode = multiprocess_mode
        if multiprocess_mode not in self._MULTIPROC_MODES:
            raise ValueError('Invalid multiprocess mode: ' + multiprocess_mode)
>       super().__init__(
            name=name,
            documentation=documentation,
            labelnames=labelnames,
            namespace=namespace,
            subsystem=subsystem,
            unit=unit,
            registry=registry,
            _labelvalues=_labelvalues,
        )

C:\Users\sandr\AppData\Local\Programs\Python\Python313\Lib\site-packages\prometheus_client\metrics.py:376: 
_ _ _ _ _ _ _ _ _ _ _ _ _ _ _ _ _ _ _ _ _ _ _ _ _ _ _ _ _ _ _ _ _ _ _ _ _ _ _ _

self = prometheus_client.metrics.Gauge(virtualization-mcp_vm_count)
name = 'virtualization-mcp_vm_count', documentation = 'Number of VMs'
labelnames = (), namespace = '', subsystem = '', unit = ''
registry = <prometheus_client.registry.CollectorRegistry object at 0x00000202DF5727B0>
_labelvalues = None

    def __init__(self: T,
                 name: str,
                 documentation: str,
                 labelnames: Iterable[str] = (),
                 namespace: str = '',
                 subsystem: str = '',
                 unit: str = '',
                 registry: Optional[CollectorRegistry] = REGISTRY,
                 _labelvalues: Optional[Sequence[str]] = None,
                 ) -> None:
        self._name = _build_full_name(self._type, name, namespace, subsystem, unit)
        self._labelnames = _validate_labelnames(self, labelnames)
        self._labelvalues = tuple(_labelvalues or ())
        self._kwargs: Dict[str, Any] = {}
        self._documentation = documentation
        self._unit = unit
    
        _validate_metric_name(self._name)
    
        if self._is_parent():
            # Prepare the fields needed for child metrics.
            self._lock = Lock()
            self._metrics: Dict[Sequence[str], T] = {}
    
        if self._is_observable():
            self._metric_init()
    
        if not self._labelvalues:
            # Register the multi-wrapper parent metric, or if a label-less metric, the whole shebang.
            if registry:
>               registry.register(self)

C:\Users\sandr\AppData\Local\Programs\Python\Python313\Lib\site-packages\prometheus_client\metrics.py:132: 
_ _ _ _ _ _ _ _ _ _ _ _ _ _ _ _ _ _ _ _ _ _ _ _ _ _ _ _ _ _ _ _ _ _ _ _ _ _ _ _

self = <prometheus_client.registry.CollectorRegistry object at 0x00000202DF5727B0>
collector = prometheus_client.metrics.Gauge(virtualization-mcp_vm_count)

    def register(self, collector: Collector) -> None:
        """Add a collector to the registry."""
        with self._lock:
            names = self._get_names(collector)
            duplicates = set(self._names_to_collectors).intersection(names)
            if duplicates:
>               raise ValueError(
                    'Duplicated timeseries in CollectorRegistry: {}'.format(
                        duplicates))
E               ValueError: Duplicated timeseries in CollectorRegistry: {'virtualization-mcp_vm_count'}

C:\Users\sandr\AppData\Local\Programs\Python\Python313\Lib\site-packages\prometheus_client\registry.py:43: ValueError
______ TestMonitoringTools.test_get_monitoring_status_execution[asyncio] ______

self = <tests.test_coverage_boost_json_monitoring.TestMonitoringTools object at 0x00000202DECB0F30>

    @pytest.mark.asyncio
    async def test_get_monitoring_status_execution(self):
        """Test get_monitoring_status can be executed."""
        try:
>           from virtualization_mcp.tools.monitoring.monitoring_tools import (
                get_monitoring_status,
            )

..\virtualization-mcp\tests\test_coverage_boost_json_monitoring.py:202: 
_ _ _ _ _ _ _ _ _ _ _ _ _ _ _ _ _ _ _ _ _ _ _ _ _ _ _ _ _ _ _ _ _ _ _ _ _ _ _ _

    """
    Monitoring Tools for virtualization-mcp.
    
    This module provides monitoring and metrics collection tools for the virtualization-mcp system.
    """
    
    import logging
    from typing import Any
    
    from prometheus_client import Counter, Gauge, generate_latest, start_http_server
    
    logger = logging.getLogger(__name__)
    
    
    class MetricsManager:
        """Manages metrics collection and exposure for the virtualization-mcp system."""
    
        def __init__(self, config: dict[str, Any] | None = None):
            """Initialize the MetricsManager.
    
            Args:
                config: Configuration dictionary with optional keys:
                    - metrics_port: Port to expose metrics on (default: 8001)
                    - metrics_path: URL path for metrics (default: /metrics)
            """
            config = config or {}
            self.metrics_port = config.get("metrics_port", 8001)
            self.metrics_path = config.get("metrics_path", "/metrics")
            self.metrics: dict[str, Any] = {}
            self._setup_metrics()
    
        def _setup_metrics(self) -> None:
            """Set up Prometheus metrics."""
            # VM metrics
            self.metrics["vm_count"] = Gauge("virtualization-mcp_vm_count", "Number of VMs")
    
            self.metrics["vm_cpu_usage"] = Gauge(
                "virtualization-mcp_vm_cpu_usage_percent", "CPU usage percentage per VM", ["vm_name"]
            )
    
            self.metrics["vm_memory_usage"] = Gauge(
                "virtualization-mcp_vm_memory_usage_bytes", "Memory usage in bytes per VM", ["vm_name"]
            )
    
            # API metrics
            self.metrics["api_requests_total"] = Counter(
                "virtualization-mcp_api_requests_total",
                "Total number of API requests",
                ["endpoint", "method", "status"],
            )
    
            # Error metrics
            self.metrics["errors_total"] = Counter(
                "virtualization-mcp_errors_total", "Total number of errors", ["type"]
            )
    
            # Performance metrics
            self.metrics["request_duration_seconds"] = Gauge(
                "virtualization-mcp_request_duration_seconds",
                "Request duration in seconds",
                ["endpoint", "method"],
            )
    
            # Resource usage metrics
            self.metrics["system_cpu_usage"] = Gauge(
                "virtualization-mcp_system_cpu_usage_percent", "System CPU usage percentage"
            )
    
            self.metrics["system_memory_usage"] = Gauge(
                "virtualization-mcp_system_memory_usage_bytes", "System memory usage in bytes"
            )
    
            self.metrics["system_disk_usage"] = Gauge(
                "virtualization-mcp_system_disk_usage_bytes",
                "System disk usage in bytes",
                ["mount_point"],
            )
    
        def start_metrics_server(self) -> None:
            """Start the Prometheus metrics server."""
            try:
                start_http_server(self.metrics_port)
                logger.info(f"Metrics server started on port {self.metrics_port}")
            except Exception as e:
                logger.error(f"Failed to start metrics server: {e}")
    
        def record_api_request(self, endpoint: str, method: str, status_code: int) -> None:
            """Record an API request.
    
            Args:
                endpoint: The API endpoint that was called
                method: The HTTP method used (GET, POST, etc.)
                status_code: The HTTP status code returned
            """
            self.metrics["api_requests_total"].labels(
                endpoint=endpoint, method=method.upper(), status=status_code
            ).inc()
    
        def record_error(self, error_type: str) -> None:
            """Record an error.
    
            Args:
                error_type: The type of error that occurred
            """
            self.metrics["errors_total"].labels(type=error_type).inc()
    
        def update_vm_metrics(self, vm_name: str, cpu_usage: float, memory_usage: int) -> None:
            """Update VM-specific metrics.
    
            Args:
                vm_name: Name of the virtual machine
                cpu_usage: CPU usage percentage (0-100)
                memory_usage: Memory usage in bytes
            """
            self.metrics["vm_cpu_usage"].labels(vm_name=vm_name).set(cpu_usage)
            self.metrics["vm_memory_usage"].labels(vm_name=vm_name).set(memory_usage)
    
        def update_system_metrics(
            self, cpu_usage: float, memory_usage: int, disk_usage: dict[str, int]
        ) -> None:
            """Update system-wide metrics.
    
            Args:
                cpu_usage: System CPU usage percentage (0-100)
                memory_usage: System memory usage in bytes
                disk_usage: Dictionary mapping mount points to disk usage in bytes
            """
            self.metrics["system_cpu_usage"].set(cpu_usage)
            self.metrics["system_memory_usage"].set(memory_usage)
    
            # Update disk usage for each mount point
            for mount_point, usage in disk_usage.items():
                self.metrics["system_disk_usage"].labels(mount_point=mount_point).set(usage)
    
        def get_metrics(self) -> bytes:
            """Get the current metrics in Prometheus format.
    
            Returns:
                bytes: The metrics in Prometheus text format
            """
            return generate_latest()
    
    
    # Create a singleton instance
>   metrics_manager = MetricsManager()
                      ^^^^^^^^^^^^^^^^

..\virtualization-mcp\src\virtualization_mcp\tools\monitoring\monitoring_tools.py:145: 
_ _ _ _ _ _ _ _ _ _ _ _ _ _ _ _ _ _ _ _ _ _ _ _ _ _ _ _ _ _ _ _ _ _ _ _ _ _ _ _

self = <virtualization_mcp.tools.monitoring.monitoring_tools.MetricsManager object at 0x00000202E0FDD940>
config = {}

    def __init__(self, config: dict[str, Any] | None = None):
        """Initialize the MetricsManager.
    
        Args:
            config: Configuration dictionary with optional keys:
                - metrics_port: Port to expose metrics on (default: 8001)
                - metrics_path: URL path for metrics (default: /metrics)
        """
        config = config or {}
        self.metrics_port = config.get("metrics_port", 8001)
        self.metrics_path = config.get("metrics_path", "/metrics")
        self.metrics: dict[str, Any] = {}
>       self._setup_metrics()

..\virtualization-mcp\src\virtualization_mcp\tools\monitoring\monitoring_tools.py:30: 
_ _ _ _ _ _ _ _ _ _ _ _ _ _ _ _ _ _ _ _ _ _ _ _ _ _ _ _ _ _ _ _ _ _ _ _ _ _ _ _

self = <virtualization_mcp.tools.monitoring.monitoring_tools.MetricsManager object at 0x00000202E0FDD940>

    def _setup_metrics(self) -> None:
        """Set up Prometheus metrics."""
        # VM metrics
>       self.metrics["vm_count"] = Gauge("virtualization-mcp_vm_count", "Number of VMs")
                                   ^^^^^^^^^^^^^^^^^^^^^^^^^^^^^^^^^^^^^^^^^^^^^^^^^^^^^

..\virtualization-mcp\src\virtualization_mcp\tools\monitoring\monitoring_tools.py:35: 
_ _ _ _ _ _ _ _ _ _ _ _ _ _ _ _ _ _ _ _ _ _ _ _ _ _ _ _ _ _ _ _ _ _ _ _ _ _ _ _

self = prometheus_client.metrics.Gauge(virtualization-mcp_vm_count)
name = 'virtualization-mcp_vm_count', documentation = 'Number of VMs'
labelnames = (), namespace = '', subsystem = '', unit = ''
registry = <prometheus_client.registry.CollectorRegistry object at 0x00000202DF5727B0>
_labelvalues = None, multiprocess_mode = 'all'

    def __init__(self,
                 name: str,
                 documentation: str,
                 labelnames: Iterable[str] = (),
                 namespace: str = '',
                 subsystem: str = '',
                 unit: str = '',
                 registry: Optional[CollectorRegistry] = REGISTRY,
                 _labelvalues: Optional[Sequence[str]] = None,
                 multiprocess_mode: Literal['all', 'liveall', 'min', 'livemin', 'max', 'livemax', 'sum', 'livesum', 'mostrecent', 'livemostrecent'] = 'all',
                 ):
        self._multiprocess_mode = multiprocess_mode
        if multiprocess_mode not in self._MULTIPROC_MODES:
            raise ValueError('Invalid multiprocess mode: ' + multiprocess_mode)
>       super().__init__(
            name=name,
            documentation=documentation,
            labelnames=labelnames,
            namespace=namespace,
            subsystem=subsystem,
            unit=unit,
            registry=registry,
            _labelvalues=_labelvalues,
        )

C:\Users\sandr\AppData\Local\Programs\Python\Python313\Lib\site-packages\prometheus_client\metrics.py:376: 
_ _ _ _ _ _ _ _ _ _ _ _ _ _ _ _ _ _ _ _ _ _ _ _ _ _ _ _ _ _ _ _ _ _ _ _ _ _ _ _

self = prometheus_client.metrics.Gauge(virtualization-mcp_vm_count)
name = 'virtualization-mcp_vm_count', documentation = 'Number of VMs'
labelnames = (), namespace = '', subsystem = '', unit = ''
registry = <prometheus_client.registry.CollectorRegistry object at 0x00000202DF5727B0>
_labelvalues = None

    def __init__(self: T,
                 name: str,
                 documentation: str,
                 labelnames: Iterable[str] = (),
                 namespace: str = '',
                 subsystem: str = '',
                 unit: str = '',
                 registry: Optional[CollectorRegistry] = REGISTRY,
                 _labelvalues: Optional[Sequence[str]] = None,
                 ) -> None:
        self._name = _build_full_name(self._type, name, namespace, subsystem, unit)
        self._labelnames = _validate_labelnames(self, labelnames)
        self._labelvalues = tuple(_labelvalues or ())
        self._kwargs: Dict[str, Any] = {}
        self._documentation = documentation
        self._unit = unit
    
        _validate_metric_name(self._name)
    
        if self._is_parent():
            # Prepare the fields needed for child metrics.
            self._lock = Lock()
            self._metrics: Dict[Sequence[str], T] = {}
    
        if self._is_observable():
            self._metric_init()
    
        if not self._labelvalues:
            # Register the multi-wrapper parent metric, or if a label-less metric, the whole shebang.
            if registry:
>               registry.register(self)

C:\Users\sandr\AppData\Local\Programs\Python\Python313\Lib\site-packages\prometheus_client\metrics.py:132: 
_ _ _ _ _ _ _ _ _ _ _ _ _ _ _ _ _ _ _ _ _ _ _ _ _ _ _ _ _ _ _ _ _ _ _ _ _ _ _ _

self = <prometheus_client.registry.CollectorRegistry object at 0x00000202DF5727B0>
collector = prometheus_client.metrics.Gauge(virtualization-mcp_vm_count)

    def register(self, collector: Collector) -> None:
        """Add a collector to the registry."""
        with self._lock:
            names = self._get_names(collector)
            duplicates = set(self._names_to_collectors).intersection(names)
            if duplicates:
>               raise ValueError(
                    'Duplicated timeseries in CollectorRegistry: {}'.format(
                        duplicates))
E               ValueError: Duplicated timeseries in CollectorRegistry: {'virtualization-mcp_vm_count'}

C:\Users\sandr\AppData\Local\Programs\Python\Python313\Lib\site-packages\prometheus_client\registry.py:43: ValueError
__________ TestSecurityTestingTools.test_run_security_scan[asyncio] ___________

self = <tests.test_coverage_boost_json_monitoring.TestSecurityTestingTools object at 0x00000202DED09D10>

    @pytest.mark.asyncio
    async def test_run_security_scan(self):
        """Test run_security_scan function."""
        try:
            from virtualization_mcp.tools.security.security_testing_tools import (
                run_security_scan,
            )
    
            with patch("subprocess.run") as mock_run:
                mock_run.return_value = MagicMock(returncode=0, stdout="scan results")
>               result = await run_security_scan(vm_name="test-vm", scan_type="basic")
                               ^^^^^^^^^^^^^^^^^^^^^^^^^^^^^^^^^^^^^^^^^^^^^^^^^^^^^^^
E               TypeError: SecurityTester.run_security_scan() got an unexpected keyword argument 'vm_name'

..\virtualization-mcp\tests\test_coverage_boost_json_monitoring.py:239: TypeError
________ TestExceptionHierarchy.test_all_exceptions_inherit_from_base _________

self = <tests.test_coverage_boost_exceptions.TestExceptionHierarchy object at 0x00000202DED08CD0>

    def test_all_exceptions_inherit_from_base(self):
        """Test all custom exceptions inherit from VirtualizationMCPError."""
>       from virtualization_mcp.exceptions import (
            AuthenticationError,
            NetworkError,
            SnapshotError,
            StorageError,
            VBoxError,
            ValidationError,
            VirtualizationMCPError,
            VMNotFoundError,
        )
E       ImportError: cannot import name 'VBoxError' from 'virtualization_mcp.exceptions' (D:\Dev\repos\virtualization-mcp\tests\..\src\virtualization_mcp\exceptions.py)

..\virtualization-mcp\tests\test_coverage_boost_exceptions.py:146: ImportError
____________ TestExceptionHierarchy.test_exceptions_can_be_raised _____________

self = <tests.test_coverage_boost_exceptions.TestExceptionHierarchy object at 0x00000202DED08E10>

    def test_exceptions_can_be_raised(self):
        """Test exceptions can be raised and caught."""
>       from virtualization_mcp.exceptions import VBoxError
E       ImportError: cannot import name 'VBoxError' from 'virtualization_mcp.exceptions' (D:\Dev\repos\virtualization-mcp\tests\..\src\virtualization_mcp\exceptions.py)

..\virtualization-mcp\tests\test_coverage_boost_exceptions.py:167: ImportError
________ TestVirtualizationMCPExceptions.test_resource_exhausted_error ________

self = <tests.test_coverage_boost_exceptions.TestVirtualizationMCPExceptions object at 0x00000202DEB97A10>

    def test_resource_exhausted_error(self):
        """Test ResourceExhaustedError exception."""
        from virtualization_mcp.exceptions import ResourceExhaustedError
    
>       error = ResourceExhaustedError("Resources exhausted")
                ^^^^^^^^^^^^^^^^^^^^^^^^^^^^^^^^^^^^^^^^^^^^^
E       TypeError: ResourceExhaustedError.__init__() missing 1 required positional argument: 'limit'

..\virtualization-mcp\tests\test_coverage_boost_exceptions.py:123: TypeError
________ TestVirtualizationMCPExceptions.test_vm_already_exists_error _________

self = <tests.test_coverage_boost_exceptions.TestVirtualizationMCPExceptions object at 0x00000202DECFC640>

    def test_vm_already_exists_error(self):
        """Test VMAlreadyExistsError exception."""
>       from virtualization_mcp.exceptions import VMAlreadyExistsError
E       ImportError: cannot import name 'VMAlreadyExistsError' from 'virtualization_mcp.exceptions' (D:\Dev\repos\virtualization-mcp\tests\..\src\virtualization_mcp\exceptions.py)

..\virtualization-mcp\tests\test_coverage_boost_exceptions.py:37: ImportError
_______ TestVirtualizationMCPExceptions.test_service_unavailable_error ________

self = <tests.test_coverage_boost_exceptions.TestVirtualizationMCPExceptions object at 0x00000202DEB97950>

    def test_service_unavailable_error(self):
        """Test ServiceUnavailableError exception."""
>       from virtualization_mcp.exceptions import ServiceUnavailableError
E       ImportError: cannot import name 'ServiceUnavailableError' from 'virtualization_mcp.exceptions' (D:\Dev\repos\virtualization-mcp\tests\..\src\virtualization_mcp\exceptions.py)

..\virtualization-mcp\tests\test_coverage_boost_exceptions.py:114: ImportError
________ TestVirtualizationMCPExceptions.test_virtualization_mcp_error ________

self = <tests.test_coverage_boost_exceptions.TestVirtualizationMCPExceptions object at 0x00000202DED08A50>

    def test_virtualization_mcp_error(self):
        """Test base VirtualizationMCPError."""
>       from virtualization_mcp.exceptions import VirtualizationMCPError
E       ImportError: cannot import name 'VirtualizationMCPError' from 'virtualization_mcp.exceptions' (D:\Dev\repos\virtualization-mcp\tests\..\src\virtualization_mcp\exceptions.py)

..\virtualization-mcp\tests\test_coverage_boost_exceptions.py:15: ImportError
__________ TestVirtualizationMCPExceptions.test_invalid_state_error ___________

self = <tests.test_coverage_boost_exceptions.TestVirtualizationMCPExceptions object at 0x00000202DED0D5B0>

    def test_invalid_state_error(self):
        """Test InvalidStateError exception."""
        from virtualization_mcp.exceptions import InvalidStateError
    
>       error = InvalidStateError("Cannot perform action in current state")
                ^^^^^^^^^^^^^^^^^^^^^^^^^^^^^^^^^^^^^^^^^^^^^^^^^^^^^^^^^^^
E       TypeError: InvalidStateError.__init__() missing 1 required positional argument: 'current_state'

..\virtualization-mcp\tests\test_coverage_boost_exceptions.py:46: TypeError
____________ TestVirtualizationMCPExceptions.test_rate_limit_error ____________

self = <tests.test_coverage_boost_exceptions.TestVirtualizationMCPExceptions object at 0x00000202DECE8BB0>

    def test_rate_limit_error(self):
        """Test RateLimitError exception."""
>       from virtualization_mcp.exceptions import RateLimitError
E       ImportError: cannot import name 'RateLimitError' from 'virtualization_mcp.exceptions' (D:\Dev\repos\virtualization-mcp\tests\..\src\virtualization_mcp\exceptions.py)

..\virtualization-mcp\tests\test_coverage_boost_exceptions.py:107: ImportError
_____________ TestVirtualizationMCPExceptions.test_snapshot_error _____________

self = <tests.test_coverage_boost_exceptions.TestVirtualizationMCPExceptions object at 0x00000202DECB09E0>

    def test_snapshot_error(self):
        """Test SnapshotError exception."""
        from virtualization_mcp.exceptions import SnapshotError
    
>       error = SnapshotError("Snapshot operation failed")
                ^^^^^^^^^^^^^^^^^^^^^^^^^^^^^^^^^^^^^^^^^^
E       TypeError: SnapshotError.__init__() missing 1 required positional argument: 'error'

..\virtualization-mcp\tests\test_coverage_boost_exceptions.py:60: TypeError
_____________ TestVirtualizationMCPExceptions.test_timeout_error ______________

self = <tests.test_coverage_boost_exceptions.TestVirtualizationMCPExceptions object at 0x00000202DED1C140>

    def test_timeout_error(self):
        """Test TimeoutError exception."""
        from virtualization_mcp.exceptions import TimeoutError
    
>       error = TimeoutError("Operation timed out")
                ^^^^^^^^^^^^^^^^^^^^^^^^^^^^^^^^^^^
E       TypeError: TimeoutError.__init__() missing 1 required positional argument: 'timeout'

..\virtualization-mcp\tests\test_coverage_boost_exceptions.py:81: TypeError
______ TestVirtualizationMCPExceptions.test_invalid_configuration_error _______

self = <tests.test_coverage_boost_exceptions.TestVirtualizationMCPExceptions object at 0x00000202DECB08D0>

    def test_invalid_configuration_error(self):
        """Test InvalidConfigurationError exception."""
>       from virtualization_mcp.exceptions import InvalidConfigurationError
E       ImportError: cannot import name 'InvalidConfigurationError' from 'virtualization_mcp.exceptions' (D:\Dev\repos\virtualization-mcp\tests\..\src\virtualization_mcp\exceptions.py)

..\virtualization-mcp\tests\test_coverage_boost_exceptions.py:51: ImportError
_____________ TestVirtualizationMCPExceptions.test_network_error ______________

self = <tests.test_coverage_boost_exceptions.TestVirtualizationMCPExceptions object at 0x00000202DEBDA350>

    def test_network_error(self):
        """Test NetworkError exception."""
        from virtualization_mcp.exceptions import NetworkError
    
>       error = NetworkError("Network configuration failed")
                ^^^^^^^^^^^^^^^^^^^^^^^^^^^^^^^^^^^^^^^^^^^^
E       TypeError: NetworkError.__init__() missing 1 required positional argument: 'error'

..\virtualization-mcp\tests\test_coverage_boost_exceptions.py:67: TypeError
_______________ TestVirtualizationMCPExceptions.test_vbox_error _______________

self = <tests.test_coverage_boost_exceptions.TestVirtualizationMCPExceptions object at 0x00000202DED08B90>

    def test_vbox_error(self):
        """Test VBoxError exception."""
>       from virtualization_mcp.exceptions import VBoxError
E       ImportError: cannot import name 'VBoxError' from 'virtualization_mcp.exceptions' (D:\Dev\repos\virtualization-mcp\tests\..\src\virtualization_mcp\exceptions.py)

..\virtualization-mcp\tests\test_coverage_boost_exceptions.py:23: ImportError
_____________ TestVirtualizationMCPExceptions.test_storage_error ______________

self = <tests.test_coverage_boost_exceptions.TestVirtualizationMCPExceptions object at 0x00000202DEBDA450>

    def test_storage_error(self):
        """Test StorageError exception."""
        from virtualization_mcp.exceptions import StorageError
    
>       error = StorageError("Storage operation failed")
                ^^^^^^^^^^^^^^^^^^^^^^^^^^^^^^^^^^^^^^^^
E       TypeError: StorageError.__init__() missing 1 required positional argument: 'error'

..\virtualization-mcp\tests\test_coverage_boost_exceptions.py:74: TypeError
____________ TestVirtualizationMCPExceptions.test_vm_manager_error ____________

self = <tests.test_coverage_boost_exceptions.TestVirtualizationMCPExceptions object at 0x00000202DEC99440>

    def test_vm_manager_error(self):
        """Test VMManagerError exception."""
        from virtualization_mcp.exceptions import VMManagerError
    
>       error = VMManagerError("VM Manager error")
                ^^^^^^^^^^^^^^^^^^^^^^^^^^^^^^^^^^
E       TypeError: VMManagerError.__init__() missing 1 required positional argument: 'error'

..\virtualization-mcp\tests\test_coverage_boost_exceptions.py:137: TypeError
______ TestWindowsSandboxHelper.test_sandbox_helper_check_prerequisites _______

self = <tests.test_coverage_boost_utils.TestWindowsSandboxHelper object at 0x00000202DED807D0>

    @pytest.mark.skipif(
        os.name != "nt", reason="Windows Sandbox only available on Windows"
    )
    def test_sandbox_helper_check_prerequisites(self):
        """Test check_prerequisites method."""
        from virtualization_mcp.utils.windows_sandbox_helper import WindowsSandboxHelper
    
        helper = WindowsSandboxHelper()
>       result = helper.check_prerequisites()
                 ^^^^^^^^^^^^^^^^^^^^^^^^^^
E       AttributeError: 'WindowsSandboxHelper' object has no attribute 'check_prerequisites'

..\virtualization-mcp\tests\test_coverage_boost_utils.py:313: AttributeError
_______________________ TestHelpers.test_parse_vm_info ________________________

self = <tests.test_coverage_boost_utils.TestHelpers object at 0x00000202DED7C050>

    def test_parse_vm_info(self):
        """Test parse_vm_info parses VBoxManage output."""
>       from virtualization_mcp.utils.helpers import parse_vm_info
E       ImportError: cannot import name 'parse_vm_info' from 'virtualization_mcp.utils.helpers' (D:\Dev\repos\virtualization-mcp\tests\..\src\virtualization_mcp\utils\helpers.py)

..\virtualization-mcp\tests\test_coverage_boost_utils.py:107: ImportError
______________________ TestHelpers.test_sanitize_vm_name ______________________

self = <tests.test_coverage_boost_utils.TestHelpers object at 0x00000202DECB1480>

    def test_sanitize_vm_name(self):
        """Test sanitize_vm_name removes invalid characters."""
>       from virtualization_mcp.utils.helpers import sanitize_vm_name
E       ImportError: cannot import name 'sanitize_vm_name' from 'virtualization_mcp.utils.helpers' (D:\Dev\repos\virtualization-mcp\tests\..\src\virtualization_mcp\utils\helpers.py)

..\virtualization-mcp\tests\test_coverage_boost_utils.py:127: ImportError
_______________________ TestHelpers.test_get_vbox_home ________________________

self = <tests.test_coverage_boost_utils.TestHelpers object at 0x00000202DECFDA70>

    def test_get_vbox_home(self):
        """Test get_vbox_home returns path."""
        from virtualization_mcp.utils.helpers import get_vbox_home
    
        with patch.dict(os.environ, {"VBOX_USER_HOME": "/test/vbox"}):
            result = get_vbox_home()
>           assert result == "/test/vbox"
E           AssertionError: assert WindowsPath('C:/Program Files/Oracle/VirtualBox') == '/test/vbox'

..\virtualization-mcp\tests\test_coverage_boost_utils.py:93: AssertionError
______________ TestHelpers.test_ensure_dir_exists_already_exists ______________

self = <tests.test_coverage_boost_utils.TestHelpers object at 0x00000202DED0BD90>

    def test_ensure_dir_exists_already_exists(self):
        """Test ensure_dir_exists with existing directory."""
        from virtualization_mcp.utils.helpers import ensure_dir_exists
    
        test_dir = Path("test_temp_dir_existing")
        try:
            test_dir.mkdir(exist_ok=True)
>           result = ensure_dir_exists(str(test_dir))
                     ^^^^^^^^^^^^^^^^^^^^^^^^^^^^^^^^

..\virtualization-mcp\tests\test_coverage_boost_utils.py:80: 
_ _ _ _ _ _ _ _ _ _ _ _ _ _ _ _ _ _ _ _ _ _ _ _ _ _ _ _ _ _ _ _ _ _ _ _ _ _ _ _

path = 'test_temp_dir_existing'

    def ensure_dir_exists(path: Path) -> Path:
        """
        Ensure that the specified directory exists.
    
        Args:
            path: Path to the directory.
    
        Returns:
            Path: The same path, after ensuring it exists.
        """
>       path.mkdir(parents=True, exist_ok=True)
        ^^^^^^^^^^
E       AttributeError: 'str' object has no attribute 'mkdir'

..\virtualization-mcp\src\virtualization_mcp\utils\helpers.py:82: AttributeError
________________________ TestHelpers.test_format_bytes ________________________

self = <tests.test_coverage_boost_utils.TestHelpers object at 0x00000202DECB1370>

    def test_format_bytes(self):
        """Test format_bytes converts bytes to human readable."""
>       from virtualization_mcp.utils.helpers import format_bytes
E       ImportError: cannot import name 'format_bytes' from 'virtualization_mcp.utils.helpers' (D:\Dev\repos\virtualization-mcp\tests\..\src\virtualization_mcp\utils\helpers.py)

..\virtualization-mcp\tests\test_coverage_boost_utils.py:120: ImportError
_____________________ TestHelpers.test_ensure_dir_exists ______________________

self = <tests.test_coverage_boost_utils.TestHelpers object at 0x00000202DED0BC50>

    def test_ensure_dir_exists(self):
        """Test ensure_dir_exists creates directory."""
        from virtualization_mcp.utils.helpers import ensure_dir_exists
    
        test_dir = Path("test_temp_dir_12345")
        try:
>           result = ensure_dir_exists(str(test_dir))
                     ^^^^^^^^^^^^^^^^^^^^^^^^^^^^^^^^

..\virtualization-mcp\tests\test_coverage_boost_utils.py:66: 
_ _ _ _ _ _ _ _ _ _ _ _ _ _ _ _ _ _ _ _ _ _ _ _ _ _ _ _ _ _ _ _ _ _ _ _ _ _ _ _

path = 'test_temp_dir_12345'

    def ensure_dir_exists(path: Path) -> Path:
        """
        Ensure that the specified directory exists.
    
        Args:
            path: Path to the directory.
    
        Returns:
            Path: The same path, after ensuring it exists.
        """
>       path.mkdir(parents=True, exist_ok=True)
        ^^^^^^^^^^
E       AttributeError: 'str' object has no attribute 'mkdir'

..\virtualization-mcp\src\virtualization_mcp\utils\helpers.py:82: AttributeError
_________________ TestRateLimiter.test_rate_limiter_decorator _________________

self = <tests.test_coverage_boost_utils.TestRateLimiter object at 0x00000202DECFDE00>

    def test_rate_limiter_decorator(self):
        """Test rate_limit decorator."""
>       from virtualization_mcp.utils.rate_limiter import rate_limit
E       ImportError: cannot import name 'rate_limit' from 'virtualization_mcp.utils.rate_limiter' (D:\Dev\repos\virtualization-mcp\tests\..\src\virtualization_mcp\utils\rate_limiter.py)

..\virtualization-mcp\tests\test_coverage_boost_utils.py:165: ImportError
_______________ TestRateLimiter.test_rate_limiter_allows_calls ________________

self = <tests.test_coverage_boost_utils.TestRateLimiter object at 0x00000202DED80050>

    def test_rate_limiter_allows_calls(self):
        """Test RateLimiter allows calls within limit."""
        from virtualization_mcp.utils.rate_limiter import RateLimiter
    
        limiter = RateLimiter(max_calls=2, period=1)
>       assert limiter.is_allowed() is True
               ^^^^^^^^^^^^^^^^^^
E       AttributeError: 'RateLimiter' object has no attribute 'is_allowed'

..\virtualization-mcp\tests\test_coverage_boost_utils.py:150: AttributeError
___________________ TestRateLimiter.test_rate_limiter_reset ___________________

self = <tests.test_coverage_boost_utils.TestRateLimiter object at 0x00000202DED7D130>

    def test_rate_limiter_reset(self):
        """Test RateLimiter reset functionality."""
        from virtualization_mcp.utils.rate_limiter import RateLimiter
    
        limiter = RateLimiter(max_calls=1, period=10)
>       limiter.is_allowed()
        ^^^^^^^^^^^^^^^^^^
E       AttributeError: 'RateLimiter' object has no attribute 'is_allowed'

..\virtualization-mcp\tests\test_coverage_boost_utils.py:184: AttributeError
____________ TestRateLimiter.test_rate_limiter_blocks_excess_calls ____________

self = <tests.test_coverage_boost_utils.TestRateLimiter object at 0x00000202DECFDCD0>

    def test_rate_limiter_blocks_excess_calls(self):
        """Test RateLimiter blocks calls over limit."""
        from virtualization_mcp.utils.rate_limiter import RateLimiter
    
        limiter = RateLimiter(max_calls=1, period=10)
>       assert limiter.is_allowed() is True
               ^^^^^^^^^^^^^^^^^^
E       AttributeError: 'RateLimiter' object has no attribute 'is_allowed'

..\virtualization-mcp\tests\test_coverage_boost_utils.py:158: AttributeError
______________________ TestVMStatus.test_parse_vm_state _______________________

self = <tests.test_coverage_boost_utils.TestVMStatus object at 0x00000202DED80550>

    def test_parse_vm_state(self):
        """Test parse_vm_state converts string to enum."""
>       from virtualization_mcp.utils.vm_status import parse_vm_state
E       ImportError: cannot import name 'parse_vm_state' from 'virtualization_mcp.utils.vm_status' (D:\Dev\repos\virtualization-mcp\tests\..\src\virtualization_mcp\utils\vm_status.py)

..\virtualization-mcp\tests\test_coverage_boost_utils.py:241: ImportError
_______________________ TestVMStatus.test_get_vm_uptime _______________________

self = <tests.test_coverage_boost_utils.TestVMStatus object at 0x00000202DEBDB150>

    def test_get_vm_uptime(self):
        """Test get_vm_uptime calculation."""
>       from virtualization_mcp.utils.vm_status import get_vm_uptime
E       ImportError: cannot import name 'get_vm_uptime' from 'virtualization_mcp.utils.vm_status' (D:\Dev\repos\virtualization-mcp\tests\..\src\virtualization_mcp\utils\vm_status.py)

..\virtualization-mcp\tests\test_coverage_boost_utils.py:285: ImportError
___________________ TestVMStatus.test_vm_state_enum_values ____________________

self = <tests.test_coverage_boost_utils.TestVMStatus object at 0x00000202DED80410>

    def test_vm_state_enum_values(self):
        """Test VMState enum has expected values."""
>       from virtualization_mcp.utils.vm_status import VMState
E       ImportError: cannot import name 'VMState' from 'virtualization_mcp.utils.vm_status' (D:\Dev\repos\virtualization-mcp\tests\..\src\virtualization_mcp\utils\vm_status.py)

..\virtualization-mcp\tests\test_coverage_boost_utils.py:234: ImportError
___________________ TestVMStatus.test_parse_vm_state_paused ___________________

self = <tests.test_coverage_boost_utils.TestVMStatus object at 0x00000202DECFE190>

    def test_parse_vm_state_paused(self):
        """Test parse_vm_state with paused state."""
>       from virtualization_mcp.utils.vm_status import parse_vm_state
E       ImportError: cannot import name 'parse_vm_state' from 'virtualization_mcp.utils.vm_status' (D:\Dev\repos\virtualization-mcp\tests\..\src\virtualization_mcp\utils\vm_status.py)

..\virtualization-mcp\tests\test_coverage_boost_utils.py:255: ImportError
____________________ TestVMStatus.test_vm_state_to_string _____________________

self = <tests.test_coverage_boost_utils.TestVMStatus object at 0x00000202DECB16A0>

    def test_vm_state_to_string(self):
        """Test vm_state_to_string converts enum to string."""
>       from virtualization_mcp.utils.vm_status import VMState, vm_state_to_string
E       ImportError: cannot import name 'VMState' from 'virtualization_mcp.utils.vm_status' (D:\Dev\repos\virtualization-mcp\tests\..\src\virtualization_mcp\utils\vm_status.py)

..\virtualization-mcp\tests\test_coverage_boost_utils.py:277: ImportError
________________ TestVMStatus.test_parse_vm_state_powered_off _________________

self = <tests.test_coverage_boost_utils.TestVMStatus object at 0x00000202DECFE060>

    def test_parse_vm_state_powered_off(self):
        """Test parse_vm_state with powered off state."""
>       from virtualization_mcp.utils.vm_status import parse_vm_state
E       ImportError: cannot import name 'parse_vm_state' from 'virtualization_mcp.utils.vm_status' (D:\Dev\repos\virtualization-mcp\tests\..\src\virtualization_mcp\utils\vm_status.py)

..\virtualization-mcp\tests\test_coverage_boost_utils.py:248: ImportError
__________________ TestVMStatus.test_get_vm_state_from_info ___________________

self = <tests.test_coverage_boost_utils.TestVMStatus object at 0x00000202DECB1590>

    def test_get_vm_state_from_info(self):
        """Test get_vm_state_from_info extracts state from VM info."""
>       from virtualization_mcp.utils.vm_status import get_vm_state_from_info
E       ImportError: cannot import name 'get_vm_state_from_info' from 'virtualization_mcp.utils.vm_status' (D:\Dev\repos\virtualization-mcp\tests\..\src\virtualization_mcp\utils\vm_status.py)

..\virtualization-mcp\tests\test_coverage_boost_utils.py:269: ImportError
______________________ TestLoggingUtils.test_get_logger _______________________

self = <tests.test_coverage_boost_utils.TestLoggingUtils object at 0x00000202DECFD940>

    def test_get_logger(self):
        """Test get_logger function."""
>       from virtualization_mcp.utils.logging_utils import get_logger
E       ImportError: cannot import name 'get_logger' from 'virtualization_mcp.utils.logging_utils' (D:\Dev\repos\virtualization-mcp\tests\..\src\virtualization_mcp\utils\logging_utils.py)

..\virtualization-mcp\tests\test_coverage_boost_utils.py:50: ImportError
_______________ TestLoggingUtils.test_setup_logging_with_level ________________

self = <tests.test_coverage_boost_utils.TestLoggingUtils object at 0x00000202DECFD810>

    def test_setup_logging_with_level(self):
        """Test setup_logging with custom level."""
        from virtualization_mcp.utils.logging_utils import setup_logging
    
>       logger = setup_logging(level="DEBUG")
                 ^^^^^^^^^^^^^^^^^^^^^^^^^^^^
E       TypeError: setup_logging() got an unexpected keyword argument 'level'

..\virtualization-mcp\tests\test_coverage_boost_utils.py:44: TypeError
_________________ TestLoggingUtils.test_setup_logging_default _________________

self = <tests.test_coverage_boost_utils.TestLoggingUtils object at 0x00000202DED0B9D0>

    def test_setup_logging_default(self):
        """Test setup_logging with default parameters."""
        from virtualization_mcp.utils.logging_utils import setup_logging
    
        logger = setup_logging()
>       assert logger is not None
E       assert None is not None

..\virtualization-mcp\tests\test_coverage_boost_utils.py:29: AssertionError
________________ TestLoggingUtils.test_setup_logging_with_name ________________

self = <tests.test_coverage_boost_utils.TestLoggingUtils object at 0x00000202DED0BB10>

    def test_setup_logging_with_name(self):
        """Test setup_logging with custom name."""
        from virtualization_mcp.utils.logging_utils import setup_logging
    
>       logger = setup_logging(name="test_logger")
                 ^^^^^^^^^^^^^^^^^^^^^^^^^^^^^^^^^
E       TypeError: setup_logging() got an unexpected keyword argument 'name'

..\virtualization-mcp\tests\test_coverage_boost_utils.py:36: TypeError
________________ TestSignalHandlers.test_setup_signal_handlers ________________

self = <tests.test_coverage_boost_utils.TestSignalHandlers object at 0x00000202DED80190>

    def test_setup_signal_handlers(self):
        """Test setup_signal_handlers registers handlers."""
>       from virtualization_mcp.utils.signal_handlers import setup_signal_handlers
E       ImportError: cannot import name 'setup_signal_handlers' from 'virtualization_mcp.utils.signal_handlers' (D:\Dev\repos\virtualization-mcp\tests\..\src\virtualization_mcp\utils\signal_handlers.py)

..\virtualization-mcp\tests\test_coverage_boost_utils.py:194: ImportError
______________ TestSignalHandlers.test_graceful_shutdown_handler ______________

self = <tests.test_coverage_boost_utils.TestSignalHandlers object at 0x00000202DED802D0>

    def test_graceful_shutdown_handler(self):
        """Test graceful_shutdown_handler."""
>       from virtualization_mcp.utils.signal_handlers import graceful_shutdown_handler
E       ImportError: cannot import name 'graceful_shutdown_handler' from 'virtualization_mcp.utils.signal_handlers' (D:\Dev\repos\virtualization-mcp\tests\..\src\virtualization_mcp\utils\signal_handlers.py)

..\virtualization-mcp\tests\test_coverage_boost_utils.py:203: ImportError
____________ TestSignalHandlers.test_signal_handler_with_callback _____________

self = <tests.test_coverage_boost_utils.TestSignalHandlers object at 0x00000202DECFDF30>

    def test_signal_handler_with_callback(self):
        """Test signal handler with callback function."""
>       from virtualization_mcp.utils.signal_handlers import setup_signal_handlers
E       ImportError: cannot import name 'setup_signal_handlers' from 'virtualization_mcp.utils.signal_handlers' (D:\Dev\repos\virtualization-mcp\tests\..\src\virtualization_mcp\utils\signal_handlers.py)

..\virtualization-mcp\tests\test_coverage_boost_utils.py:215: ImportError
____________ TestMonitoringTools.test_get_monitoring_status_exists ____________

self = <tests.test_coverage_boost_json_monitoring.TestMonitoringTools object at 0x00000202DECFCE90>

    def test_get_monitoring_status_exists(self):
        """Test get_monitoring_status tool is defined."""
        try:
>           from virtualization_mcp.tools.monitoring.monitoring_tools import (
                get_monitoring_status,
            )

..\virtualization-mcp\tests\test_coverage_boost_json_monitoring.py:160: 
_ _ _ _ _ _ _ _ _ _ _ _ _ _ _ _ _ _ _ _ _ _ _ _ _ _ _ _ _ _ _ _ _ _ _ _ _ _ _ _

    """
    Monitoring Tools for virtualization-mcp.
    
    This module provides monitoring and metrics collection tools for the virtualization-mcp system.
    """
    
    import logging
    from typing import Any
    
    from prometheus_client import Counter, Gauge, generate_latest, start_http_server
    
    logger = logging.getLogger(__name__)
    
    
    class MetricsManager:
        """Manages metrics collection and exposure for the virtualization-mcp system."""
    
        def __init__(self, config: dict[str, Any] | None = None):
            """Initialize the MetricsManager.
    
            Args:
                config: Configuration dictionary with optional keys:
                    - metrics_port: Port to expose metrics on (default: 8001)
                    - metrics_path: URL path for metrics (default: /metrics)
            """
            config = config or {}
            self.metrics_port = config.get("metrics_port", 8001)
            self.metrics_path = config.get("metrics_path", "/metrics")
            self.metrics: dict[str, Any] = {}
            self._setup_metrics()
    
        def _setup_metrics(self) -> None:
            """Set up Prometheus metrics."""
            # VM metrics
            self.metrics["vm_count"] = Gauge("virtualization-mcp_vm_count", "Number of VMs")
    
            self.metrics["vm_cpu_usage"] = Gauge(
                "virtualization-mcp_vm_cpu_usage_percent", "CPU usage percentage per VM", ["vm_name"]
            )
    
            self.metrics["vm_memory_usage"] = Gauge(
                "virtualization-mcp_vm_memory_usage_bytes", "Memory usage in bytes per VM", ["vm_name"]
            )
    
            # API metrics
            self.metrics["api_requests_total"] = Counter(
                "virtualization-mcp_api_requests_total",
                "Total number of API requests",
                ["endpoint", "method", "status"],
            )
    
            # Error metrics
            self.metrics["errors_total"] = Counter(
                "virtualization-mcp_errors_total", "Total number of errors", ["type"]
            )
    
            # Performance metrics
            self.metrics["request_duration_seconds"] = Gauge(
                "virtualization-mcp_request_duration_seconds",
                "Request duration in seconds",
                ["endpoint", "method"],
            )
    
            # Resource usage metrics
            self.metrics["system_cpu_usage"] = Gauge(
                "virtualization-mcp_system_cpu_usage_percent", "System CPU usage percentage"
            )
    
            self.metrics["system_memory_usage"] = Gauge(
                "virtualization-mcp_system_memory_usage_bytes", "System memory usage in bytes"
            )
    
            self.metrics["system_disk_usage"] = Gauge(
                "virtualization-mcp_system_disk_usage_bytes",
                "System disk usage in bytes",
                ["mount_point"],
            )
    
        def start_metrics_server(self) -> None:
            """Start the Prometheus metrics server."""
            try:
                start_http_server(self.metrics_port)
                logger.info(f"Metrics server started on port {self.metrics_port}")
            except Exception as e:
                logger.error(f"Failed to start metrics server: {e}")
    
        def record_api_request(self, endpoint: str, method: str, status_code: int) -> None:
            """Record an API request.
    
            Args:
                endpoint: The API endpoint that was called
                method: The HTTP method used (GET, POST, etc.)
                status_code: The HTTP status code returned
            """
            self.metrics["api_requests_total"].labels(
                endpoint=endpoint, method=method.upper(), status=status_code
            ).inc()
    
        def record_error(self, error_type: str) -> None:
            """Record an error.
    
            Args:
                error_type: The type of error that occurred
            """
            self.metrics["errors_total"].labels(type=error_type).inc()
    
        def update_vm_metrics(self, vm_name: str, cpu_usage: float, memory_usage: int) -> None:
            """Update VM-specific metrics.
    
            Args:
                vm_name: Name of the virtual machine
                cpu_usage: CPU usage percentage (0-100)
                memory_usage: Memory usage in bytes
            """
            self.metrics["vm_cpu_usage"].labels(vm_name=vm_name).set(cpu_usage)
            self.metrics["vm_memory_usage"].labels(vm_name=vm_name).set(memory_usage)
    
        def update_system_metrics(
            self, cpu_usage: float, memory_usage: int, disk_usage: dict[str, int]
        ) -> None:
            """Update system-wide metrics.
    
            Args:
                cpu_usage: System CPU usage percentage (0-100)
                memory_usage: System memory usage in bytes
                disk_usage: Dictionary mapping mount points to disk usage in bytes
            """
            self.metrics["system_cpu_usage"].set(cpu_usage)
            self.metrics["system_memory_usage"].set(memory_usage)
    
            # Update disk usage for each mount point
            for mount_point, usage in disk_usage.items():
                self.metrics["system_disk_usage"].labels(mount_point=mount_point).set(usage)
    
        def get_metrics(self) -> bytes:
            """Get the current metrics in Prometheus format.
    
            Returns:
                bytes: The metrics in Prometheus text format
            """
            return generate_latest()
    
    
    # Create a singleton instance
>   metrics_manager = MetricsManager()
                      ^^^^^^^^^^^^^^^^

..\virtualization-mcp\src\virtualization_mcp\tools\monitoring\monitoring_tools.py:145: 
_ _ _ _ _ _ _ _ _ _ _ _ _ _ _ _ _ _ _ _ _ _ _ _ _ _ _ _ _ _ _ _ _ _ _ _ _ _ _ _

self = <virtualization_mcp.tools.monitoring.monitoring_tools.MetricsManager object at 0x00000202E142A7B0>
config = {}

    def __init__(self, config: dict[str, Any] | None = None):
        """Initialize the MetricsManager.
    
        Args:
            config: Configuration dictionary with optional keys:
                - metrics_port: Port to expose metrics on (default: 8001)
                - metrics_path: URL path for metrics (default: /metrics)
        """
        config = config or {}
        self.metrics_port = config.get("metrics_port", 8001)
        self.metrics_path = config.get("metrics_path", "/metrics")
        self.metrics: dict[str, Any] = {}
>       self._setup_metrics()

..\virtualization-mcp\src\virtualization_mcp\tools\monitoring\monitoring_tools.py:30: 
_ _ _ _ _ _ _ _ _ _ _ _ _ _ _ _ _ _ _ _ _ _ _ _ _ _ _ _ _ _ _ _ _ _ _ _ _ _ _ _

self = <virtualization_mcp.tools.monitoring.monitoring_tools.MetricsManager object at 0x00000202E142A7B0>

    def _setup_metrics(self) -> None:
        """Set up Prometheus metrics."""
        # VM metrics
>       self.metrics["vm_count"] = Gauge("virtualization-mcp_vm_count", "Number of VMs")
                                   ^^^^^^^^^^^^^^^^^^^^^^^^^^^^^^^^^^^^^^^^^^^^^^^^^^^^^

..\virtualization-mcp\src\virtualization_mcp\tools\monitoring\monitoring_tools.py:35: 
_ _ _ _ _ _ _ _ _ _ _ _ _ _ _ _ _ _ _ _ _ _ _ _ _ _ _ _ _ _ _ _ _ _ _ _ _ _ _ _

self = prometheus_client.metrics.Gauge(virtualization-mcp_vm_count)
name = 'virtualization-mcp_vm_count', documentation = 'Number of VMs'
labelnames = (), namespace = '', subsystem = '', unit = ''
registry = <prometheus_client.registry.CollectorRegistry object at 0x00000202DF5727B0>
_labelvalues = None, multiprocess_mode = 'all'

    def __init__(self,
                 name: str,
                 documentation: str,
                 labelnames: Iterable[str] = (),
                 namespace: str = '',
                 subsystem: str = '',
                 unit: str = '',
                 registry: Optional[CollectorRegistry] = REGISTRY,
                 _labelvalues: Optional[Sequence[str]] = None,
                 multiprocess_mode: Literal['all', 'liveall', 'min', 'livemin', 'max', 'livemax', 'sum', 'livesum', 'mostrecent', 'livemostrecent'] = 'all',
                 ):
        self._multiprocess_mode = multiprocess_mode
        if multiprocess_mode not in self._MULTIPROC_MODES:
            raise ValueError('Invalid multiprocess mode: ' + multiprocess_mode)
>       super().__init__(
            name=name,
            documentation=documentation,
            labelnames=labelnames,
            namespace=namespace,
            subsystem=subsystem,
            unit=unit,
            registry=registry,
            _labelvalues=_labelvalues,
        )

C:\Users\sandr\AppData\Local\Programs\Python\Python313\Lib\site-packages\prometheus_client\metrics.py:376: 
_ _ _ _ _ _ _ _ _ _ _ _ _ _ _ _ _ _ _ _ _ _ _ _ _ _ _ _ _ _ _ _ _ _ _ _ _ _ _ _

self = prometheus_client.metrics.Gauge(virtualization-mcp_vm_count)
name = 'virtualization-mcp_vm_count', documentation = 'Number of VMs'
labelnames = (), namespace = '', subsystem = '', unit = ''
registry = <prometheus_client.registry.CollectorRegistry object at 0x00000202DF5727B0>
_labelvalues = None

    def __init__(self: T,
                 name: str,
                 documentation: str,
                 labelnames: Iterable[str] = (),
                 namespace: str = '',
                 subsystem: str = '',
                 unit: str = '',
                 registry: Optional[CollectorRegistry] = REGISTRY,
                 _labelvalues: Optional[Sequence[str]] = None,
                 ) -> None:
        self._name = _build_full_name(self._type, name, namespace, subsystem, unit)
        self._labelnames = _validate_labelnames(self, labelnames)
        self._labelvalues = tuple(_labelvalues or ())
        self._kwargs: Dict[str, Any] = {}
        self._documentation = documentation
        self._unit = unit
    
        _validate_metric_name(self._name)
    
        if self._is_parent():
            # Prepare the fields needed for child metrics.
            self._lock = Lock()
            self._metrics: Dict[Sequence[str], T] = {}
    
        if self._is_observable():
            self._metric_init()
    
        if not self._labelvalues:
            # Register the multi-wrapper parent metric, or if a label-less metric, the whole shebang.
            if registry:
>               registry.register(self)

C:\Users\sandr\AppData\Local\Programs\Python\Python313\Lib\site-packages\prometheus_client\metrics.py:132: 
_ _ _ _ _ _ _ _ _ _ _ _ _ _ _ _ _ _ _ _ _ _ _ _ _ _ _ _ _ _ _ _ _ _ _ _ _ _ _ _

self = <prometheus_client.registry.CollectorRegistry object at 0x00000202DF5727B0>
[...]
D:\Dev\repos\virtualization-mcp\src\virtualization_mcp\services\template_manager.py                   77     36    53%   37-38, 44-46, 70, 85-86, 92-93, 107, 118-131, 142-163
D:\Dev\repos\virtualization-mcp\src\virtualization_mcp\services\vm\audio.py                           43     36    16%   17-111
D:\Dev\repos\virtualization-mcp\src\virtualization_mcp\services\vm\devices.py                        374    301    20%   59-63, 110-112, 164-178, 187-234, 240-267, 301-313, 320-351, 355-375, 406-420, 426-482, 488-524, 555-567, 573-609, 615-639, 643-727, 739-756, 793-807, 813-900, 906-965, 1007-1025, 1040-1045
D:\Dev\repos\virtualization-mcp\src\virtualization_mcp\services\vm\devices_hyperv.py                  30     22    27%   29-124
D:\Dev\repos\virtualization-mcp\src\virtualization_mcp\services\vm\lifecycle.py                      134     65    51%   90-91, 116-117, 121-123, 181, 189, 209-210, 233, 311, 335-372, 448, 456, 462, 468-469, 489-490, 494, 498-510, 589-654
D:\Dev\repos\virtualization-mcp\src\virtualization_mcp\services\vm\metrics.py                        203     99    51%   134, 139, 172-174, 192-193, 196-197, 201-338, 377-381, 411-415, 429-434, 438-443
D:\Dev\repos\virtualization-mcp\src\virtualization_mcp\services\vm\network\adapters.py                41     32    22%   37-54, 79-125
D:\Dev\repos\virtualization-mcp\src\virtualization_mcp\services\vm\network\forwarding.py              36     27    25%   37-75, 102-128
D:\Dev\repos\virtualization-mcp\src\virtualization_mcp\services\vm\network\service.py                 27     12    56%   43, 59, 75-76, 89-90, 108, 124, 141-151
D:\Dev\repos\virtualization-mcp\src\virtualization_mcp\services\vm\network\utils.py                   36     29    19%   21-25, 39-40, 58-75, 89-92, 106-114
D:\Dev\repos\virtualization-mcp\src\virtualization_mcp\services\vm\sandbox.py                        150    141     6%   20-522
D:\Dev\repos\virtualization-mcp\src\virtualization_mcp\services\vm\snapshots.py                       80     67    16%   66-104, 157-208, 256-290, 361-398
D:\Dev\repos\virtualization-mcp\src\virtualization_mcp\services\vm\storage.py                         75     55    27%   20-24, 90-154, 190-223, 237-242, 255-260
D:\Dev\repos\virtualization-mcp\src\virtualization_mcp\services\vm\system.py                          67     58    13%   19-188
D:\Dev\repos\virtualization-mcp\src\virtualization_mcp\services\vm\templates.py                      135     66    51%   27-29, 109, 111, 116, 133, 170-174, 219, 221, 229-298, 305, 308-317, 328-330, 336-337
D:\Dev\repos\virtualization-mcp\src\virtualization_mcp\services\vm\video.py                           64     57    11%   17-141
D:\Dev\repos\virtualization-mcp\src\virtualization_mcp\services\vm_service.py                        436    323    26%   145-146, 171, 175, 184-186, 244-296, 368, 376, 392-425, 511, 536-567, 658-659, 667, 696, 702, 709-711, 765-804, 887, 893-894, 912-914, 966-1003, 1051-1078, 1150-1181, 1231-1258, 1313-1337, 1410-1436, 1471-1496, 1529-1554, 1588-1617, 1660-1713, 1747-1791, 1829-1881, 1915-1920, 1941-1946, 1979-1987, 2010-2015, 2041-2046, 2059-2068, 2091-2101, 2122-2131, 2144-2154, 2179-2189, 2202-2212, 2235-2245, 2255-2273, 2294-2312
D:\Dev\repos\virtualization-mcp\src\virtualization_mcp\tools\agentic_tools.py                         46     35    24%   44-50, 58-90, 102-148, 153-175
D:\Dev\repos\virtualization-mcp\src\virtualization_mcp\tools\backup\backup_tools.py                  200    160    20%   36-40, 50-51, 69-74, 86-95, 108-184, 196-217, 229-255, 282, 294, 306-310, 322, 338-398, 411-458
D:\Dev\repos\virtualization-mcp\src\virtualization_mcp\tools\dev\documentation_tools.py              125     65    48%   83, 102-171, 187-189, 198-199, 207-267, 283, 292, 301
D:\Dev\repos\virtualization-mcp\src\virtualization_mcp\tools\dev\sandbox_tools.py                    354    243    31%   81-83, 152-157, 161-169, 173-193, 197-227, 231-250, 284-358, 392-508, 524-565, 576-592, 603-627, 638-663, 672-681, 687-692, 702, 709, 714, 720-735, 741-744, 752-767, 798, 826, 844
D:\Dev\repos\virtualization-mcp\src\virtualization_mcp\tools\dev_tools.py                             93     70    25%   37, 66-151, 164-187, 201-289
D:\Dev\repos\virtualization-mcp\src\virtualization_mcp\tools\example_tools.py                         51     23    55%   69-71, 89-102, 113-115, 126-130, 147-154
D:\Dev\repos\virtualization-mcp\src\virtualization_mcp\tools\help_tool.py                             50     28    44%   63-67, 71-91, 96-145, 149, 203-253, 258-276, 286-287
D:\Dev\repos\virtualization-mcp\src\virtualization_mcp\tools\monitoring\metrics_tools.py             159     93    42%   63-81, 86-111, 117-129, 133-144, 148-168, 208-209, 213-214, 218-219, 223-224, 230, 249-278, 294-295, 307-308, 319-320, 325-326, 339, 347, 350-371
D:\Dev\repos\virtualization-mcp\src\virtualization_mcp\tools\monitoring\monitoring_tools.py           49     26    47%   53-73, 81-85, 95, 105, 115-116, 128-133, 141, 148-156
D:\Dev\repos\virtualization-mcp\src\virtualization_mcp\tools\network\network_analyzer_tools.py       101     48    52%   69-75, 79-90, 94-95, 104, 128-145, 165-174, 182, 190-201, 209-210, 218-220
D:\Dev\repos\virtualization-mcp\src\virtualization_mcp\tools\network\network_tools.py                201    155    23%   31-54, 57-58, 84, 97, 111-113, 118, 129-130, 140-171, 194-246, 259-271, 281-312, 339-375, 392-409, 423-462, 483-501, 531-548, 573-577
D:\Dev\repos\virtualization-mcp\src\virtualization_mcp\tools\portmanteau\discovery_management.py      58     40    31%   118-150, 159-196, 201-246, 251-254, 264
D:\Dev\repos\virtualization-mcp\src\virtualization_mcp\tools\portmanteau\hyperv_management.py         64     52    19%   92-124, 133-146, 154-180, 189-208, 217-237
D:\Dev\repos\virtualization-mcp\src\virtualization_mcp\tools\portmanteau\network_management.py        83      8    90%   147-155, 232-233, 258-259
D:\Dev\repos\virtualization-mcp\src\virtualization_mcp\tools\portmanteau\sandbox_management.py        54     45    17%   118-179
D:\Dev\repos\virtualization-mcp\src\virtualization_mcp\tools\portmanteau\snapshot_management.py       64     33    48%   103, 111, 123-150, 206-226, 239-257, 270-288
D:\Dev\repos\virtualization-mcp\src\virtualization_mcp\tools\portmanteau\storage_management.py        99     79    20%   128-166, 175-178, 192-217, 231-266, 279-305, 323-348, 360-385, 397-428
D:\Dev\repos\virtualization-mcp\src\virtualization_mcp\tools\portmanteau\system_management.py         61     44    28%   103-132, 142-146, 155-159, 168-177, 186-202, 217-235
D:\Dev\repos\virtualization-mcp\src\virtualization_mcp\tools\portmanteau\vm_management.py            185     60    68%   132-140, 154-157, 160-163, 188-225, 256-259, 267-270, 315-316, 333-334, 361, 363-364, 395-398, 401-404, 414, 416-417, 445-446, 467-468, 489-490, 513, 515-516
D:\Dev\repos\virtualization-mcp\src\virtualization_mcp\tools\register_tools.py                        54     35    35%   76-77, 89-133, 139
D:\Dev\repos\virtualization-mcp\src\virtualization_mcp\tools\sandbox\sandbox_backend.py              151    129    15%   50-56, 60-62, 76-119, 136-194, 206-230, 235-253, 258-276, 281-294, 299-314, 319-326
D:\Dev\repos\virtualization-mcp\src\virtualization_mcp\tools\security\ai_security_tools.py            74     24    68%   56-57, 91-110, 121-125, 137-149, 153-155
D:\Dev\repos\virtualization-mcp\src\virtualization_mcp\tools\security\malware_tools.py               165     91    45%   106-117, 131-133, 153-162, 173-183, 191-202, 213-218, 231-243, 247-249, 253-263, 267-274, 278-296, 329-332, 337-340, 350-353, 358-361, 366-369
D:\Dev\repos\virtualization-mcp\src\virtualization_mcp\tools\security\security_testing_tools.py      117     45    62%   58, 75-77, 151-171, 177-200, 204, 215, 226-233, 241, 256-271
D:\Dev\repos\virtualization-mcp\src\virtualization_mcp\tools\security\testing_tools.py               102    102     0%   7-218
D:\Dev\repos\virtualization-mcp\src\virtualization_mcp\tools\snapshot\snapshot_tools.py              123     59    52%   34, 37, 64-65, 89-101, 116-117, 148-151, 160, 164-167, 175-176, 193-233, 236-237, 259-260, 280-300, 308-309
D:\Dev\repos\virtualization-mcp\src\virtualization_mcp\tools\storage\storage_tools.py                210    131    38%   39, 47-49, 51, 53, 55, 57, 60, 65-66, 105-107, 119-120, 139, 145-146, 197-198, 210-211, 265-301, 314-315, 352, 359-360, 376-416, 419-420, 442-481, 494-495, 515-538, 541-542, 559-574, 581-582, 604-630, 639-640, 657-672, 675-676
D:\Dev\repos\virtualization-mcp\src\virtualization_mcp\tools\system\backup_tools.py                   81     54    33%   43-56, 69-89, 100-108, 123-158, 162-164, 168-176, 180-184
D:\Dev\repos\virtualization-mcp\src\virtualization_mcp\tools\system\system_tools.py                  285    182    36%   31-46, 64, 104-115, 156-159, 173-174, 191-218, 221-222, 237-245, 265, 278-303, 321-334, 362-363, 379-380, 385-386, 402-403, 407-409, 418-420, 425-436, 441-461, 466-492, 497-523, 528-537, 542-564, 576-635, 640
D:\Dev\repos\virtualization-mcp\src\virtualization_mcp\tools\vm\hyperv_tools.py                      139     19    86%   129, 173-174, 185-186, 198, 213-214, 230, 240, 244, 258-259, 281-285, 298, 312
D:\Dev\repos\virtualization-mcp\src\virtualization_mcp\tools\vm\vm_tools.py                          348    166    52%   51, 64-67, 70-73, 76, 93-95, 140, 151-152, 157-159, 205, 211, 214, 218, 291-293, 302-309, 324, 343-350, 367, 383-389, 403-405, 428, 434-435, 454-456, 499, 502, 511, 514, 516, 520-524, 536-543, 600, 610-613, 617-620, 624-627, 631-632, 636-637, 645-678, 682-683, 687-694, 698-705, 709-714, 717-718, 721-722, 725-732, 735-736, 739-741, 745-749, 753-757, 770-777, 792, 802-804, 822, 832-834, 855, 864, 870-877
D:\Dev\repos\virtualization-mcp\src\virtualization_mcp\utils\helpers.py                               29      9    69%   31-37, 42-46, 65
D:\Dev\repos\virtualization-mcp\src\virtualization_mcp\utils\rate_limiter.py                          48     30    38%   54-76, 87-92, 104-112, 127, 136-142
D:\Dev\repos\virtualization-mcp\src\virtualization_mcp\utils\signal_handlers.py                       11      4    64%   21-23, 28-29
D:\Dev\repos\virtualization-mcp\src\virtualization_mcp\utils\vm_status.py                             63     36    43%   34, 48-53, 65, 77-82, 94-99, 111-116, 131, 146, 161, 175, 189, 203, 217, 231, 245, 259
D:\Dev\repos\virtualization-mcp\src\virtualization_mcp\utils\windows_sandbox_helper.py               218    181    17%   54, 57, 89-123, 151-200, 218-247, 270-302, 319-344, 352-365, 373-391, 409-468, 481-492, 501-515, 523-551, 556-559
D:\Dev\repos\virtualization-mcp\src\virtualization_mcp\vbox\compat_adapter.py                        274    111    59%   46, 50-53, 60-61, 85-86, 101-102, 132-133, 162, 167-168, 194-195, 207-232, 250, 255-256, 273, 276, 282-283, 322, 345, 390-398, 415, 431-433, 440-445, 448-449, 472-522, 554, 558, 571, 581-582, 610, 616, 624, 628-629, 654, 658, 660-665, 673-674, 695, 702-703, 724-755
D:\Dev\repos\virtualization-mcp\src\virtualization_mcp\vbox\manager.py                               134     79    41%   72, 75-76, 85, 95-96, 129-130, 139-142, 146-153, 165-185, 189-202, 206-212, 216-223, 227-231, 235-239, 243-248, 252-257, 261-266
D:\Dev\repos\virtualization-mcp\src\virtualization_mcp\vbox\networking.py                            175    158    10%   30, 53-112, 125-153, 165-187, 191-205, 221-265, 277-316, 320, 331-337, 351-396, 420-461
D:\Dev\repos\virtualization-mcp\src\virtualization_mcp\vbox\snapshots.py                             173    157     9%   30, 46-93, 106-152, 165-195, 207-224, 228-251, 255-259, 272-304, 316-330, 351-404
D:\Dev\repos\virtualization-mcp\src\virtualization_mcp\vbox\templates.py                             121     81    33%   49-62, 70-87, 172-176, 201-213, 221-233, 241-250, 258-281, 285-288, 296-326, 330-353
D:\Dev\repos\virtualization-mcp\src\virtualization_mcp\vbox\vm_operations.py                         147    120    18%   45, 53-55, 59-69, 73, 118-190, 194-201, 206-211, 230-249, 262-290, 303-331, 344-371, 375-380, 392-397, 401
D:\Dev\repos\virtualization-mcp\src\virtualization_mcp\vbox_compat.py                                145     57    61%   58, 90, 107-110, 114-117, 129-131, 136-140, 154, 167, 223-229, 241-243, 266-299, 311-316, 325, 331-351
D:\Dev\repos\virtualization-mcp\src\virtualization_mcp\web\app.py                                      7      7     0%   10-20
D:\Dev\repos\virtualization-mcp\src\virtualization_mcp\web\server.py                                  19     19     0%   7-44
--------------------------------------------------------------------------------------------------------------------------------
TOTAL                                                                                               9488   5980    37%

6 files skipped due to complete coverage.
Coverage XML written to file coverage.xml

FAIL Required test coverage of 90.0% not reached. Total coverage: 36.97%
=========================== short test summary info ===========================
FAILED ..\virtualization-mcp\tests\test_coverage_boost_json_monitoring.py::TestMonitoringTools::test_stop_monitoring_execution[asyncio]
FAILED ..\virtualization-mcp\tests\test_coverage_boost_json_monitoring.py::TestMonitoringTools::test_start_monitoring_execution[asyncio]
FAILED ..\virtualization-mcp\tests\test_coverage_boost_json_monitoring.py::TestMonitoringTools::test_get_monitoring_status_execution[asyncio]
FAILED ..\virtualization-mcp\tests\test_coverage_boost_json_monitoring.py::TestSecurityTestingTools::test_run_security_scan[asyncio]
FAILED ..\virtualization-mcp\tests\test_coverage_boost_exceptions.py::TestExceptionHierarchy::test_all_exceptions_inherit_from_base
FAILED ..\virtualization-mcp\tests\test_coverage_boost_exceptions.py::TestExceptionHierarchy::test_exceptions_can_be_raised
FAILED ..\virtualization-mcp\tests\test_coverage_boost_exceptions.py::TestVirtualizationMCPExceptions::test_resource_exhausted_error
FAILED ..\virtualization-mcp\tests\test_coverage_boost_exceptions.py::TestVirtualizationMCPExceptions::test_vm_already_exists_error
FAILED ..\virtualization-mcp\tests\test_coverage_boost_exceptions.py::TestVirtualizationMCPExceptions::test_service_unavailable_error
FAILED ..\virtualization-mcp\tests\test_coverage_boost_exceptions.py::TestVirtualizationMCPExceptions::test_virtualization_mcp_error
FAILED ..\virtualization-mcp\tests\test_coverage_boost_exceptions.py::TestVirtualizationMCPExceptions::test_invalid_state_error
FAILED ..\virtualization-mcp\tests\test_coverage_boost_exceptions.py::TestVirtualizationMCPExceptions::test_rate_limit_error
FAILED ..\virtualization-mcp\tests\test_coverage_boost_exceptions.py::TestVirtualizationMCPExceptions::test_snapshot_error
FAILED ..\virtualization-mcp\tests\test_coverage_boost_exceptions.py::TestVirtualizationMCPExceptions::test_timeout_error
FAILED ..\virtualization-mcp\tests\test_coverage_boost_exceptions.py::TestVirtualizationMCPExceptions::test_invalid_configuration_error
FAILED ..\virtualization-mcp\tests\test_coverage_boost_exceptions.py::TestVirtualizationMCPExceptions::test_network_error
FAILED ..\virtualization-mcp\tests\test_coverage_boost_exceptions.py::TestVirtualizationMCPExceptions::test_vbox_error
FAILED ..\virtualization-mcp\tests\test_coverage_boost_exceptions.py::TestVirtualizationMCPExceptions::test_storage_error
FAILED ..\virtualization-mcp\tests\test_coverage_boost_exceptions.py::TestVirtualizationMCPExceptions::test_vm_manager_error
FAILED ..\virtualization-mcp\tests\test_coverage_boost_utils.py::TestWindowsSandboxHelper::test_sandbox_helper_check_prerequisites
FAILED ..\virtualization-mcp\tests\test_coverage_boost_utils.py::TestHelpers::test_parse_vm_info
FAILED ..\virtualization-mcp\tests\test_coverage_boost_utils.py::TestHelpers::test_sanitize_vm_name
FAILED ..\virtualization-mcp\tests\test_coverage_boost_utils.py::TestHelpers::test_get_vbox_home
FAILED ..\virtualization-mcp\tests\test_coverage_boost_utils.py::TestHelpers::test_ensure_dir_exists_already_exists
FAILED ..\virtualization-mcp\tests\test_coverage_boost_utils.py::TestHelpers::test_format_bytes
FAILED ..\virtualization-mcp\tests\test_coverage_boost_utils.py::TestHelpers::test_ensure_dir_exists
FAILED ..\virtualization-mcp\tests\test_coverage_boost_utils.py::TestRateLimiter::test_rate_limiter_decorator
FAILED ..\virtualization-mcp\tests\test_coverage_boost_utils.py::TestRateLimiter::test_rate_limiter_allows_calls
FAILED ..\virtualization-mcp\tests\test_coverage_boost_utils.py::TestRateLimiter::test_rate_limiter_reset
FAILED ..\virtualization-mcp\tests\test_coverage_boost_utils.py::TestRateLimiter::test_rate_limiter_blocks_excess_calls
FAILED ..\virtualization-mcp\tests\test_coverage_boost_utils.py::TestVMStatus::test_parse_vm_state
FAILED ..\virtualization-mcp\tests\test_coverage_boost_utils.py::TestVMStatus::test_get_vm_uptime
FAILED ..\virtualization-mcp\tests\test_coverage_boost_utils.py::TestVMStatus::test_vm_state_enum_values
FAILED ..\virtualization-mcp\tests\test_coverage_boost_utils.py::TestVMStatus::test_parse_vm_state_paused
FAILED ..\virtualization-mcp\tests\test_coverage_boost_utils.py::TestVMStatus::test_vm_state_to_string
FAILED ..\virtualization-mcp\tests\test_coverage_boost_utils.py::TestVMStatus::test_parse_vm_state_powered_off
FAILED ..\virtualization-mcp\tests\test_coverage_boost_utils.py::TestVMStatus::test_get_vm_state_from_info
FAILED ..\virtualization-mcp\tests\test_coverage_boost_utils.py::TestLoggingUtils::test_get_logger
FAILED ..\virtualization-mcp\tests\test_coverage_boost_utils.py::TestLoggingUtils::test_setup_logging_with_level
FAILED ..\virtualization-mcp\tests\test_coverage_boost_utils.py::TestLoggingUtils::test_setup_logging_default
FAILED ..\virtualization-mcp\tests\test_coverage_boost_utils.py::TestLoggingUtils::test_setup_logging_with_name
FAILED ..\virtualization-mcp\tests\test_coverage_boost_utils.py::TestSignalHandlers::test_setup_signal_handlers
FAILED ..\virtualization-mcp\tests\test_coverage_boost_utils.py::TestSignalHandlers::test_graceful_shutdown_handler
FAILED ..\virtualization-mcp\tests\test_coverage_boost_utils.py::TestSignalHandlers::test_signal_handler_with_callback
FAILED ..\virtualization-mcp\tests\test_coverage_boost_json_monitoring.py::TestMonitoringTools::test_get_monitoring_status_exists
FAILED ..\virtualization-mcp\tests\test_coverage_boost_json_monitoring.py::TestMonitoringTools::test_monitoring_module_constants
FAILED ..\virtualization-mcp\tests\test_coverage_boost_json_monitoring.py::TestMonitoringTools::test_start_monitoring_tool_exists
FAILED ..\virtualization-mcp\tests\test_coverage_boost_json_monitoring.py::TestMonitoringTools::test_stop_monitoring_tool_exists
FAILED ..\virtualization-mcp\tests\test_coverage_boost_json_monitoring.py::TestMonitoringTools::test_monitoring_tools_import
FAILED ..\virtualization-mcp\tests\test_coverage_boost_json_monitoring.py::TestJSONEncoder::test_custom_encoder_set
FAILED ..\virtualization-mcp\tests\test_coverage_boost_json_monitoring.py::TestJSONEncoder::test_custom_encoder_datetime
FAILED ..\virtualization-mcp\tests\test_coverage_boost_json_monitoring.py::TestJSONEncoder::test_custom_encoder_bytes
FAILED ..\virtualization-mcp\tests\test_coverage_boost_json_monitoring.py::TestJSONEncoder::test_encoder_default_raises_for_unknown_type
FAILED ..\virtualization-mcp\tests\test_coverage_boost_json_monitoring.py::TestJSONEncoder::test_custom_encoder_path
FAILED ..\virtualization-mcp\tests\test_coverage_boost_zero_percent.py::TestLowCoverageMainModule::test_main_has_parse_arguments
FAILED ..\virtualization-mcp\tests\test_portmanteau_vm_management.py::TestVMManagementPortmanteau::test_vm_actions_constant
FAILED ..\virtualization-mcp\tests\test_portmanteau_vm_management.py::TestVMManagementPortmanteau::test_register_vm_management_tool
================ 57 failed, 511 passed, 188 skipped in 25.73s =================
