============================= test session starts =============================
platform win32 -- Python 3.10.11, pytest-8.4.2, pluggy-1.6.0 -- C:\Users\sandr\AppData\Local\Programs\Python\Python310\python.exe
cachedir: .pytest_cache
rootdir: D:\Dev\repos\virtualization-mcp
configfile: pytest.ini
plugins: anyio-4.11.0, respx-0.22.0, asyncio-1.2.0, cov-7.0.0, mock-3.15.1, timeout-2.4.0
asyncio: mode=strict, debug=False, asyncio_default_fixture_loop_scope=None, asyncio_default_test_loop_scope=function
collecting ... 
----------------------------- live log collection -----------------------------
2025-10-19 18:11:30 [    INFO] Auto-detected VBoxManage at: C:\Program Files\Oracle\VirtualBox\VBoxManage.exe (config.py:147)
collected 682 items

tests/integration/test_vm_lifecycle_integration.py::TestVMLifecycleIntegration::test_create_start_stop_delete_workflow PASSED [  0%]
tests/integration/test_vm_lifecycle_integration.py::TestVMLifecycleIntegration::test_snapshot_workflow PASSED [  0%]
tests/integration/test_vm_lifecycle_integration.py::TestPortmanteauIntegration::test_vm_management_full_workflow PASSED [  0%]
tests/test_all_vm_tools.py::TestVMToolsComprehensive::test_list_vms_with_mock PASSED [  0%]
tests/test_all_vm_tools.py::TestVMToolsComprehensive::test_get_vm_info_with_mock PASSED [  0%]
tests/test_all_vm_tools.py::TestVMToolsComprehensive::test_create_vm_with_mock PASSED [  0%]
tests/test_all_vm_tools.py::TestVMToolsComprehensive::test_start_vm_with_mock PASSED [  1%]
tests/test_all_vm_tools.py::TestVMToolsComprehensive::test_stop_vm_with_mock PASSED [  1%]
tests/test_all_vm_tools.py::TestVMToolsComprehensive::test_delete_vm_with_mock PASSED [  1%]
tests/test_all_vm_tools.py::TestVMToolsComprehensive::test_clone_vm_with_mock PASSED [  1%]
tests/test_all_vm_tools.py::TestVMToolsComprehensive::test_reset_vm_with_mock PASSED [  1%]
tests/test_all_vm_tools.py::TestVMToolsComprehensive::test_pause_vm_with_mock PASSED [  1%]
tests/test_all_vm_tools.py::TestVMToolsComprehensive::test_resume_vm_with_mock PASSED [  1%]
tests/test_all_vm_tools.py::TestSnapshotToolsComprehensive::test_list_snapshots_with_mock PASSED [  2%]
tests/test_all_vm_tools.py::TestSnapshotToolsComprehensive::test_create_snapshot_with_mock PASSED [  2%]
tests/test_all_vm_tools.py::TestSnapshotToolsComprehensive::test_restore_snapshot_with_mock PASSED [  2%]
tests/test_all_vm_tools.py::TestSnapshotToolsComprehensive::test_delete_snapshot_with_mock PASSED [  2%]
tests/test_all_vm_tools.py::TestStorageToolsComprehensive::test_list_storage_controllers_with_mock PASSED [  2%]
tests/test_all_vm_tools.py::TestSystemToolsComprehensive::test_get_system_info_execution PASSED [  2%]
tests/test_all_vm_tools.py::TestSystemToolsComprehensive::test_get_vbox_version_with_mock PASSED [  2%]
tests/test_all_vm_tools.py::TestSystemToolsComprehensive::test_list_os_types_with_mock PASSED [  3%]
tests/test_auto_generated.py::Test_vm_tools_Generated::test_list_vms_execution PASSED [  3%]
tests/test_auto_generated.py::Test_vm_tools_Generated::test_get_vm_info_execution 
-------------------------------- live log call --------------------------------
2025-10-19 18:11:33 [   ERROR] Failed to get VM info for test-value: VBoxManage.exe: error: Could not find a registered machine named 'test-value'
VBoxManage.exe: error: Details: code VBOX_E_OBJECT_NOT_FOUND (0x80bb0001), component VirtualBoxWrap, interface IVirtualBox, callee IUnknown
VBoxManage.exe: error: Context: "FindMachine(Bstr(VMNameOrUuid).raw(), machine.asOutParam())" at line 3229 of file VBoxManageInfo.cpp (vm_tools.py:110)
PASSED                                                                   [  3%]
tests/test_auto_generated.py::Test_vm_tools_Generated::test_create_vm_execution PASSED [  3%]
tests/test_auto_generated.py::Test_vm_tools_Generated::test_start_vm_execution PASSED [  3%]
tests/test_auto_generated.py::Test_vm_tools_Generated::test_stop_vm_execution 
-------------------------------- live log call --------------------------------
2025-10-19 18:11:33 [   ERROR] Failed to stop VM test-value: VBoxManage.exe: error: Could not find a registered machine named 'test-value'
VBoxManage.exe: error: Details: code VBOX_E_OBJECT_NOT_FOUND (0x80bb0001), component VirtualBoxWrap, interface IVirtualBox, callee IUnknown
VBoxManage.exe: error: Context: "FindMachine(Bstr(a->argv[0]).raw(), machine.asOutParam())" at line 364 of file VBoxManageControlVM.cpp (vm_tools.py:343)
PASSED                                                                   [  3%]
tests/test_auto_generated.py::Test_vm_tools_Generated::test_delete_vm_execution 
-------------------------------- live log call --------------------------------
2025-10-19 18:11:33 [   ERROR] Failed to stop VM test-value: VBoxManage.exe: error: Could not find a registered machine named 'test-value'
VBoxManage.exe: error: Details: code VBOX_E_OBJECT_NOT_FOUND (0x80bb0001), component VirtualBoxWrap, interface IVirtualBox, callee IUnknown
VBoxManage.exe: error: Context: "FindMachine(Bstr(a->argv[0]).raw(), machine.asOutParam())" at line 364 of file VBoxManageControlVM.cpp (vm_tools.py:343)
2025-10-19 18:11:33 [   ERROR] Failed to delete VM test-value: VBoxManage.exe: error: Could not find a registered machine named 'test-value'
VBoxManage.exe: error: Details: code VBOX_E_OBJECT_NOT_FOUND (0x80bb0001), component VirtualBoxWrap, interface IVirtualBox, callee IUnknown
VBoxManage.exe: error: Context: "FindMachine(Bstr(VMName).raw(), machine.asOutParam())" at line 230 of file VBoxManageMisc.cpp (vm_tools.py:391)
PASSED                                                                   [  3%]
tests/test_auto_generated.py::Test_vm_tools_Generated::test_clone_vm_execution PASSED [  4%]
tests/test_auto_generated.py::Test_vm_tools_Generated::test_modify_vm_execution PASSED [  4%]
tests/test_auto_generated.py::Test_vm_tools_Generated::test_pause_vm_execution 
-------------------------------- live log call --------------------------------
2025-10-19 18:11:33 [   ERROR] Failed to pause VM test-value: VBoxManage.exe: error: Could not find a registered machine named 'test-value'
VBoxManage.exe: error: Details: code VBOX_E_OBJECT_NOT_FOUND (0x80bb0001), component VirtualBoxWrap, interface IVirtualBox, callee IUnknown
VBoxManage.exe: error: Context: "FindMachine(Bstr(a->argv[0]).raw(), machine.asOutParam())" at line 364 of file VBoxManageControlVM.cpp (vm_tools.py:736)
PASSED                                                                   [  4%]
tests/test_auto_generated.py::Test_vm_tools_Generated::test_resume_vm_execution 
-------------------------------- live log call --------------------------------
2025-10-19 18:11:33 [   ERROR] Failed to resume VM test-value: VBoxManage.exe: error: Could not find a registered machine named 'test-value'
VBoxManage.exe: error: Details: code VBOX_E_OBJECT_NOT_FOUND (0x80bb0001), component VirtualBoxWrap, interface IVirtualBox, callee IUnknown
VBoxManage.exe: error: Context: "FindMachine(Bstr(a->argv[0]).raw(), machine.asOutParam())" at line 364 of file VBoxManageControlVM.cpp (vm_tools.py:766)
PASSED                                                                   [  4%]
tests/test_auto_generated.py::Test_vm_tools_Generated::test_reset_vm_execution PASSED [  4%]
tests/test_auto_generated.py::Test_system_tools_Generated::test_get_system_info_execution PASSED [  4%]
tests/test_auto_generated.py::Test_system_tools_Generated::test_get_vbox_info_execution PASSED [  4%]
tests/test_auto_generated.py::Test_system_tools_Generated::test_check_vbox_installation_execution PASSED [  5%]
tests/test_auto_generated.py::Test_system_tools_Generated::test_list_ostypes_execution PASSED [  5%]
tests/test_auto_generated.py::Test_system_tools_Generated::test_list_extpacks_execution PASSED [  5%]
tests/test_auto_generated.py::Test_system_tools_Generated::test_get_host_info_execution 
-------------------------------- live log call --------------------------------
2025-10-19 18:11:34 [   ERROR] Error getting CPU info: No module named 'wmi' (system_tools.py:364)
PASSED                                                                   [  5%]
tests/test_auto_generated.py::Test_system_tools_Generated::test_get_vbox_version_execution FAILED [  5%]
tests/test_auto_generated.py::Test_snapshot_tools_Generated::test_create_snapshot_execution 
-------------------------------- live log call --------------------------------
2025-10-19 18:11:34 [   ERROR] Error creating snapshot: Command '['VBoxManage', 'snapshot', 'test-value', 'take', 'test-value']' returned non-zero exit status 1. (snapshot_tools.py:64)
PASSED                                                                   [  5%]
tests/test_auto_generated.py::Test_snapshot_tools_Generated::test_restore_snapshot_execution 
-------------------------------- live log call --------------------------------
2025-10-19 18:11:34 [   ERROR] Error restoring snapshot: Command '['VBoxManage', 'snapshot', 'test-value', 'restore', 'test-value']' returned non-zero exit status 1. (snapshot_tools.py:116)
PASSED                                                                   [  6%]
tests/test_auto_generated.py::Test_snapshot_tools_Generated::test_list_snapshots_execution 
-------------------------------- live log call --------------------------------
2025-10-19 18:11:34 [   ERROR] Error listing snapshots: Command '['VBoxManage', 'snapshot', 'test-value', 'list', '--machinereadable']' returned non-zero exit status 1. (snapshot_tools.py:175)
PASSED                                                                   [  6%]
tests/test_auto_generated.py::Test_snapshot_tools_Generated::test_get_snapshot_info_execution 
-------------------------------- live log call --------------------------------
2025-10-19 18:11:34 [   ERROR] Error listing snapshots: Command '['VBoxManage', 'snapshot', 'test-value', 'list', '--machinereadable']' returned non-zero exit status 1. (snapshot_tools.py:175)
PASSED                                                                   [  6%]
tests/test_auto_generated.py::Test_snapshot_tools_Generated::test_delete_snapshot_execution 
-------------------------------- live log call --------------------------------
2025-10-19 18:11:34 [   ERROR] Error deleting snapshot: Command '['VBoxManage', 'snapshot', 'test-value', 'delete', 'test-value']' returned non-zero exit status 1. (snapshot_tools.py:259)
PASSED                                                                   [  6%]
tests/test_auto_generated.py::Test_snapshot_tools_Generated::test_restore_current_snapshot_execution 
-------------------------------- live log call --------------------------------
2025-10-19 18:11:34 [   ERROR] Error restoring current snapshot: Command '['VBoxManage', 'snapshot', 'test-value', 'restorecurrent']' returned non-zero exit status 1. (snapshot_tools.py:308)
PASSED                                                                   [  6%]
tests/test_auto_generated.py::Test_storage_tools_Generated::test_list_storage_controllers_execution 
-------------------------------- live log call --------------------------------
2025-10-19 18:11:34 [   ERROR] Error listing storage controllers for VM test-value: Command '['VBoxManage', 'showvminfo', 'test-value', '--machinereadable']' returned non-zero exit status 1. (storage_tools.py:65)
PASSED                                                                   [  6%]
tests/test_auto_generated.py::Test_storage_tools_Generated::test_create_storage_controller_execution PASSED [  6%]
tests/test_auto_generated.py::Test_storage_tools_Generated::test_remove_storage_controller_execution 
-------------------------------- live log call --------------------------------
2025-10-19 18:11:34 [   ERROR] Error removing storage controller: Command '['VBoxManage', 'storagectl', 'test-value', '--name', 'test-value', '--remove']' returned non-zero exit status 1. (storage_tools.py:145)
PASSED                                                                   [  7%]
tests/test_auto_generated.py::Test_storage_tools_Generated::test_attach_disk_execution PASSED [  7%]
tests/test_auto_generated.py::Test_storage_tools_Generated::test_detach_disk_execution 
-------------------------------- live log call --------------------------------
2025-10-19 18:11:34 [   ERROR] Error attaching disk: Command '['VBoxManage', 'storageattach', 'test-value', '--storagectl', 'test-value', '--port', 'None', '--device', 'None', '--type', 'hdd', '--medium', 'none', '--mtype', 'normal']' returned non-zero exit status 1. (storage_tools.py:210)
PASSED                                                                   [  7%]
tests/test_auto_generated.py::Test_storage_tools_Generated::test_mount_iso_execution 
-------------------------------- live log call --------------------------------
2025-10-19 18:11:34 [   ERROR] Error mounting ISO: Command '['VBoxManage', 'showvminfo', 'test-value', '--machinereadable']' returned non-zero exit status 1. (storage_tools.py:314)
PASSED                                                                   [  7%]
tests/test_auto_generated.py::Test_storage_tools_Generated::test_unmount_iso_execution 
-------------------------------- live log call --------------------------------
2025-10-19 18:11:34 [   ERROR] Error unmounting ISO: Command '['VBoxManage', 'storageattach', 'test-value', '--storagectl', 'test-value', '--port', 'None', '--device', 'None', '--type', 'dvddrive', '--medium', 'none']' returned non-zero exit status 1. (storage_tools.py:359)
PASSED                                                                   [  7%]
tests/test_auto_generated.py::Test_storage_tools_Generated::test_list_disks_execution 
-------------------------------- live log call --------------------------------
2025-10-19 18:11:34 [   ERROR] Error listing storage controllers for VM test-value: Command '['VBoxManage', 'showvminfo', 'test-value', '--machinereadable']' returned non-zero exit status 1. (storage_tools.py:65)
PASSED                                                                   [  7%]
tests/test_auto_generated.py::Test_storage_tools_Generated::test_create_disk_execution PASSED [  7%]
tests/test_auto_generated.py::Test_storage_tools_Generated::test_get_disk_info_execution 
-------------------------------- live log call --------------------------------
2025-10-19 18:11:34 [   ERROR] Error getting disk info: Command '['VBoxManage', 'showmediuminfo', 'test-id']' returned non-zero exit status 1. (storage_tools.py:541)
PASSED                                                                   [  8%]
tests/test_auto_generated.py::Test_storage_tools_Generated::test_resize_disk_execution 
-------------------------------- live log call --------------------------------
2025-10-19 18:11:34 [   ERROR] Error getting disk info: Command '['VBoxManage', 'showmediuminfo', 'test-id']' returned non-zero exit status 1. (storage_tools.py:541)
PASSED                                                                   [  8%]
tests/test_auto_generated.py::Test_storage_tools_Generated::test_clone_disk_execution PASSED [  8%]
tests/test_auto_generated.py::Test_storage_tools_Generated::test_delete_disk_execution 
-------------------------------- live log call --------------------------------
2025-10-19 18:11:34 [   ERROR] Error getting disk info: Command '['VBoxManage', 'showmediuminfo', 'test-id']' returned non-zero exit status 1. (storage_tools.py:541)
PASSED                                                                   [  8%]
tests/test_comprehensive_coverage.py::TestConfig::test_settings_import PASSED [  8%]
tests/test_comprehensive_coverage.py::TestConfig::test_get_vbox_manage_path PASSED [  8%]
tests/test_comprehensive_coverage.py::TestJSONEncoder::test_json_encoder_import PASSED [  8%]
tests/test_comprehensive_coverage.py::TestExceptions::test_vbox_exception_import PASSED [  9%]
tests/test_comprehensive_coverage.py::TestUtils::test_helpers_import PASSED [  9%]
tests/test_comprehensive_coverage.py::TestUtils::test_logging_utils_import PASSED [  9%]
tests/test_comprehensive_coverage.py::TestVBoxCompat::test_compat_adapter_import PASSED [  9%]
tests/test_comprehensive_coverage.py::TestVBoxCompat::test_vm_operations_import PASSED [  9%]
tests/test_comprehensive_coverage.py::TestVBoxCompat::test_networking_import PASSED [  9%]
tests/test_comprehensive_coverage.py::TestServices::test_vm_service_import PASSED [  9%]
tests/test_comprehensive_coverage.py::TestServices::test_template_manager_import PASSED [ 10%]
tests/test_comprehensive_coverage.py::TestServices::test_service_manager_import PASSED [ 10%]
tests/test_comprehensive_coverage.py::TestVMServiceComponents::test_lifecycle_import PASSED [ 10%]
tests/test_comprehensive_coverage.py::TestVMServiceComponents::test_devices_import PASSED [ 10%]
tests/test_comprehensive_coverage.py::TestVMServiceComponents::test_network_service_module PASSED [ 10%]
tests/test_comprehensive_coverage.py::TestVMServiceComponents::test_metrics_import PASSED [ 10%]
tests/test_comprehensive_coverage.py::TestPortmanteauTools::test_vm_management_import PASSED [ 10%]
tests/test_comprehensive_coverage.py::TestPortmanteauTools::test_network_management_import PASSED [ 11%]
tests/test_comprehensive_coverage.py::TestPortmanteauTools::test_storage_management_import PASSED [ 11%]
tests/test_comprehensive_coverage.py::TestPortmanteauTools::test_snapshot_management_import PASSED [ 11%]
tests/test_comprehensive_coverage.py::TestPortmanteauTools::test_system_management_import PASSED [ 11%]
tests/test_comprehensive_coverage.py::TestToolModules::test_vm_tools_import PASSED [ 11%]
tests/test_comprehensive_coverage.py::TestToolModules::test_network_tools_module PASSED [ 11%]
tests/test_comprehensive_coverage.py::TestToolModules::test_snapshot_tools_import PASSED [ 12%]
tests/test_comprehensive_coverage.py::TestToolModules::test_storage_tools_import PASSED [ 12%]
tests/test_comprehensive_coverage.py::TestToolModules::test_system_tools_import PASSED [ 12%]
tests/test_comprehensive_coverage.py::TestSecurityTools::test_security_testing_tools_module PASSED [ 12%]
tests/test_comprehensive_coverage.py::TestSecurityTools::test_malware_tools_import PASSED [ 12%]
tests/test_comprehensive_coverage.py::TestMonitoringTools::test_monitoring_tools_import FAILED [ 12%]
tests/test_comprehensive_coverage.py::TestMonitoringTools::test_metrics_tools_import PASSED [ 12%]
tests/test_comprehensive_coverage.py::TestDevelopmentTools::test_sandbox_tools_module PASSED [ 13%]
tests/test_comprehensive_coverage.py::TestDevelopmentTools::test_documentation_tools_module PASSED [ 13%]
tests/test_comprehensive_coverage.py::TestBackupTools::test_backup_tools_module PASSED [ 13%]
tests/test_comprehensive_coverage.py::TestPlugins::test_hyperv_plugin_module PASSED [ 13%]
tests/test_comprehensive_coverage.py::TestPlugins::test_sandbox_plugin_import PASSED [ 13%]
tests/test_comprehensive_coverage.py::TestAllToolsServer::test_server_import PASSED [ 13%]
tests/test_comprehensive_coverage.py::TestAllToolsServer::test_mcp_tools_module PASSED [ 13%]
tests/test_coverage_boost_network_storage.py::TestNetworkAdapters::test_adapters_module_import PASSED [ 14%]
tests/test_coverage_boost_network_storage.py::TestNetworkAdapters::test_adapters_configure_function PASSED [ 14%]
tests/test_coverage_boost_network_storage.py::TestNetworkForwarding::test_forwarding_module_import PASSED [ 14%]
tests/test_coverage_boost_network_storage.py::TestNetworkForwarding::test_forwarding_functions_exist PASSED [ 14%]
tests/test_coverage_boost_network_storage.py::TestNetworkService::test_network_service_import PASSED [ 14%]
tests/test_coverage_boost_network_storage.py::TestNetworkService::test_network_service_class PASSED [ 14%]
tests/test_coverage_boost_network_storage.py::TestStorageModule::test_storage_module_import PASSED [ 14%]
tests/test_coverage_boost_network_storage.py::TestStorageModule::test_storage_mixin_exists PASSED [ 15%]
tests/test_coverage_boost_network_storage.py::TestStorageModule::test_storage_list_controllers PASSED [ 15%]
tests/test_coverage_boost_network_storage.py::TestSnapshotsModule::test_snapshots_module_import PASSED [ 15%]
tests/test_coverage_boost_network_storage.py::TestSnapshotsModule::test_snapshots_mixin_exists PASSED [ 15%]
tests/test_coverage_boost_network_storage.py::TestSnapshotsModule::test_snapshots_list_function PASSED [ 15%]
tests/test_coverage_boost_network_storage.py::TestTemplatesModule::test_templates_module_import PASSED [ 15%]
tests/test_coverage_boost_network_storage.py::TestTemplatesModule::test_templates_mixin_exists PASSED [ 15%]
tests/test_coverage_boost_network_storage.py::TestTemplatesModule::test_templates_load_function PASSED [ 16%]
tests/test_coverage_boost_network_storage.py::TestVideoModule::test_video_module_import SKIPPED [ 16%]
tests/test_coverage_boost_network_storage.py::TestVideoModule::test_video_configure_function SKIPPED [ 16%]
tests/test_coverage_boost_network_storage.py::TestSystemModule::test_system_module_import SKIPPED [ 16%]
tests/test_coverage_boost_network_storage.py::TestSystemModule::test_system_info_function SKIPPED [ 16%]
tests/test_coverage_boost_network_storage.py::TestSandboxModule::test_sandbox_module_import SKIPPED [ 16%]
tests/test_coverage_boost_network_storage.py::TestSandboxModule::test_sandbox_create_function SKIPPED [ 17%]
tests/test_coverage_boost_network_storage.py::TestDevicesHyperV::test_devices_hyperv_import SKIPPED [ 17%]
tests/test_coverage_boost_network_storage.py::TestBackupModule::test_backup_module_import SKIPPED [ 17%]
tests/test_coverage_boost_network_storage.py::TestBackupModule::test_backup_functions_exist SKIPPED [ 17%]
tests/test_coverage_boost_zero_percent.py::TestServerV2Modules::test_server_v2_dunder_main_import SKIPPED [ 17%]
tests/test_coverage_boost_zero_percent.py::TestServerV2Modules::test_server_v2_server_import SKIPPED [ 17%]
tests/test_coverage_boost_zero_percent.py::TestServerV2Modules::test_server_v2_utils_init_import SKIPPED [ 17%]
tests/test_coverage_boost_zero_percent.py::TestLowCoverageAPIModules::test_api_init_imports PASSED [ 18%]
tests/test_coverage_boost_zero_percent.py::TestLowCoverageAPIModules::test_api_documentation_import PASSED [ 18%]
tests/test_coverage_boost_zero_percent.py::TestLowCoverageAPIModules::test_api_init_basic_functions PASSED [ 18%]
tests/test_coverage_boost_zero_percent.py::TestLowCoverageMCPTools::test_mcp_tools_import PASSED [ 18%]
tests/test_coverage_boost_zero_percent.py::TestLowCoverageMCPTools::test_mcp_tools_has_register_function PASSED [ 18%]
tests/test_coverage_boost_zero_percent.py::TestLowCoverageMainModule::test_main_module_import PASSED [ 18%]
tests/test_coverage_boost_zero_percent.py::TestLowCoverageMainModule::test_main_has_parse_arguments PASSED [ 18%]
tests/test_coverage_boost_zero_percent.py::TestLowCoverageMainModule::test_parse_arguments_help PASSED [ 19%]
tests/test_coverage_boost_zero_percent.py::TestLowCoverageAudioModule::test_audio_module_import SKIPPED [ 19%]
tests/test_coverage_boost_zero_percent.py::TestLowCoverageAudioModule::test_audio_module_functions SKIPPED [ 19%]
tests/test_coverage_boost_zero_percent.py::TestLowCoverageDevicesModule::test_devices_module_import PASSED [ 19%]
tests/test_coverage_boost_zero_percent.py::TestLowCoverageDevicesModule::test_devices_mixin_class PASSED [ 19%]
tests/test_coverage_boost_zero_percent.py::TestJSONEncoder::test_json_encoder_import PASSED [ 19%]
tests/test_coverage_boost_zero_percent.py::TestJSONEncoder::test_json_encoder_dumps_basic PASSED [ 19%]
tests/test_coverage_boost_zero_percent.py::TestJSONEncoder::test_json_encoder_loads_basic PASSED [ 20%]
tests/test_coverage_boost_zero_percent.py::TestServiceManager::test_service_manager_import PASSED [ 20%]
tests/test_coverage_boost_zero_percent.py::TestServiceManager::test_service_manager_class_exists PASSED [ 20%]
tests/test_coverage_boost_zero_percent.py::TestTemplateManager::test_template_manager_import PASSED [ 20%]
tests/test_coverage_boost_zero_percent.py::TestTemplateManager::test_template_manager_class_exists PASSED [ 20%]
tests/test_coverage_boost_zero_percent.py::TestTemplateManager::test_template_manager_list PASSED [ 20%]
tests/test_coverage_boost_zero_percent.py::TestLifecycleModule::test_lifecycle_import PASSED [ 20%]
tests/test_coverage_boost_zero_percent.py::TestLifecycleModule::test_lifecycle_functions_exist PASSED [ 21%]
tests/test_coverage_boost_zero_percent.py::TestMetricsModule::test_metrics_import PASSED [ 21%]
tests/test_coverage_boost_zero_percent.py::TestMetricsModule::test_metrics_get_system_metrics PASSED [ 21%]
tests/test_coverage_boost_zero_percent.py::TestPluginsInit::test_plugins_init_import PASSED [ 21%]
tests/test_coverage_boost_zero_percent.py::TestPluginsInit::test_plugins_has_hyperv PASSED [ 21%]
tests/test_coverage_boost_zero_percent.py::TestPluginsInit::test_plugins_has_sandbox PASSED [ 21%]
tests/test_coverage_boost_zero_percent.py::TestHyperVManager::test_hyperv_manager_import SKIPPED [ 21%]
tests/test_coverage_boost_zero_percent.py::TestAllToolsServer::test_all_tools_server_import PASSED [ 22%]
tests/test_coverage_boost_zero_percent.py::TestAllToolsServer::test_all_tools_server_has_main PASSED [ 22%]
tests/test_coverage_boost_zero_percent.py::TestAllToolsServer::test_all_tools_server_has_start_function PASSED [ 22%]
tests/test_deep_execution.py::TestVMOperationsDeepExecution::test_vm_operations_list_vms FAILED [ 22%]
tests/test_deep_execution.py::TestVMOperationsDeepExecution::test_vm_operations_get_info FAILED [ 22%]
tests/test_deep_execution.py::TestVMOperationsDeepExecution::test_vm_operations_create_vm FAILED [ 22%]
tests/test_deep_execution.py::TestVMOperationsDeepExecution::test_vm_operations_start_vm FAILED [ 23%]
tests/test_deep_execution.py::TestVMOperationsDeepExecution::test_vm_operations_stop_vm FAILED [ 23%]
tests/test_deep_execution.py::TestVMOperationsDeepExecution::test_vm_operations_delete_vm FAILED [ 23%]
tests/test_deep_execution.py::TestVMOperationsDeepExecution::test_vm_operations_clone_vm FAILED [ 23%]
tests/test_deep_execution.py::TestVMOperationsDeepExecution::test_vm_operations_snapshot_create FAILED [ 23%]
tests/test_deep_execution.py::TestVMOperationsDeepExecution::test_vm_operations_snapshot_restore FAILED [ 23%]
tests/test_deep_execution.py::TestVMOperationsDeepExecution::test_vm_operations_snapshot_delete FAILED [ 23%]
tests/test_deep_execution.py::TestVMOperationsDeepExecution::test_vm_operations_pause_vm FAILED [ 24%]
tests/test_deep_execution.py::TestVMOperationsDeepExecution::test_vm_operations_resume_vm FAILED [ 24%]
tests/test_deep_execution.py::TestVMOperationsDeepExecution::test_vm_operations_reset_vm FAILED [ 24%]
tests/test_deep_execution.py::TestNetworkManagerDeepExecution::test_network_manager_list_networks FAILED [ 24%]
tests/test_deep_execution.py::TestNetworkManagerDeepExecution::test_network_manager_create_network FAILED [ 24%]
tests/test_deep_execution.py::TestNetworkManagerDeepExecution::test_network_manager_remove_network FAILED [ 24%]
tests/test_deep_execution.py::TestPluginInitialization::test_windows_sandbox_helper_methods FAILED [ 24%]
tests/test_deep_execution.py::TestServiceVMBase::test_vm_service_base_init PASSED [ 25%]
tests/test_deep_execution.py::TestLifecycleDeepExecution::test_lifecycle_create_vm FAILED [ 25%]
tests/test_deep_execution.py::TestLifecycleDeepExecution::test_lifecycle_start_vm FAILED [ 25%]
tests/test_deep_execution.py::TestLifecycleDeepExecution::test_lifecycle_stop_vm FAILED [ 25%]
tests/test_deep_execution.py::TestLifecycleDeepExecution::test_lifecycle_delete_vm FAILED [ 25%]
tests/test_deep_execution.py::TestDevicesDeepExecution::test_devices_configure_audio FAILED [ 25%]
tests/test_deep_execution.py::TestDevicesDeepExecution::test_devices_configure_video FAILED [ 25%]
tests/test_deep_execution.py::TestMetricsDeepExecution::test_metrics_get_vm_metrics FAILED [ 26%]
tests/test_deep_execution.py::TestMetricsDeepExecution::test_metrics_get_resource_usage FAILED [ 26%]
tests/test_deep_execution.py::TestSnapshotOperations::test_snapshots_module_functions PASSED [ 26%]
tests/test_deep_execution.py::TestTemplatesModule::test_templates_module_load PASSED [ 26%]
tests/test_deep_execution.py::TestAllToolsServerExecution::test_main_function_imports PASSED [ 26%]
tests/test_deep_execution.py::TestMCPToolsExecution::test_mcp_tools_module PASSED [ 26%]
tests/test_deep_execution.py::TestAsyncWrapperExecution::test_async_wrapper_module PASSED [ 26%]
tests/test_deep_execution.py::TestSettingsExecution::test_base_settings_creation PASSED [ 27%]
tests/test_deep_execution.py::TestModelsExecution::test_models_init PASSED [ 27%]
tests/test_deep_execution.py::TestServerV2CoreExecution::test_server_v2_core_server FAILED [ 27%]
tests/test_deep_execution.py::TestServerV2UtilsExecution::test_server_v2_utils_init FAILED [ 27%]
tests/test_deep_execution.py::TestHyperVIntegration::test_hyperv_manager_module PASSED [ 27%]
tests/test_deep_execution.py::TestHyperVIntegration::test_hyperv_tools_module PASSED [ 27%]
tests/test_deep_execution.py::TestVMServiceTypes::test_types_module_enums PASSED [ 28%]
tests/test_deep_execution.py::TestAudioModule::test_audio_module_content FAILED [ 28%]
tests/test_deep_execution.py::TestVideoModule::test_video_module_content FAILED [ 28%]
tests/test_deep_execution.py::TestSystemModule::test_system_module_content FAILED [ 28%]
tests/test_deep_execution.py::TestSandboxModule::test_sandbox_module_content FAILED [ 28%]
tests/test_deep_execution.py::TestDevicesHyperV::test_devices_hyperv_content PASSED [ 28%]
tests/test_devices.py::TestVMDeviceMixin::test_list_devices SKIPPED      [ 28%]
tests/test_devices.py::TestVMDeviceMixin::test_attach_usb_device SKIPPED [ 29%]
tests/test_devices.py::TestVMDeviceMixin::test_detach_usb_device SKIPPED [ 29%]
tests/test_devices.py::TestVMDeviceMixin::test_list_available_usb_devices SKIPPED [ 29%]
tests/test_devices.py::TestVMDeviceMixin::test_configure_shared_folder SKIPPED [ 29%]
tests/test_devices.py::TestVMDeviceMixin::test_remove_shared_folder SKIPPED [ 29%]
tests/test_execution_coverage.py::TestVMToolsExecution::test_list_vms_execution FAILED [ 29%]
tests/test_execution_coverage.py::TestVMToolsExecution::test_get_vm_info_execution FAILED [ 29%]
tests/test_execution_coverage.py::TestNetworkToolsExecution::test_list_networks_execution FAILED [ 30%]
tests/test_execution_coverage.py::TestSnapshotToolsExecution::test_list_snapshots_execution FAILED [ 30%]
tests/test_execution_coverage.py::TestStorageToolsExecution::test_list_storage_controllers_execution FAILED [ 30%]
tests/test_execution_coverage.py::TestSystemToolsExecution::test_get_system_info_execution PASSED [ 30%]
tests/test_execution_coverage.py::TestSystemToolsExecution::test_get_vbox_version_execution FAILED [ 30%]
tests/test_execution_coverage.py::TestConfigExecution::test_get_logs_dir PASSED [ 30%]
tests/test_execution_coverage.py::TestConfigExecution::test_configure_logging PASSED [ 30%]
tests/test_execution_coverage.py::TestUtilsExecution::test_get_vbox_home PASSED [ 31%]
tests/test_execution_coverage.py::TestUtilsExecution::test_setup_logging PASSED [ 31%]
tests/test_execution_coverage.py::TestVBoxComponentsExecution::test_compat_adapter_creation PASSED [ 31%]
tests/test_execution_coverage.py::TestVBoxComponentsExecution::test_network_manager_creation FAILED [ 31%]
tests/test_execution_coverage.py::TestServicesExecution::test_template_manager_list PASSED [ 31%]
tests/test_execution_coverage.py::TestServicesExecution::test_service_manager_creation PASSED [ 31%]
tests/test_execution_coverage.py::TestPortmanteauExecution::test_vm_management_list_action PASSED [ 31%]
tests/test_execution_coverage.py::TestPortmanteauExecution::test_network_management_list_action FAILED [ 32%]
tests/test_execution_coverage.py::TestPortmanteauExecution::test_storage_management_list_action PASSED [ 32%]
tests/test_execution_coverage.py::TestPortmanteauExecution::test_snapshot_management_list_action PASSED [ 32%]
tests/test_execution_coverage.py::TestPortmanteauExecution::test_system_management_info_action PASSED [ 32%]
tests/test_execution_coverage.py::TestExceptionExecution::test_vbox_error_raise PASSED [ 32%]
tests/test_execution_coverage.py::TestExceptionExecution::test_vm_not_found_error PASSED [ 32%]
tests/test_execution_coverage.py::TestExceptionExecution::test_invalid_state_error FAILED [ 32%]
tests/test_execution_coverage.py::TestHelpToolExecution::test_help_tool_module PASSED [ 33%]
tests/test_execution_coverage.py::TestRegisterToolsExecution::test_register_all_tools PASSED [ 33%]
tests/test_final_50_percent_push.py::TestServerV2ServerComplete::test_server_v2_server_import SKIPPED [ 33%]
tests/test_final_50_percent_push.py::TestServerV2ServerComplete::test_server_v2_init FAILED [ 33%]
tests/test_final_50_percent_push.py::TestServerV2MainComplete::test_server_v2_main_import PASSED [ 33%]
tests/test_final_50_percent_push.py::TestServerV2ConfigComplete::test_server_v2_config_import SKIPPED [ 33%]
tests/test_final_50_percent_push.py::TestServerV2UtilsComplete::test_server_v2_utils_import SKIPPED [ 34%]
tests/test_final_50_percent_push.py::TestAPIDocumentationComplete::test_api_documentation_import PASSED [ 34%]
tests/test_final_50_percent_push.py::TestMCPToolsComplete::test_mcp_tools_register_execution FAILED [ 34%]
tests/test_final_50_percent_push.py::TestAllToolsServerComplete::test_register_all_tools_execution FAILED [ 34%]
tests/test_final_50_percent_push.py::TestMainPyComplete::test_parse_arguments_all_args PASSED [ 34%]
tests/test_final_50_percent_push.py::TestMainPyComplete::test_parse_arguments_debug PASSED [ 34%]
tests/test_final_50_percent_push.py::TestPluginsInitComplete::test_plugins_init_import PASSED [ 34%]
tests/test_final_50_percent_push.py::TestTemplateManagerComplete::test_template_manager_init PASSED [ 35%]
tests/test_final_50_percent_push.py::TestTemplateManagerComplete::test_template_manager_list PASSED [ 35%]
tests/test_final_50_percent_push.py::TestTemplateManagerComplete::test_template_manager_get_all_possible PASSED [ 35%]
tests/test_function_execution_mega.py::TestAllToolsServerFunctionExecution::test_handle_shutdown_execution PASSED [ 35%]
tests/test_function_execution_mega.py::TestAllToolsServerFunctionExecution::test_register_all_tools_execution FAILED [ 35%]
tests/test_function_execution_mega.py::TestAllToolsServerFunctionExecution::test_start_mcp_server_execution PASSED [ 35%]
tests/test_function_execution_mega.py::TestAllToolsServerFunctionExecution::test_main_async_execution PASSED [ 35%]
tests/test_function_execution_mega.py::TestMainPyFunctionExecution::test_parse_arguments_execution PASSED [ 36%]
tests/test_function_execution_mega.py::TestMainPyFunctionExecution::test_main_function_execution FAILED [ 36%]
tests/test_function_execution_mega.py::TestMCPToolsFunctionExecution::test_register_mcp_tools_execution FAILED [ 36%]
tests/test_function_execution_mega.py::TestJSONEncoderFunctionExecution::test_dumps_with_complex_objects PASSED [ 36%]
tests/test_function_execution_mega.py::TestJSONEncoderFunctionExecution::test_loads_with_various_json PASSED [ 36%]
tests/test_function_execution_mega.py::TestJSONEncoderFunctionExecution::test_encoder_default_with_various_types PASSED [ 36%]
tests/test_function_execution_mega.py::TestTemplateManagerFunctionExecution::test_template_manager_list_execution PASSED [ 36%]
tests/test_function_execution_mega.py::TestTemplateManagerFunctionExecution::test_template_manager_get_execution PASSED [ 37%]
tests/test_function_execution_mega.py::TestTemplateManagerFunctionExecution::test_template_manager_create_execution PASSED [ 37%]
tests/test_function_execution_mega.py::TestServiceManagerFunctionExecution::test_service_manager_register_execution FAILED [ 37%]
tests/test_function_execution_mega.py::TestServiceManagerFunctionExecution::test_service_manager_get_execution FAILED [ 37%]
tests/test_function_execution_mega.py::TestServiceManagerFunctionExecution::test_service_manager_list_execution FAILED [ 37%]
tests/test_gold_mega_boost_1.py::TestVMServiceMegaExecution::test_vm_service_complete_import PASSED [ 37%]
tests/test_gold_mega_boost_1.py::TestVMServiceMegaExecution::test_vm_service_all_classes PASSED [ 37%]
tests/test_gold_mega_boost_1.py::TestDevicesMegaExecution::test_devices_complete_import PASSED [ 38%]
tests/test_gold_mega_boost_1.py::TestDevicesMegaExecution::test_devices_all_attributes PASSED [ 38%]
tests/test_gold_mega_boost_1.py::TestAPIDocumentationMegaExecution::test_api_docs_complete_import PASSED [ 38%]
tests/test_gold_mega_boost_1.py::TestAPIDocumentationMegaExecution::test_api_docs_all_functions PASSED [ 38%]
tests/test_gold_mega_boost_1.py::TestMCPToolsMegaExecution::test_mcp_tools_complete_import PASSED [ 38%]
tests/test_gold_mega_boost_1.py::TestMCPToolsMegaExecution::test_mcp_tools_all_functions PASSED [ 38%]
tests/test_gold_mega_boost_1.py::TestSandboxMegaExecution::test_sandbox_complete_import PASSED [ 39%]
tests/test_gold_mega_boost_1.py::TestAllToolsServerMegaExecution::test_all_tools_server_complete PASSED [ 39%]
tests/test_gold_mega_boost_1.py::TestLifecycleMegaExecution::test_lifecycle_complete_import PASSED [ 39%]
tests/test_gold_mega_boost_1.py::TestServerV2ServerMegaExecution::test_server_v2_server_complete FAILED [ 39%]
tests/test_gold_mega_boost_1.py::TestTemplatesMegaExecution::test_templates_complete_import PASSED [ 39%]
tests/test_gold_mega_boost_1.py::TestDevToolsMegaExecution::test_dev_tools_complete PASSED [ 39%]
tests/test_gold_mega_boost_1.py::TestServerV2UtilsMegaExecution::test_server_v2_utils_complete PASSED [ 39%]
tests/test_gold_push_part1.py::TestAllToolsServerExecution::test_main_function_execution PASSED [ 40%]
tests/test_gold_push_part1.py::TestAllToolsServerExecution::test_start_mcp_server_import PASSED [ 40%]
tests/test_gold_push_part1.py::TestMCPToolsExecution::test_mcp_tools_all_functions PASSED [ 40%]
tests/test_gold_push_part1.py::TestAPIDocumentationExecution::test_api_documentation_functions PASSED [ 40%]
tests/test_gold_push_part1.py::TestBackupToolsExecution::test_backup_tools_all_imports PASSED [ 40%]
tests/test_gold_push_part1.py::TestSandboxToolsExecution::test_sandbox_tools_initialization PASSED [ 40%]
tests/test_gold_push_part1.py::TestVMServiceMassiveExecution::test_vm_service_imports PASSED [ 40%]
tests/test_gold_push_part1.py::TestDevicesServiceMassiveExecution::test_devices_module_loading PASSED [ 41%]
tests/test_gold_push_part1.py::TestVBoxManagerComprehensive::test_vbox_manager_all_methods FAILED [ 41%]
tests/test_gold_push_part1.py::TestPortmanteauCompleteExecution::test_vm_management_all_actions FAILED [ 41%]
tests/test_gold_push_part1.py::TestPortmanteauCompleteExecution::test_network_management_all_actions PASSED [ 41%]
tests/test_gold_push_part1.py::TestPortmanteauCompleteExecution::test_storage_management_all_actions PASSED [ 41%]
tests/test_gold_push_part1.py::TestPortmanteauCompleteExecution::test_snapshot_management_all_actions FAILED [ 41%]
tests/test_gold_push_part1.py::TestPortmanteauCompleteExecution::test_system_management_all_actions PASSED [ 41%]
tests/test_gold_push_part1.py::TestNetworkServiceComplete::test_network_adapters_functions PASSED [ 42%]
tests/test_gold_push_part1.py::TestNetworkServiceComplete::test_network_forwarding_functions PASSED [ 42%]
tests/test_gold_push_part1.py::TestNetworkServiceComplete::test_network_service_functions PASSED [ 42%]
tests/test_gold_push_part1.py::TestNetworkServiceComplete::test_network_types_enum PASSED [ 42%]
tests/test_gold_push_part1.py::TestNetworkServiceComplete::test_network_utils_functions PASSED [ 42%]
tests/test_gold_push_part2.py::TestVMServicePart1::test_vm_service_class_exists PASSED [ 42%]
tests/test_gold_push_part2.py::TestVMServicePart2::test_vm_service_module_constants PASSED [ 42%]
tests/test_gold_push_part2.py::TestVMServicePart3::test_vm_service_all_imports PASSED [ 43%]
tests/test_gold_push_part2.py::TestDevicesPart1::test_devices_mixin_class PASSED [ 43%]
tests/test_gold_push_part2.py::TestDevicesPart2::test_devices_module_functions PASSED [ 43%]
tests/test_gold_push_part2.py::TestDevicesPart3::test_devices_all_imports PASSED [ 43%]
tests/test_gold_push_part2.py::TestSandboxToolsPart1::test_sandbox_tools_classes PASSED [ 43%]
tests/test_gold_push_part2.py::TestSandboxToolsPart2::test_sandbox_tools_functions PASSED [ 43%]
tests/test_gold_push_part2.py::TestBackupToolsComplete::test_backup_module_all PASSED [ 43%]
tests/test_gold_push_part2.py::TestAPIDocumentationComplete::test_api_docs_module PASSED [ 44%]
tests/test_gold_push_part2.py::TestMCPToolsComplete::test_mcp_tools_all PASSED [ 44%]
tests/test_gold_push_part3_server_v2.py::TestServerV2Server::test_server_class_import FAILED [ 44%]
tests/test_gold_push_part3_server_v2.py::TestServerV2Server::test_server_module_all FAILED [ 44%]
tests/test_gold_push_part3_server_v2.py::TestServerV2Config::test_config_module FAILED [ 44%]
tests/test_gold_push_part3_server_v2.py::TestServerV2Main::test_main_module FAILED [ 44%]
tests/test_gold_push_part3_server_v2.py::TestServerV2Init::test_server_v2_init FAILED [ 45%]
tests/test_gold_push_part3_server_v2.py::TestServerV2CoreServer::test_core_server_import FAILED [ 45%]
tests/test_gold_push_part4_main_modules.py::TestMainPyComplete::test_main_imports FAILED [ 45%]
tests/test_gold_push_part4_main_modules.py::TestDunderMainComplete::test_dunder_main_complete PASSED [ 45%]
tests/test_gold_push_part4_main_modules.py::TestDevToolsComplete::test_dev_tools_complete PASSED [ 45%]
tests/test_gold_push_part5_execution.py::TestVBoxManagerEveryMethod::test_list_vms_execution PASSED [ 45%]
tests/test_gold_push_part5_execution.py::TestVBoxManagerEveryMethod::test_get_vm_info_execution PASSED [ 45%]
tests/test_gold_push_part5_execution.py::TestVBoxManagerEveryMethod::test_create_vm_full_execution PASSED [ 46%]
tests/test_gold_push_part5_execution.py::TestVBoxManagerEveryMethod::test_start_vm_execution PASSED [ 46%]
tests/test_gold_push_part5_execution.py::TestVBoxManagerEveryMethod::test_stop_vm_execution PASSED [ 46%]
tests/test_gold_push_part5_execution.py::TestVBoxManagerEveryMethod::test_delete_vm_execution PASSED [ 46%]
tests/test_gold_push_part5_execution.py::TestVBoxManagerEveryMethod::test_clone_vm_execution FAILED [ 46%]
tests/test_gold_push_part5_execution.py::TestVBoxManagerEveryMethod::test_pause_vm_execution FAILED [ 46%]
tests/test_gold_push_part5_execution.py::TestVBoxManagerEveryMethod::test_resume_vm_execution FAILED [ 46%]
tests/test_gold_push_part5_execution.py::TestVBoxManagerEveryMethod::test_reset_vm_execution FAILED [ 47%]
tests/test_gold_push_part5_execution.py::TestVBoxManagerEveryMethod::test_create_snapshot_execution FAILED [ 47%]
tests/test_gold_push_part5_execution.py::TestVBoxManagerEveryMethod::test_restore_snapshot_execution PASSED [ 47%]
tests/test_gold_push_part5_execution.py::TestVBoxManagerEveryMethod::test_delete_snapshot_execution PASSED [ 47%]
tests/test_gold_push_part5_execution.py::TestVBoxManagerEveryMethod::test_list_snapshots_execution PASSED [ 47%]
tests/test_gold_push_part5_execution.py::TestVBoxManagerEveryMethod::test_list_host_only_networks_execution FAILED [ 47%]
tests/test_gold_push_part5_execution.py::TestVBoxManagerEveryMethod::test_create_host_only_network_execution FAILED [ 47%]
tests/test_gold_push_part5_execution.py::TestVBoxManagerEveryMethod::test_list_storage_controllers_execution FAILED [ 48%]
tests/test_gold_push_part5_execution.py::TestVBoxManagerEveryMethod::test_get_version_execution FAILED [ 48%]
tests/test_gold_push_part5_execution.py::TestVBoxManagerEveryMethod::test_list_ostypes_execution FAILED [ 48%]
tests/test_gold_push_part5_execution.py::TestVBoxManagerEveryMethod::test_get_host_info_execution FAILED [ 48%]
tests/test_gold_push_part5_execution.py::TestNetworkManagerEveryMethod::test_network_manager_list FAILED [ 48%]
tests/test_gold_push_part5_execution.py::TestNetworkManagerEveryMethod::test_network_manager_create FAILED [ 48%]
tests/test_gold_push_part5_execution.py::TestNetworkManagerEveryMethod::test_network_manager_remove FAILED [ 48%]
tests/test_gold_push_part5_execution.py::TestVMOperationsEveryMethod::test_vm_operations_complete FAILED [ 49%]
tests/test_gold_push_part5_execution.py::TestTemplateManagerEveryMethod::test_template_manager_list_templates PASSED [ 49%]
tests/test_gold_push_part5_execution.py::TestTemplateManagerEveryMethod::test_template_manager_methods_exist PASSED [ 49%]
tests/test_gold_push_part5_execution.py::TestServiceManagerEveryMethod::test_service_manager_complete FAILED [ 49%]
tests/test_gold_standard_coverage.py::TestCoreModules::test_main_module_init PASSED [ 49%]
tests/test_gold_standard_coverage.py::TestCoreModules::test_settings_module PASSED [ 49%]
tests/test_gold_standard_coverage.py::TestCoreModules::test_async_wrapper PASSED [ 50%]
tests/test_gold_standard_coverage.py::TestAllExceptionTypes::test_vm_error PASSED [ 50%]
tests/test_gold_standard_coverage.py::TestAllExceptionTypes::test_validation_error PASSED [ 50%]
tests/test_gold_standard_coverage.py::TestAllExceptionTypes::test_rate_limit_exceeded PASSED [ 50%]
tests/test_gold_standard_coverage.py::TestAllExceptionTypes::test_service_unavailable PASSED [ 50%]
tests/test_gold_standard_coverage.py::TestAllExceptionTypes::test_vm_manager_error FAILED [ 50%]
tests/test_gold_standard_coverage.py::TestAllExceptionTypes::test_snapshot_error FAILED [ 50%]
tests/test_gold_standard_coverage.py::TestAllExceptionTypes::test_network_error FAILED [ 51%]
tests/test_gold_standard_coverage.py::TestAllExceptionTypes::test_storage_error FAILED [ 51%]
tests/test_gold_standard_coverage.py::TestAllExceptionTypes::test_configuration_error PASSED [ 51%]
tests/test_gold_standard_coverage.py::TestAllExceptionTypes::test_authentication_error PASSED [ 51%]
tests/test_gold_standard_coverage.py::TestAllExceptionTypes::test_authorization_error PASSED [ 51%]
tests/test_gold_standard_coverage.py::TestAllExceptionTypes::test_resource_exhausted_error FAILED [ 51%]
tests/test_gold_standard_coverage.py::TestAllExceptionTypes::test_timeout_error FAILED [ 51%]
tests/test_gold_standard_coverage.py::TestJSONEncoderFunctions::test_dumps_function PASSED [ 52%]
tests/test_gold_standard_coverage.py::TestJSONEncoderFunctions::test_loads_function PASSED [ 52%]
tests/test_gold_standard_coverage.py::TestJSONEncoderFunctions::test_encoder_default PASSED [ 52%]
tests/test_gold_standard_coverage.py::TestUtilityFunctions::test_get_vbox_home PASSED [ 52%]
tests/test_gold_standard_coverage.py::TestUtilityFunctions::test_get_vbox_vms_dir PASSED [ 52%]
tests/test_gold_standard_coverage.py::TestUtilityFunctions::test_ensure_dir_exists PASSED [ 52%]
tests/test_gold_standard_coverage.py::TestUtilityFunctions::test_rate_limiter PASSED [ 52%]
tests/test_gold_standard_coverage.py::TestUtilityFunctions::test_signal_handlers PASSED [ 53%]
tests/test_gold_standard_coverage.py::TestUtilityFunctions::test_vm_status PASSED [ 53%]
tests/test_gold_standard_coverage.py::TestUtilityFunctions::test_windows_sandbox_helper PASSED [ 53%]
tests/test_gold_standard_coverage.py::TestVBoxModules::test_vbox_manager_init PASSED [ 53%]
tests/test_gold_standard_coverage.py::TestVBoxModules::test_vm_operations_class FAILED [ 53%]
tests/test_gold_standard_coverage.py::TestVBoxModules::test_snapshots_module PASSED [ 53%]
tests/test_gold_standard_coverage.py::TestVBoxModules::test_templates_module PASSED [ 53%]
tests/test_gold_standard_coverage.py::TestServiceModules::test_lifecycle_mixin PASSED [ 54%]
tests/test_gold_standard_coverage.py::TestServiceModules::test_devices_mixin PASSED [ 54%]
tests/test_gold_standard_coverage.py::TestServiceModules::test_metrics_mixin PASSED [ 54%]
tests/test_gold_standard_coverage.py::TestServiceModules::test_storage_mixin PASSED [ 54%]
tests/test_gold_standard_coverage.py::TestServiceModules::test_snapshots_mixin PASSED [ 54%]
tests/test_gold_standard_coverage.py::TestServiceModules::test_video_module FAILED [ 54%]
tests/test_gold_standard_coverage.py::TestServiceModules::test_audio_module FAILED [ 54%]
tests/test_gold_standard_coverage.py::TestServiceModules::test_system_module FAILED [ 55%]
tests/test_gold_standard_coverage.py::TestServiceModules::test_devices_hyperv_module PASSED [ 55%]
tests/test_gold_standard_coverage.py::TestPluginModules::test_hyperv_manager PASSED [ 55%]
tests/test_gold_standard_coverage.py::TestPluginModules::test_sandbox_manager PASSED [ 55%]
tests/test_gold_standard_coverage.py::TestPluginModules::test_sandbox_config FAILED [ 55%]
tests/test_gold_standard_coverage.py::TestNetworkModules::test_network_adapters PASSED [ 55%]
tests/test_gold_standard_coverage.py::TestNetworkModules::test_network_forwarding PASSED [ 56%]
tests/test_gold_standard_coverage.py::TestNetworkModules::test_network_types PASSED [ 56%]
tests/test_gold_standard_coverage.py::TestNetworkModules::test_network_utils PASSED [ 56%]
tests/test_gold_standard_coverage.py::TestToolCategories::test_vm_tools_module PASSED [ 56%]
tests/test_gold_standard_coverage.py::TestToolCategories::test_network_tools_module PASSED [ 56%]
tests/test_gold_standard_coverage.py::TestToolCategories::test_storage_tools_module PASSED [ 56%]
tests/test_gold_standard_coverage.py::TestToolCategories::test_snapshot_tools_module PASSED [ 56%]
tests/test_gold_standard_coverage.py::TestToolCategories::test_system_tools_module PASSED [ 57%]
tests/test_gold_standard_coverage.py::TestToolCategories::test_backup_tools_module PASSED [ 57%]
tests/test_gold_standard_coverage.py::TestToolCategories::test_security_tools_module PASSED [ 57%]
tests/test_gold_standard_coverage.py::TestToolCategories::test_monitoring_tools_module PASSED [ 57%]
tests/test_gold_standard_coverage.py::TestToolCategories::test_dev_tools_module PASSED [ 57%]
tests/test_gold_standard_coverage.py::TestServerV2Modules::test_server_v2_init FAILED [ 57%]
tests/test_gold_standard_coverage.py::TestServerV2Modules::test_server_v2_config FAILED [ 57%]
tests/test_gold_standard_coverage.py::TestServerV2Modules::test_server_v2_plugins FAILED [ 58%]
tests/test_gold_standard_coverage.py::TestAPIModules::test_api_documentation PASSED [ 58%]
tests/test_imports.py::test_basic_imports PASSED                         [ 58%]
tests/test_imports.py::test_config_import PASSED                         [ 58%]
tests/test_imports.py::test_tools_import PASSED                          [ 58%]
tests/test_imports.py::test_server_import PASSED                         [ 58%]
tests/test_imports.py::test_pytest_working PASSED                        [ 58%]
tests/test_intensive_coverage.py::TestVBoxManagerMethods::test_vbox_manager_list_vms PASSED [ 59%]
tests/test_intensive_coverage.py::TestVBoxManagerMethods::test_vbox_manager_get_vm_info PASSED [ 59%]
tests/test_intensive_coverage.py::TestVBoxManagerMethods::test_vbox_manager_create_vm PASSED [ 59%]
tests/test_intensive_coverage.py::TestVBoxManagerMethods::test_vbox_manager_start_vm PASSED [ 59%]
tests/test_intensive_coverage.py::TestVBoxManagerMethods::test_vbox_manager_stop_vm PASSED [ 59%]
tests/test_intensive_coverage.py::TestVBoxManagerMethods::test_vbox_manager_delete_vm PASSED [ 59%]
tests/test_intensive_coverage.py::TestVMOperationsMethods::test_vm_operations_init FAILED [ 59%]
tests/test_intensive_coverage.py::TestVMOperationsMethods::test_vm_operations_create FAILED [ 60%]
tests/test_intensive_coverage.py::TestVMOperationsMethods::test_vm_operations_start FAILED [ 60%]
tests/test_intensive_coverage.py::TestNetworkManagerMethods::test_network_manager_init FAILED [ 60%]
tests/test_intensive_coverage.py::TestNetworkManagerMethods::test_network_manager_list_networks FAILED [ 60%]
tests/test_intensive_coverage.py::TestServiceManagerMethods::test_service_manager_init FAILED [ 60%]
tests/test_intensive_coverage.py::TestServiceManagerMethods::test_service_manager_register FAILED [ 60%]
tests/test_intensive_coverage.py::TestTemplateManagerMethods::test_template_manager_init PASSED [ 60%]
tests/test_intensive_coverage.py::TestTemplateManagerMethods::test_template_manager_list PASSED [ 61%]
tests/test_intensive_coverage.py::TestTemplateManagerMethods::test_template_manager_get PASSED [ 61%]
tests/test_intensive_coverage.py::TestVMServiceMethods::test_vm_service_init PASSED [ 61%]
tests/test_intensive_coverage.py::TestLifecycleMethods::test_lifecycle_mixin_init PASSED [ 61%]
tests/test_intensive_coverage.py::TestDevicesMethods::test_devices_mixin_init PASSED [ 61%]
tests/test_intensive_coverage.py::TestMetricsMethods::test_metrics_mixin_init PASSED [ 61%]
tests/test_intensive_coverage.py::TestWindowsSandboxHelper::test_sandbox_helper_init PASSED [ 62%]
tests/test_intensive_coverage.py::TestWindowsSandboxHelper::test_sandbox_config_init FAILED [ 62%]
tests/test_intensive_coverage.py::TestVMTypesModule::test_types_import PASSED [ 62%]
tests/test_intensive_coverage.py::TestVMTypesModule::test_storage_controller_type_values PASSED [ 62%]
tests/test_intensive_coverage.py::TestNetworkServiceModules::test_adapters_module PASSED [ 62%]
tests/test_intensive_coverage.py::TestNetworkServiceModules::test_forwarding_module PASSED [ 62%]
tests/test_intensive_coverage.py::TestNetworkServiceModules::test_network_service_module PASSED [ 62%]
tests/test_intensive_coverage.py::TestNetworkServiceModules::test_network_types_module PASSED [ 63%]
tests/test_intensive_coverage.py::TestNetworkServiceModules::test_network_utils_module PASSED [ 63%]
tests/test_intensive_coverage.py::TestPluginSystemModules::test_initialize_plugins FAILED [ 63%]
tests/test_intensive_coverage.py::TestServerV2PluginModules::test_base_plugin FAILED [ 63%]
tests/test_intensive_coverage.py::TestServerV2PluginModules::test_base_module FAILED [ 63%]
tests/test_intensive_coverage.py::TestServerV2PluginModules::test_plugin_manager FAILED [ 63%]
tests/test_intensive_coverage.py::TestServerV2PluginModules::test_backup_plugin FAILED [ 63%]
tests/test_intensive_coverage.py::TestServerV2PluginModules::test_monitoring_plugin FAILED [ 64%]
tests/test_intensive_coverage.py::TestServerV2PluginModules::test_security_plugin FAILED [ 64%]
tests/test_intensive_coverage.py::TestServerV2PluginModules::test_network_analyzer_plugin FAILED [ 64%]
tests/test_intensive_coverage.py::TestServerV2PluginModules::test_malware_analyzer_plugin FAILED [ 64%]
tests/test_intensive_coverage.py::TestServerV2PluginModules::test_ai_security_plugin FAILED [ 64%]
tests/test_intensive_coverage.py::TestServerV2PluginModules::test_documentation_plugin FAILED [ 64%]
tests/test_intensive_coverage.py::TestServerV2PluginModules::test_example_plugin FAILED [ 64%]
tests/test_intensive_coverage.py::TestServerV2PluginModules::test_hyperv_manager_plugin FAILED [ 65%]
tests/test_intensive_coverage.py::TestServerV2PluginModules::test_windows_sandbox_plugin FAILED [ 65%]
tests/test_intensive_coverage.py::TestToolRegistration::test_register_all_tools FAILED [ 65%]
tests/test_intensive_coverage.py::TestPortmanteauInternals::test_vm_management_create_path PASSED [ 65%]
tests/test_intensive_coverage.py::TestPortmanteauInternals::test_vm_management_error_handling PASSED [ 65%]
tests/test_intensive_coverage.py::TestPortmanteauInternals::test_vm_management_missing_params PASSED [ 65%]
tests/test_intensive_coverage.py::TestStorageManagementInternals::test_storage_management_list_action PASSED [ 65%]
tests/test_intensive_coverage.py::TestStorageManagementInternals::test_storage_management_invalid_action PASSED [ 66%]
tests/test_intensive_coverage.py::TestSnapshotManagementInternals::test_snapshot_management_list_action PASSED [ 66%]
tests/test_intensive_coverage.py::TestSystemManagementInternals::test_system_management_info_action PASSED [ 66%]
tests/test_intensive_coverage.py::TestConfigFunctions::test_get_logs_dir_execution PASSED [ 66%]
tests/test_intensive_coverage.py::TestAllToolModuleInits::test_vm_tools_init PASSED [ 66%]
tests/test_intensive_coverage.py::TestAllToolModuleInits::test_network_tools_init PASSED [ 66%]
tests/test_intensive_coverage.py::TestAllToolModuleInits::test_storage_tools_init PASSED [ 67%]
tests/test_intensive_coverage.py::TestAllToolModuleInits::test_snapshot_tools_init PASSED [ 67%]
tests/test_intensive_coverage.py::TestAllToolModuleInits::test_system_tools_init PASSED [ 67%]
tests/test_intensive_coverage.py::TestAllToolModuleInits::test_security_tools_init PASSED [ 67%]
tests/test_intensive_coverage.py::TestAllToolModuleInits::test_monitoring_tools_init PASSED [ 67%]
tests/test_intensive_coverage.py::TestAllToolModuleInits::test_backup_tools_init PASSED [ 67%]
tests/test_intensive_coverage.py::TestAllToolModuleInits::test_dev_tools_init PASSED [ 67%]
tests/test_intensive_coverage.py::TestAllToolModuleInits::test_portmanteau_init PASSED [ 68%]
tests/test_lifecycle.py::TestVMLifecycleMixin::test_list_vms FAILED      [ 68%]
tests/test_lifecycle.py::TestVMLifecycleMixin::test_start_vm FAILED      [ 68%]
tests/test_lifecycle.py::TestVMLifecycleMixin::test_stop_vm FAILED       [ 68%]
tests/test_lifecycle.py::TestVMLifecycleMixin::test_get_vm_state FAILED  [ 68%]
tests/test_lifecycle.py::TestVMLifecycleMixin::test_parse_vm_state[PoweredOff-PoweredOff] FAILED [ 68%]
tests/test_lifecycle.py::TestVMLifecycleMixin::test_parse_vm_state[Running-Running] FAILED [ 68%]
tests/test_lifecycle.py::TestVMLifecycleMixin::test_parse_vm_state[Paused-Paused] FAILED [ 69%]
tests/test_lifecycle.py::TestVMLifecycleMixin::test_parse_vm_state[Saved-Saved] FAILED [ 69%]
tests/test_lifecycle.py::TestVMLifecycleMixin::test_parse_vm_state[Unknown-Unknown] FAILED [ 69%]
tests/test_lifecycle.py::TestVMLifecycleMixin::test_create_snapshot FAILED [ 69%]
tests/test_main_entry_points.py::TestMainPyEntryPoint::test_main_function_can_be_called FAILED [ 69%]
tests/test_main_entry_points.py::TestDunderMainEntryPoint::test_dunder_main_import PASSED [ 69%]
tests/test_main_entry_points.py::TestServerV2DunderMain::test_server_v2_dunder_main FAILED [ 69%]
tests/test_main_entry_points.py::TestDevToolsModule::test_dev_tools_module PASSED [ 70%]
tests/test_massive_coverage_boost.py::TestVMServiceComprehensive::test_vm_service_module_import PASSED [ 70%]
tests/test_massive_coverage_boost.py::TestDevicesComprehensive::test_devices_mixin_network_adapter PASSED [ 70%]
tests/test_massive_coverage_boost.py::TestSandboxToolsComprehensive::test_sandbox_tools_import PASSED [ 70%]
tests/test_massive_coverage_boost.py::TestBackupToolsComprehensive::test_backup_tools_import PASSED [ 70%]
tests/test_massive_coverage_boost.py::TestAPIDocumentationComprehensive::test_api_documentation_import PASSED [ 70%]
tests/test_massive_coverage_boost.py::TestMCPToolsComprehensive::test_mcp_tools_import PASSED [ 70%]
tests/test_massive_coverage_boost.py::TestAllToolsServerComprehensive::test_all_tools_server_import PASSED [ 71%]
tests/test_massive_coverage_boost.py::TestSandboxServiceComprehensive::test_sandbox_service_import PASSED [ 71%]
tests/test_massive_coverage_boost.py::TestVMOperationsComprehensive::test_vm_ops_all_methods_exist FAILED [ 71%]
tests/test_massive_coverage_boost.py::TestServerV2Comprehensive::test_server_v2_server_module PASSED [ 71%]
tests/test_massive_coverage_boost.py::TestTemplatesServiceComprehensive::test_templates_service_import PASSED [ 71%]
tests/test_massive_coverage_boost.py::TestDevToolsComprehensive::test_dev_tools_import PASSED [ 71%]
tests/test_massive_coverage_boost.py::TestAPIInitComprehensive::test_api_init_import PASSED [ 71%]
tests/test_massive_coverage_boost.py::TestServerV2UtilsComprehensive::test_server_v2_utils_module PASSED [ 72%]
tests/test_massive_coverage_boost.py::TestTemplateManagerComprehensive::test_template_manager_all_methods PASSED [ 72%]
tests/test_massive_coverage_boost.py::TestSnapshotsServiceComprehensive::test_snapshots_service_import PASSED [ 72%]
tests/test_massive_coverage_boost.py::TestStorageServiceComprehensive::test_storage_service_import PASSED [ 72%]
tests/test_massive_coverage_boost.py::TestSystemServiceComprehensive::test_system_service_import PASSED [ 72%]
tests/test_massive_coverage_boost.py::TestVideoServiceComprehensive::test_video_service_import PASSED [ 72%]
tests/test_massive_coverage_boost.py::TestMainPyComprehensive::test_main_py_import PASSED [ 73%]
tests/test_massive_coverage_boost.py::TestPluginsInitComprehensive::test_plugins_init_module PASSED [ 73%]
tests/test_massive_coverage_boost.py::TestAudioServiceComprehensive::test_audio_service_import PASSED [ 73%]
tests/test_massive_coverage_boost.py::TestNetworkAdaptersComprehensive::test_network_adapters_import PASSED [ 73%]
tests/test_massive_coverage_boost.py::TestNetworkForwardingComprehensive::test_network_forwarding_import PASSED [ 73%]
tests/test_massive_coverage_boost.py::TestNetworkUtilsComprehensive::test_network_utils_import PASSED [ 73%]
tests/test_metrics.py::TestVMMetricsMixin::test_get_cpu_metrics FAILED   [ 73%]
tests/test_metrics.py::TestVMMetricsMixin::test_get_memory_metrics FAILED [ 74%]
tests/test_metrics.py::TestVMMetricsMixin::test_get_disk_metrics FAILED  [ 74%]
tests/test_metrics.py::TestVMMetricsMixin::test_get_network_metrics FAILED [ 74%]
tests/test_metrics.py::TestVMMetricsMixin::test_collect_metrics FAILED   [ 74%]
tests/test_networking.py::TestVMNetworkingService::test_list_network_adapters FAILED [ 74%]
tests/test_networking.py::TestVMNetworkingService::test_configure_network_adapter FAILED [ 74%]
tests/test_networking.py::TestVMNetworkingService::test_enable_network_adapter FAILED [ 74%]
tests/test_networking.py::TestVMNetworkingService::test_disable_network_adapter FAILED [ 75%]
tests/test_networking.py::TestVMNetworkingService::test_get_network_metrics FAILED [ 75%]
tests/test_networking.py::TestNetworkTypes::test_network_adapter_config_validation PASSED [ 75%]
tests/test_portmanteau_network_management.py::TestNetworkManagementPortmanteau::test_register_network_management_tool PASSED [ 75%]
tests/test_portmanteau_network_management.py::TestNetworkManagementPortmanteau::test_invalid_action PASSED [ 75%]
tests/test_portmanteau_network_management.py::TestNetworkManagementPortmanteau::test_list_networks_action_success PASSED [ 75%]
tests/test_portmanteau_network_management.py::TestNetworkManagementPortmanteau::test_list_networks_action_error PASSED [ 75%]
tests/test_portmanteau_network_management.py::TestNetworkManagementPortmanteau::test_create_network_action_success PASSED [ 76%]
tests/test_portmanteau_network_management.py::TestNetworkManagementPortmanteau::test_create_network_action_missing_network_name PASSED [ 76%]
tests/test_portmanteau_network_management.py::TestNetworkManagementPortmanteau::test_remove_network_action_success PASSED [ 76%]
tests/test_portmanteau_network_management.py::TestNetworkManagementPortmanteau::test_remove_network_action_missing_network_name PASSED [ 76%]
tests/test_portmanteau_network_management.py::TestNetworkManagementPortmanteau::test_list_adapters_action_success PASSED [ 76%]
tests/test_portmanteau_network_management.py::TestNetworkManagementPortmanteau::test_list_adapters_action_missing_vm_name PASSED [ 76%]
tests/test_portmanteau_network_management.py::TestNetworkManagementPortmanteau::test_configure_adapter_action_success PASSED [ 76%]
tests/test_portmanteau_network_management.py::TestNetworkManagementPortmanteau::test_configure_adapter_action_missing_vm_name PASSED [ 77%]
tests/test_portmanteau_network_management.py::TestNetworkManagementPortmanteau::test_configure_adapter_action_missing_adapter_slot PASSED [ 77%]
tests/test_portmanteau_network_management.py::TestNetworkManagementPortmanteau::test_configure_adapter_action_missing_network_type PASSED [ 77%]
tests/test_portmanteau_network_management.py::TestNetworkManagementPortmanteau::test_exception_handling FAILED [ 77%]
tests/test_portmanteau_network_management.py::TestNetworkManagementPortmanteau::test_network_actions_constant PASSED [ 77%]
tests/test_portmanteau_network_management.py::TestNetworkManagementPortmanteau::test_kwargs_passthrough PASSED [ 77%]
tests/test_portmanteau_network_management.py::TestNetworkManagementPortmanteau::test_all_network_actions PASSED [ 78%]
tests/test_portmanteau_network_management.py::TestNetworkManagementPortmanteau::test_network_management_error_scenarios PASSED [ 78%]
tests/test_portmanteau_vm_management.py::TestVMManagementPortmanteau::test_register_vm_management_tool PASSED [ 78%]
tests/test_portmanteau_vm_management.py::TestVMManagementPortmanteau::test_invalid_action PASSED [ 78%]
tests/test_portmanteau_vm_management.py::TestVMManagementPortmanteau::test_list_vms_action PASSED [ 78%]
tests/test_portmanteau_vm_management.py::TestVMManagementPortmanteau::test_list_vms_action_error PASSED [ 78%]
tests/test_portmanteau_vm_management.py::TestVMManagementPortmanteau::test_create_vm_action_success PASSED [ 78%]
tests/test_portmanteau_vm_management.py::TestVMManagementPortmanteau::test_create_vm_action_missing_vm_name PASSED [ 79%]
tests/test_portmanteau_vm_management.py::TestVMManagementPortmanteau::test_create_vm_action_missing_os_type PASSED [ 79%]
tests/test_portmanteau_vm_management.py::TestVMManagementPortmanteau::test_create_vm_action_error PASSED [ 79%]
tests/test_portmanteau_vm_management.py::TestVMManagementPortmanteau::test_start_vm_action_success PASSED [ 79%]
tests/test_portmanteau_vm_management.py::TestVMManagementPortmanteau::test_start_vm_action_missing_vm_name PASSED [ 79%]
tests/test_portmanteau_vm_management.py::TestVMManagementPortmanteau::test_stop_vm_action_success PASSED [ 79%]
tests/test_portmanteau_vm_management.py::TestVMManagementPortmanteau::test_delete_vm_action_success PASSED [ 79%]
tests/test_portmanteau_vm_management.py::TestVMManagementPortmanteau::test_clone_vm_action_success PASSED [ 80%]
tests/test_portmanteau_vm_management.py::TestVMManagementPortmanteau::test_clone_vm_action_missing_source_vm PASSED [ 80%]
tests/test_portmanteau_vm_management.py::TestVMManagementPortmanteau::test_clone_vm_action_missing_new_vm_name PASSED [ 80%]
tests/test_portmanteau_vm_management.py::TestVMManagementPortmanteau::test_reset_vm_action_success PASSED [ 80%]
tests/test_portmanteau_vm_management.py::TestVMManagementPortmanteau::test_pause_vm_action_success PASSED [ 80%]
tests/test_portmanteau_vm_management.py::TestVMManagementPortmanteau::test_resume_vm_action_success PASSED [ 80%]
tests/test_portmanteau_vm_management.py::TestVMManagementPortmanteau::test_get_vm_info_action_success PASSED [ 80%]
tests/test_portmanteau_vm_management.py::TestVMManagementPortmanteau::test_get_vm_info_action_missing_vm_name PASSED [ 81%]
tests/test_portmanteau_vm_management.py::TestVMManagementPortmanteau::test_all_actions_require_vm_name_except_list PASSED [ 81%]
tests/test_portmanteau_vm_management.py::TestVMManagementPortmanteau::test_exception_handling FAILED [ 81%]
tests/test_portmanteau_vm_management.py::TestVMManagementPortmanteau::test_vm_actions_constant PASSED [ 81%]
tests/test_portmanteau_vm_management.py::TestVMManagementPortmanteau::test_kwargs_passthrough PASSED [ 81%]
tests/test_quick_coverage_boost.py::TestMainModules::test_main_module_import PASSED [ 81%]
tests/test_quick_coverage_boost.py::TestMainModules::test_main_entry_point_import PASSED [ 81%]
tests/test_quick_coverage_boost.py::TestMainModules::test_all_tools_server_import PASSED [ 82%]
tests/test_quick_coverage_boost.py::TestToolsModules::test_dev_tools_import PASSED [ 82%]
tests/test_quick_coverage_boost.py::TestToolsModules::test_example_tools_import PASSED [ 82%]
tests/test_quick_coverage_boost.py::TestToolsModules::test_help_tool_import PASSED [ 82%]
tests/test_quick_coverage_boost.py::TestToolsModules::test_mcp_tools_import PASSED [ 82%]
tests/test_quick_coverage_boost.py::TestVBoxModules::test_vbox_manager_import PASSED [ 82%]
tests/test_quick_coverage_boost.py::TestVBoxModules::test_vbox_compat_adapter_import PASSED [ 82%]
tests/test_quick_coverage_boost.py::TestVBoxModules::test_vbox_compat_import PASSED [ 83%]
tests/test_quick_coverage_boost.py::TestServiceModules::test_vm_service_import PASSED [ 83%]
tests/test_quick_coverage_boost.py::TestServiceModules::test_service_manager_import PASSED [ 83%]
tests/test_quick_coverage_boost.py::TestUtilityModules::test_config_import PASSED [ 83%]
tests/test_quick_coverage_boost.py::TestUtilityModules::test_exceptions_import PASSED [ 83%]
tests/test_quick_coverage_boost.py::TestUtilityModules::test_async_wrapper_import PASSED [ 83%]
tests/test_quick_coverage_boost.py::TestQuickExecution::test_config_constants PASSED [ 84%]
tests/test_quick_coverage_boost.py::TestQuickExecution::test_exceptions_types PASSED [ 84%]
tests/test_quick_coverage_boost.py::TestQuickExecution::test_async_wrapper_functions PASSED [ 84%]
tests/test_quick_coverage_boost.py::TestVMServiceQuick::test_vm_service_class PASSED [ 84%]
tests/test_quick_coverage_boost.py::TestVMServiceQuick::test_vm_service_init PASSED [ 84%]
tests/test_quick_coverage_boost.py::TestVBoxManagerQuick::test_vbox_manager_class PASSED [ 84%]
tests/test_quick_coverage_boost.py::TestVBoxManagerQuick::test_vbox_manager_run_command PASSED [ 84%]
tests/test_quick_coverage_boost.py::TestToolsExecution::test_example_tools_functions PASSED [ 85%]
tests/test_quick_coverage_boost.py::TestToolsExecution::test_help_tool_functions PASSED [ 85%]
tests/test_quick_coverage_boost.py::TestToolsExecution::test_dev_tools_functions PASSED [ 85%]
tests/test_quick_coverage_boost.py::TestModuleImports::test_all_imports_execute PASSED [ 85%]
tests/test_real_vbox_integration.py::TestRealVBoxIntegration::test_vbox_manager_list_vms ERROR [ 85%]
tests/test_real_vbox_integration.py::TestRealVBoxIntegration::test_vbox_manager_get_version ERROR [ 85%]
tests/test_real_vbox_integration.py::TestRealVBoxIntegration::test_create_and_delete_vm_real_vbox_only PASSED [ 85%]
tests/test_real_vbox_integration.py::TestRealVBoxIntegration::test_vm_state_transitions_real_vbox_only FAILED [ 86%]
tests/test_real_vbox_integration.py::TestRealVBoxIntegration::test_vbox_availability_flag PASSED [ 86%]
tests/test_real_vbox_integration.py::TestDualModeInfrastructure::test_vbox_manager_fixture_returns_correct_type ERROR [ 86%]
tests/test_real_vbox_integration.py::TestDualModeInfrastructure::test_requires_vbox_decorator_works FAILED [ 86%]
tests/test_register_tools_complete.py::TestRegisterToolsComplete::test_register_all_tools_full_execution FAILED [ 86%]
tests/test_register_tools_complete.py::TestRegisterToolsComplete::test_register_all_tools_imports_all_modules PASSED [ 86%]
tests/test_sandbox_folder_mapping.py::test_mapped_folder_validation PASSED [ 86%]
tests/test_sandbox_folder_mapping.py::test_mapped_folder_invalid_path PASSED [ 87%]
tests/test_sandbox_folder_mapping.py::test_mapped_folder_relative_path PASSED [ 87%]
tests/test_sandbox_folder_mapping.py::test_sandbox_config_with_folders PASSED [ 87%]
tests/test_sandbox_folder_mapping.py::test_wsx_xml_generation_basic PASSED [ 87%]
tests/test_sandbox_folder_mapping.py::test_wsx_xml_generation_with_folders PASSED [ 87%]
tests/test_sandbox_folder_mapping.py::test_wsx_xml_generation_with_commands PASSED [ 87%]
tests/test_sandbox_folder_mapping.py::test_wsx_xml_generation_escaping PASSED [ 87%]
tests/test_sandbox_folder_mapping.py::test_wsx_xml_generation_complete PASSED [ 88%]
tests/test_sandbox_folder_mapping.py::test_sandbox_config_validation PASSED [ 88%]
tests/test_sandbox_folder_mapping.py::test_memory_validation PASSED      [ 88%]
tests/test_sandbox_folder_mapping.py::test_empty_folders_and_commands PASSED [ 88%]
tests/test_server.py::TestServerInitialization::test_server_initialization SKIPPED [ 88%]
tests/test_server.py::TestVBoxManager::test_get_host_info PASSED         [ 88%]
tests/test_server.py::TestVBoxManager::test_list_vms PASSED              [ 89%]
tests/test_server.py::TestTemplateManager::test_list_templates FAILED    [ 89%]
tests/test_server.py::TestMainFunction::test_main_function SKIPPED (...) [ 89%]
tests/test_storage.py::TestVMStorageMixin::test_list_storage_controllers FAILED [ 89%]
tests/test_storage.py::TestVMStorageMixin::test_create_storage_controller FAILED [ 89%]
tests/test_storage.py::TestVMStorageMixin::test_attach_storage_medium FAILED [ 89%]
tests/test_storage.py::TestVMStorageMixin::test_create_disk_image FAILED [ 89%]
tests/test_storage.py::TestVMStorageMixin::test_list_attached_media FAILED [ 90%]
tests/test_templates.py::TestVMTemplateMixin::test_list_templates FAILED [ 90%]
tests/test_templates.py::TestVMTemplateMixin::test_get_template FAILED   [ 90%]
tests/test_templates.py::TestVMTemplateMixin::test_create_template FAILED [ 90%]
tests/test_templates.py::TestVMTemplateMixin::test_delete_template FAILED [ 90%]
tests/test_templates.py::TestVMTemplateMixin::test_deploy_from_template FAILED [ 90%]
tests/test_templates.py::TestVMTemplateMixin::test_validate_template FAILED [ 90%]
tests/test_vbox_compat.py::test_vm_lifecycle FAILED                      [ 91%]
tests/test_vm_creation.py::TestVMCreation::test_create_vm_named_args PASSED [ 91%]
tests/test_vm_creation.py::TestVMCreation::test_create_vm_positional_args PASSED [ 91%]
tests/test_vm_service_comprehensive.py::TestVMServiceInit::test_init_with_python_api PASSED [ 91%]
tests/test_vm_service_comprehensive.py::TestVMServiceInit::test_init_with_vboxmanage_cli PASSED [ 91%]
tests/test_vm_service_comprehensive.py::TestVMServiceGetState::test_get_vm_state_success PASSED [ 91%]
tests/test_vm_service_comprehensive.py::TestVMServiceGetState::test_get_vm_state_vm_not_exists PASSED [ 91%]
tests/test_vm_service_comprehensive.py::TestVMServiceGetState::test_get_vm_state_error PASSED [ 92%]
tests/test_vm_service_comprehensive.py::TestVMServiceCreateVM::test_create_vm_success_default FAILED [ 92%]
tests/test_vm_service_comprehensive.py::TestVMServiceCreateVM::test_create_vm_with_overrides FAILED [ 92%]
tests/test_vm_service_comprehensive.py::TestVMServiceListVMs::test_list_vms_success PASSED [ 92%]
tests/test_vm_service_comprehensive.py::TestVMServiceStartStopVM::test_start_vm_success FAILED [ 92%]
tests/test_vm_service_comprehensive.py::TestVMServiceStartStopVM::test_start_vm_with_gui FAILED [ 92%]
tests/test_vm_service_comprehensive.py::TestVMServiceStartStopVM::test_stop_vm_success FAILED [ 92%]
tests/test_vm_service_comprehensive.py::TestVMServiceStartStopVM::test_stop_vm_force FAILED [ 93%]
tests/test_vm_service_comprehensive.py::TestVMServiceDeleteVM::test_delete_vm_success FAILED [ 93%]
tests/test_vm_service_comprehensive.py::TestVMServiceCloneVM::test_clone_vm_success FAILED [ 93%]
tests/test_vm_service_comprehensive.py::TestVMServiceSnapshots::test_create_snapshot FAILED [ 93%]
tests/test_vm_service_comprehensive.py::TestVMServiceSnapshots::test_restore_snapshot FAILED [ 93%]
tests/test_vm_service_comprehensive.py::TestVMServiceSnapshots::test_delete_snapshot FAILED [ 93%]
tests/test_vm_service_comprehensive.py::TestVMServiceSnapshots::test_list_snapshots FAILED [ 93%]
tests/test_vm_service_comprehensive.py::TestVMServiceModifyVM::test_modify_vm_memory FAILED [ 94%]
tests/test_vm_service_comprehensive.py::TestVMServiceModifyVM::test_modify_vm_cpus FAILED [ 94%]
tests/test_vm_service_comprehensive.py::TestVMServiceGetInfo::test_get_vm_info_success FAILED [ 94%]
tests/test_zero_coverage_modules.py::TestMainModule::test_main_module_exists PASSED [ 94%]
tests/test_zero_coverage_modules.py::TestMainEntryPoint::test_main_entry_point_exists PASSED [ 94%]
tests/test_zero_coverage_modules.py::TestDevTools::test_dev_tools_module_import PASSED [ 94%]
tests/test_zero_coverage_modules.py::TestServerV2Config::test_server_v2_config_module PASSED [ 95%]
tests/test_zero_coverage_modules.py::TestServerV2Utils::test_server_v2_utils_module PASSED [ 95%]
tests/test_zero_coverage_modules.py::TestServerV2MainEntry::test_server_v2_main_entry PASSED [ 95%]
tests/test_zero_coverage_modules.py::TestAPIDocumentation::test_api_documentation_module PASSED [ 95%]
tests/test_zero_coverage_modules.py::TestMCPToolsExecution::test_mcp_tools_module_import PASSED [ 95%]
tests/test_zero_coverage_modules.py::TestVMServiceExecution::test_vm_service_module PASSED [ 95%]
tests/test_zero_coverage_modules.py::TestSandboxService::test_sandbox_service_module PASSED [ 95%]
tests/test_zero_coverage_modules.py::TestSystemService::test_system_service_module FAILED [ 96%]
tests/test_zero_coverage_modules.py::TestVideoService::test_video_service_module PASSED [ 96%]
tests/test_zero_coverage_modules.py::TestAudioService::test_audio_service_module PASSED [ 96%]
tests/test_zero_coverage_modules.py::TestSnapshotsService::test_snapshots_service_module PASSED [ 96%]
tests/test_zero_coverage_modules.py::TestStorageService::test_storage_service_module PASSED [ 96%]
tests/test_zero_coverage_modules.py::TestDevicesService::test_devices_service_module PASSED [ 96%]
tests/test_zero_coverage_modules.py::TestBackupTools::test_backup_tools_module PASSED [ 96%]
tests/test_zero_coverage_modules.py::TestNetworkAdaptersService::test_adapters_service_module PASSED [ 97%]
tests/test_zero_coverage_modules.py::TestNetworkForwardingService::test_forwarding_service_module PASSED [ 97%]
tests/test_zero_coverage_modules.py::TestNetworkUtilsService::test_network_utils_module PASSED [ 97%]
tests/test_zero_coverage_quick_fix.py::TestMainModuleQuick::test_main_module_import PASSED [ 97%]
tests/test_zero_coverage_quick_fix.py::TestMainModuleQuick::test_main_function_exists PASSED [ 97%]
tests/test_zero_coverage_quick_fix.py::TestMainEntryPointQuick::test_main_entry_point_import PASSED [ 97%]
tests/test_zero_coverage_quick_fix.py::TestMainEntryPointQuick::test_main_entry_point_execution PASSED [ 97%]
tests/test_zero_coverage_quick_fix.py::TestDevToolsQuick::test_dev_tools_import PASSED [ 98%]
tests/test_zero_coverage_quick_fix.py::TestDevToolsQuick::test_dev_tools_functions_exist PASSED [ 98%]
tests/test_zero_coverage_quick_fix.py::TestServerV2Quick::test_server_v2_server_import FAILED [ 98%]
tests/test_zero_coverage_quick_fix.py::TestServerV2Quick::test_server_v2_config_import FAILED [ 98%]
tests/test_zero_coverage_quick_fix.py::TestServerV2Quick::test_server_v2_utils_import FAILED [ 98%]
tests/test_zero_coverage_quick_fix.py::TestServerV2Quick::test_server_v2_main_import FAILED [ 98%]
tests/test_zero_coverage_quick_fix.py::TestZeroCoverageExecution::test_server_v2_server_class FAILED [ 98%]
tests/test_zero_coverage_quick_fix.py::TestZeroCoverageExecution::test_server_v2_utils_functions SKIPPED [ 99%]
tests/test_zero_coverage_quick_fix.py::TestZeroCoverageExecution::test_dev_tools_execution PASSED [ 99%]
tests/test_zero_coverage_quick_fix.py::TestMainModuleExecution::test_main_module_initialization FAILED [ 99%]
tests/test_zero_coverage_quick_fix.py::TestEntryPointExecution::test_main_entry_point_code PASSED [ 99%]
tests/test_zero_coverage_quick_fix.py::TestEntryPointExecution::test_server_v2_main_entry_point SKIPPED [ 99%]
tests/test_zero_coverage_quick_fix.py::TestQuickExecutionCoverage::test_all_imports_execute PASSED [ 99%]
C:\Users\sandr\AppData\Local\Programs\Python\Python310\lib\site-packages\coverage\inorout.py:521: CoverageWarning: Module virtualization-mcp was never imported. (module-not-imported); see https://coverage.readthedocs.io/en/7.10.7/messages.html#warning-module-not-imported
  self.warn(f"Module {pkg} was never imported.", slug="module-not-imported")
C:\Users\sandr\AppData\Local\Programs\Python\Python310\lib\site-packages\coverage\control.py:946: CoverageWarning: No data was collected. (no-data-collected); see https://coverage.readthedocs.io/en/7.10.7/messages.html#warning-no-data-collected
  self._warn("No data was collected.", slug="no-data-collected")
C:\Users\sandr\AppData\Local\Programs\Python\Python310\lib\site-packages\pytest_cov\plugin.py:363: CovReportWarning: Failed to generate report: No data to report.

  warnings.warn(CovReportWarning(message), stacklevel=1)
tests/test_zero_coverage_quick_fix.py::TestQuickExecutionCoverage::test_basic_function_calls SKIPPED [100%]
WARNING: Failed to generate report: No data to report.



============================== warnings summary ===============================
tests\test_real_vbox_integration.py:43
  D:\Dev\repos\virtualization-mcp\tests\test_real_vbox_integration.py:43: PytestUnknownMarkWarning: Unknown pytest.mark.requires_vbox - is this a typo?  You can register custom marks to avoid this warning - for details, see https://docs.pytest.org/en/stable/how-to/mark.html
    @pytest.mark.requires_vbox

tests\test_real_vbox_integration.py:60
  D:\Dev\repos\virtualization-mcp\tests\test_real_vbox_integration.py:60: PytestUnknownMarkWarning: Unknown pytest.mark.requires_vbox - is this a typo?  You can register custom marks to avoid this warning - for details, see https://docs.pytest.org/en/stable/how-to/mark.html
    @pytest.mark.requires_vbox

-- Docs: https://docs.pytest.org/en/stable/how-to/capture-warnings.html
- generated xml file: D:\Dev\repos\virtualization-mcp\junit\test-results.xml --
=============================== tests coverage ================================
______________ coverage: platform win32, python 3.10.11-final-0 _______________

=========================== short test summary info ===========================
FAILED tests/test_auto_generated.py::Test_system_tools_Generated::test_get_vbox_version_execution
FAILED tests/test_comprehensive_coverage.py::TestMonitoringTools::test_monitoring_tools_import
FAILED tests/test_deep_execution.py::TestVMOperationsDeepExecution::test_vm_operations_list_vms
FAILED tests/test_deep_execution.py::TestVMOperationsDeepExecution::test_vm_operations_get_info
FAILED tests/test_deep_execution.py::TestVMOperationsDeepExecution::test_vm_operations_create_vm
FAILED tests/test_deep_execution.py::TestVMOperationsDeepExecution::test_vm_operations_start_vm
FAILED tests/test_deep_execution.py::TestVMOperationsDeepExecution::test_vm_operations_stop_vm
FAILED tests/test_deep_execution.py::TestVMOperationsDeepExecution::test_vm_operations_delete_vm
FAILED tests/test_deep_execution.py::TestVMOperationsDeepExecution::test_vm_operations_clone_vm
FAILED tests/test_deep_execution.py::TestVMOperationsDeepExecution::test_vm_operations_snapshot_create
FAILED tests/test_deep_execution.py::TestVMOperationsDeepExecution::test_vm_operations_snapshot_restore
FAILED tests/test_deep_execution.py::TestVMOperationsDeepExecution::test_vm_operations_snapshot_delete
FAILED tests/test_deep_execution.py::TestVMOperationsDeepExecution::test_vm_operations_pause_vm
FAILED tests/test_deep_execution.py::TestVMOperationsDeepExecution::test_vm_operations_resume_vm
FAILED tests/test_deep_execution.py::TestVMOperationsDeepExecution::test_vm_operations_reset_vm
FAILED tests/test_deep_execution.py::TestNetworkManagerDeepExecution::test_network_manager_list_networks
FAILED tests/test_deep_execution.py::TestNetworkManagerDeepExecution::test_network_manager_create_network
FAILED tests/test_deep_execution.py::TestNetworkManagerDeepExecution::test_network_manager_remove_network
FAILED tests/test_deep_execution.py::TestPluginInitialization::test_windows_sandbox_helper_methods
FAILED tests/test_deep_execution.py::TestLifecycleDeepExecution::test_lifecycle_create_vm
FAILED tests/test_deep_execution.py::TestLifecycleDeepExecution::test_lifecycle_start_vm
FAILED tests/test_deep_execution.py::TestLifecycleDeepExecution::test_lifecycle_stop_vm
FAILED tests/test_deep_execution.py::TestLifecycleDeepExecution::test_lifecycle_delete_vm
FAILED tests/test_deep_execution.py::TestDevicesDeepExecution::test_devices_configure_audio
FAILED tests/test_deep_execution.py::TestDevicesDeepExecution::test_devices_configure_video
FAILED tests/test_deep_execution.py::TestMetricsDeepExecution::test_metrics_get_vm_metrics
FAILED tests/test_deep_execution.py::TestMetricsDeepExecution::test_metrics_get_resource_usage
FAILED tests/test_deep_execution.py::TestServerV2CoreExecution::test_server_v2_core_server
FAILED tests/test_deep_execution.py::TestServerV2UtilsExecution::test_server_v2_utils_init
FAILED tests/test_deep_execution.py::TestAudioModule::test_audio_module_content
FAILED tests/test_deep_execution.py::TestVideoModule::test_video_module_content
FAILED tests/test_deep_execution.py::TestSystemModule::test_system_module_content
FAILED tests/test_deep_execution.py::TestSandboxModule::test_sandbox_module_content
FAILED tests/test_execution_coverage.py::TestVMToolsExecution::test_list_vms_execution
FAILED tests/test_execution_coverage.py::TestVMToolsExecution::test_get_vm_info_execution
FAILED tests/test_execution_coverage.py::TestNetworkToolsExecution::test_list_networks_execution
FAILED tests/test_execution_coverage.py::TestSnapshotToolsExecution::test_list_snapshots_execution
FAILED tests/test_execution_coverage.py::TestStorageToolsExecution::test_list_storage_controllers_execution
FAILED tests/test_execution_coverage.py::TestSystemToolsExecution::test_get_vbox_version_execution
FAILED tests/test_execution_coverage.py::TestVBoxComponentsExecution::test_network_manager_creation
FAILED tests/test_execution_coverage.py::TestPortmanteauExecution::test_network_management_list_action
FAILED tests/test_execution_coverage.py::TestExceptionExecution::test_invalid_state_error
FAILED tests/test_final_50_percent_push.py::TestServerV2ServerComplete::test_server_v2_init
FAILED tests/test_final_50_percent_push.py::TestMCPToolsComplete::test_mcp_tools_register_execution
FAILED tests/test_final_50_percent_push.py::TestAllToolsServerComplete::test_register_all_tools_execution
FAILED tests/test_function_execution_mega.py::TestAllToolsServerFunctionExecution::test_register_all_tools_execution
FAILED tests/test_function_execution_mega.py::TestMainPyFunctionExecution::test_main_function_execution
FAILED tests/test_function_execution_mega.py::TestMCPToolsFunctionExecution::test_register_mcp_tools_execution
FAILED tests/test_function_execution_mega.py::TestServiceManagerFunctionExecution::test_service_manager_register_execution
FAILED tests/test_function_execution_mega.py::TestServiceManagerFunctionExecution::test_service_manager_get_execution
FAILED tests/test_function_execution_mega.py::TestServiceManagerFunctionExecution::test_service_manager_list_execution
FAILED tests/test_gold_mega_boost_1.py::TestServerV2ServerMegaExecution::test_server_v2_server_complete
FAILED tests/test_gold_push_part1.py::TestVBoxManagerComprehensive::test_vbox_manager_all_methods
FAILED tests/test_gold_push_part1.py::TestPortmanteauCompleteExecution::test_vm_management_all_actions
FAILED tests/test_gold_push_part1.py::TestPortmanteauCompleteExecution::test_snapshot_management_all_actions
FAILED tests/test_gold_push_part3_server_v2.py::TestServerV2Server::test_server_class_import
FAILED tests/test_gold_push_part3_server_v2.py::TestServerV2Server::test_server_module_all
FAILED tests/test_gold_push_part3_server_v2.py::TestServerV2Config::test_config_module
FAILED tests/test_gold_push_part3_server_v2.py::TestServerV2Main::test_main_module
FAILED tests/test_gold_push_part3_server_v2.py::TestServerV2Init::test_server_v2_init
FAILED tests/test_gold_push_part3_server_v2.py::TestServerV2CoreServer::test_core_server_import
FAILED tests/test_gold_push_part4_main_modules.py::TestMainPyComplete::test_main_imports
FAILED tests/test_gold_push_part5_execution.py::TestVBoxManagerEveryMethod::test_clone_vm_execution
FAILED tests/test_gold_push_part5_execution.py::TestVBoxManagerEveryMethod::test_pause_vm_execution
FAILED tests/test_gold_push_part5_execution.py::TestVBoxManagerEveryMethod::test_resume_vm_execution
FAILED tests/test_gold_push_part5_execution.py::TestVBoxManagerEveryMethod::test_reset_vm_execution
FAILED tests/test_gold_push_part5_execution.py::TestVBoxManagerEveryMethod::test_create_snapshot_execution
FAILED tests/test_gold_push_part5_execution.py::TestVBoxManagerEveryMethod::test_list_host_only_networks_execution
FAILED tests/test_gold_push_part5_execution.py::TestVBoxManagerEveryMethod::test_create_host_only_network_execution
FAILED tests/test_gold_push_part5_execution.py::TestVBoxManagerEveryMethod::test_list_storage_controllers_execution
FAILED tests/test_gold_push_part5_execution.py::TestVBoxManagerEveryMethod::test_get_version_execution
FAILED tests/test_gold_push_part5_execution.py::TestVBoxManagerEveryMethod::test_list_ostypes_execution
FAILED tests/test_gold_push_part5_execution.py::TestVBoxManagerEveryMethod::test_get_host_info_execution
FAILED tests/test_gold_push_part5_execution.py::TestNetworkManagerEveryMethod::test_network_manager_list
FAILED tests/test_gold_push_part5_execution.py::TestNetworkManagerEveryMethod::test_network_manager_create
FAILED tests/test_gold_push_part5_execution.py::TestNetworkManagerEveryMethod::test_network_manager_remove
FAILED tests/test_gold_push_part5_execution.py::TestVMOperationsEveryMethod::test_vm_operations_complete
FAILED tests/test_gold_push_part5_execution.py::TestServiceManagerEveryMethod::test_service_manager_complete
FAILED tests/test_gold_standard_coverage.py::TestAllExceptionTypes::test_vm_manager_error
FAILED tests/test_gold_standard_coverage.py::TestAllExceptionTypes::test_snapshot_error
FAILED tests/test_gold_standard_coverage.py::TestAllExceptionTypes::test_network_error
FAILED tests/test_gold_standard_coverage.py::TestAllExceptionTypes::test_storage_error
FAILED tests/test_gold_standard_coverage.py::TestAllExceptionTypes::test_resource_exhausted_error
FAILED tests/test_gold_standard_coverage.py::TestAllExceptionTypes::test_timeout_error
FAILED tests/test_gold_standard_coverage.py::TestVBoxModules::test_vm_operations_class
FAILED tests/test_gold_standard_coverage.py::TestServiceModules::test_video_module
FAILED tests/test_gold_standard_coverage.py::TestServiceModules::test_audio_module
FAILED tests/test_gold_standard_coverage.py::TestServiceModules::test_system_module
FAILED tests/test_gold_standard_coverage.py::TestPluginModules::test_sandbox_config
FAILED tests/test_gold_standard_coverage.py::TestServerV2Modules::test_server_v2_init
FAILED tests/test_gold_standard_coverage.py::TestServerV2Modules::test_server_v2_config
FAILED tests/test_gold_standard_coverage.py::TestServerV2Modules::test_server_v2_plugins
FAILED tests/test_intensive_coverage.py::TestVMOperationsMethods::test_vm_operations_init
FAILED tests/test_intensive_coverage.py::TestVMOperationsMethods::test_vm_operations_create
FAILED tests/test_intensive_coverage.py::TestVMOperationsMethods::test_vm_operations_start
FAILED tests/test_intensive_coverage.py::TestNetworkManagerMethods::test_network_manager_init
FAILED tests/test_intensive_coverage.py::TestNetworkManagerMethods::test_network_manager_list_networks
FAILED tests/test_intensive_coverage.py::TestServiceManagerMethods::test_service_manager_init
FAILED tests/test_intensive_coverage.py::TestServiceManagerMethods::test_service_manager_register
FAILED tests/test_intensive_coverage.py::TestWindowsSandboxHelper::test_sandbox_config_init
FAILED tests/test_intensive_coverage.py::TestPluginSystemModules::test_initialize_plugins
FAILED tests/test_intensive_coverage.py::TestServerV2PluginModules::test_base_plugin
FAILED tests/test_intensive_coverage.py::TestServerV2PluginModules::test_base_module
FAILED tests/test_intensive_coverage.py::TestServerV2PluginModules::test_plugin_manager
FAILED tests/test_intensive_coverage.py::TestServerV2PluginModules::test_backup_plugin
FAILED tests/test_intensive_coverage.py::TestServerV2PluginModules::test_monitoring_plugin
FAILED tests/test_intensive_coverage.py::TestServerV2PluginModules::test_security_plugin
FAILED tests/test_intensive_coverage.py::TestServerV2PluginModules::test_network_analyzer_plugin
FAILED tests/test_intensive_coverage.py::TestServerV2PluginModules::test_malware_analyzer_plugin
FAILED tests/test_intensive_coverage.py::TestServerV2PluginModules::test_ai_security_plugin
FAILED tests/test_intensive_coverage.py::TestServerV2PluginModules::test_documentation_plugin
FAILED tests/test_intensive_coverage.py::TestServerV2PluginModules::test_example_plugin
FAILED tests/test_intensive_coverage.py::TestServerV2PluginModules::test_hyperv_manager_plugin
FAILED tests/test_intensive_coverage.py::TestServerV2PluginModules::test_windows_sandbox_plugin
FAILED tests/test_intensive_coverage.py::TestToolRegistration::test_register_all_tools
FAILED tests/test_lifecycle.py::TestVMLifecycleMixin::test_list_vms - Asserti...
FAILED tests/test_lifecycle.py::TestVMLifecycleMixin::test_start_vm - TypeErr...
FAILED tests/test_lifecycle.py::TestVMLifecycleMixin::test_stop_vm - TypeErro...
FAILED tests/test_lifecycle.py::TestVMLifecycleMixin::test_get_vm_state - Att...
FAILED tests/test_lifecycle.py::TestVMLifecycleMixin::test_parse_vm_state[PoweredOff-PoweredOff]
FAILED tests/test_lifecycle.py::TestVMLifecycleMixin::test_parse_vm_state[Running-Running]
FAILED tests/test_lifecycle.py::TestVMLifecycleMixin::test_parse_vm_state[Paused-Paused]
FAILED tests/test_lifecycle.py::TestVMLifecycleMixin::test_parse_vm_state[Saved-Saved]
FAILED tests/test_lifecycle.py::TestVMLifecycleMixin::test_parse_vm_state[Unknown-Unknown]
FAILED tests/test_lifecycle.py::TestVMLifecycleMixin::test_create_snapshot - ...
FAILED tests/test_main_entry_points.py::TestMainPyEntryPoint::test_main_function_can_be_called
FAILED tests/test_main_entry_points.py::TestServerV2DunderMain::test_server_v2_dunder_main
FAILED tests/test_massive_coverage_boost.py::TestVMOperationsComprehensive::test_vm_ops_all_methods_exist
FAILED tests/test_metrics.py::TestVMMetricsMixin::test_get_cpu_metrics - Attr...
FAILED tests/test_metrics.py::TestVMMetricsMixin::test_get_memory_metrics - A...
FAILED tests/test_metrics.py::TestVMMetricsMixin::test_get_disk_metrics - Att...
FAILED tests/test_metrics.py::TestVMMetricsMixin::test_get_network_metrics - ...
FAILED tests/test_metrics.py::TestVMMetricsMixin::test_collect_metrics - Attr...
FAILED tests/test_networking.py::TestVMNetworkingService::test_list_network_adapters
FAILED tests/test_networking.py::TestVMNetworkingService::test_configure_network_adapter
FAILED tests/test_networking.py::TestVMNetworkingService::test_enable_network_adapter
FAILED tests/test_networking.py::TestVMNetworkingService::test_disable_network_adapter
FAILED tests/test_networking.py::TestVMNetworkingService::test_get_network_metrics
FAILED tests/test_portmanteau_network_management.py::TestNetworkManagementPortmanteau::test_exception_handling
FAILED tests/test_portmanteau_vm_management.py::TestVMManagementPortmanteau::test_exception_handling
FAILED tests/test_real_vbox_integration.py::TestRealVBoxIntegration::test_vm_state_transitions_real_vbox_only
FAILED tests/test_real_vbox_integration.py::TestDualModeInfrastructure::test_requires_vbox_decorator_works
FAILED tests/test_register_tools_complete.py::TestRegisterToolsComplete::test_register_all_tools_full_execution
FAILED tests/test_server.py::TestTemplateManager::test_list_templates - Asser...
FAILED tests/test_storage.py::TestVMStorageMixin::test_list_storage_controllers
FAILED tests/test_storage.py::TestVMStorageMixin::test_create_storage_controller
FAILED tests/test_storage.py::TestVMStorageMixin::test_attach_storage_medium
FAILED tests/test_storage.py::TestVMStorageMixin::test_create_disk_image - At...
FAILED tests/test_storage.py::TestVMStorageMixin::test_list_attached_media - ...
FAILED tests/test_templates.py::TestVMTemplateMixin::test_list_templates - As...
FAILED tests/test_templates.py::TestVMTemplateMixin::test_get_template - Attr...
FAILED tests/test_templates.py::TestVMTemplateMixin::test_create_template - A...
FAILED tests/test_templates.py::TestVMTemplateMixin::test_delete_template - T...
FAILED tests/test_templates.py::TestVMTemplateMixin::test_deploy_from_template
FAILED tests/test_templates.py::TestVMTemplateMixin::test_validate_template
FAILED tests/test_vbox_compat.py::test_vm_lifecycle - virtualization_mcp.vbox...
FAILED tests/test_vm_service_comprehensive.py::TestVMServiceCreateVM::test_create_vm_success_default
FAILED tests/test_vm_service_comprehensive.py::TestVMServiceCreateVM::test_create_vm_with_overrides
FAILED tests/test_vm_service_comprehensive.py::TestVMServiceStartStopVM::test_start_vm_success
FAILED tests/test_vm_service_comprehensive.py::TestVMServiceStartStopVM::test_start_vm_with_gui
FAILED tests/test_vm_service_comprehensive.py::TestVMServiceStartStopVM::test_stop_vm_success
FAILED tests/test_vm_service_comprehensive.py::TestVMServiceStartStopVM::test_stop_vm_force
FAILED tests/test_vm_service_comprehensive.py::TestVMServiceDeleteVM::test_delete_vm_success
FAILED tests/test_vm_service_comprehensive.py::TestVMServiceCloneVM::test_clone_vm_success
FAILED tests/test_vm_service_comprehensive.py::TestVMServiceSnapshots::test_create_snapshot
FAILED tests/test_vm_service_comprehensive.py::TestVMServiceSnapshots::test_restore_snapshot
FAILED tests/test_vm_service_comprehensive.py::TestVMServiceSnapshots::test_delete_snapshot
FAILED tests/test_vm_service_comprehensive.py::TestVMServiceSnapshots::test_list_snapshots
FAILED tests/test_vm_service_comprehensive.py::TestVMServiceModifyVM::test_modify_vm_memory
FAILED tests/test_vm_service_comprehensive.py::TestVMServiceModifyVM::test_modify_vm_cpus
FAILED tests/test_vm_service_comprehensive.py::TestVMServiceGetInfo::test_get_vm_info_success
FAILED tests/test_zero_coverage_modules.py::TestSystemService::test_system_service_module
FAILED tests/test_zero_coverage_quick_fix.py::TestServerV2Quick::test_server_v2_server_import
FAILED tests/test_zero_coverage_quick_fix.py::TestServerV2Quick::test_server_v2_config_import
FAILED tests/test_zero_coverage_quick_fix.py::TestServerV2Quick::test_server_v2_utils_import
FAILED tests/test_zero_coverage_quick_fix.py::TestServerV2Quick::test_server_v2_main_import
FAILED tests/test_zero_coverage_quick_fix.py::TestZeroCoverageExecution::test_server_v2_server_class
FAILED tests/test_zero_coverage_quick_fix.py::TestMainModuleExecution::test_main_module_initialization
ERROR tests/test_real_vbox_integration.py::TestRealVBoxIntegration::test_vbox_manager_list_vms
ERROR tests/test_real_vbox_integration.py::TestRealVBoxIntegration::test_vbox_manager_get_version
ERROR tests/test_real_vbox_integration.py::TestDualModeInfrastructure::test_vbox_manager_fixture_returns_correct_type
===== 178 failed, 472 passed, 29 skipped, 2 warnings, 3 errors in 19.20s ======
