<?xml version="1.0" encoding="utf-8"?><testsuites name="pytest tests"><testsuite name="pytest" errors="0" failures="33" skipped="8" tests="51" time="27.148" timestamp="2025-09-06T02:21:57.416879+02:00" hostname="Goliath"><testcase classname="tests.test_vm_creation.TestVMCreation" name="test_create_vm_positional_args" time="9.314" /><testcase classname="tests.test_vm_creation.TestVMCreation" name="test_create_vm_named_args" time="10.204" /><testcase classname="tests.test_networking.TestVMNetworkingService" name="test_enable_network_adapter[asyncio]" time="0.016"><failure message="AttributeError: 'VMNetworkingService' object has no attribute 'enable_network_adapter'. Did you mean: 'get_network_adapters'?">tests\test_networking.py:64: in test_enable_network_adapter
    result = await self.networking.enable_network_adapter(
                   ^^^^^^^^^^^^^^^^^^^^^^^^^^^^^^^^^^^^^^
E   AttributeError: 'VMNetworkingService' object has no attribute 'enable_network_adapter'. Did you mean: 'get_network_adapters'?</failure></testcase><testcase classname="tests.test_networking.TestVMNetworkingService" name="test_disable_network_adapter[asyncio]" time="0.009"><failure message="AttributeError: 'VMNetworkingService' object has no attribute 'disable_network_adapter'">tests\test_networking.py:79: in test_disable_network_adapter
    result = await self.networking.disable_network_adapter(
                   ^^^^^^^^^^^^^^^^^^^^^^^^^^^^^^^^^^^^^^^
E   AttributeError: 'VMNetworkingService' object has no attribute 'disable_network_adapter'</failure></testcase><testcase classname="tests.test_templates.TestVMTemplateMixin" name="test_deploy_from_template[asyncio]" time="0.162"><failure message="TypeError: object dict can't be used in 'await' expression">tests\test_templates.py:104: in test_deploy_from_template
    result = await self.templates.deploy_from_template(
E   TypeError: object dict can't be used in 'await' expression</failure></testcase><testcase classname="tests.test_storage.TestVMStorageMixin" name="test_create_disk_image[asyncio]" time="0.009"><failure message="AttributeError: 'VMStorageMixin' object has no attribute 'create_disk_image'">tests\test_storage.py:82: in test_create_disk_image
    result = await self.storage.create_disk_image(
                   ^^^^^^^^^^^^^^^^^^^^^^^^^^^^^^
E   AttributeError: 'VMStorageMixin' object has no attribute 'create_disk_image'</failure></testcase><testcase classname="tests.test_lifecycle.TestVMLifecycleMixin" name="test_start_vm[asyncio]" time="0.024"><failure message="TypeError: object dict can't be used in 'await' expression">tests\test_lifecycle.py:43: in test_start_vm
    result = await self.lifecycle.start_vm(self.vm_name)
             ^^^^^^^^^^^^^^^^^^^^^^^^^^^^^^^^^^^^^^^^^^^
E   TypeError: object dict can't be used in 'await' expression</failure></testcase><testcase classname="tests.test_lifecycle.TestVMLifecycleMixin" name="test_stop_vm[asyncio]" time="0.013"><failure message="TypeError: object dict can't be used in 'await' expression">tests\test_lifecycle.py:59: in test_stop_vm
    result = await self.lifecycle.stop_vm(self.vm_name)
             ^^^^^^^^^^^^^^^^^^^^^^^^^^^^^^^^^^^^^^^^^^
E   TypeError: object dict can't be used in 'await' expression</failure></testcase><testcase classname="tests.test_metrics.TestVMMetricsMixin" name="test_collect_metrics[asyncio]" time="0.008"><failure message="AttributeError: 'VMMetricsMixin' object has no attribute 'collect_metrics'">tests\test_metrics.py:112: in test_collect_metrics
    result = await self.metrics.collect_metrics(self.vm_name)
                   ^^^^^^^^^^^^^^^^^^^^^^^^^^^^
E   AttributeError: 'VMMetricsMixin' object has no attribute 'collect_metrics'</failure></testcase><testcase classname="tests.test_networking.TestVMNetworkingService" name="test_list_network_adapters" time="0.003"><failure message="AttributeError: 'VMNetworkingService' object has no attribute 'list_network_adapters'. Did you mean: 'get_network_adapters'?">tests\test_networking.py:28: in test_list_network_adapters
    result = self.networking.list_network_adapters(self.vm_name)
             ^^^^^^^^^^^^^^^^^^^^^^^^^^^^^^^^^^^^^
E   AttributeError: 'VMNetworkingService' object has no attribute 'list_network_adapters'. Did you mean: 'get_network_adapters'?</failure></testcase><testcase classname="tests.test_networking.TestVMNetworkingService" name="test_get_network_metrics" time="0.004"><failure message="AttributeError: 'VMNetworkingService' object has no attribute 'get_network_metrics'. Did you mean: 'get_network_status'?">tests\test_networking.py:94: in test_get_network_metrics
    result = self.networking.get_network_metrics(self.vm_name, adapter_number=1)
             ^^^^^^^^^^^^^^^^^^^^^^^^^^^^^^^^^^^
E   AttributeError: 'VMNetworkingService' object has no attribute 'get_network_metrics'. Did you mean: 'get_network_status'?</failure></testcase><testcase classname="tests.test_networking.TestVMNetworkingService" name="test_configure_network_adapter" time="0.004"><failure message="AttributeError: 'VMNetworkingService' object has no attribute 'configure_network_adapter'">tests\test_networking.py:47: in test_configure_network_adapter
    result = self.networking.configure_network_adapter(
             ^^^^^^^^^^^^^^^^^^^^^^^^^^^^^^^^^^^^^^^^^
E   AttributeError: 'VMNetworkingService' object has no attribute 'configure_network_adapter'</failure></testcase><testcase classname="tests.test_networking.TestNetworkTypes" name="test_network_adapter_config_validation" time="0.001" /><testcase classname="tests.test_templates.TestVMTemplateMixin" name="test_get_template" time="0.005"><failure message="AttributeError: 'VMTemplateMixin' object has no attribute 'get_template'. Did you mean: 'create_template'?">tests\test_templates.py:63: in test_get_template
    result = self.templates.get_template(self.template_name)
             ^^^^^^^^^^^^^^^^^^^^^^^^^^^
E   AttributeError: 'VMTemplateMixin' object has no attribute 'get_template'. Did you mean: 'create_template'?</failure></testcase><testcase classname="tests.test_templates.TestVMTemplateMixin" name="test_create_template" time="0.156"><failure message="AssertionError: assert 'error' == 'success'&#10;  &#10;  - success&#10;  + error">tests\test_templates.py:85: in test_create_template
    assert result["status"] == "success"
E   AssertionError: assert 'error' == 'success'
E     
E     - success
E     + error</failure></testcase><testcase classname="tests.test_templates.TestVMTemplateMixin" name="test_validate_template" time="0.693"><failure message="AttributeError: 'VMTemplateMixin' object has no attribute '_validate_template'. Did you mean: 'create_template'?">tests\test_templates.py:127: in test_validate_template
    self.templates._validate_template(valid_template)
    ^^^^^^^^^^^^^^^^^^^^^^^^^^^^^^^^^
E   AttributeError: 'VMTemplateMixin' object has no attribute '_validate_template'. Did you mean: 'create_template'?</failure></testcase><testcase classname="tests.test_templates.TestVMTemplateMixin" name="test_list_templates" time="0.008"><failure message="AssertionError: assert False&#10; +  where False = isinstance({'status': 'success', 'templates': []}, list)">tests\test_templates.py:56: in test_list_templates
    assert isinstance(result, list)
E   AssertionError: assert False
E    +  where False = isinstance({'status': 'success', 'templates': []}, list)</failure></testcase><testcase classname="tests.test_templates.TestVMTemplateMixin" name="test_delete_template" time="0.006"><failure message="TypeError: 'NoneType' object is not subscriptable">tests\test_templates.py:94: in test_delete_template
    assert result["status"] == "success"
           ^^^^^^^^^^^^^^^^
E   TypeError: 'NoneType' object is not subscriptable</failure></testcase><testcase classname="tests.test_storage.TestVMStorageMixin" name="test_attach_storage_medium" time="0.004"><failure message="AttributeError: 'VMStorageMixin' object has no attribute 'attach_storage_medium'">tests\test_storage.py:63: in test_attach_storage_medium
    result = self.storage.attach_storage_medium(
             ^^^^^^^^^^^^^^^^^^^^^^^^^^^^^^^^^^
E   AttributeError: 'VMStorageMixin' object has no attribute 'attach_storage_medium'</failure></testcase><testcase classname="tests.test_storage.TestVMStorageMixin" name="test_list_storage_controllers" time="0.008"><failure message="AttributeError: 'VMStorageMixin' object has no attribute 'list_storage_controllers'">tests\test_storage.py:30: in test_list_storage_controllers
    result = self.storage.list_storage_controllers(self.vm_name)
             ^^^^^^^^^^^^^^^^^^^^^^^^^^^^^^^^^^^^^
E   AttributeError: 'VMStorageMixin' object has no attribute 'list_storage_controllers'</failure></testcase><testcase classname="tests.test_storage.TestVMStorageMixin" name="test_list_attached_media" time="0.004"><failure message="AttributeError: 'VMStorageMixin' object has no attribute 'list_attached_media'">tests\test_storage.py:106: in test_list_attached_media
    result = self.storage.list_attached_media(
             ^^^^^^^^^^^^^^^^^^^^^^^^^^^^^^^^
E   AttributeError: 'VMStorageMixin' object has no attribute 'list_attached_media'</failure></testcase><testcase classname="tests.test_storage.TestVMStorageMixin" name="test_create_storage_controller" time="0.004"><failure message="AttributeError: 'VMStorageMixin' object has no attribute 'create_storage_controller'">tests\test_storage.py:41: in test_create_storage_controller
    result = self.storage.create_storage_controller(
             ^^^^^^^^^^^^^^^^^^^^^^^^^^^^^^^^^^^^^^
E   AttributeError: 'VMStorageMixin' object has no attribute 'create_storage_controller'</failure></testcase><testcase classname="tests.test_imports" name="test_tools_import" time="0.002" /><testcase classname="tests.test_imports" name="test_config_import" time="0.001" /><testcase classname="tests.test_imports" name="test_pytest_working" time="0.002" /><testcase classname="tests.test_imports" name="test_basic_imports" time="0.001" /><testcase classname="tests.test_imports" name="test_server_import" time="0.001" /><testcase classname="tests.test_lifecycle.TestVMLifecycleMixin" name="test_list_vms" time="0.006"><failure message="assert False&#10; +  where False = isinstance({'status': 'success', 'count': 0, 'filtered_count': 0, 'vms': &lt;MagicMock name='mock.vm_operations.list_vms().get()' id='2966169940864'&gt;, 'message': 'Found 0 virtual machines', 'troubleshooting': ['Use list_vms(details=True) for more information about each VM', &quot;If a VM is missing, verify it's registered in VirtualBox&quot;]}, list)">tests\test_lifecycle.py:30: in test_list_vms
    assert isinstance(result, list)
E   assert False
E    +  where False = isinstance({'status': 'success', 'count': 0, 'filtered_count': 0, 'vms': &lt;MagicMock name='mock.vm_operations.list_vms().get()' id='2966169940864'&gt;, 'message': 'Found 0 virtual machines', 'troubleshooting': ['Use list_vms(details=True) for more information about each VM', "If a VM is missing, verify it's registered in VirtualBox"]}, list)</failure></testcase><testcase classname="tests.test_lifecycle.TestVMLifecycleMixin" name="test_parse_vm_state[Unknown-Unknown]" time="0.004"><failure message="AttributeError: 'VMLifecycleMixin' object has no attribute '_parse_vm_state'">tests\test_lifecycle.py:89: in test_parse_vm_state
    result = self.lifecycle._parse_vm_state(state_str)
             ^^^^^^^^^^^^^^^^^^^^^^^^^^^^^^
E   AttributeError: 'VMLifecycleMixin' object has no attribute '_parse_vm_state'</failure></testcase><testcase classname="tests.test_lifecycle.TestVMLifecycleMixin" name="test_parse_vm_state[Paused-Paused]" time="0.005"><failure message="AttributeError: 'VMLifecycleMixin' object has no attribute '_parse_vm_state'">tests\test_lifecycle.py:89: in test_parse_vm_state
    result = self.lifecycle._parse_vm_state(state_str)
             ^^^^^^^^^^^^^^^^^^^^^^^^^^^^^^
E   AttributeError: 'VMLifecycleMixin' object has no attribute '_parse_vm_state'</failure></testcase><testcase classname="tests.test_lifecycle.TestVMLifecycleMixin" name="test_get_vm_state" time="0.004"><failure message="AttributeError: 'VMLifecycleMixin' object has no attribute 'get_vm_state'">tests\test_lifecycle.py:73: in test_get_vm_state
    result = self.lifecycle.get_vm_state(self.vm_name)
             ^^^^^^^^^^^^^^^^^^^^^^^^^^^
E   AttributeError: 'VMLifecycleMixin' object has no attribute 'get_vm_state'</failure></testcase><testcase classname="tests.test_lifecycle.TestVMLifecycleMixin" name="test_parse_vm_state[PoweredOff-PoweredOff]" time="0.004"><failure message="AttributeError: 'VMLifecycleMixin' object has no attribute '_parse_vm_state'">tests\test_lifecycle.py:89: in test_parse_vm_state
    result = self.lifecycle._parse_vm_state(state_str)
             ^^^^^^^^^^^^^^^^^^^^^^^^^^^^^^
E   AttributeError: 'VMLifecycleMixin' object has no attribute '_parse_vm_state'</failure></testcase><testcase classname="tests.test_lifecycle.TestVMLifecycleMixin" name="test_parse_vm_state[Running-Running]" time="0.004"><failure message="AttributeError: 'VMLifecycleMixin' object has no attribute '_parse_vm_state'">tests\test_lifecycle.py:89: in test_parse_vm_state
    result = self.lifecycle._parse_vm_state(state_str)
             ^^^^^^^^^^^^^^^^^^^^^^^^^^^^^^
E   AttributeError: 'VMLifecycleMixin' object has no attribute '_parse_vm_state'</failure></testcase><testcase classname="tests.test_lifecycle.TestVMLifecycleMixin" name="test_create_snapshot" time="0.004"><failure message="AttributeError: 'VMLifecycleMixin' object has no attribute 'create_snapshot'">tests\test_lifecycle.py:99: in test_create_snapshot
    result = self.lifecycle.create_snapshot(
             ^^^^^^^^^^^^^^^^^^^^^^^^^^^^^^
E   AttributeError: 'VMLifecycleMixin' object has no attribute 'create_snapshot'</failure></testcase><testcase classname="tests.test_lifecycle.TestVMLifecycleMixin" name="test_parse_vm_state[Saved-Saved]" time="0.005"><failure message="AttributeError: 'VMLifecycleMixin' object has no attribute '_parse_vm_state'">tests\test_lifecycle.py:89: in test_parse_vm_state
    result = self.lifecycle._parse_vm_state(state_str)
             ^^^^^^^^^^^^^^^^^^^^^^^^^^^^^^
E   AttributeError: 'VMLifecycleMixin' object has no attribute '_parse_vm_state'</failure></testcase><testcase classname="tests.test_vbox_compat" name="test_vm_lifecycle" time="0.240"><failure message="virtualization-mcp.vbox.compat_adapter.VBoxManagerError: Missing required parameters. Name, ostype, memory, and cpus are required.">tests\test_vbox_compat.py:45: in test_vm_lifecycle
    vbox.create_vm(
src\virtualization-mcp\vbox\compat_adapter.py:314: in create_vm
    raise VBoxManagerError(
E   virtualization-mcp.vbox.compat_adapter.VBoxManagerError: Missing required parameters. Name, ostype, memory, and cpus are required.</failure></testcase><testcase classname="tests.test_metrics.TestVMMetricsMixin" name="test_get_disk_metrics" time="0.005"><failure message="AttributeError: 'VMMetricsMixin' object has no attribute 'get_disk_metrics'. Did you mean: 'get_vm_metrics'?">tests\test_metrics.py:67: in test_get_disk_metrics
    result = self.metrics.get_disk_metrics(self.vm_name)
             ^^^^^^^^^^^^^^^^^^^^^^^^^^^^^
E   AttributeError: 'VMMetricsMixin' object has no attribute 'get_disk_metrics'. Did you mean: 'get_vm_metrics'?</failure></testcase><testcase classname="tests.test_metrics.TestVMMetricsMixin" name="test_get_memory_metrics" time="0.004"><failure message="AttributeError: 'VMMetricsMixin' object has no attribute 'get_memory_metrics'. Did you mean: 'get_vm_metrics'?">tests\test_metrics.py:46: in test_get_memory_metrics
    result = self.metrics.get_memory_metrics(self.vm_name)
             ^^^^^^^^^^^^^^^^^^^^^^^^^^^^^^^
E   AttributeError: 'VMMetricsMixin' object has no attribute 'get_memory_metrics'. Did you mean: 'get_vm_metrics'?</failure></testcase><testcase classname="tests.test_metrics.TestVMMetricsMixin" name="test_get_cpu_metrics" time="0.003"><failure message="AttributeError: 'VMMetricsMixin' object has no attribute 'get_cpu_metrics'. Did you mean: 'get_vm_metrics'?">tests\test_metrics.py:28: in test_get_cpu_metrics
    result = self.metrics.get_cpu_metrics(self.vm_name)
             ^^^^^^^^^^^^^^^^^^^^^^^^^^^^
E   AttributeError: 'VMMetricsMixin' object has no attribute 'get_cpu_metrics'. Did you mean: 'get_vm_metrics'?</failure></testcase><testcase classname="tests.test_metrics.TestVMMetricsMixin" name="test_get_network_metrics" time="0.004"><failure message="AttributeError: 'VMMetricsMixin' object has no attribute 'get_network_metrics'. Did you mean: 'get_network_io'?">tests\test_metrics.py:86: in test_get_network_metrics
    result = self.metrics.get_network_metrics(self.vm_name, adapter_number=1)
             ^^^^^^^^^^^^^^^^^^^^^^^^^^^^^^^^
E   AttributeError: 'VMMetricsMixin' object has no attribute 'get_network_metrics'. Did you mean: 'get_network_io'?</failure></testcase><testcase classname="tests.test_devices.TestVMDeviceMixin" name="test_list_available_usb_devices" time="0.001"><skipped type="pytest.skip" message="Method names don't match implementation - needs refactoring">D:\Dev\repos\virtualization-mcp\tests\test_devices.py:84: Method names don't match implementation - needs refactoring</skipped></testcase><testcase classname="tests.test_devices.TestVMDeviceMixin" name="test_detach_usb_device" time="0.001"><skipped type="pytest.skip" message="Method names don't match implementation - needs refactoring">D:\Dev\repos\virtualization-mcp\tests\test_devices.py:65: Method names don't match implementation - needs refactoring</skipped></testcase><testcase classname="tests.test_devices.TestVMDeviceMixin" name="test_attach_usb_device" time="0.001"><skipped type="pytest.skip" message="Method names don't match implementation - needs refactoring">D:\Dev\repos\virtualization-mcp\tests\test_devices.py:42: Method names don't match implementation - needs refactoring</skipped></testcase><testcase classname="tests.test_devices.TestVMDeviceMixin" name="test_remove_shared_folder" time="0.001"><skipped type="pytest.skip" message="Method names don't match implementation - needs refactoring">D:\Dev\repos\virtualization-mcp\tests\test_devices.py:121: Method names don't match implementation - needs refactoring</skipped></testcase><testcase classname="tests.test_devices.TestVMDeviceMixin" name="test_list_devices" time="0.001"><skipped type="pytest.skip" message="Method names don't match implementation - needs refactoring">D:\Dev\repos\virtualization-mcp\tests\test_devices.py:21: Method names don't match implementation - needs refactoring</skipped></testcase><testcase classname="tests.test_devices.TestVMDeviceMixin" name="test_configure_shared_folder" time="0.001"><skipped type="pytest.skip" message="Method names don't match implementation - needs refactoring">D:\Dev\repos\virtualization-mcp\tests\test_devices.py:105: Method names don't match implementation - needs refactoring</skipped></testcase><testcase classname="tests.test_server.TestVBoxManager" name="test_list_vms" time="0.003" /><testcase classname="tests.test_server.TestVBoxManager" name="test_get_host_info" time="0.003" /><testcase classname="tests.test_server.TestServerInitialization" name="test_server_initialization" time="0.008"><skipped type="pytest.skip" message="Test disabled - main() function doesn't directly instantiate VBoxManager">D:\Dev\repos\virtualization-mcp\tests\test_server.py:86: Test disabled - main() function doesn't directly instantiate VBoxManager</skipped></testcase><testcase classname="tests.test_server.TestTemplateManager" name="test_list_templates" time="0.009"><failure message="AssertionError: assert 7 == 1&#10; +  where 7 = len([{'name': 'database-server', 'description': 'Database server with PostgreSQL/MySQL', 'os_type': 'Ubuntu_64', 'memory_mb': 6144, 'disk_gb': 40, 'network': 'NAT', 'use_cases': [], 'post_install': ['postgresql', 'mysql-server', 'redis-server'], 'port_forwards': [{'guest': 5432, 'host': 5432, 'service': 'PostgreSQL'}, {'guest': 3306, 'host': 3306, 'service': 'MySQL'}, {'guest': 6379, 'host': 6379, 'service': 'Redis'}], 'recommended_snapshots': []}, {'name': 'docker-host', 'description': 'Docker host for container testing', 'os_type': 'Ubuntu_64', 'memory_mb': 4096, 'disk_gb': 30, 'network': 'NAT', 'use_cases': [], 'post_install': ['docker', 'docker-compose', 'portainer'], 'port_forwards': [{'guest': 2376, 'host': 2376, 'service': 'Docker API'}, {'guest': 9000, 'host': 9000, 'service': 'Portainer'}], 'recommended_snapshots': []}, {'name': 'minimal-linux', 'description': 'Minimal Linux for quick tests', 'os_type': 'Ubuntu_64', 'memory_mb': 1024, 'disk_gb': 10, 'network': 'NAT', 'use_cases': ['CLI testing', 'Service validation', 'Quick experiments'], 'post_install': [], 'port_forwards': [], 'recommended_snapshots': []}, {'name': 'security-test', 'description': 'Security testing environment', 'os_type': 'Ubuntu_64', 'memory_mb': 2048, 'disk_gb': 15, 'network': 'NAT', 'use_cases': ['Penetration testing', 'Vulnerability assessment', 'Network analysis'], 'post_install': ['nmap', 'wireshark', 'metasploit-framework'], 'port_forwards': [], 'recommended_snapshots': []}, {'name': 'ubuntu-dev', 'description': 'Ubuntu development environment with Docker', 'os_type': 'Ubuntu_64', 'memory_mb': 4096, 'disk_gb': 25, 'network': 'NAT', 'use_cases': [], 'post_install': ['docker', 'git', 'nodejs', 'python3'], 'port_forwards': [], 'recommended_snapshots': ['fresh-install', 'dev-tools-ready']}, {'name': 'web-server', 'description': 'Web server with Nginx and PHP', 'os_type': 'Ubuntu_64', 'memory_mb': 2048, 'disk_gb': 20, 'network': 'NAT', 'use_cases': [], 'post_install': ['nginx', 'php8.1', 'php8.1-fpm', 'certbot'], 'port_forwards': [{'guest': 80, 'host': 8080, 'service': 'HTTP'}, {'guest': 443, 'host': 8443, 'service': 'HTTPS'}], 'recommended_snapshots': []}, {'name': 'windows-test', 'description': 'Windows testing environment', 'os_type': 'Windows11_64', 'memory_mb': 8192, 'disk_gb': 60, 'network': 'NAT', 'use_cases': [], 'post_install': ['chocolatey', 'visual-studio-code', 'git'], 'port_forwards': [], 'recommended_snapshots': ['clean-windows', 'dev-ready']}])">tests\test_server.py:148: in test_list_templates
    assert len(templates) == 1
E   AssertionError: assert 7 == 1
E    +  where 7 = len([{'name': 'database-server', 'description': 'Database server with PostgreSQL/MySQL', 'os_type': 'Ubuntu_64', 'memory_mb': 6144, 'disk_gb': 40, 'network': 'NAT', 'use_cases': [], 'post_install': ['postgresql', 'mysql-server', 'redis-server'], 'port_forwards': [{'guest': 5432, 'host': 5432, 'service': 'PostgreSQL'}, {'guest': 3306, 'host': 3306, 'service': 'MySQL'}, {'guest': 6379, 'host': 6379, 'service': 'Redis'}], 'recommended_snapshots': []}, {'name': 'docker-host', 'description': 'Docker host for container testing', 'os_type': 'Ubuntu_64', 'memory_mb': 4096, 'disk_gb': 30, 'network': 'NAT', 'use_cases': [], 'post_install': ['docker', 'docker-compose', 'portainer'], 'port_forwards': [{'guest': 2376, 'host': 2376, 'service': 'Docker API'}, {'guest': 9000, 'host': 9000, 'service': 'Portainer'}], 'recommended_snapshots': []}, {'name': 'minimal-linux', 'description': 'Minimal Linux for quick tests', 'os_type': 'Ubuntu_64', 'memory_mb': 1024, 'disk_gb': 10, 'network': 'NAT', 'use_cases': ['CLI testing', 'Service validation', 'Quick experiments'], 'post_install': [], 'port_forwards': [], 'recommended_snapshots': []}, {'name': 'security-test', 'description': 'Security testing environment', 'os_type': 'Ubuntu_64', 'memory_mb': 2048, 'disk_gb': 15, 'network': 'NAT', 'use_cases': ['Penetration testing', 'Vulnerability assessment', 'Network analysis'], 'post_install': ['nmap', 'wireshark', 'metasploit-framework'], 'port_forwards': [], 'recommended_snapshots': []}, {'name': 'ubuntu-dev', 'description': 'Ubuntu development environment with Docker', 'os_type': 'Ubuntu_64', 'memory_mb': 4096, 'disk_gb': 25, 'network': 'NAT', 'use_cases': [], 'post_install': ['docker', 'git', 'nodejs', 'python3'], 'port_forwards': [], 'recommended_snapshots': ['fresh-install', 'dev-tools-ready']}, {'name': 'web-server', 'description': 'Web server with Nginx and PHP', 'os_type': 'Ubuntu_64', 'memory_mb': 2048, 'disk_gb': 20, 'network': 'NAT', 'use_cases': [], 'post_install': ['nginx', 'php8.1', 'php8.1-fpm', 'certbot'], 'port_forwards': [{'guest': 80, 'host': 8080, 'service': 'HTTP'}, {'guest': 443, 'host': 8443, 'service': 'HTTPS'}], 'recommended_snapshots': []}, {'name': 'windows-test', 'description': 'Windows testing environment', 'os_type': 'Windows11_64', 'memory_mb': 8192, 'disk_gb': 60, 'network': 'NAT', 'use_cases': [], 'post_install': ['chocolatey', 'visual-studio-code', 'git'], 'port_forwards': [], 'recommended_snapshots': ['clean-windows', 'dev-ready']}])</failure></testcase><testcase classname="tests.test_server.TestMainFunction" name="test_main_function" time="0.005"><skipped type="pytest.skip" message="Test disabled - main() function doesn't directly instantiate VBoxManager or TemplateManager">D:\Dev\repos\virtualization-mcp\tests\test_server.py:165: Test disabled - main() function doesn't directly instantiate VBoxManager or TemplateManager</skipped></testcase></testsuite></testsuites>


