<?xml version="1.0" encoding="utf-8"?><testsuites name="pytest tests"><testsuite name="pytest" errors="0" failures="0" skipped="13" tests="36" time="13.973" timestamp="2025-11-23T02:44:34.122711+01:00" hostname="Goliath"><testcase classname="tests.test_all_vm_tools.TestVMToolsComprehensive" name="test_list_vms_with_mock[asyncio]" time="0.030" /><testcase classname="tests.test_all_vm_tools.TestSnapshotToolsComprehensive" name="test_list_snapshots_with_mock[asyncio]" time="0.016" /><testcase classname="tests.test_all_vm_tools.TestStorageToolsComprehensive" name="test_list_storage_controllers_with_mock[asyncio]" time="0.015" /><testcase classname="tests.test_all_vm_tools.TestSystemToolsComprehensive" name="test_list_os_types_with_mock[asyncio]" time="0.014" /><testcase classname="tests.test_auto_generated.Test_vm_tools_Generated" name="test_list_vms_execution[asyncio]" time="1.018" /><testcase classname="tests.test_auto_generated.Test_system_tools_Generated" name="test_list_ostypes_execution[asyncio]" time="0.262" /><testcase classname="tests.test_auto_generated.Test_system_tools_Generated" name="test_list_extpacks_execution[asyncio]" time="0.134" /><testcase classname="tests.test_auto_generated.Test_snapshot_tools_Generated" name="test_list_snapshots_execution[asyncio]" time="0.326" /><testcase classname="tests.test_auto_generated.Test_storage_tools_Generated" name="test_list_storage_controllers_execution[asyncio]" time="0.096" /><testcase classname="tests.test_auto_generated.Test_storage_tools_Generated" name="test_list_disks_execution[asyncio]" time="0.117" /><testcase classname="tests.test_portmanteau_network_management.TestNetworkManagementPortmanteau" name="test_list_networks_action_success[asyncio]" time="0.014" /><testcase classname="tests.test_portmanteau_network_management.TestNetworkManagementPortmanteau" name="test_list_networks_action_error[asyncio]" time="0.013" /><testcase classname="tests.test_portmanteau_network_management.TestNetworkManagementPortmanteau" name="test_list_adapters_action_success[asyncio]" time="0.012" /><testcase classname="tests.test_portmanteau_network_management.TestNetworkManagementPortmanteau" name="test_list_adapters_action_missing_vm_name[asyncio]" time="0.014" /><testcase classname="tests.test_portmanteau_vm_management.TestVMManagementPortmanteau" name="test_list_vms_action[asyncio]" time="0.014" /><testcase classname="tests.test_portmanteau_vm_management.TestVMManagementPortmanteau" name="test_list_vms_action_error[asyncio]" time="0.012" /><testcase classname="tests.test_devices.TestVMDeviceMixin" name="test_list_devices" time="0.002"><skipped type="pytest.skip" message="Method names don't match implementation - needs refactoring">D:\Dev\repos\virtualization-mcp\tests\test_devices.py:24: Method names don't match implementation - needs refactoring</skipped></testcase><testcase classname="tests.test_devices.TestVMDeviceMixin" name="test_list_available_usb_devices" time="0.001"><skipped type="pytest.skip" message="Method names don't match implementation - needs refactoring">D:\Dev\repos\virtualization-mcp\tests\test_devices.py:77: Method names don't match implementation - needs refactoring</skipped></testcase><testcase classname="tests.test_execution_coverage.TestVMToolsExecution" name="test_list_vms_execution" time="0.006"><skipped type="pytest.skip" message="Tool execution tests skipped - tools called by MCP">D:\Dev\repos\virtualization-mcp\tests\test_execution_coverage.py:19: Tool execution tests skipped - tools called by MCP</skipped></testcase><testcase classname="tests.test_execution_coverage.TestNetworkToolsExecution" name="test_list_networks_execution" time="0.008"><skipped type="pytest.skip" message="Tool execution tests skipped - tools called by MCP">D:\Dev\repos\virtualization-mcp\tests\test_execution_coverage.py:32: Tool execution tests skipped - tools called by MCP</skipped></testcase><testcase classname="tests.test_execution_coverage.TestSnapshotToolsExecution" name="test_list_snapshots_execution" time="0.003"><skipped type="pytest.skip" message="Tool execution tests skipped - tools called by MCP">D:\Dev\repos\virtualization-mcp\tests\test_execution_coverage.py:41: Tool execution tests skipped - tools called by MCP</skipped></testcase><testcase classname="tests.test_execution_coverage.TestStorageToolsExecution" name="test_list_storage_controllers_execution" time="0.008"><skipped type="pytest.skip" message="Tool execution tests skipped - tools called by MCP">D:\Dev\repos\virtualization-mcp\tests\test_execution_coverage.py:50: Tool execution tests skipped - tools called by MCP</skipped></testcase><testcase classname="tests.test_gold_push_part5_execution.TestVBoxManagerEveryMethod" name="test_list_vms_execution" time="0.006" /><testcase classname="tests.test_gold_push_part5_execution.TestVBoxManagerEveryMethod" name="test_list_snapshots_execution" time="0.009" /><testcase classname="tests.test_gold_push_part5_execution.TestVBoxManagerEveryMethod" name="test_list_host_only_networks_execution" time="0.007"><skipped type="pytest.skip" message="VBoxManager.list_host_only_networks not implemented">D:\Dev\repos\virtualization-mcp\tests\test_gold_push_part5_execution.py:129: VBoxManager.list_host_only_networks not implemented</skipped></testcase><testcase classname="tests.test_gold_push_part5_execution.TestVBoxManagerEveryMethod" name="test_list_storage_controllers_execution" time="0.007"><skipped type="pytest.skip" message="VBoxManager.list_storage_controllers not implemented">D:\Dev\repos\virtualization-mcp\tests\test_gold_push_part5_execution.py:137: VBoxManager.list_storage_controllers not implemented</skipped></testcase><testcase classname="tests.test_gold_push_part5_execution.TestVBoxManagerEveryMethod" name="test_list_ostypes_execution" time="0.009"><skipped type="pytest.skip" message="VBoxManager.list_ostypes not implemented">D:\Dev\repos\virtualization-mcp\tests\test_gold_push_part5_execution.py:145: VBoxManager.list_ostypes not implemented</skipped></testcase><testcase classname="tests.test_lifecycle.TestVMLifecycleMixin" name="test_list_vms" time="0.015"><skipped type="pytest.skip" message="list_vms return structure varies">D:\Dev\repos\virtualization-mcp\tests\test_lifecycle.py:26: list_vms return structure varies</skipped></testcase><testcase classname="tests.test_networking.TestVMNetworkingService" name="test_list_network_adapters" time="0.013"><skipped type="pytest.skip" message="list_network_adapters not on VMNetworkingService">D:\Dev\repos\virtualization-mcp\tests\test_networking.py:26: list_network_adapters not on VMNetworkingService</skipped></testcase><testcase classname="tests.test_server.TestVBoxManager" name="test_list_vms" time="0.007" /><testcase classname="tests.test_server.TestTemplateManager" name="test_list_templates" time="0.043" /><testcase classname="tests.test_storage.TestVMStorageMixin" name="test_list_storage_controllers" time="0.006"><skipped type="pytest.skip" message="list_storage_controllers not on VMStorageMixin">D:\Dev\repos\virtualization-mcp\tests\test_storage.py:30: list_storage_controllers not on VMStorageMixin</skipped></testcase><testcase classname="tests.test_storage.TestVMStorageMixin" name="test_list_attached_media" time="0.007"><skipped type="pytest.skip" message="list_attached_media not on VMStorageMixin">D:\Dev\repos\virtualization-mcp\tests\test_storage.py:46: list_attached_media not on VMStorageMixin</skipped></testcase><testcase classname="tests.test_templates.TestVMTemplateMixin" name="test_list_templates" time="0.018" /><testcase classname="tests.test_vm_service_comprehensive.TestVMServiceListVMs" name="test_list_vms_success" time="0.011" /><testcase classname="tests.test_vm_service_comprehensive.TestVMServiceSnapshots" name="test_list_snapshots" time="0.012" /></testsuite></testsuites>