<?xml version="1.0" encoding="utf-8"?><testsuites name="pytest tests"><testsuite name="pytest" errors="0" failures="0" skipped="0" tests="62" time="5.500" timestamp="2026-05-06T02:36:46.044221+02:00" hostname="Goliath"><testcase classname="tests.test_vm_crud.TestCreateVM" name="test_create_vm_with_overrides" time="0.010" /><testcase classname="tests.test_vm_crud.TestCreateVM" name="test_create_vm_duplicate" time="0.008" /><testcase classname="tests.test_vm_crud.TestCreateVM" name="test_create_vm_success" time="0.007" /><testcase classname="tests.test_vm_crud.TestCreateVM" name="test_create_vm_bad_template" time="0.006" /><testcase classname="tests.test_vm_crud.TestCreateVM" name="test_create_vm_invalid_name" time="0.006" /><testcase classname="tests.test_vm_crud.TestListVMs" name="test_list_vms_empty" time="0.005" /><testcase classname="tests.test_vm_crud.TestListVMs" name="test_list_vms_success" time="0.004" /><testcase classname="tests.test_vm_crud.TestDeleteVM" name="test_delete_vm_not_found" time="0.005" /><testcase classname="tests.test_vm_crud.TestDeleteVM" name="test_delete_vm_success" time="0.006" /><testcase classname="tests.test_vm_crud.TestAttachISO" name="test_attach_iso_failure_reported" time="0.005" /><testcase classname="tests.test_vm_crud.TestAttachISO" name="test_attach_iso_calls_subprocess" time="0.009" /><testcase classname="tests.test_compat_adapter.TestLogPath" name="test_returns_first_existing" time="0.003" /><testcase classname="tests.test_compat_adapter.TestLogPath" name="test_returns_first_candidate_when_none_exist" time="0.003" /><testcase classname="tests.test_compat_adapter.TestLogPath" name="test_returns_string" time="0.003" /><testcase classname="tests.test_compat_adapter.TestValidateVmName" name="test_invalid_angle_brackets" time="0.003" /><testcase classname="tests.test_compat_adapter.TestValidateVmName" name="test_invalid_backslash" time="0.002" /><testcase classname="tests.test_compat_adapter.TestValidateVmName" name="test_valid_mixed_case" time="0.002" /><testcase classname="tests.test_compat_adapter.TestValidateVmName" name="test_invalid_slash" time="0.002" /><testcase classname="tests.test_compat_adapter.TestValidateVmName" name="test_valid_with_underscore" time="0.002" /><testcase classname="tests.test_compat_adapter.TestValidateVmName" name="test_invalid_quotes" time="0.002" /><testcase classname="tests.test_compat_adapter.TestValidateVmName" name="test_invalid_empty" time="0.003" /><testcase classname="tests.test_compat_adapter.TestValidateVmName" name="test_invalid_asterisk" time="0.002" /><testcase classname="tests.test_compat_adapter.TestValidateVmName" name="test_invalid_colon" time="0.002" /><testcase classname="tests.test_compat_adapter.TestValidateVmName" name="test_invalid_pipe" time="0.003" /><testcase classname="tests.test_compat_adapter.TestValidateVmName" name="test_invalid_none" time="0.002" /><testcase classname="tests.test_compat_adapter.TestValidateVmName" name="test_valid_with_hyphen" time="0.002" /><testcase classname="tests.test_compat_adapter.TestValidateVmName" name="test_valid_with_numbers" time="0.003" /><testcase classname="tests.test_compat_adapter.TestValidateVmName" name="test_valid_simple" time="0.003" /><testcase classname="tests.test_compat_adapter.TestValidateVmName" name="test_invalid_whitespace" time="0.002" /><testcase classname="tests.test_compat_adapter.TestValidateVmName" name="test_invalid_question_mark" time="0.002" /><testcase classname="tests.test_compat_adapter.TestRunCommand" name="test_run_command_raises_on_failure" time="0.002" /><testcase classname="tests.test_compat_adapter.TestRunCommand" name="test_run_command_returns_dict" time="0.002" /><testcase classname="tests.test_compat_adapter.TestRunCommand" name="test_run_command_with_capture_json" time="0.002" /><testcase classname="tests.test_compat_adapter.TestVBoxManagerInit" name="test_init_with_custom_path" time="0.002" /><testcase classname="tests.test_api_endpoints.TestChat" name="test_chat_endpoint" time="1.307" /><testcase classname="tests.test_api_endpoints.TestHealth" name="test_host_info" time="0.010" /><testcase classname="tests.test_api_endpoints.TestHealth" name="test_health" time="0.006" /><testcase classname="tests.test_api_endpoints.TestHealth" name="test_vbox_status" time="0.007" /><testcase classname="tests.test_api_endpoints.TestISO" name="test_iso_candidates" time="0.007" /><testcase classname="tests.test_api_endpoints.TestISO" name="test_iso_download_start" time="0.010" /><testcase classname="tests.test_api_endpoints.TestFleet" name="test_apps_list" time="0.017" /><testcase classname="tests.test_api_endpoints.TestFleet" name="test_apps_health" time="0.010" /><testcase classname="tests.test_api_endpoints.TestFleet" name="test_fleet_install_script" time="0.009" /><testcase classname="tests.test_api_endpoints.TestSettings" name="test_api_keys_get" time="0.008" /><testcase classname="tests.test_api_endpoints.TestSettings" name="test_llm_providers" time="0.008" /><testcase classname="tests.test_api_endpoints.TestSettings" name="test_dashboard" time="0.011" /><testcase classname="tests.test_api_endpoints.TestSettings" name="test_api_keys_set" time="0.009" /><testcase classname="tests.test_api_endpoints.TestAssets" name="test_assets_paths" time="0.007" /><testcase classname="tests.test_api_endpoints.TestAssets" name="test_assets_vbox" time="0.006" /><testcase classname="tests.test_api_endpoints.TestSandbox" name="test_sandbox_status" time="0.280" /><testcase classname="tests.test_api_endpoints.TestVMs" name="test_list_vms" time="0.009" /><testcase classname="tests.test_api_endpoints.TestVMs" name="test_create_vm" time="0.008" /><testcase classname="tests.test_api_endpoints.TestVMs" name="test_create_vm_hyperv" time="0.008" /><testcase classname="tests.test_api_endpoints.TestVMs" name="test_stop_vm" time="0.008" /><testcase classname="tests.test_api_endpoints.TestVMs" name="test_start_vm" time="0.008" /><testcase classname="tests.test_api_endpoints.TestVMs" name="test_delete_vm" time="0.008" /><testcase classname="tests.test_api_endpoints.TestSnapshots" name="test_create_snapshot" time="0.008" /><testcase classname="tests.test_api_endpoints.TestSnapshots" name="test_list_snapshots" time="0.008" /><testcase classname="tests.test_vbox_compat_parser" name="test_annotation_regex_variants" time="0.002" /><testcase classname="tests.test_vbox_compat_parser" name="test_blank_line_separates_vms" time="0.001" /><testcase classname="tests.test_vbox_compat_parser" name="test_strips_uuid_annotation_from_name" time="0.001" /><testcase classname="tests.test_vbox_compat_parser" name="test_short_format_multi_vm" time="0.001" /></testsuite></testsuites>