<?xml version="1.0" encoding="utf-8"?><testsuites name="pytest tests"><testsuite name="pytest" errors="21" failures="142" skipped="8" tests="493" time="19.167" timestamp="2025-10-09T22:15:28.896632+02:00" hostname="Goliath"><testcase classname="tests.integration.test_vm_lifecycle_integration.TestVMLifecycleIntegration" name="test_create_start_stop_delete_workflow" time="0.010"><failure message="ModuleNotFoundError: No module named 'virtualization_mcp.vbox.compat_adapter.subprocess'; 'virtualization_mcp.vbox.compat_adapter' is not a package">E   ModuleNotFoundError: No module named 'virtualization_mcp.vbox.compat_adapter.subprocess'; 'virtualization_mcp.vbox.compat_adapter' is not a package</failure></testcase><testcase classname="tests.integration.test_vm_lifecycle_integration.TestVMLifecycleIntegration" name="test_snapshot_workflow" time="0.005"><failure message="ModuleNotFoundError: No module named 'virtualization_mcp.vbox.compat_adapter.subprocess'; 'virtualization_mcp.vbox.compat_adapter' is not a package">E   ModuleNotFoundError: No module named 'virtualization_mcp.vbox.compat_adapter.subprocess'; 'virtualization_mcp.vbox.compat_adapter' is not a package</failure></testcase><testcase classname="tests.integration.test_vm_lifecycle_integration.TestPortmanteauIntegration" name="test_vm_management_full_workflow" time="0.010" /><testcase classname="tests.test_all_vm_tools.TestVMToolsComprehensive" name="test_list_vms_with_mock" time="0.004"><failure message="AttributeError: &lt;module 'virtualization_mcp.tools.vm.vm_tools' from 'D:\\Dev\\repos\\virtualization-mcp\\tests\\..\\src\\virtualization_mcp\\tools\\vm\\vm_tools.py'&gt; does not have the attribute 'get_vbox_manager'">E   AttributeError: &lt;module 'virtualization_mcp.tools.vm.vm_tools' from 'D:\\Dev\\repos\\virtualization-mcp\\tests\\..\\src\\virtualization_mcp\\tools\\vm\\vm_tools.py'&gt; does not have the attribute 'get_vbox_manager'</failure></testcase><testcase classname="tests.test_all_vm_tools.TestVMToolsComprehensive" name="test_get_vm_info_with_mock" time="0.004"><failure message="AttributeError: &lt;module 'virtualization_mcp.tools.vm.vm_tools' from 'D:\\Dev\\repos\\virtualization-mcp\\tests\\..\\src\\virtualization_mcp\\tools\\vm\\vm_tools.py'&gt; does not have the attribute 'get_vbox_manager'">E   AttributeError: &lt;module 'virtualization_mcp.tools.vm.vm_tools' from 'D:\\Dev\\repos\\virtualization-mcp\\tests\\..\\src\\virtualization_mcp\\tools\\vm\\vm_tools.py'&gt; does not have the attribute 'get_vbox_manager'</failure></testcase><testcase classname="tests.test_all_vm_tools.TestVMToolsComprehensive" name="test_create_vm_with_mock" time="0.007"><failure message="AttributeError: &lt;module 'virtualization_mcp.tools.vm.vm_tools' from 'D:\\Dev\\repos\\virtualization-mcp\\tests\\..\\src\\virtualization_mcp\\tools\\vm\\vm_tools.py'&gt; does not have the attribute 'get_vbox_manager'">E   AttributeError: &lt;module 'virtualization_mcp.tools.vm.vm_tools' from 'D:\\Dev\\repos\\virtualization-mcp\\tests\\..\\src\\virtualization_mcp\\tools\\vm\\vm_tools.py'&gt; does not have the attribute 'get_vbox_manager'</failure></testcase><testcase classname="tests.test_all_vm_tools.TestVMToolsComprehensive" name="test_start_vm_with_mock" time="0.005"><failure message="AttributeError: &lt;module 'virtualization_mcp.tools.vm.vm_tools' from 'D:\\Dev\\repos\\virtualization-mcp\\tests\\..\\src\\virtualization_mcp\\tools\\vm\\vm_tools.py'&gt; does not have the attribute 'get_vbox_manager'">E   AttributeError: &lt;module 'virtualization_mcp.tools.vm.vm_tools' from 'D:\\Dev\\repos\\virtualization-mcp\\tests\\..\\src\\virtualization_mcp\\tools\\vm\\vm_tools.py'&gt; does not have the attribute 'get_vbox_manager'</failure></testcase><testcase classname="tests.test_all_vm_tools.TestVMToolsComprehensive" name="test_stop_vm_with_mock" time="0.004"><failure message="AttributeError: &lt;module 'virtualization_mcp.tools.vm.vm_tools' from 'D:\\Dev\\repos\\virtualization-mcp\\tests\\..\\src\\virtualization_mcp\\tools\\vm\\vm_tools.py'&gt; does not have the attribute 'get_vbox_manager'">E   AttributeError: &lt;module 'virtualization_mcp.tools.vm.vm_tools' from 'D:\\Dev\\repos\\virtualization-mcp\\tests\\..\\src\\virtualization_mcp\\tools\\vm\\vm_tools.py'&gt; does not have the attribute 'get_vbox_manager'</failure></testcase><testcase classname="tests.test_all_vm_tools.TestVMToolsComprehensive" name="test_delete_vm_with_mock" time="0.007"><failure message="AttributeError: &lt;module 'virtualization_mcp.tools.vm.vm_tools' from 'D:\\Dev\\repos\\virtualization-mcp\\tests\\..\\src\\virtualization_mcp\\tools\\vm\\vm_tools.py'&gt; does not have the attribute 'get_vbox_manager'">E   AttributeError: &lt;module 'virtualization_mcp.tools.vm.vm_tools' from 'D:\\Dev\\repos\\virtualization-mcp\\tests\\..\\src\\virtualization_mcp\\tools\\vm\\vm_tools.py'&gt; does not have the attribute 'get_vbox_manager'</failure></testcase><testcase classname="tests.test_all_vm_tools.TestVMToolsComprehensive" name="test_clone_vm_with_mock" time="0.004"><failure message="AttributeError: &lt;module 'virtualization_mcp.tools.vm.vm_tools' from 'D:\\Dev\\repos\\virtualization-mcp\\tests\\..\\src\\virtualization_mcp\\tools\\vm\\vm_tools.py'&gt; does not have the attribute 'get_vbox_manager'">E   AttributeError: &lt;module 'virtualization_mcp.tools.vm.vm_tools' from 'D:\\Dev\\repos\\virtualization-mcp\\tests\\..\\src\\virtualization_mcp\\tools\\vm\\vm_tools.py'&gt; does not have the attribute 'get_vbox_manager'</failure></testcase><testcase classname="tests.test_all_vm_tools.TestVMToolsComprehensive" name="test_reset_vm_with_mock" time="0.005"><failure message="AttributeError: &lt;module 'virtualization_mcp.tools.vm.vm_tools' from 'D:\\Dev\\repos\\virtualization-mcp\\tests\\..\\src\\virtualization_mcp\\tools\\vm\\vm_tools.py'&gt; does not have the attribute 'get_vbox_manager'">E   AttributeError: &lt;module 'virtualization_mcp.tools.vm.vm_tools' from 'D:\\Dev\\repos\\virtualization-mcp\\tests\\..\\src\\virtualization_mcp\\tools\\vm\\vm_tools.py'&gt; does not have the attribute 'get_vbox_manager'</failure></testcase><testcase classname="tests.test_all_vm_tools.TestVMToolsComprehensive" name="test_pause_vm_with_mock" time="0.004"><failure message="AttributeError: &lt;module 'virtualization_mcp.tools.vm.vm_tools' from 'D:\\Dev\\repos\\virtualization-mcp\\tests\\..\\src\\virtualization_mcp\\tools\\vm\\vm_tools.py'&gt; does not have the attribute 'get_vbox_manager'">E   AttributeError: &lt;module 'virtualization_mcp.tools.vm.vm_tools' from 'D:\\Dev\\repos\\virtualization-mcp\\tests\\..\\src\\virtualization_mcp\\tools\\vm\\vm_tools.py'&gt; does not have the attribute 'get_vbox_manager'</failure></testcase><testcase classname="tests.test_all_vm_tools.TestVMToolsComprehensive" name="test_resume_vm_with_mock" time="0.005"><failure message="AttributeError: &lt;module 'virtualization_mcp.tools.vm.vm_tools' from 'D:\\Dev\\repos\\virtualization-mcp\\tests\\..\\src\\virtualization_mcp\\tools\\vm\\vm_tools.py'&gt; does not have the attribute 'get_vbox_manager'">E   AttributeError: &lt;module 'virtualization_mcp.tools.vm.vm_tools' from 'D:\\Dev\\repos\\virtualization-mcp\\tests\\..\\src\\virtualization_mcp\\tools\\vm\\vm_tools.py'&gt; does not have the attribute 'get_vbox_manager'</failure></testcase><testcase classname="tests.test_all_vm_tools.TestSnapshotToolsComprehensive" name="test_list_snapshots_with_mock" time="0.004"><failure message="AttributeError: &lt;module 'virtualization_mcp.tools.snapshot.snapshot_tools' from 'D:\\Dev\\repos\\virtualization-mcp\\tests\\..\\src\\virtualization_mcp\\tools\\snapshot\\snapshot_tools.py'&gt; does not have the attribute 'get_vbox_manager'">E   AttributeError: &lt;module 'virtualization_mcp.tools.snapshot.snapshot_tools' from 'D:\\Dev\\repos\\virtualization-mcp\\tests\\..\\src\\virtualization_mcp\\tools\\snapshot\\snapshot_tools.py'&gt; does not have the attribute 'get_vbox_manager'</failure></testcase><testcase classname="tests.test_all_vm_tools.TestSnapshotToolsComprehensive" name="test_create_snapshot_with_mock" time="0.004"><failure message="AttributeError: &lt;module 'virtualization_mcp.tools.snapshot.snapshot_tools' from 'D:\\Dev\\repos\\virtualization-mcp\\tests\\..\\src\\virtualization_mcp\\tools\\snapshot\\snapshot_tools.py'&gt; does not have the attribute 'get_vbox_manager'">E   AttributeError: &lt;module 'virtualization_mcp.tools.snapshot.snapshot_tools' from 'D:\\Dev\\repos\\virtualization-mcp\\tests\\..\\src\\virtualization_mcp\\tools\\snapshot\\snapshot_tools.py'&gt; does not have the attribute 'get_vbox_manager'</failure></testcase><testcase classname="tests.test_all_vm_tools.TestSnapshotToolsComprehensive" name="test_restore_snapshot_with_mock" time="0.005"><failure message="AttributeError: &lt;module 'virtualization_mcp.tools.snapshot.snapshot_tools' from 'D:\\Dev\\repos\\virtualization-mcp\\tests\\..\\src\\virtualization_mcp\\tools\\snapshot\\snapshot_tools.py'&gt; does not have the attribute 'get_vbox_manager'">E   AttributeError: &lt;module 'virtualization_mcp.tools.snapshot.snapshot_tools' from 'D:\\Dev\\repos\\virtualization-mcp\\tests\\..\\src\\virtualization_mcp\\tools\\snapshot\\snapshot_tools.py'&gt; does not have the attribute 'get_vbox_manager'</failure></testcase><testcase classname="tests.test_all_vm_tools.TestSnapshotToolsComprehensive" name="test_delete_snapshot_with_mock" time="0.052"><failure message="AttributeError: &lt;module 'virtualization_mcp.tools.snapshot.snapshot_tools' from 'D:\\Dev\\repos\\virtualization-mcp\\tests\\..\\src\\virtualization_mcp\\tools\\snapshot\\snapshot_tools.py'&gt; does not have the attribute 'get_vbox_manager'">E   AttributeError: &lt;module 'virtualization_mcp.tools.snapshot.snapshot_tools' from 'D:\\Dev\\repos\\virtualization-mcp\\tests\\..\\src\\virtualization_mcp\\tools\\snapshot\\snapshot_tools.py'&gt; does not have the attribute 'get_vbox_manager'</failure></testcase><testcase classname="tests.test_all_vm_tools.TestStorageToolsComprehensive" name="test_list_storage_controllers_with_mock" time="0.004"><failure message="AttributeError: &lt;module 'virtualization_mcp.tools.storage.storage_tools' from 'D:\\Dev\\repos\\virtualization-mcp\\tests\\..\\src\\virtualization_mcp\\tools\\storage\\storage_tools.py'&gt; does not have the attribute 'get_vbox_manager'">E   AttributeError: &lt;module 'virtualization_mcp.tools.storage.storage_tools' from 'D:\\Dev\\repos\\virtualization-mcp\\tests\\..\\src\\virtualization_mcp\\tools\\storage\\storage_tools.py'&gt; does not have the attribute 'get_vbox_manager'</failure></testcase><testcase classname="tests.test_all_vm_tools.TestSystemToolsComprehensive" name="test_get_system_info_execution" time="0.030" /><testcase classname="tests.test_all_vm_tools.TestSystemToolsComprehensive" name="test_get_vbox_version_with_mock" time="0.005"><failure message="AttributeError: &lt;module 'virtualization_mcp.tools.system.system_tools' from 'D:\\Dev\\repos\\virtualization-mcp\\tests\\..\\src\\virtualization_mcp\\tools\\system\\system_tools.py'&gt; does not have the attribute 'get_vbox_manager'">E   AttributeError: &lt;module 'virtualization_mcp.tools.system.system_tools' from 'D:\\Dev\\repos\\virtualization-mcp\\tests\\..\\src\\virtualization_mcp\\tools\\system\\system_tools.py'&gt; does not have the attribute 'get_vbox_manager'</failure></testcase><testcase classname="tests.test_all_vm_tools.TestSystemToolsComprehensive" name="test_list_os_types_with_mock" time="0.005"><failure message="AttributeError: &lt;module 'virtualization_mcp.tools.system.system_tools' from 'D:\\Dev\\repos\\virtualization-mcp\\tests\\..\\src\\virtualization_mcp\\tools\\system\\system_tools.py'&gt; does not have the attribute 'get_vbox_manager'">E   AttributeError: &lt;module 'virtualization_mcp.tools.system.system_tools' from 'D:\\Dev\\repos\\virtualization-mcp\\tests\\..\\src\\virtualization_mcp\\tools\\system\\system_tools.py'&gt; does not have the attribute 'get_vbox_manager'</failure></testcase><testcase classname="tests.test_auto_generated.Test_vm_tools_Generated" name="test_list_vms_execution" time="0.358" /><testcase classname="tests.test_auto_generated.Test_vm_tools_Generated" name="test_get_vm_info_execution" time="0.058" /><testcase classname="tests.test_auto_generated.Test_vm_tools_Generated" name="test_create_vm_execution" time="0.006" /><testcase classname="tests.test_auto_generated.Test_vm_tools_Generated" name="test_start_vm_execution" time="0.007" /><testcase classname="tests.test_auto_generated.Test_vm_tools_Generated" name="test_stop_vm_execution" time="0.047" /><testcase classname="tests.test_auto_generated.Test_vm_tools_Generated" name="test_delete_vm_execution" time="0.122" /><testcase classname="tests.test_auto_generated.Test_vm_tools_Generated" name="test_clone_vm_execution" time="0.006" /><testcase classname="tests.test_auto_generated.Test_vm_tools_Generated" name="test_modify_vm_execution" time="0.005" /><testcase classname="tests.test_auto_generated.Test_vm_tools_Generated" name="test_pause_vm_execution" time="0.048" /><testcase classname="tests.test_auto_generated.Test_vm_tools_Generated" name="test_resume_vm_execution" time="0.049" /><testcase classname="tests.test_auto_generated.Test_vm_tools_Generated" name="test_reset_vm_execution" time="0.009" /><testcase classname="tests.test_auto_generated.Test_system_tools_Generated" name="test_get_system_info_execution" time="0.059" /><testcase classname="tests.test_auto_generated.Test_system_tools_Generated" name="test_get_vbox_info_execution" time="0.316" /><testcase classname="tests.test_auto_generated.Test_system_tools_Generated" name="test_check_vbox_installation_execution" time="0.047" /><testcase classname="tests.test_auto_generated.Test_system_tools_Generated" name="test_list_ostypes_execution" time="0.126" /><testcase classname="tests.test_auto_generated.Test_system_tools_Generated" name="test_list_extpacks_execution" time="0.043" /><testcase classname="tests.test_auto_generated.Test_system_tools_Generated" name="test_get_host_info_execution" time="0.087" /><testcase classname="tests.test_auto_generated.Test_system_tools_Generated" name="test_get_vbox_version_execution" time="0.003"><failure message="Failed: async def functions are not natively supported.&#10;You need to install a suitable plugin for your async framework, for example:&#10;  - anyio&#10;  - pytest-asyncio&#10;  - pytest-tornasync&#10;  - pytest-trio&#10;  - pytest-twisted">async def functions are not natively supported.
You need to install a suitable plugin for your async framework, for example:
  - anyio
  - pytest-asyncio
  - pytest-tornasync
  - pytest-trio
  - pytest-twisted</failure></testcase><testcase classname="tests.test_auto_generated.Test_snapshot_tools_Generated" name="test_create_snapshot_execution" time="0.045" /><testcase classname="tests.test_auto_generated.Test_snapshot_tools_Generated" name="test_restore_snapshot_execution" time="0.047" /><testcase classname="tests.test_auto_generated.Test_snapshot_tools_Generated" name="test_list_snapshots_execution" time="0.137" /><testcase classname="tests.test_auto_generated.Test_snapshot_tools_Generated" name="test_get_snapshot_info_execution" time="0.058" /><testcase classname="tests.test_auto_generated.Test_snapshot_tools_Generated" name="test_delete_snapshot_execution" time="0.052" /><testcase classname="tests.test_auto_generated.Test_snapshot_tools_Generated" name="test_restore_current_snapshot_execution" time="0.044" /><testcase classname="tests.test_auto_generated.Test_storage_tools_Generated" name="test_list_storage_controllers_execution" time="0.042" /><testcase classname="tests.test_auto_generated.Test_storage_tools_Generated" name="test_create_storage_controller_execution" time="0.005" /><testcase classname="tests.test_auto_generated.Test_storage_tools_Generated" name="test_remove_storage_controller_execution" time="0.048" /><testcase classname="tests.test_auto_generated.Test_storage_tools_Generated" name="test_attach_disk_execution" time="0.008" /><testcase classname="tests.test_auto_generated.Test_storage_tools_Generated" name="test_detach_disk_execution" time="0.043" /><testcase classname="tests.test_auto_generated.Test_storage_tools_Generated" name="test_mount_iso_execution" time="0.044" /><testcase classname="tests.test_auto_generated.Test_storage_tools_Generated" name="test_unmount_iso_execution" time="0.045" /><testcase classname="tests.test_auto_generated.Test_storage_tools_Generated" name="test_list_disks_execution" time="0.049" /><testcase classname="tests.test_auto_generated.Test_storage_tools_Generated" name="test_create_disk_execution" time="0.007" /><testcase classname="tests.test_auto_generated.Test_storage_tools_Generated" name="test_get_disk_info_execution" time="0.060" /><testcase classname="tests.test_auto_generated.Test_storage_tools_Generated" name="test_resize_disk_execution" time="0.059" /><testcase classname="tests.test_auto_generated.Test_storage_tools_Generated" name="test_clone_disk_execution" time="0.008" /><testcase classname="tests.test_auto_generated.Test_storage_tools_Generated" name="test_delete_disk_execution" time="0.050" /><testcase classname="tests.test_comprehensive_coverage.TestConfig" name="test_settings_import" time="0.003" /><testcase classname="tests.test_comprehensive_coverage.TestConfig" name="test_get_vbox_manage_path" time="0.003" /><testcase classname="tests.test_comprehensive_coverage.TestJSONEncoder" name="test_json_encoder_import" time="0.004" /><testcase classname="tests.test_comprehensive_coverage.TestExceptions" name="test_vbox_exception_import" time="0.005" /><testcase classname="tests.test_comprehensive_coverage.TestUtils" name="test_helpers_import" time="0.003" /><testcase classname="tests.test_comprehensive_coverage.TestUtils" name="test_logging_utils_import" time="0.004" /><testcase classname="tests.test_comprehensive_coverage.TestVBoxCompat" name="test_compat_adapter_import" time="0.003" /><testcase classname="tests.test_comprehensive_coverage.TestVBoxCompat" name="test_vm_operations_import" time="0.002" /><testcase classname="tests.test_comprehensive_coverage.TestVBoxCompat" name="test_networking_import" time="0.005" /><testcase classname="tests.test_comprehensive_coverage.TestServices" name="test_vm_service_import" time="0.004" /><testcase classname="tests.test_comprehensive_coverage.TestServices" name="test_template_manager_import" time="0.006" /><testcase classname="tests.test_comprehensive_coverage.TestServices" name="test_service_manager_import" time="0.004" /><testcase classname="tests.test_comprehensive_coverage.TestVMServiceComponents" name="test_lifecycle_import" time="0.004" /><testcase classname="tests.test_comprehensive_coverage.TestVMServiceComponents" name="test_devices_import" time="0.002" /><testcase classname="tests.test_comprehensive_coverage.TestVMServiceComponents" name="test_network_service_module" time="0.002" /><testcase classname="tests.test_comprehensive_coverage.TestVMServiceComponents" name="test_metrics_import" time="0.003" /><testcase classname="tests.test_comprehensive_coverage.TestPortmanteauTools" name="test_vm_management_import" time="0.003" /><testcase classname="tests.test_comprehensive_coverage.TestPortmanteauTools" name="test_network_management_import" time="0.003" /><testcase classname="tests.test_comprehensive_coverage.TestPortmanteauTools" name="test_storage_management_import" time="0.003" /><testcase classname="tests.test_comprehensive_coverage.TestPortmanteauTools" name="test_snapshot_management_import" time="0.004" /><testcase classname="tests.test_comprehensive_coverage.TestPortmanteauTools" name="test_system_management_import" time="0.004" /><testcase classname="tests.test_comprehensive_coverage.TestToolModules" name="test_vm_tools_import" time="0.003" /><testcase classname="tests.test_comprehensive_coverage.TestToolModules" name="test_network_tools_module" time="0.003" /><testcase classname="tests.test_comprehensive_coverage.TestToolModules" name="test_snapshot_tools_import" time="0.003" /><testcase classname="tests.test_comprehensive_coverage.TestToolModules" name="test_storage_tools_import" time="0.003" /><testcase classname="tests.test_comprehensive_coverage.TestToolModules" name="test_system_tools_import" time="0.002" /><testcase classname="tests.test_comprehensive_coverage.TestSecurityTools" name="test_security_testing_tools_module" time="0.002" /><testcase classname="tests.test_comprehensive_coverage.TestSecurityTools" name="test_malware_tools_import" time="0.002" /><testcase classname="tests.test_comprehensive_coverage.TestMonitoringTools" name="test_monitoring_tools_import" time="0.005"><failure message="ValueError: Duplicated timeseries in CollectorRegistry: {'virtualization-mcp_api_requests_total', 'virtualization-mcp_api_requests', 'virtualization-mcp_api_requests_created'}">E   ValueError: Duplicated timeseries in CollectorRegistry: {'virtualization-mcp_api_requests_total', 'virtualization-mcp_api_requests', 'virtualization-mcp_api_requests_created'}</failure></testcase><testcase classname="tests.test_comprehensive_coverage.TestMonitoringTools" name="test_metrics_tools_import" time="0.004" /><testcase classname="tests.test_comprehensive_coverage.TestDevelopmentTools" name="test_sandbox_tools_module" time="0.003" /><testcase classname="tests.test_comprehensive_coverage.TestDevelopmentTools" name="test_documentation_tools_module" time="0.002" /><testcase classname="tests.test_comprehensive_coverage.TestBackupTools" name="test_backup_tools_module" time="0.003" /><testcase classname="tests.test_comprehensive_coverage.TestPlugins" name="test_hyperv_plugin_module" time="0.002" /><testcase classname="tests.test_comprehensive_coverage.TestPlugins" name="test_sandbox_plugin_import" time="0.002" /><testcase classname="tests.test_comprehensive_coverage.TestAllToolsServer" name="test_server_import" time="0.003" /><testcase classname="tests.test_comprehensive_coverage.TestAllToolsServer" name="test_mcp_tools_module" time="0.009" /><testcase classname="tests.test_deep_execution.TestVMOperationsDeepExecution" name="test_vm_operations_list_vms" time="0.007"><failure message="AttributeError: &lt;class 'virtualization_mcp.vbox.vm_operations.VMOperations'&gt; does not have the attribute 'vbox_manager'">E   AttributeError: &lt;class 'virtualization_mcp.vbox.vm_operations.VMOperations'&gt; does not have the attribute 'vbox_manager'</failure></testcase><testcase classname="tests.test_deep_execution.TestVMOperationsDeepExecution" name="test_vm_operations_get_info" time="0.004"><failure message="AttributeError: &lt;class 'virtualization_mcp.vbox.vm_operations.VMOperations'&gt; does not have the attribute 'vbox_manager'">E   AttributeError: &lt;class 'virtualization_mcp.vbox.vm_operations.VMOperations'&gt; does not have the attribute 'vbox_manager'</failure></testcase><testcase classname="tests.test_deep_execution.TestVMOperationsDeepExecution" name="test_vm_operations_create_vm" time="0.004"><failure message="AttributeError: &lt;class 'virtualization_mcp.vbox.vm_operations.VMOperations'&gt; does not have the attribute 'vbox_manager'">E   AttributeError: &lt;class 'virtualization_mcp.vbox.vm_operations.VMOperations'&gt; does not have the attribute 'vbox_manager'</failure></testcase><testcase classname="tests.test_deep_execution.TestVMOperationsDeepExecution" name="test_vm_operations_start_vm" time="0.004"><failure message="AttributeError: &lt;class 'virtualization_mcp.vbox.vm_operations.VMOperations'&gt; does not have the attribute 'vbox_manager'">E   AttributeError: &lt;class 'virtualization_mcp.vbox.vm_operations.VMOperations'&gt; does not have the attribute 'vbox_manager'</failure></testcase><testcase classname="tests.test_deep_execution.TestVMOperationsDeepExecution" name="test_vm_operations_stop_vm" time="0.004"><failure message="AttributeError: &lt;class 'virtualization_mcp.vbox.vm_operations.VMOperations'&gt; does not have the attribute 'vbox_manager'">E   AttributeError: &lt;class 'virtualization_mcp.vbox.vm_operations.VMOperations'&gt; does not have the attribute 'vbox_manager'</failure></testcase><testcase classname="tests.test_deep_execution.TestVMOperationsDeepExecution" name="test_vm_operations_delete_vm" time="0.003"><failure message="AttributeError: &lt;class 'virtualization_mcp.vbox.vm_operations.VMOperations'&gt; does not have the attribute 'vbox_manager'">E   AttributeError: &lt;class 'virtualization_mcp.vbox.vm_operations.VMOperations'&gt; does not have the attribute 'vbox_manager'</failure></testcase><testcase classname="tests.test_deep_execution.TestVMOperationsDeepExecution" name="test_vm_operations_clone_vm" time="0.004"><failure message="AttributeError: &lt;class 'virtualization_mcp.vbox.vm_operations.VMOperations'&gt; does not have the attribute 'vbox_manager'">E   AttributeError: &lt;class 'virtualization_mcp.vbox.vm_operations.VMOperations'&gt; does not have the attribute 'vbox_manager'</failure></testcase><testcase classname="tests.test_deep_execution.TestVMOperationsDeepExecution" name="test_vm_operations_snapshot_create" time="0.006"><failure message="AttributeError: &lt;class 'virtualization_mcp.vbox.vm_operations.VMOperations'&gt; does not have the attribute 'vbox_manager'">E   AttributeError: &lt;class 'virtualization_mcp.vbox.vm_operations.VMOperations'&gt; does not have the attribute 'vbox_manager'</failure></testcase><testcase classname="tests.test_deep_execution.TestVMOperationsDeepExecution" name="test_vm_operations_snapshot_restore" time="0.002"><failure message="AttributeError: &lt;class 'virtualization_mcp.vbox.vm_operations.VMOperations'&gt; does not have the attribute 'vbox_manager'">E   AttributeError: &lt;class 'virtualization_mcp.vbox.vm_operations.VMOperations'&gt; does not have the attribute 'vbox_manager'</failure></testcase><testcase classname="tests.test_deep_execution.TestVMOperationsDeepExecution" name="test_vm_operations_snapshot_delete" time="0.003"><failure message="AttributeError: &lt;class 'virtualization_mcp.vbox.vm_operations.VMOperations'&gt; does not have the attribute 'vbox_manager'">E   AttributeError: &lt;class 'virtualization_mcp.vbox.vm_operations.VMOperations'&gt; does not have the attribute 'vbox_manager'</failure></testcase><testcase classname="tests.test_deep_execution.TestVMOperationsDeepExecution" name="test_vm_operations_pause_vm" time="0.004"><failure message="AttributeError: &lt;class 'virtualization_mcp.vbox.vm_operations.VMOperations'&gt; does not have the attribute 'vbox_manager'">E   AttributeError: &lt;class 'virtualization_mcp.vbox.vm_operations.VMOperations'&gt; does not have the attribute 'vbox_manager'</failure></testcase><testcase classname="tests.test_deep_execution.TestVMOperationsDeepExecution" name="test_vm_operations_resume_vm" time="0.003"><failure message="AttributeError: &lt;class 'virtualization_mcp.vbox.vm_operations.VMOperations'&gt; does not have the attribute 'vbox_manager'">E   AttributeError: &lt;class 'virtualization_mcp.vbox.vm_operations.VMOperations'&gt; does not have the attribute 'vbox_manager'</failure></testcase><testcase classname="tests.test_deep_execution.TestVMOperationsDeepExecution" name="test_vm_operations_reset_vm" time="0.004"><failure message="AttributeError: &lt;class 'virtualization_mcp.vbox.vm_operations.VMOperations'&gt; does not have the attribute 'vbox_manager'">E   AttributeError: &lt;class 'virtualization_mcp.vbox.vm_operations.VMOperations'&gt; does not have the attribute 'vbox_manager'</failure></testcase><testcase classname="tests.test_deep_execution.TestNetworkManagerDeepExecution" name="test_network_manager_list_networks" time="0.003"><failure message="TypeError: NetworkManager.__init__() missing 1 required positional argument: 'manager'">E   TypeError: NetworkManager.__init__() missing 1 required positional argument: 'manager'</failure></testcase><testcase classname="tests.test_deep_execution.TestNetworkManagerDeepExecution" name="test_network_manager_create_network" time="0.004"><failure message="TypeError: NetworkManager.__init__() missing 1 required positional argument: 'manager'">E   TypeError: NetworkManager.__init__() missing 1 required positional argument: 'manager'</failure></testcase><testcase classname="tests.test_deep_execution.TestNetworkManagerDeepExecution" name="test_network_manager_remove_network" time="0.003"><failure message="TypeError: NetworkManager.__init__() missing 1 required positional argument: 'manager'">E   TypeError: NetworkManager.__init__() missing 1 required positional argument: 'manager'</failure></testcase><testcase classname="tests.test_deep_execution.TestPluginInitialization" name="test_windows_sandbox_helper_methods" time="0.002"><failure message="pydantic_core._pydantic_core.ValidationError: 1 validation error for SandboxConfig&#10;name&#10;  Field required [type=missing, input_value={}, input_type=dict]&#10;    For further information visit https://errors.pydantic.dev/2.11/v/missing">E   pydantic_core._pydantic_core.ValidationError: 1 validation error for SandboxConfig
    name
      Field required [type=missing, input_value={}, input_type=dict]
        For further information visit https://errors.pydantic.dev/2.11/v/missing</failure></testcase><testcase classname="tests.test_deep_execution.TestServiceVMBase" name="test_vm_service_base_init" time="0.693" /><testcase classname="tests.test_deep_execution.TestLifecycleDeepExecution" name="test_lifecycle_create_vm" time="0.020"><failure message="TypeError: object dict can't be used in 'await' expression">E   TypeError: object dict can't be used in 'await' expression</failure></testcase><testcase classname="tests.test_deep_execution.TestLifecycleDeepExecution" name="test_lifecycle_start_vm" time="0.020"><failure message="TypeError: object dict can't be used in 'await' expression">E   TypeError: object dict can't be used in 'await' expression</failure></testcase><testcase classname="tests.test_deep_execution.TestLifecycleDeepExecution" name="test_lifecycle_stop_vm" time="0.027"><failure message="TypeError: object dict can't be used in 'await' expression">E   TypeError: object dict can't be used in 'await' expression</failure></testcase><testcase classname="tests.test_deep_execution.TestLifecycleDeepExecution" name="test_lifecycle_delete_vm" time="0.022"><failure message="TypeError: object dict can't be used in 'await' expression">E   TypeError: object dict can't be used in 'await' expression</failure></testcase><testcase classname="tests.test_deep_execution.TestDevicesDeepExecution" name="test_devices_configure_audio" time="0.706"><failure message="AttributeError: 'VMDeviceMixin' object has no attribute 'configure_audio'">E   AttributeError: 'VMDeviceMixin' object has no attribute 'configure_audio'</failure></testcase><testcase classname="tests.test_deep_execution.TestDevicesDeepExecution" name="test_devices_configure_video" time="0.579"><failure message="AttributeError: 'VMDeviceMixin' object has no attribute 'configure_video'">E   AttributeError: 'VMDeviceMixin' object has no attribute 'configure_video'</failure></testcase><testcase classname="tests.test_deep_execution.TestMetricsDeepExecution" name="test_metrics_get_vm_metrics" time="0.018"><failure message="TypeError: object dict can't be used in 'await' expression">E   TypeError: object dict can't be used in 'await' expression</failure></testcase><testcase classname="tests.test_deep_execution.TestMetricsDeepExecution" name="test_metrics_get_resource_usage" time="0.006"><failure message="AttributeError: 'VMMetricsMixin' object has no attribute 'get_resource_usage'. Did you mean: 'get_memory_usage'?">E   AttributeError: 'VMMetricsMixin' object has no attribute 'get_resource_usage'. Did you mean: 'get_memory_usage'?</failure></testcase><testcase classname="tests.test_deep_execution.TestSnapshotOperations" name="test_snapshots_module_functions" time="0.003" /><testcase classname="tests.test_deep_execution.TestTemplatesModule" name="test_templates_module_load" time="0.003" /><testcase classname="tests.test_deep_execution.TestAllToolsServerExecution" name="test_main_function_imports" time="0.003" /><testcase classname="tests.test_deep_execution.TestMCPToolsExecution" name="test_mcp_tools_module" time="0.003" /><testcase classname="tests.test_deep_execution.TestAsyncWrapperExecution" name="test_async_wrapper_module" time="0.078" /><testcase classname="tests.test_deep_execution.TestSettingsExecution" name="test_base_settings_creation" time="0.002" /><testcase classname="tests.test_deep_execution.TestModelsExecution" name="test_models_init" time="0.004" /><testcase classname="tests.test_deep_execution.TestServerV2CoreExecution" name="test_server_v2_core_server" time="0.007"><failure message="ModuleNotFoundError: No module named 'virtualization_mcp.plugins.plugin_manager'">E   ModuleNotFoundError: No module named 'virtualization_mcp.plugins.plugin_manager'</failure></testcase><testcase classname="tests.test_deep_execution.TestServerV2UtilsExecution" name="test_server_v2_utils_init" time="0.007"><failure message="ModuleNotFoundError: No module named 'virtualization_mcp.plugins.plugin_manager'">E   ModuleNotFoundError: No module named 'virtualization_mcp.plugins.plugin_manager'</failure></testcase><testcase classname="tests.test_deep_execution.TestHyperVIntegration" name="test_hyperv_manager_module" time="0.003" /><testcase classname="tests.test_deep_execution.TestHyperVIntegration" name="test_hyperv_tools_module" time="0.003" /><testcase classname="tests.test_deep_execution.TestVMServiceTypes" name="test_types_module_enums" time="0.002" /><testcase classname="tests.test_deep_execution.TestAudioModule" name="test_audio_module_content" time="0.006"><failure message="ModuleNotFoundError: No module named 'virtualization_mcp.plugins.base'">E   ModuleNotFoundError: No module named 'virtualization_mcp.plugins.base'</failure></testcase><testcase classname="tests.test_deep_execution.TestVideoModule" name="test_video_module_content" time="0.004"><failure message="ModuleNotFoundError: No module named 'virtualization_mcp.plugins.base'">E   ModuleNotFoundError: No module named 'virtualization_mcp.plugins.base'</failure></testcase><testcase classname="tests.test_deep_execution.TestSystemModule" name="test_system_module_content" time="0.006"><failure message="ModuleNotFoundError: No module named 'virtualization_mcp.plugins.base'">E   ModuleNotFoundError: No module named 'virtualization_mcp.plugins.base'</failure></testcase><testcase classname="tests.test_deep_execution.TestSandboxModule" name="test_sandbox_module_content" time="0.005"><failure message="ImportError: attempted relative import beyond top-level package">E   ImportError: attempted relative import beyond top-level package</failure></testcase><testcase classname="tests.test_deep_execution.TestDevicesHyperV" name="test_devices_hyperv_content" time="0.004" /><testcase classname="tests.test_devices.TestVMDeviceMixin" name="test_list_devices" time="0.000"><skipped type="pytest.skip" message="Method names don't match implementation - needs refactoring">D:\Dev\repos\virtualization-mcp\tests\test_devices.py:21: Method names don't match implementation - needs refactoring</skipped></testcase><testcase classname="tests.test_devices.TestVMDeviceMixin" name="test_attach_usb_device" time="0.000"><skipped type="pytest.skip" message="Method names don't match implementation - needs refactoring">D:\Dev\repos\virtualization-mcp\tests\test_devices.py:42: Method names don't match implementation - needs refactoring</skipped></testcase><testcase classname="tests.test_devices.TestVMDeviceMixin" name="test_detach_usb_device" time="0.000"><skipped type="pytest.skip" message="Method names don't match implementation - needs refactoring">D:\Dev\repos\virtualization-mcp\tests\test_devices.py:65: Method names don't match implementation - needs refactoring</skipped></testcase><testcase classname="tests.test_devices.TestVMDeviceMixin" name="test_list_available_usb_devices" time="0.000"><skipped type="pytest.skip" message="Method names don't match implementation - needs refactoring">D:\Dev\repos\virtualization-mcp\tests\test_devices.py:84: Method names don't match implementation - needs refactoring</skipped></testcase><testcase classname="tests.test_devices.TestVMDeviceMixin" name="test_configure_shared_folder" time="0.000"><skipped type="pytest.skip" message="Method names don't match implementation - needs refactoring">D:\Dev\repos\virtualization-mcp\tests\test_devices.py:105: Method names don't match implementation - needs refactoring</skipped></testcase><testcase classname="tests.test_devices.TestVMDeviceMixin" name="test_remove_shared_folder" time="0.001"><skipped type="pytest.skip" message="Method names don't match implementation - needs refactoring">D:\Dev\repos\virtualization-mcp\tests\test_devices.py:121: Method names don't match implementation - needs refactoring</skipped></testcase><testcase classname="tests.test_execution_coverage.TestVMToolsExecution" name="test_list_vms_execution" time="0.006"><failure message="AttributeError: &lt;module 'virtualization_mcp.tools.vm.vm_tools' from 'D:\\Dev\\repos\\virtualization-mcp\\tests\\..\\src\\virtualization_mcp\\tools\\vm\\vm_tools.py'&gt; does not have the attribute 'vbox_manager'">E   AttributeError: &lt;module 'virtualization_mcp.tools.vm.vm_tools' from 'D:\\Dev\\repos\\virtualization-mcp\\tests\\..\\src\\virtualization_mcp\\tools\\vm\\vm_tools.py'&gt; does not have the attribute 'vbox_manager'</failure></testcase><testcase classname="tests.test_execution_coverage.TestVMToolsExecution" name="test_get_vm_info_execution" time="0.006"><failure message="AttributeError: &lt;module 'virtualization_mcp.tools.vm.vm_tools' from 'D:\\Dev\\repos\\virtualization-mcp\\tests\\..\\src\\virtualization_mcp\\tools\\vm\\vm_tools.py'&gt; does not have the attribute 'vbox_manager'">E   AttributeError: &lt;module 'virtualization_mcp.tools.vm.vm_tools' from 'D:\\Dev\\repos\\virtualization-mcp\\tests\\..\\src\\virtualization_mcp\\tools\\vm\\vm_tools.py'&gt; does not have the attribute 'vbox_manager'</failure></testcase><testcase classname="tests.test_execution_coverage.TestNetworkToolsExecution" name="test_list_networks_execution" time="0.005"><failure message="ImportError: cannot import name 'list_networks' from 'virtualization_mcp.tools.network.network_tools' (D:\Dev\repos\virtualization-mcp\tests\..\src\virtualization_mcp\tools\network\network_tools.py)">E   ImportError: cannot import name 'list_networks' from 'virtualization_mcp.tools.network.network_tools' (D:\Dev\repos\virtualization-mcp\tests\..\src\virtualization_mcp\tools\network\network_tools.py)</failure></testcase><testcase classname="tests.test_execution_coverage.TestSnapshotToolsExecution" name="test_list_snapshots_execution" time="0.004"><failure message="AttributeError: &lt;module 'virtualization_mcp.tools.snapshot.snapshot_tools' from 'D:\\Dev\\repos\\virtualization-mcp\\tests\\..\\src\\virtualization_mcp\\tools\\snapshot\\snapshot_tools.py'&gt; does not have the attribute 'vbox_manager'">E   AttributeError: &lt;module 'virtualization_mcp.tools.snapshot.snapshot_tools' from 'D:\\Dev\\repos\\virtualization-mcp\\tests\\..\\src\\virtualization_mcp\\tools\\snapshot\\snapshot_tools.py'&gt; does not have the attribute 'vbox_manager'</failure></testcase><testcase classname="tests.test_execution_coverage.TestStorageToolsExecution" name="test_list_storage_controllers_execution" time="0.005"><failure message="AttributeError: &lt;module 'virtualization_mcp.tools.storage.storage_tools' from 'D:\\Dev\\repos\\virtualization-mcp\\tests\\..\\src\\virtualization_mcp\\tools\\storage\\storage_tools.py'&gt; does not have the attribute 'vbox_manager'">E   AttributeError: &lt;module 'virtualization_mcp.tools.storage.storage_tools' from 'D:\\Dev\\repos\\virtualization-mcp\\tests\\..\\src\\virtualization_mcp\\tools\\storage\\storage_tools.py'&gt; does not have the attribute 'vbox_manager'</failure></testcase><testcase classname="tests.test_execution_coverage.TestSystemToolsExecution" name="test_get_system_info_execution" time="0.026" /><testcase classname="tests.test_execution_coverage.TestSystemToolsExecution" name="test_get_vbox_version_execution" time="0.007"><failure message="AttributeError: &lt;module 'virtualization_mcp.tools.system.system_tools' from 'D:\\Dev\\repos\\virtualization-mcp\\tests\\..\\src\\virtualization_mcp\\tools\\system\\system_tools.py'&gt; does not have the attribute 'vbox_manager'">E   AttributeError: &lt;module 'virtualization_mcp.tools.system.system_tools' from 'D:\\Dev\\repos\\virtualization-mcp\\tests\\..\\src\\virtualization_mcp\\tools\\system\\system_tools.py'&gt; does not have the attribute 'vbox_manager'</failure></testcase><testcase classname="tests.test_execution_coverage.TestConfigExecution" name="test_get_logs_dir" time="0.005" /><testcase classname="tests.test_execution_coverage.TestConfigExecution" name="test_configure_logging" time="0.008" /><testcase classname="tests.test_execution_coverage.TestUtilsExecution" name="test_get_vbox_home" time="0.004" /><testcase classname="tests.test_execution_coverage.TestUtilsExecution" name="test_setup_logging" time="0.005" /><testcase classname="tests.test_execution_coverage.TestVBoxComponentsExecution" name="test_compat_adapter_creation" time="0.031" /><testcase classname="tests.test_execution_coverage.TestVBoxComponentsExecution" name="test_network_manager_creation" time="0.003"><failure message="AttributeError: &lt;module 'virtualization_mcp.vbox.networking' from 'D:\\Dev\\repos\\virtualization-mcp\\tests\\..\\src\\virtualization_mcp\\vbox\\networking.py'&gt; does not have the attribute 'VBoxCompatAdapter'">E   AttributeError: &lt;module 'virtualization_mcp.vbox.networking' from 'D:\\Dev\\repos\\virtualization-mcp\\tests\\..\\src\\virtualization_mcp\\vbox\\networking.py'&gt; does not have the attribute 'VBoxCompatAdapter'</failure></testcase><testcase classname="tests.test_execution_coverage.TestServicesExecution" name="test_template_manager_list" time="0.019" /><testcase classname="tests.test_execution_coverage.TestServicesExecution" name="test_service_manager_creation" time="0.003" /><testcase classname="tests.test_execution_coverage.TestPortmanteauExecution" name="test_vm_management_list_action" time="0.007" /><testcase classname="tests.test_execution_coverage.TestPortmanteauExecution" name="test_network_management_list_action" time="0.006"><failure message="AttributeError: &lt;module 'virtualization_mcp.tools.portmanteau.network_management' from 'D:\\Dev\\repos\\virtualization-mcp\\tests\\..\\src\\virtualization_mcp\\tools\\portmanteau\\network_management.py'&gt; does not have the attribute 'list_networks'">E   AttributeError: &lt;module 'virtualization_mcp.tools.portmanteau.network_management' from 'D:\\Dev\\repos\\virtualization-mcp\\tests\\..\\src\\virtualization_mcp\\tools\\portmanteau\\network_management.py'&gt; does not have the attribute 'list_networks'</failure></testcase><testcase classname="tests.test_execution_coverage.TestPortmanteauExecution" name="test_storage_management_list_action" time="0.006" /><testcase classname="tests.test_execution_coverage.TestPortmanteauExecution" name="test_snapshot_management_list_action" time="0.006" /><testcase classname="tests.test_execution_coverage.TestPortmanteauExecution" name="test_system_management_info_action" time="0.005" /><testcase classname="tests.test_execution_coverage.TestExceptionExecution" name="test_vbox_error_raise" time="0.003" /><testcase classname="tests.test_execution_coverage.TestExceptionExecution" name="test_vm_not_found_error" time="0.003" /><testcase classname="tests.test_execution_coverage.TestExceptionExecution" name="test_invalid_state_error" time="0.003"><failure message="TypeError: InvalidStateError.__init__() missing 1 required positional argument: 'current_state'">E   TypeError: InvalidStateError.__init__() missing 1 required positional argument: 'current_state'</failure></testcase><testcase classname="tests.test_execution_coverage.TestHelpToolExecution" name="test_help_tool_module" time="0.005" /><testcase classname="tests.test_execution_coverage.TestRegisterToolsExecution" name="test_register_all_tools" time="0.006" /><testcase classname="tests.test_gold_push_part1.TestAllToolsServerExecution" name="test_main_function_execution" time="0.006" /><testcase classname="tests.test_gold_push_part1.TestAllToolsServerExecution" name="test_start_mcp_server_import" time="0.003" /><testcase classname="tests.test_gold_push_part1.TestMCPToolsExecution" name="test_mcp_tools_all_functions" time="0.002" /><testcase classname="tests.test_gold_push_part1.TestAPIDocumentationExecution" name="test_api_documentation_functions" time="0.006" /><testcase classname="tests.test_gold_push_part1.TestBackupToolsExecution" name="test_backup_tools_all_imports" time="0.002" /><testcase classname="tests.test_gold_push_part1.TestSandboxToolsExecution" name="test_sandbox_tools_initialization" time="0.003" /><testcase classname="tests.test_gold_push_part1.TestVMServiceMassiveExecution" name="test_vm_service_imports" time="0.002" /><testcase classname="tests.test_gold_push_part1.TestDevicesServiceMassiveExecution" name="test_devices_module_loading" time="0.002" /><testcase classname="tests.test_gold_push_part1.TestVBoxManagerComprehensive" name="test_vbox_manager_all_methods" time="0.004"><failure message="AssertionError: assert False&#10; +  where False = hasattr(&lt;virtualization_mcp.vbox.compat_adapter.VBoxManager object at 0x000001A034477760&gt;, 'clone_vm')">E   AssertionError: assert False
     +  where False = hasattr(&lt;virtualization_mcp.vbox.compat_adapter.VBoxManager object at 0x000001A034477760&gt;, 'clone_vm')</failure></testcase><testcase classname="tests.test_gold_push_part1.TestPortmanteauCompleteExecution" name="test_vm_management_all_actions" time="0.006"><failure message="AttributeError: &lt;module 'virtualization_mcp.tools.portmanteau.vm_management' from 'D:\\Dev\\repos\\virtualization-mcp\\tests\\..\\src\\virtualization_mcp\\tools\\portmanteau\\vm_management.py'&gt; does not have the attribute 'info_vm'">E   AttributeError: &lt;module 'virtualization_mcp.tools.portmanteau.vm_management' from 'D:\\Dev\\repos\\virtualization-mcp\\tests\\..\\src\\virtualization_mcp\\tools\\portmanteau\\vm_management.py'&gt; does not have the attribute 'info_vm'</failure></testcase><testcase classname="tests.test_gold_push_part1.TestPortmanteauCompleteExecution" name="test_network_management_all_actions" time="0.004" /><testcase classname="tests.test_gold_push_part1.TestPortmanteauCompleteExecution" name="test_storage_management_all_actions" time="0.004" /><testcase classname="tests.test_gold_push_part1.TestPortmanteauCompleteExecution" name="test_snapshot_management_all_actions" time="0.005"><failure message="TypeError: register_snapshot_management_tool.&lt;locals&gt;.snapshot_management() missing 1 required positional argument: 'vm_name'">E   TypeError: register_snapshot_management_tool.&lt;locals&gt;.snapshot_management() missing 1 required positional argument: 'vm_name'</failure></testcase><testcase classname="tests.test_gold_push_part1.TestPortmanteauCompleteExecution" name="test_system_management_all_actions" time="0.004" /><testcase classname="tests.test_gold_push_part1.TestNetworkServiceComplete" name="test_network_adapters_functions" time="0.003" /><testcase classname="tests.test_gold_push_part1.TestNetworkServiceComplete" name="test_network_forwarding_functions" time="0.002" /><testcase classname="tests.test_gold_push_part1.TestNetworkServiceComplete" name="test_network_service_functions" time="0.002" /><testcase classname="tests.test_gold_push_part1.TestNetworkServiceComplete" name="test_network_types_enum" time="0.003" /><testcase classname="tests.test_gold_push_part1.TestNetworkServiceComplete" name="test_network_utils_functions" time="0.004" /><testcase classname="tests.test_gold_push_part2.TestVMServicePart1" name="test_vm_service_class_exists" time="0.002" /><testcase classname="tests.test_gold_push_part2.TestVMServicePart2" name="test_vm_service_module_constants" time="0.003" /><testcase classname="tests.test_gold_push_part2.TestVMServicePart3" name="test_vm_service_all_imports" time="0.004" /><testcase classname="tests.test_gold_push_part2.TestDevicesPart1" name="test_devices_mixin_class" time="0.003" /><testcase classname="tests.test_gold_push_part2.TestDevicesPart2" name="test_devices_module_functions" time="0.002" /><testcase classname="tests.test_gold_push_part2.TestDevicesPart3" name="test_devices_all_imports" time="0.002" /><testcase classname="tests.test_gold_push_part2.TestSandboxToolsPart1" name="test_sandbox_tools_classes" time="0.003" /><testcase classname="tests.test_gold_push_part2.TestSandboxToolsPart2" name="test_sandbox_tools_functions" time="0.003" /><testcase classname="tests.test_gold_push_part2.TestBackupToolsComplete" name="test_backup_module_all" time="0.002" /><testcase classname="tests.test_gold_push_part2.TestAPIDocumentationComplete" name="test_api_docs_module" time="0.002" /><testcase classname="tests.test_gold_push_part2.TestMCPToolsComplete" name="test_mcp_tools_all" time="0.004" /><testcase classname="tests.test_gold_push_part3_server_v2.TestServerV2Server" name="test_server_class_import" time="0.006"><failure message="ModuleNotFoundError: No module named 'virtualization_mcp.plugins.plugin_manager'">E   ModuleNotFoundError: No module named 'virtualization_mcp.plugins.plugin_manager'</failure></testcase><testcase classname="tests.test_gold_push_part3_server_v2.TestServerV2Server" name="test_server_module_all" time="0.005"><failure message="ModuleNotFoundError: No module named 'virtualization_mcp.plugins.plugin_manager'">E   ModuleNotFoundError: No module named 'virtualization_mcp.plugins.plugin_manager'</failure></testcase><testcase classname="tests.test_gold_push_part3_server_v2.TestServerV2Config" name="test_config_module" time="0.004"><failure message="ModuleNotFoundError: No module named 'virtualization_mcp.plugins.plugin_manager'">E   ModuleNotFoundError: No module named 'virtualization_mcp.plugins.plugin_manager'</failure></testcase><testcase classname="tests.test_gold_push_part3_server_v2.TestServerV2Main" name="test_main_module" time="0.007"><failure message="ModuleNotFoundError: No module named 'virtualization_mcp.plugins.plugin_manager'">E   ModuleNotFoundError: No module named 'virtualization_mcp.plugins.plugin_manager'</failure></testcase><testcase classname="tests.test_gold_push_part3_server_v2.TestServerV2Init" name="test_server_v2_init" time="0.005"><failure message="ModuleNotFoundError: No module named 'virtualization_mcp.plugins.plugin_manager'">E   ModuleNotFoundError: No module named 'virtualization_mcp.plugins.plugin_manager'</failure></testcase><testcase classname="tests.test_gold_push_part3_server_v2.TestServerV2CoreServer" name="test_core_server_import" time="0.003"><failure message="KeyError: 'virtualization_mcp.server_v2'">E   KeyError: 'virtualization_mcp.server_v2'</failure></testcase><testcase classname="tests.test_gold_push_part4_main_modules.TestMainPyComplete" name="test_main_imports" time="0.005"><failure message="AttributeError: &lt;function main at 0x000001A032285CF0&gt; does not have the attribute 'VBoxManager'">E   AttributeError: &lt;function main at 0x000001A032285CF0&gt; does not have the attribute 'VBoxManager'</failure></testcase><testcase classname="tests.test_gold_push_part4_main_modules.TestDunderMainComplete" name="test_dunder_main_complete" time="0.006" /><testcase classname="tests.test_gold_push_part4_main_modules.TestDevToolsComplete" name="test_dev_tools_complete" time="0.006" /><testcase classname="tests.test_gold_push_part5_execution.TestVBoxManagerEveryMethod" name="test_list_vms_execution" time="0.003" /><testcase classname="tests.test_gold_push_part5_execution.TestVBoxManagerEveryMethod" name="test_get_vm_info_execution" time="0.005" /><testcase classname="tests.test_gold_push_part5_execution.TestVBoxManagerEveryMethod" name="test_create_vm_full_execution" time="0.005" /><testcase classname="tests.test_gold_push_part5_execution.TestVBoxManagerEveryMethod" name="test_start_vm_execution" time="0.003" /><testcase classname="tests.test_gold_push_part5_execution.TestVBoxManagerEveryMethod" name="test_stop_vm_execution" time="0.006" /><testcase classname="tests.test_gold_push_part5_execution.TestVBoxManagerEveryMethod" name="test_delete_vm_execution" time="0.005" /><testcase classname="tests.test_gold_push_part5_execution.TestVBoxManagerEveryMethod" name="test_clone_vm_execution" time="0.004"><failure message="AttributeError: 'VBoxManager' object has no attribute 'clone_vm'">E   AttributeError: 'VBoxManager' object has no attribute 'clone_vm'</failure></testcase><testcase classname="tests.test_gold_push_part5_execution.TestVBoxManagerEveryMethod" name="test_pause_vm_execution" time="0.005"><failure message="AttributeError: 'VBoxManager' object has no attribute 'pause_vm'">E   AttributeError: 'VBoxManager' object has no attribute 'pause_vm'</failure></testcase><testcase classname="tests.test_gold_push_part5_execution.TestVBoxManagerEveryMethod" name="test_resume_vm_execution" time="0.004"><failure message="AttributeError: 'VBoxManager' object has no attribute 'resume_vm'">E   AttributeError: 'VBoxManager' object has no attribute 'resume_vm'</failure></testcase><testcase classname="tests.test_gold_push_part5_execution.TestVBoxManagerEveryMethod" name="test_reset_vm_execution" time="0.003"><failure message="AttributeError: 'VBoxManager' object has no attribute 'reset_vm'. Did you mean: 'delete_vm'?">E   AttributeError: 'VBoxManager' object has no attribute 'reset_vm'. Did you mean: 'delete_vm'?</failure></testcase><testcase classname="tests.test_gold_push_part5_execution.TestVBoxManagerEveryMethod" name="test_create_snapshot_execution" time="0.005"><failure message="AttributeError: 'VBoxManager' object has no attribute 'create_snapshot'. Did you mean: 'delete_snapshot'?">E   AttributeError: 'VBoxManager' object has no attribute 'create_snapshot'. Did you mean: 'delete_snapshot'?</failure></testcase><testcase classname="tests.test_gold_push_part5_execution.TestVBoxManagerEveryMethod" name="test_restore_snapshot_execution" time="0.004" /><testcase classname="tests.test_gold_push_part5_execution.TestVBoxManagerEveryMethod" name="test_delete_snapshot_execution" time="0.003" /><testcase classname="tests.test_gold_push_part5_execution.TestVBoxManagerEveryMethod" name="test_list_snapshots_execution" time="0.003" /><testcase classname="tests.test_gold_push_part5_execution.TestVBoxManagerEveryMethod" name="test_list_host_only_networks_execution" time="0.003"><failure message="AttributeError: 'VBoxManager' object has no attribute 'list_host_only_networks'">E   AttributeError: 'VBoxManager' object has no attribute 'list_host_only_networks'</failure></testcase><testcase classname="tests.test_gold_push_part5_execution.TestVBoxManagerEveryMethod" name="test_create_host_only_network_execution" time="0.005"><failure message="AttributeError: 'VBoxManager' object has no attribute 'create_host_only_network'">E   AttributeError: 'VBoxManager' object has no attribute 'create_host_only_network'</failure></testcase><testcase classname="tests.test_gold_push_part5_execution.TestVBoxManagerEveryMethod" name="test_list_storage_controllers_execution" time="0.008"><failure message="AttributeError: 'VBoxManager' object has no attribute 'list_storage_controllers'">E   AttributeError: 'VBoxManager' object has no attribute 'list_storage_controllers'</failure></testcase><testcase classname="tests.test_gold_push_part5_execution.TestVBoxManagerEveryMethod" name="test_get_version_execution" time="0.006"><failure message="AttributeError: 'VBoxManager' object has no attribute 'get_version'">E   AttributeError: 'VBoxManager' object has no attribute 'get_version'</failure></testcase><testcase classname="tests.test_gold_push_part5_execution.TestVBoxManagerEveryMethod" name="test_list_ostypes_execution" time="0.007"><failure message="AttributeError: 'VBoxManager' object has no attribute 'list_ostypes'">E   AttributeError: 'VBoxManager' object has no attribute 'list_ostypes'</failure></testcase><testcase classname="tests.test_gold_push_part5_execution.TestVBoxManagerEveryMethod" name="test_get_host_info_execution" time="0.009"><failure message="AttributeError: 'VBoxManager' object has no attribute 'get_host_info'. Did you mean: 'get_vm_info'?">E   AttributeError: 'VBoxManager' object has no attribute 'get_host_info'. Did you mean: 'get_vm_info'?</failure></testcase><testcase classname="tests.test_gold_push_part5_execution.TestNetworkManagerEveryMethod" name="test_network_manager_list" time="0.005"><failure message="TypeError: NetworkManager.__init__() missing 1 required positional argument: 'manager'">E   TypeError: NetworkManager.__init__() missing 1 required positional argument: 'manager'</failure></testcase><testcase classname="tests.test_gold_push_part5_execution.TestNetworkManagerEveryMethod" name="test_network_manager_create" time="0.008"><failure message="TypeError: NetworkManager.__init__() missing 1 required positional argument: 'manager'">E   TypeError: NetworkManager.__init__() missing 1 required positional argument: 'manager'</failure></testcase><testcase classname="tests.test_gold_push_part5_execution.TestNetworkManagerEveryMethod" name="test_network_manager_remove" time="0.006"><failure message="TypeError: NetworkManager.__init__() missing 1 required positional argument: 'manager'">E   TypeError: NetworkManager.__init__() missing 1 required positional argument: 'manager'</failure></testcase><testcase classname="tests.test_gold_push_part5_execution.TestVMOperationsEveryMethod" name="test_vm_operations_complete" time="0.004"><failure message="TypeError: VMOperations.__init__() missing 1 required positional argument: 'manager'">E   TypeError: VMOperations.__init__() missing 1 required positional argument: 'manager'</failure></testcase><testcase classname="tests.test_gold_push_part5_execution.TestTemplateManagerEveryMethod" name="test_template_manager_list_templates" time="0.040" /><testcase classname="tests.test_gold_push_part5_execution.TestTemplateManagerEveryMethod" name="test_template_manager_methods_exist" time="0.009" /><testcase classname="tests.test_gold_push_part5_execution.TestServiceManagerEveryMethod" name="test_service_manager_complete" time="0.016"><failure message="AssertionError: assert False&#10; +  where False = hasattr(&lt;virtualization_mcp.services.service_manager.ServiceManager object at 0x000001A0344062F0&gt;, 'services')">E   AssertionError: assert False
     +  where False = hasattr(&lt;virtualization_mcp.services.service_manager.ServiceManager object at 0x000001A0344062F0&gt;, 'services')</failure></testcase><testcase classname="tests.test_gold_standard_coverage.TestCoreModules" name="test_main_module_init" time="0.016" /><testcase classname="tests.test_gold_standard_coverage.TestCoreModules" name="test_settings_module" time="0.030" /><testcase classname="tests.test_gold_standard_coverage.TestCoreModules" name="test_async_wrapper" time="0.020" /><testcase classname="tests.test_gold_standard_coverage.TestAllExceptionTypes" name="test_vm_error" time="0.004" /><testcase classname="tests.test_gold_standard_coverage.TestAllExceptionTypes" name="test_validation_error" time="0.003" /><testcase classname="tests.test_gold_standard_coverage.TestAllExceptionTypes" name="test_rate_limit_exceeded" time="0.003" /><testcase classname="tests.test_gold_standard_coverage.TestAllExceptionTypes" name="test_service_unavailable" time="0.004" /><testcase classname="tests.test_gold_standard_coverage.TestAllExceptionTypes" name="test_vm_manager_error" time="0.004"><failure message="TypeError: VMManagerError.__init__() missing 1 required positional argument: 'error'">E   TypeError: VMManagerError.__init__() missing 1 required positional argument: 'error'</failure></testcase><testcase classname="tests.test_gold_standard_coverage.TestAllExceptionTypes" name="test_snapshot_error" time="0.003"><failure message="TypeError: SnapshotError.__init__() missing 1 required positional argument: 'error'">E   TypeError: SnapshotError.__init__() missing 1 required positional argument: 'error'</failure></testcase><testcase classname="tests.test_gold_standard_coverage.TestAllExceptionTypes" name="test_network_error" time="0.005"><failure message="TypeError: NetworkError.__init__() missing 1 required positional argument: 'error'">E   TypeError: NetworkError.__init__() missing 1 required positional argument: 'error'</failure></testcase><testcase classname="tests.test_gold_standard_coverage.TestAllExceptionTypes" name="test_storage_error" time="0.005"><failure message="TypeError: StorageError.__init__() missing 1 required positional argument: 'error'">E   TypeError: StorageError.__init__() missing 1 required positional argument: 'error'</failure></testcase><testcase classname="tests.test_gold_standard_coverage.TestAllExceptionTypes" name="test_configuration_error" time="0.004" /><testcase classname="tests.test_gold_standard_coverage.TestAllExceptionTypes" name="test_authentication_error" time="0.005" /><testcase classname="tests.test_gold_standard_coverage.TestAllExceptionTypes" name="test_authorization_error" time="0.003" /><testcase classname="tests.test_gold_standard_coverage.TestAllExceptionTypes" name="test_resource_exhausted_error" time="0.003"><failure message="TypeError: ResourceExhaustedError.__init__() missing 1 required positional argument: 'limit'">E   TypeError: ResourceExhaustedError.__init__() missing 1 required positional argument: 'limit'</failure></testcase><testcase classname="tests.test_gold_standard_coverage.TestAllExceptionTypes" name="test_timeout_error" time="0.003"><failure message="TypeError: TimeoutError.__init__() missing 1 required positional argument: 'timeout'">E   TypeError: TimeoutError.__init__() missing 1 required positional argument: 'timeout'</failure></testcase><testcase classname="tests.test_gold_standard_coverage.TestJSONEncoderFunctions" name="test_dumps_function" time="0.006" /><testcase classname="tests.test_gold_standard_coverage.TestJSONEncoderFunctions" name="test_loads_function" time="0.005" /><testcase classname="tests.test_gold_standard_coverage.TestJSONEncoderFunctions" name="test_encoder_default" time="0.005" /><testcase classname="tests.test_gold_standard_coverage.TestUtilityFunctions" name="test_get_vbox_home" time="0.003" /><testcase classname="tests.test_gold_standard_coverage.TestUtilityFunctions" name="test_get_vbox_vms_dir" time="0.005" /><testcase classname="tests.test_gold_standard_coverage.TestUtilityFunctions" name="test_ensure_dir_exists" time="0.005" /><testcase classname="tests.test_gold_standard_coverage.TestUtilityFunctions" name="test_rate_limiter" time="0.004" /><testcase classname="tests.test_gold_standard_coverage.TestUtilityFunctions" name="test_signal_handlers" time="0.006" /><testcase classname="tests.test_gold_standard_coverage.TestUtilityFunctions" name="test_vm_status" time="0.008" /><testcase classname="tests.test_gold_standard_coverage.TestUtilityFunctions" name="test_windows_sandbox_helper" time="0.036" /><testcase classname="tests.test_gold_standard_coverage.TestVBoxModules" name="test_vbox_manager_init" time="0.034" /><testcase classname="tests.test_gold_standard_coverage.TestVBoxModules" name="test_vm_operations_class" time="0.004"><failure message="TypeError: VMOperations.__init__() missing 1 required positional argument: 'manager'">E   TypeError: VMOperations.__init__() missing 1 required positional argument: 'manager'</failure></testcase><testcase classname="tests.test_gold_standard_coverage.TestVBoxModules" name="test_snapshots_module" time="0.004" /><testcase classname="tests.test_gold_standard_coverage.TestVBoxModules" name="test_templates_module" time="0.004" /><testcase classname="tests.test_gold_standard_coverage.TestServiceModules" name="test_lifecycle_mixin" time="0.002" /><testcase classname="tests.test_gold_standard_coverage.TestServiceModules" name="test_devices_mixin" time="0.004" /><testcase classname="tests.test_gold_standard_coverage.TestServiceModules" name="test_metrics_mixin" time="0.003" /><testcase classname="tests.test_gold_standard_coverage.TestServiceModules" name="test_storage_mixin" time="0.003" /><testcase classname="tests.test_gold_standard_coverage.TestServiceModules" name="test_snapshots_mixin" time="0.003" /><testcase classname="tests.test_gold_standard_coverage.TestServiceModules" name="test_video_module" time="0.005"><failure message="ModuleNotFoundError: No module named 'virtualization_mcp.plugins.base'">E   ModuleNotFoundError: No module named 'virtualization_mcp.plugins.base'</failure></testcase><testcase classname="tests.test_gold_standard_coverage.TestServiceModules" name="test_audio_module" time="0.005"><failure message="ModuleNotFoundError: No module named 'virtualization_mcp.plugins.base'">E   ModuleNotFoundError: No module named 'virtualization_mcp.plugins.base'</failure></testcase><testcase classname="tests.test_gold_standard_coverage.TestServiceModules" name="test_system_module" time="0.006"><failure message="ModuleNotFoundError: No module named 'virtualization_mcp.plugins.base'">E   ModuleNotFoundError: No module named 'virtualization_mcp.plugins.base'</failure></testcase><testcase classname="tests.test_gold_standard_coverage.TestServiceModules" name="test_devices_hyperv_module" time="0.003" /><testcase classname="tests.test_gold_standard_coverage.TestPluginModules" name="test_hyperv_manager" time="0.004" /><testcase classname="tests.test_gold_standard_coverage.TestPluginModules" name="test_sandbox_manager" time="0.003" /><testcase classname="tests.test_gold_standard_coverage.TestPluginModules" name="test_sandbox_config" time="0.003"><failure message="pydantic_core._pydantic_core.ValidationError: 1 validation error for SandboxConfig&#10;name&#10;  Field required [type=missing, input_value={}, input_type=dict]&#10;    For further information visit https://errors.pydantic.dev/2.11/v/missing">E   pydantic_core._pydantic_core.ValidationError: 1 validation error for SandboxConfig
    name
      Field required [type=missing, input_value={}, input_type=dict]
        For further information visit https://errors.pydantic.dev/2.11/v/missing</failure></testcase><testcase classname="tests.test_gold_standard_coverage.TestNetworkModules" name="test_network_adapters" time="0.003" /><testcase classname="tests.test_gold_standard_coverage.TestNetworkModules" name="test_network_forwarding" time="0.003" /><testcase classname="tests.test_gold_standard_coverage.TestNetworkModules" name="test_network_types" time="0.003" /><testcase classname="tests.test_gold_standard_coverage.TestNetworkModules" name="test_network_utils" time="0.003" /><testcase classname="tests.test_gold_standard_coverage.TestToolCategories" name="test_vm_tools_module" time="0.002" /><testcase classname="tests.test_gold_standard_coverage.TestToolCategories" name="test_network_tools_module" time="0.002" /><testcase classname="tests.test_gold_standard_coverage.TestToolCategories" name="test_storage_tools_module" time="0.003" /><testcase classname="tests.test_gold_standard_coverage.TestToolCategories" name="test_snapshot_tools_module" time="0.002" /><testcase classname="tests.test_gold_standard_coverage.TestToolCategories" name="test_system_tools_module" time="0.003" /><testcase classname="tests.test_gold_standard_coverage.TestToolCategories" name="test_backup_tools_module" time="0.002" /><testcase classname="tests.test_gold_standard_coverage.TestToolCategories" name="test_security_tools_module" time="0.003" /><testcase classname="tests.test_gold_standard_coverage.TestToolCategories" name="test_monitoring_tools_module" time="0.003" /><testcase classname="tests.test_gold_standard_coverage.TestToolCategories" name="test_dev_tools_module" time="0.003" /><testcase classname="tests.test_gold_standard_coverage.TestServerV2Modules" name="test_server_v2_init" time="0.006"><failure message="ModuleNotFoundError: No module named 'virtualization_mcp.plugins.plugin_manager'">E   ModuleNotFoundError: No module named 'virtualization_mcp.plugins.plugin_manager'</failure></testcase><testcase classname="tests.test_gold_standard_coverage.TestServerV2Modules" name="test_server_v2_config" time="0.007"><failure message="ModuleNotFoundError: No module named 'virtualization_mcp.plugins.plugin_manager'">E   ModuleNotFoundError: No module named 'virtualization_mcp.plugins.plugin_manager'</failure></testcase><testcase classname="tests.test_gold_standard_coverage.TestServerV2Modules" name="test_server_v2_plugins" time="0.006"><failure message="ModuleNotFoundError: No module named 'virtualization_mcp.plugins.plugin_manager'">E   ModuleNotFoundError: No module named 'virtualization_mcp.plugins.plugin_manager'</failure></testcase><testcase classname="tests.test_gold_standard_coverage.TestAPIModules" name="test_api_documentation" time="0.002" /><testcase classname="tests.test_imports" name="test_basic_imports" time="0.002" /><testcase classname="tests.test_imports" name="test_config_import" time="0.005" /><testcase classname="tests.test_imports" name="test_tools_import" time="0.003" /><testcase classname="tests.test_imports" name="test_server_import" time="0.003" /><testcase classname="tests.test_imports" name="test_pytest_working" time="0.003" /><testcase classname="tests.test_intensive_coverage.TestVBoxManagerMethods" name="test_vbox_manager_list_vms" time="0.007" /><testcase classname="tests.test_intensive_coverage.TestVBoxManagerMethods" name="test_vbox_manager_get_vm_info" time="0.006" /><testcase classname="tests.test_intensive_coverage.TestVBoxManagerMethods" name="test_vbox_manager_create_vm" time="0.008" /><testcase classname="tests.test_intensive_coverage.TestVBoxManagerMethods" name="test_vbox_manager_start_vm" time="0.005" /><testcase classname="tests.test_intensive_coverage.TestVBoxManagerMethods" name="test_vbox_manager_stop_vm" time="0.005" /><testcase classname="tests.test_intensive_coverage.TestVBoxManagerMethods" name="test_vbox_manager_delete_vm" time="0.005" /><testcase classname="tests.test_intensive_coverage.TestVMOperationsMethods" name="test_vm_operations_init" time="0.004"><failure message="TypeError: VMOperations.__init__() missing 1 required positional argument: 'manager'">E   TypeError: VMOperations.__init__() missing 1 required positional argument: 'manager'</failure></testcase><testcase classname="tests.test_intensive_coverage.TestVMOperationsMethods" name="test_vm_operations_create" time="0.006"><failure message="TypeError: VMOperations.__init__() missing 1 required positional argument: 'manager'">E   TypeError: VMOperations.__init__() missing 1 required positional argument: 'manager'</failure></testcase><testcase classname="tests.test_intensive_coverage.TestVMOperationsMethods" name="test_vm_operations_start" time="0.004"><failure message="TypeError: VMOperations.__init__() missing 1 required positional argument: 'manager'">E   TypeError: VMOperations.__init__() missing 1 required positional argument: 'manager'</failure></testcase><testcase classname="tests.test_intensive_coverage.TestNetworkManagerMethods" name="test_network_manager_init" time="0.004"><failure message="TypeError: NetworkManager.__init__() missing 1 required positional argument: 'manager'">E   TypeError: NetworkManager.__init__() missing 1 required positional argument: 'manager'</failure></testcase><testcase classname="tests.test_intensive_coverage.TestNetworkManagerMethods" name="test_network_manager_list_networks" time="0.003"><failure message="TypeError: NetworkManager.__init__() missing 1 required positional argument: 'manager'">E   TypeError: NetworkManager.__init__() missing 1 required positional argument: 'manager'</failure></testcase><testcase classname="tests.test_intensive_coverage.TestServiceManagerMethods" name="test_service_manager_init" time="0.002"><failure message="AssertionError: assert False&#10; +  where False = hasattr(&lt;virtualization_mcp.services.service_manager.ServiceManager object at 0x000001A0344062F0&gt;, 'register_service')">E   AssertionError: assert False
     +  where False = hasattr(&lt;virtualization_mcp.services.service_manager.ServiceManager object at 0x000001A0344062F0&gt;, 'register_service')</failure></testcase><testcase classname="tests.test_intensive_coverage.TestServiceManagerMethods" name="test_service_manager_register" time="0.003"><failure message="AttributeError: 'ServiceManager' object has no attribute 'register_service'">E   AttributeError: 'ServiceManager' object has no attribute 'register_service'</failure></testcase><testcase classname="tests.test_intensive_coverage.TestTemplateManagerMethods" name="test_template_manager_init" time="0.004" /><testcase classname="tests.test_intensive_coverage.TestTemplateManagerMethods" name="test_template_manager_list" time="0.019" /><testcase classname="tests.test_intensive_coverage.TestTemplateManagerMethods" name="test_template_manager_get" time="0.024" /><testcase classname="tests.test_intensive_coverage.TestVMServiceMethods" name="test_vm_service_init" time="0.600" /><testcase classname="tests.test_intensive_coverage.TestLifecycleMethods" name="test_lifecycle_mixin_init" time="0.004" /><testcase classname="tests.test_intensive_coverage.TestDevicesMethods" name="test_devices_mixin_init" time="0.594" /><testcase classname="tests.test_intensive_coverage.TestMetricsMethods" name="test_metrics_mixin_init" time="0.004" /><testcase classname="tests.test_intensive_coverage.TestWindowsSandboxHelper" name="test_sandbox_helper_init" time="0.003" /><testcase classname="tests.test_intensive_coverage.TestWindowsSandboxHelper" name="test_sandbox_config_init" time="0.002"><failure message="pydantic_core._pydantic_core.ValidationError: 1 validation error for SandboxConfig&#10;name&#10;  Field required [type=missing, input_value={}, input_type=dict]&#10;    For further information visit https://errors.pydantic.dev/2.11/v/missing">E   pydantic_core._pydantic_core.ValidationError: 1 validation error for SandboxConfig
    name
      Field required [type=missing, input_value={}, input_type=dict]
        For further information visit https://errors.pydantic.dev/2.11/v/missing</failure></testcase><testcase classname="tests.test_intensive_coverage.TestVMTypesModule" name="test_types_import" time="0.002" /><testcase classname="tests.test_intensive_coverage.TestVMTypesModule" name="test_storage_controller_type_values" time="0.002" /><testcase classname="tests.test_intensive_coverage.TestNetworkServiceModules" name="test_adapters_module" time="0.003" /><testcase classname="tests.test_intensive_coverage.TestNetworkServiceModules" name="test_forwarding_module" time="0.071" /><testcase classname="tests.test_intensive_coverage.TestNetworkServiceModules" name="test_network_service_module" time="0.003" /><testcase classname="tests.test_intensive_coverage.TestNetworkServiceModules" name="test_network_types_module" time="0.003" /><testcase classname="tests.test_intensive_coverage.TestNetworkServiceModules" name="test_network_utils_module" time="0.002" /><testcase classname="tests.test_intensive_coverage.TestPluginSystemModules" name="test_initialize_plugins" time="0.002"><failure message="AttributeError: &lt;module 'virtualization_mcp.plugins.hyperv.manager' from 'D:\\Dev\\repos\\virtualization-mcp\\tests\\..\\src\\virtualization_mcp\\plugins\\hyperv\\manager.py'&gt; does not have the attribute 'HyperVHelper'">E   AttributeError: &lt;module 'virtualization_mcp.plugins.hyperv.manager' from 'D:\\Dev\\repos\\virtualization-mcp\\tests\\..\\src\\virtualization_mcp\\plugins\\hyperv\\manager.py'&gt; does not have the attribute 'HyperVHelper'</failure></testcase><testcase classname="tests.test_intensive_coverage.TestServerV2PluginModules" name="test_base_plugin" time="0.006"><failure message="ModuleNotFoundError: No module named 'virtualization_mcp.plugins.plugin_manager'">E   ModuleNotFoundError: No module named 'virtualization_mcp.plugins.plugin_manager'</failure></testcase><testcase classname="tests.test_intensive_coverage.TestServerV2PluginModules" name="test_base_module" time="0.007"><failure message="ModuleNotFoundError: No module named 'virtualization_mcp.plugins.plugin_manager'">E   ModuleNotFoundError: No module named 'virtualization_mcp.plugins.plugin_manager'</failure></testcase><testcase classname="tests.test_intensive_coverage.TestServerV2PluginModules" name="test_plugin_manager" time="0.005"><failure message="ModuleNotFoundError: No module named 'virtualization_mcp.plugins.plugin_manager'">E   ModuleNotFoundError: No module named 'virtualization_mcp.plugins.plugin_manager'</failure></testcase><testcase classname="tests.test_intensive_coverage.TestServerV2PluginModules" name="test_backup_plugin" time="0.008"><failure message="ModuleNotFoundError: No module named 'virtualization_mcp.plugins.plugin_manager'">E   ModuleNotFoundError: No module named 'virtualization_mcp.plugins.plugin_manager'</failure></testcase><testcase classname="tests.test_intensive_coverage.TestServerV2PluginModules" name="test_monitoring_plugin" time="0.004"><failure message="ModuleNotFoundError: No module named 'virtualization_mcp.plugins.plugin_manager'">E   ModuleNotFoundError: No module named 'virtualization_mcp.plugins.plugin_manager'</failure></testcase><testcase classname="tests.test_intensive_coverage.TestServerV2PluginModules" name="test_security_plugin" time="0.005"><failure message="ModuleNotFoundError: No module named 'virtualization_mcp.plugins.plugin_manager'">E   ModuleNotFoundError: No module named 'virtualization_mcp.plugins.plugin_manager'</failure></testcase><testcase classname="tests.test_intensive_coverage.TestServerV2PluginModules" name="test_network_analyzer_plugin" time="0.004"><failure message="ModuleNotFoundError: No module named 'virtualization_mcp.plugins.plugin_manager'">E   ModuleNotFoundError: No module named 'virtualization_mcp.plugins.plugin_manager'</failure></testcase><testcase classname="tests.test_intensive_coverage.TestServerV2PluginModules" name="test_malware_analyzer_plugin" time="0.004"><failure message="ModuleNotFoundError: No module named 'virtualization_mcp.plugins.plugin_manager'">E   ModuleNotFoundError: No module named 'virtualization_mcp.plugins.plugin_manager'</failure></testcase><testcase classname="tests.test_intensive_coverage.TestServerV2PluginModules" name="test_ai_security_plugin" time="0.004"><failure message="ModuleNotFoundError: No module named 'virtualization_mcp.plugins.plugin_manager'">E   ModuleNotFoundError: No module named 'virtualization_mcp.plugins.plugin_manager'</failure></testcase><testcase classname="tests.test_intensive_coverage.TestServerV2PluginModules" name="test_documentation_plugin" time="0.004"><failure message="ModuleNotFoundError: No module named 'virtualization_mcp.plugins.plugin_manager'">E   ModuleNotFoundError: No module named 'virtualization_mcp.plugins.plugin_manager'</failure></testcase><testcase classname="tests.test_intensive_coverage.TestServerV2PluginModules" name="test_example_plugin" time="0.004"><failure message="ModuleNotFoundError: No module named 'virtualization_mcp.plugins.plugin_manager'">E   ModuleNotFoundError: No module named 'virtualization_mcp.plugins.plugin_manager'</failure></testcase><testcase classname="tests.test_intensive_coverage.TestServerV2PluginModules" name="test_hyperv_manager_plugin" time="0.005"><failure message="ModuleNotFoundError: No module named 'virtualization_mcp.plugins.plugin_manager'">E   ModuleNotFoundError: No module named 'virtualization_mcp.plugins.plugin_manager'</failure></testcase><testcase classname="tests.test_intensive_coverage.TestServerV2PluginModules" name="test_windows_sandbox_plugin" time="0.005"><failure message="ModuleNotFoundError: No module na
[...]
est_portmanteau_network_management.TestNetworkManagementPortmanteau" name="test_register_network_management_tool" time="0.002" /><testcase classname="tests.test_portmanteau_network_management.TestNetworkManagementPortmanteau" name="test_invalid_action" time="0.005" /><testcase classname="tests.test_portmanteau_network_management.TestNetworkManagementPortmanteau" name="test_list_networks_action_success" time="0.006" /><testcase classname="tests.test_portmanteau_network_management.TestNetworkManagementPortmanteau" name="test_list_networks_action_error" time="0.006" /><testcase classname="tests.test_portmanteau_network_management.TestNetworkManagementPortmanteau" name="test_create_network_action_success" time="0.005" /><testcase classname="tests.test_portmanteau_network_management.TestNetworkManagementPortmanteau" name="test_create_network_action_missing_network_name" time="0.006" /><testcase classname="tests.test_portmanteau_network_management.TestNetworkManagementPortmanteau" name="test_remove_network_action_success" time="0.008" /><testcase classname="tests.test_portmanteau_network_management.TestNetworkManagementPortmanteau" name="test_remove_network_action_missing_network_name" time="0.005" /><testcase classname="tests.test_portmanteau_network_management.TestNetworkManagementPortmanteau" name="test_list_adapters_action_success" time="0.006" /><testcase classname="tests.test_portmanteau_network_management.TestNetworkManagementPortmanteau" name="test_list_adapters_action_missing_vm_name" time="0.007" /><testcase classname="tests.test_portmanteau_network_management.TestNetworkManagementPortmanteau" name="test_configure_adapter_action_success" time="0.006" /><testcase classname="tests.test_portmanteau_network_management.TestNetworkManagementPortmanteau" name="test_configure_adapter_action_missing_vm_name" time="0.008" /><testcase classname="tests.test_portmanteau_network_management.TestNetworkManagementPortmanteau" name="test_configure_adapter_action_missing_adapter_slot" time="0.007" /><testcase classname="tests.test_portmanteau_network_management.TestNetworkManagementPortmanteau" name="test_configure_adapter_action_missing_network_type" time="0.027" /><testcase classname="tests.test_portmanteau_network_management.TestNetworkManagementPortmanteau" name="test_exception_handling" time="0.008"><failure message="AssertionError: assert 'Failed to execute action' in 'Failed to list networks: Unexpected error'">E   AssertionError: assert 'Failed to execute action' in 'Failed to list networks: Unexpected error'</failure></testcase><testcase classname="tests.test_portmanteau_network_management.TestNetworkManagementPortmanteau" name="test_network_actions_constant" time="0.003" /><testcase classname="tests.test_portmanteau_network_management.TestNetworkManagementPortmanteau" name="test_kwargs_passthrough" time="0.006" /><testcase classname="tests.test_portmanteau_network_management.TestNetworkManagementPortmanteau" name="test_all_network_actions" time="0.413" /><testcase classname="tests.test_portmanteau_network_management.TestNetworkManagementPortmanteau" name="test_network_management_error_scenarios" time="0.007" /><testcase classname="tests.test_portmanteau_vm_management.TestVMManagementPortmanteau" name="test_register_vm_management_tool" time="0.003" /><testcase classname="tests.test_portmanteau_vm_management.TestVMManagementPortmanteau" name="test_invalid_action" time="0.004" /><testcase classname="tests.test_portmanteau_vm_management.TestVMManagementPortmanteau" name="test_list_vms_action" time="0.006" /><testcase classname="tests.test_portmanteau_vm_management.TestVMManagementPortmanteau" name="test_list_vms_action_error" time="0.005" /><testcase classname="tests.test_portmanteau_vm_management.TestVMManagementPortmanteau" name="test_create_vm_action_success" time="0.009" /><testcase classname="tests.test_portmanteau_vm_management.TestVMManagementPortmanteau" name="test_create_vm_action_missing_vm_name" time="0.005" /><testcase classname="tests.test_portmanteau_vm_management.TestVMManagementPortmanteau" name="test_create_vm_action_missing_os_type" time="0.005" /><testcase classname="tests.test_portmanteau_vm_management.TestVMManagementPortmanteau" name="test_create_vm_action_error" time="0.005" /><testcase classname="tests.test_portmanteau_vm_management.TestVMManagementPortmanteau" name="test_start_vm_action_success" time="0.007" /><testcase classname="tests.test_portmanteau_vm_management.TestVMManagementPortmanteau" name="test_start_vm_action_missing_vm_name" time="0.004" /><testcase classname="tests.test_portmanteau_vm_management.TestVMManagementPortmanteau" name="test_stop_vm_action_success" time="0.007" /><testcase classname="tests.test_portmanteau_vm_management.TestVMManagementPortmanteau" name="test_delete_vm_action_success" time="0.005" /><testcase classname="tests.test_portmanteau_vm_management.TestVMManagementPortmanteau" name="test_clone_vm_action_success" time="0.005" /><testcase classname="tests.test_portmanteau_vm_management.TestVMManagementPortmanteau" name="test_clone_vm_action_missing_source_vm" time="0.005" /><testcase classname="tests.test_portmanteau_vm_management.TestVMManagementPortmanteau" name="test_clone_vm_action_missing_new_vm_name" time="0.005" /><testcase classname="tests.test_portmanteau_vm_management.TestVMManagementPortmanteau" name="test_reset_vm_action_success" time="0.007" /><testcase classname="tests.test_portmanteau_vm_management.TestVMManagementPortmanteau" name="test_pause_vm_action_success" time="0.006" /><testcase classname="tests.test_portmanteau_vm_management.TestVMManagementPortmanteau" name="test_resume_vm_action_success" time="0.005" /><testcase classname="tests.test_portmanteau_vm_management.TestVMManagementPortmanteau" name="test_get_vm_info_action_success" time="0.007" /><testcase classname="tests.test_portmanteau_vm_management.TestVMManagementPortmanteau" name="test_get_vm_info_action_missing_vm_name" time="0.005" /><testcase classname="tests.test_portmanteau_vm_management.TestVMManagementPortmanteau" name="test_all_actions_require_vm_name_except_list" time="0.006" /><testcase classname="tests.test_portmanteau_vm_management.TestVMManagementPortmanteau" name="test_exception_handling" time="0.009"><failure message="AssertionError: assert 'Failed to execute action' in 'Failed to list VMs: Unexpected error'">E   AssertionError: assert 'Failed to execute action' in 'Failed to list VMs: Unexpected error'</failure></testcase><testcase classname="tests.test_portmanteau_vm_management.TestVMManagementPortmanteau" name="test_vm_actions_constant" time="0.002" /><testcase classname="tests.test_portmanteau_vm_management.TestVMManagementPortmanteau" name="test_kwargs_passthrough" time="0.006" /><testcase classname="tests.test_server.TestServerInitialization" name="test_server_initialization" time="0.005"><skipped type="pytest.skip" message="Test disabled - main() function doesn't directly instantiate VBoxManager">D:\Dev\repos\virtualization-mcp\tests\test_server.py:86: Test disabled - main() function doesn't directly instantiate VBoxManager</skipped></testcase><testcase classname="tests.test_server.TestVBoxManager" name="test_get_host_info" time="0.007" /><testcase classname="tests.test_server.TestVBoxManager" name="test_list_vms" time="0.005" /><testcase classname="tests.test_server.TestTemplateManager" name="test_list_templates" time="0.011"><failure message="AssertionError: assert 7 == 1&#10; +  where 7 = len([{'description': 'Database server with PostgreSQL/MySQL', 'disk_gb': 40, 'memory_mb': 6144, 'name': 'database-server', ...}, {'description': 'Docker host for container testing', 'disk_gb': 30, 'memory_mb': 4096, 'name': 'docker-host', ...}, {'description': 'Minimal Linux for quick tests', 'disk_gb': 10, 'memory_mb': 1024, 'name': 'minimal-linux', ...}, {'description': 'Security testing environment', 'disk_gb': 15, 'memory_mb': 2048, 'name': 'security-test', ...}, {'description': 'Ubuntu development environment with Docker', 'disk_gb': 25, 'memory_mb': 4096, 'name': 'ubuntu-dev', ...}, {'description': 'Web server with Nginx and PHP', 'disk_gb': 20, 'memory_mb': 2048, 'name': 'web-server', ...}, ...])">E   AssertionError: assert 7 == 1
     +  where 7 = len([{'description': 'Database server with PostgreSQL/MySQL', 'disk_gb': 40, 'memory_mb': 6144, 'name': 'database-server', ...}, {'description': 'Docker host for container testing', 'disk_gb': 30, 'memory_mb': 4096, 'name': 'docker-host', ...}, {'description': 'Minimal Linux for quick tests', 'disk_gb': 10, 'memory_mb': 1024, 'name': 'minimal-linux', ...}, {'description': 'Security testing environment', 'disk_gb': 15, 'memory_mb': 2048, 'name': 'security-test', ...}, {'description': 'Ubuntu development environment with Docker', 'disk_gb': 25, 'memory_mb': 4096, 'name': 'ubuntu-dev', ...}, {'description': 'Web server with Nginx and PHP', 'disk_gb': 20, 'memory_mb': 2048, 'name': 'web-server', ...}, ...])</failure></testcase><testcase classname="tests.test_server.TestMainFunction" name="test_main_function" time="0.004"><skipped type="pytest.skip" message="Test disabled - main() function doesn't directly instantiate VBoxManager or TemplateManager">D:\Dev\repos\virtualization-mcp\tests\test_server.py:165: Test disabled - main() function doesn't directly instantiate VBoxManager or TemplateManager</skipped></testcase><testcase classname="tests.test_storage.TestVMStorageMixin" name="test_list_storage_controllers" time="0.003"><failure message="AttributeError: 'VMStorageMixin' object has no attribute 'list_storage_controllers'">E   AttributeError: 'VMStorageMixin' object has no attribute 'list_storage_controllers'</failure></testcase><testcase classname="tests.test_storage.TestVMStorageMixin" name="test_create_storage_controller" time="0.004"><failure message="AttributeError: 'VMStorageMixin' object has no attribute 'create_storage_controller'">E   AttributeError: 'VMStorageMixin' object has no attribute 'create_storage_controller'</failure></testcase><testcase classname="tests.test_storage.TestVMStorageMixin" name="test_attach_storage_medium" time="0.003"><failure message="AttributeError: 'VMStorageMixin' object has no attribute 'attach_storage_medium'">E   AttributeError: 'VMStorageMixin' object has no attribute 'attach_storage_medium'</failure></testcase><testcase classname="tests.test_storage.TestVMStorageMixin" name="test_create_disk_image" time="0.005"><failure message="AttributeError: 'VMStorageMixin' object has no attribute 'create_disk_image'">E   AttributeError: 'VMStorageMixin' object has no attribute 'create_disk_image'</failure></testcase><testcase classname="tests.test_storage.TestVMStorageMixin" name="test_list_attached_media" time="0.004"><failure message="AttributeError: 'VMStorageMixin' object has no attribute 'list_attached_media'">E   AttributeError: 'VMStorageMixin' object has no attribute 'list_attached_media'</failure></testcase><testcase classname="tests.test_templates.TestVMTemplateMixin" name="test_list_templates" time="0.008"><failure message="AssertionError: assert False&#10; +  where False = isinstance({'status': 'success', 'templates': []}, list)">E   AssertionError: assert False
     +  where False = isinstance({'status': 'success', 'templates': []}, list)</failure></testcase><testcase classname="tests.test_templates.TestVMTemplateMixin" name="test_get_template" time="0.007"><failure message="AttributeError: 'VMTemplateMixin' object has no attribute 'get_template'. Did you mean: 'create_template'?">E   AttributeError: 'VMTemplateMixin' object has no attribute 'get_template'. Did you mean: 'create_template'?</failure></testcase><testcase classname="tests.test_templates.TestVMTemplateMixin" name="test_create_template" time="0.010"><failure message="AssertionError: assert 'error' == 'success'&#10;  &#10;  - success&#10;  + error">E   AssertionError: assert 'error' == 'success'
      
      - success
      + error</failure></testcase><testcase classname="tests.test_templates.TestVMTemplateMixin" name="test_delete_template" time="0.009"><failure message="TypeError: 'NoneType' object is not subscriptable">E   TypeError: 'NoneType' object is not subscriptable</failure></testcase><testcase classname="tests.test_templates.TestVMTemplateMixin" name="test_deploy_from_template" time="0.077"><error message="failed on setup with &quot;file D:\Dev\repos\virtualization-mcp\tests\test_templates.py, line 97&#10;      @pytest.mark.asyncio&#10;      async def test_deploy_from_template(self, mock_vbox):&#10;          &quot;&quot;&quot;Test deploying a VM from a template.&quot;&quot;&quot;&#10;          # Setup mock&#10;          mock_vbox.create_vm.return_value = {&quot;status&quot;: &quot;success&quot;}&#10;&#10;          # Call the method&#10;          result = await self.templates.deploy_from_template(&#10;              &quot;new-vm&quot;,&#10;              self.template_name,&#10;              {&quot;memory_mb&quot;: 8192}  # Override memory&#10;          )&#10;&#10;          # Assertions&#10;          assert result[&quot;status&quot;] == &quot;success&quot;&#10;          self.vm_service.vbox_manager.create_vm.assert_called_once()&#10;E       fixture 'mock_vbox' not found&#10;&gt;       available fixtures: _class_scoped_runner, _function_scoped_runner, _module_scoped_runner, _package_scoped_runner, _session_scoped_runner, anyio_backend, anyio_backend_name, anyio_backend_options, async_test_utils, cache, capfd, capfdbinary, caplog, capsys, capsysbinary, capteesys, class_mocker, cov, coverage_helpers, doctest_namespace, event_loop, event_loop_policy, free_tcp_port, free_tcp_port_factory, free_udp_port, free_udp_port_factory, mock_logging, mock_mcp_server, mock_network_manager, mock_snapshot_manager, mock_storage_manager, mock_system_manager, mock_vbox_manager, mock_virtualbox_availability, mocker, module_mocker, monkeypatch, no_cover, package_mocker, performance_helpers, pytestconfig, record_property, record_testsuite_property, record_xml_attribute, recwarn, sample_network_config, sample_snapshot_config, sample_storage_config, sample_vm_config, session_mocker, setup, test_data_factory, tmp_path, tmp_path_factory, tmpdir, tmpdir_factory, unused_tcp_port, unused_tcp_port_factory, unused_udp_port, unused_udp_port_factory&#10;&gt;       use 'pytest --fixtures [testpath]' for help on them.&#10;&#10;D:\Dev\repos\virtualization-mcp\tests\test_templates.py:97&quot;">file D:\Dev\repos\virtualization-mcp\tests\test_templates.py, line 97
      @pytest.mark.asyncio
      async def test_deploy_from_template(self, mock_vbox):
          """Test deploying a VM from a template."""
          # Setup mock
          mock_vbox.create_vm.return_value = {"status": "success"}

          # Call the method
          result = await self.templates.deploy_from_template(
              "new-vm",
              self.template_name,
              {"memory_mb": 8192}  # Override memory
          )

          # Assertions
          assert result["status"] == "success"
          self.vm_service.vbox_manager.create_vm.assert_called_once()
E       fixture 'mock_vbox' not found
&gt;       available fixtures: _class_scoped_runner, _function_scoped_runner, _module_scoped_runner, _package_scoped_runner, _session_scoped_runner, anyio_backend, anyio_backend_name, anyio_backend_options, async_test_utils, cache, capfd, capfdbinary, caplog, capsys, capsysbinary, capteesys, class_mocker, cov, coverage_helpers, doctest_namespace, event_loop, event_loop_policy, free_tcp_port, free_tcp_port_factory, free_udp_port, free_udp_port_factory, mock_logging, mock_mcp_server, mock_network_manager, mock_snapshot_manager, mock_storage_manager, mock_system_manager, mock_vbox_manager, mock_virtualbox_availability, mocker, module_mocker, monkeypatch, no_cover, package_mocker, performance_helpers, pytestconfig, record_property, record_testsuite_property, record_xml_attribute, recwarn, sample_network_config, sample_snapshot_config, sample_storage_config, sample_vm_config, session_mocker, setup, test_data_factory, tmp_path, tmp_path_factory, tmpdir, tmpdir_factory, unused_tcp_port, unused_tcp_port_factory, unused_udp_port, unused_udp_port_factory
&gt;       use 'pytest --fixtures [testpath]' for help on them.

D:\Dev\repos\virtualization-mcp\tests\test_templates.py:97</error></testcase><testcase classname="tests.test_templates.TestVMTemplateMixin" name="test_validate_template" time="0.007"><failure message="AttributeError: 'VMTemplateMixin' object has no attribute '_validate_template'. Did you mean: 'create_template'?">E   AttributeError: 'VMTemplateMixin' object has no attribute '_validate_template'. Did you mean: 'create_template'?</failure></testcase><testcase classname="tests.test_vbox_compat" name="test_vm_lifecycle" time="0.180"><failure message="virtualization_mcp.vbox.compat_adapter.VBoxManagerError: Missing required parameters. Name, ostype, memory, and cpus are required.">E   virtualization_mcp.vbox.compat_adapter.VBoxManagerError: Missing required parameters. Name, ostype, memory, and cpus are required.</failure></testcase><testcase classname="tests.test_vm_creation.TestVMCreation" name="test_create_vm_named_args" time="1.413" /><testcase classname="tests.test_vm_creation.TestVMCreation" name="test_create_vm_positional_args" time="1.310" /><testcase classname="tests.test_zero_coverage_modules.TestMainModule" name="test_main_module_exists" time="0.004" /><testcase classname="tests.test_zero_coverage_modules.TestMainEntryPoint" name="test_main_entry_point_exists" time="0.004" /><testcase classname="tests.test_zero_coverage_modules.TestDevTools" name="test_dev_tools_module_import" time="0.002" /><testcase classname="tests.test_zero_coverage_modules.TestServerV2Config" name="test_server_v2_config_module" time="0.002" /><testcase classname="tests.test_zero_coverage_modules.TestServerV2Utils" name="test_server_v2_utils_module" time="0.002" /><testcase classname="tests.test_zero_coverage_modules.TestServerV2MainEntry" name="test_server_v2_main_entry" time="0.002" /><testcase classname="tests.test_zero_coverage_modules.TestAPIDocumentation" name="test_api_documentation_module" time="0.003" /><testcase classname="tests.test_zero_coverage_modules.TestMCPToolsExecution" name="test_mcp_tools_module_import" time="0.003" /><testcase classname="tests.test_zero_coverage_modules.TestVMServiceExecution" name="test_vm_service_module" time="0.003" /><testcase classname="tests.test_zero_coverage_modules.TestSandboxService" name="test_sandbox_service_module" time="0.004" /><testcase classname="tests.test_zero_coverage_modules.TestSystemService" name="test_system_service_module" time="0.005"><failure message="ModuleNotFoundError: No module named 'virtualization_mcp.plugins.base'">E   ModuleNotFoundError: No module named 'virtualization_mcp.plugins.base'</failure></testcase><testcase classname="tests.test_zero_coverage_modules.TestVideoService" name="test_video_service_module" time="0.004" /><testcase classname="tests.test_zero_coverage_modules.TestAudioService" name="test_audio_service_module" time="0.003" /><testcase classname="tests.test_zero_coverage_modules.TestSnapshotsService" name="test_snapshots_service_module" time="0.004" /><testcase classname="tests.test_zero_coverage_modules.TestStorageService" name="test_storage_service_module" time="0.004" /><testcase classname="tests.test_zero_coverage_modules.TestDevicesService" name="test_devices_service_module" time="0.004" /><testcase classname="tests.test_zero_coverage_modules.TestBackupTools" name="test_backup_tools_module" time="0.003" /><testcase classname="tests.test_zero_coverage_modules.TestNetworkAdaptersService" name="test_adapters_service_module" time="0.004" /><testcase classname="tests.test_zero_coverage_modules.TestNetworkForwardingService" name="test_forwarding_service_module" time="0.005" /><testcase classname="tests.test_zero_coverage_modules.TestNetworkUtilsService" name="test_network_utils_module" time="0.005" /></testsuite></testsuites>