<?xml version="1.0" encoding="utf-8"?><testsuites name="pytest tests"><testsuite name="pytest" errors="0" failures="0" skipped="0" tests="27" time="6.719" timestamp="2026-05-05T23:45:36.559134+02:00" hostname="Goliath"><testcase classname="tests.test_compat_adapter.TestRunCommand" name="test_run_command_returns_dict" time="3.369" /><testcase classname="tests.test_compat_adapter.TestRunCommand" name="test_run_command_with_capture_json" time="0.006" /><testcase classname="tests.test_compat_adapter.TestRunCommand" name="test_run_command_raises_on_failure" time="0.006" /><testcase classname="tests.test_compat_adapter.TestLogPath" name="test_returns_first_existing" time="0.006" /><testcase classname="tests.test_compat_adapter.TestLogPath" name="test_returns_string" time="0.005" /><testcase classname="tests.test_compat_adapter.TestLogPath" name="test_returns_first_candidate_when_none_exist" time="0.006" /><testcase classname="tests.test_compat_adapter.TestValidateVmName" name="test_invalid_backslash" time="0.005" /><testcase classname="tests.test_compat_adapter.TestValidateVmName" name="test_invalid_colon" time="0.005" /><testcase classname="tests.test_compat_adapter.TestValidateVmName" name="test_valid_with_numbers" time="0.005" /><testcase classname="tests.test_compat_adapter.TestValidateVmName" name="test_invalid_asterisk" time="0.005" /><testcase classname="tests.test_compat_adapter.TestValidateVmName" name="test_invalid_empty" time="0.005" /><testcase classname="tests.test_compat_adapter.TestValidateVmName" name="test_invalid_slash" time="0.004" /><testcase classname="tests.test_compat_adapter.TestValidateVmName" name="test_valid_with_underscore" time="0.004" /><testcase classname="tests.test_compat_adapter.TestValidateVmName" name="test_valid_with_hyphen" time="0.005" /><testcase classname="tests.test_compat_adapter.TestValidateVmName" name="test_invalid_quotes" time="0.008" /><testcase classname="tests.test_compat_adapter.TestValidateVmName" name="test_invalid_pipe" time="0.005" /><testcase classname="tests.test_compat_adapter.TestValidateVmName" name="test_valid_simple" time="0.005" /><testcase classname="tests.test_compat_adapter.TestValidateVmName" name="test_invalid_whitespace" time="0.005" /><testcase classname="tests.test_compat_adapter.TestValidateVmName" name="test_valid_mixed_case" time="0.005" /><testcase classname="tests.test_compat_adapter.TestValidateVmName" name="test_invalid_none" time="0.005" /><testcase classname="tests.test_compat_adapter.TestValidateVmName" name="test_invalid_question_mark" time="0.005" /><testcase classname="tests.test_compat_adapter.TestValidateVmName" name="test_invalid_angle_brackets" time="0.005" /><testcase classname="tests.test_compat_adapter.TestVBoxManagerInit" name="test_init_with_custom_path" time="0.004" /><testcase classname="tests.test_vbox_compat_parser" name="test_annotation_regex_variants" time="0.004" /><testcase classname="tests.test_vbox_compat_parser" name="test_blank_line_separates_vms" time="0.003" /><testcase classname="tests.test_vbox_compat_parser" name="test_short_format_multi_vm" time="0.003" /><testcase classname="tests.test_vbox_compat_parser" name="test_strips_uuid_annotation_from_name" time="0.003" /></testsuite></testsuites>