<?xml version="1.0" encoding="utf-8"?><testsuites name="pytest tests"><testsuite name="pytest" errors="0" failures="0" skipped="0" tests="11" time="5.500" timestamp="2026-09-11T19:31:30.439856+02:00" hostname="Goliath"><testcase classname="tests.test_windows_sandbox_bringup" name="test_launch_scripts_exist" time="0.003" /><testcase classname="tests.test_windows_sandbox_bringup" name="test_windows_sandbox_helper_is_running" time="0.006" /><testcase classname="tests.test_windows_sandbox_bringup" name="test_windows_sandbox_helper_terminate_active" time="0.002" /><testcase classname="tests.test_windows_sandbox_bringup" name="test_windows_sandbox_execute_in_sandbox" time="0.017" /><testcase classname="tests.test_windows_sandbox_bringup" name="test_sandbox_management_win_status" time="0.004" /><testcase classname="tests.test_windows_sandbox_bringup" name="test_sandbox_management_win_terminate" time="0.003" /><testcase classname="tests.test_windows_sandbox_bringup" name="test_sandbox_management_win_launch_consumer" time="0.003" /><testcase classname="tests.test_windows_sandbox_bringup" name="test_sandbox_management_win_launch_devinfra" time="0.004" /><testcase classname="tests.test_windows_sandbox_bringup" name="test_sandbox_management_win_naked_test" time="0.014" /><testcase classname="tests.test_windows_sandbox_bringup" name="test_sandbox_management_win_naked_test_status" time="0.004" /><testcase classname="tests.test_windows_sandbox_bringup" name="test_sandbox_management_win_naked_test_list" time="0.004" /></testsuite></testsuites>
